[0.029s] Invoking command in '/home/luqseee/robot_ws/build/hoverboard_demo_description': CMAKE_PREFIX_PATH=${CMAKE_PREFIX_PATH}:/opt/ros/jazzy DEBUGINFOD_URLS=https://debuginfod.ubuntu.com /usr/bin/cmake /home/luqseee/robot_ws/src/hoverboard_ros2_control/hoverboard_demo_description -DCMAKE_INSTALL_PREFIX=/home/luqseee/robot_ws/install/hoverboard_demo_description
[0.195s] -- The C compiler identification is GNU 13.3.0
[0.375s] -- The CXX compiler identification is GNU 13.3.0
[0.407s] -- Detecting C compiler ABI info
[0.650s] -- Detecting C compiler ABI info - done
[0.667s] -- Check for working C compiler: /usr/bin/cc - skipped
[0.667s] -- Detecting C compile features
[0.668s] -- Detecting C compile features - done
[0.686s] -- Detecting CXX compiler ABI info
[0.960s] -- Detecting CXX compiler ABI info - done
[0.975s] -- Check for working CXX compiler: /usr/bin/c++ - skipped
[0.975s] -- Detecting CXX compile features
[0.976s] -- Detecting CXX compile features - done
[0.980s] -- Found ament_cmake_auto: 2.5.6 (/opt/ros/jazzy/share/ament_cmake_auto/cmake)
[1.367s] -- Found Python3: /usr/bin/python3 (found version "3.12.3") found components: Interpreter 
[1.636s] -- Found ament_lint_auto: 0.17.5 (/opt/ros/jazzy/share/ament_lint_auto/cmake)
[1.938s] -- Added test 'lint_cmake' to check CMake code style
[1.940s] -- Added test 'xmllint' to check XML markup files
[1.947s] -- Configuring done (1.9s)
[1.953s] -- Generating done (0.0s)
[1.962s] -- Build files have been written to: /home/luqseee/robot_ws/build/hoverboard_demo_description
[1.980s] Invoked command in '/home/luqseee/robot_ws/build/hoverboard_demo_description' returned '0': CMAKE_PREFIX_PATH=${CMAKE_PREFIX_PATH}:/opt/ros/jazzy DEBUGINFOD_URLS=https://debuginfod.ubuntu.com /usr/bin/cmake /home/luqseee/robot_ws/src/hoverboard_ros2_control/hoverboard_demo_description -DCMAKE_INSTALL_PREFIX=/home/luqseee/robot_ws/install/hoverboard_demo_description
[1.984s] Invoking command in '/home/luqseee/robot_ws/build/hoverboard_demo_description': CMAKE_PREFIX_PATH=${CMAKE_PREFIX_PATH}:/opt/ros/jazzy DEBUGINFOD_URLS=https://debuginfod.ubuntu.com /usr/bin/cmake --build /home/luqseee/robot_ws/build/hoverboard_demo_description -- -j4 -l4
[2.085s] Invoked command in '/home/luqseee/robot_ws/build/hoverboard_demo_description' returned '0': CMAKE_PREFIX_PATH=${CMAKE_PREFIX_PATH}:/opt/ros/jazzy DEBUGINFOD_URLS=https://debuginfod.ubuntu.com /usr/bin/cmake --build /home/luqseee/robot_ws/build/hoverboard_demo_description -- -j4 -l4
[2.087s] Invoking command in '/home/luqseee/robot_ws/build/hoverboard_demo_description': CMAKE_PREFIX_PATH=${CMAKE_PREFIX_PATH}:/opt/ros/jazzy DEBUGINFOD_URLS=https://debuginfod.ubuntu.com /usr/bin/cmake --install /home/luqseee/robot_ws/build/hoverboard_demo_description
[2.113s] -- Install configuration: ""
[2.113s] -- Installing: /home/luqseee/robot_ws/install/hoverboard_demo_description/share/hoverboard_demo_description/urdf
[2.114s] -- Installing: /home/luqseee/robot_ws/install/hoverboard_demo_description/share/hoverboard_demo_description/urdf/hoverboard_description.xacro
[2.118s] -- Installing: /home/luqseee/robot_ws/install/hoverboard_demo_description/share/hoverboard_demo_description/urdf/macros.xacro
[2.118s] -- Installing: /home/luqseee/robot_ws/install/hoverboard_demo_description/share/hoverboard_demo_description/urdf/wheels.xacro
[2.118s] -- Installing: /home/luqseee/robot_ws/install/hoverboard_demo_description/share/hoverboard_demo_description/urdf/materials.xacro
[2.118s] -- Installing: /home/luqseee/robot_ws/install/hoverboard_demo_description/share/hoverboard_demo_description/urdf/ros2_control.xacro
[2.118s] -- Installing: /home/luqseee/robot_ws/install/hoverboard_demo_description/share/hoverboard_demo_description/rviz
[2.119s] -- Installing: /home/luqseee/robot_ws/install/hoverboard_demo_description/share/hoverboard_demo_description/rviz/hoverboard.rviz
[2.119s] -- Installing: /home/luqseee/robot_ws/install/hoverboard_demo_description/share/hoverboard_demo_description/meshes
[2.119s] -- Installing: /home/luqseee/robot_ws/install/hoverboard_demo_description/share/hoverboard_demo_description/meshes/plate.stl
[2.119s] -- Installing: /home/luqseee/robot_ws/install/hoverboard_demo_description/share/ament_index/resource_index/package_run_dependencies/hoverboard_demo_description
[2.119s] -- Installing: /home/luqseee/robot_ws/install/hoverboard_demo_description/share/ament_index/resource_index/parent_prefix_path/hoverboard_demo_description
[2.119s] -- Installing: /home/luqseee/robot_ws/install/hoverboard_demo_description/share/hoverboard_demo_description/environment/ament_prefix_path.sh
[2.119s] -- Installing: /home/luqseee/robot_ws/install/hoverboard_demo_description/share/hoverboard_demo_description/environment/ament_prefix_path.dsv
[2.119s] -- Installing: /home/luqseee/robot_ws/install/hoverboard_demo_description/share/hoverboard_demo_description/environment/path.sh
[2.120s] -- Installing: /home/luqseee/robot_ws/install/hoverboard_demo_description/share/hoverboard_demo_description/environment/path.dsv
[2.120s] -- Installing: /home/luqseee/robot_ws/install/hoverboard_demo_description/share/hoverboard_demo_description/local_setup.bash
[2.121s] -- Installing: /home/luqseee/robot_ws/install/hoverboard_demo_description/share/hoverboard_demo_description/local_setup.sh
[2.121s] -- Installing: /home/luqseee/robot_ws/install/hoverboard_demo_description/share/hoverboard_demo_description/local_setup.zsh
[2.121s] -- Installing: /home/luqseee/robot_ws/install/hoverboard_demo_description/share/hoverboard_demo_description/local_setup.dsv
[2.121s] -- Installing: /home/luqseee/robot_ws/install/hoverboard_demo_description/share/hoverboard_demo_description/package.dsv
[2.122s] -- Installing: /home/luqseee/robot_ws/install/hoverboard_demo_description/share/ament_index/resource_index/packages/hoverboard_demo_description
[2.123s] -- Installing: /home/luqseee/robot_ws/install/hoverboard_demo_description/share/hoverboard_demo_description/cmake/hoverboard_demo_descriptionConfig.cmake
[2.123s] -- Installing: /home/luqseee/robot_ws/install/hoverboard_demo_description/share/hoverboard_demo_description/cmake/hoverboard_demo_descriptionConfig-version.cmake
[2.123s] -- Installing: /home/luqseee/robot_ws/install/hoverboard_demo_description/share/hoverboard_demo_description/package.xml
[2.148s] Invoked command in '/home/luqseee/robot_ws/build/hoverboard_demo_description' returned '0': CMAKE_PREFIX_PATH=${CMAKE_PREFIX_PATH}:/opt/ros/jazzy DEBUGINFOD_URLS=https://debuginfod.ubuntu.com /usr/bin/cmake --install /home/luqseee/robot_ws/build/hoverboard_demo_description
