Cloning into 'libpisp'...
remote: Enumerating objects: 101, done.[K
remote: Counting objects:   0% (1/101)[K
remote: Counting objects:   1% (2/101)[K
remote: Counting objects:   2% (3/101)[K
remote: Counting objects:   3% (4/101)[K
remote: Counting objects:   4% (5/101)[K
remote: Counting objects:   5% (6/101)[K
remote: Counting objects:   6% (7/101)[K
remote: Counting objects:   7% (8/101)[K
remote: Counting objects:   8% (9/101)[K
remote: Counting objects:   9% (10/101)[K
remote: Counting objects:  10% (11/101)[K
remote: Counting objects:  11% (12/101)[K
remote: Counting objects:  12% (13/101)[K
remote: Counting objects:  13% (14/101)[K
remote: Counting objects:  14% (15/101)[K
remote: Counting objects:  15% (16/101)[K
remote: Counting objects:  16% (17/101)[K
remote: Counting objects:  17% (18/101)[K
remote: Counting objects:  18% (19/101)[K
remote: Counting objects:  19% (20/101)[K
remote: Counting objects:  20% (21/101)[K
remote: Counting objects:  21% (22/101)[K
remote: Counting objects:  22% (23/101)[K
remote: Counting objects:  23% (24/101)[K
remote: Counting objects:  24% (25/101)[K
remote: Counting objects:  25% (26/101)[K
remote: Counting objects:  26% (27/101)[K
remote: Counting objects:  27% (28/101)[K
remote: Counting objects:  28% (29/101)[K
remote: Counting objects:  29% (30/101)[K
remote: Counting objects:  30% (31/101)[K
remote: Counting objects:  31% (32/101)[K
remote: Counting objects:  32% (33/101)[K
remote: Counting objects:  33% (34/101)[K
remote: Counting objects:  34% (35/101)[K
remote: Counting objects:  35% (36/101)[K
remote: Counting objects:  36% (37/101)[K
remote: Counting objects:  37% (38/101)[K
remote: Counting objects:  38% (39/101)[K
remote: Counting objects:  39% (40/101)[K
remote: Counting objects:  40% (41/101)[K
remote: Counting objects:  41% (42/101)[K
remote: Counting objects:  42% (43/101)[K
remote: Counting objects:  43% (44/101)[K
remote: Counting objects:  44% (45/101)[K
remote: Counting objects:  45% (46/101)[K
remote: Counting objects:  46% (47/101)[K
remote: Counting objects:  47% (48/101)[K
remote: Counting objects:  48% (49/101)[K
remote: Counting objects:  49% (50/101)[K
remote: Counting objects:  50% (51/101)[K
remote: Counting objects:  51% (52/101)[K
remote: Counting objects:  52% (53/101)[K
remote: Counting objects:  53% (54/101)[K
remote: Counting objects:  54% (55/101)[K
remote: Counting objects:  55% (56/101)[K
remote: Counting objects:  56% (57/101)[K
remote: Counting objects:  57% (58/101)[K
remote: Counting objects:  58% (59/101)[K
remote: Counting objects:  59% (60/101)[K
remote: Counting objects:  60% (61/101)[K
remote: Counting objects:  61% (62/101)[K
remote: Counting objects:  62% (63/101)[K
remote: Counting objects:  63% (64/101)[K
remote: Counting objects:  64% (65/101)[K
remote: Counting objects:  65% (66/101)[K
remote: Counting objects:  66% (67/101)[K
remote: Counting objects:  67% (68/101)[K
remote: Counting objects:  68% (69/101)[K
remote: Counting objects:  69% (70/101)[K
remote: Counting objects:  70% (71/101)[K
remote: Counting objects:  71% (72/101)[K
remote: Counting objects:  72% (73/101)[K
remote: Counting objects:  73% (74/101)[K
remote: Counting objects:  74% (75/101)[K
remote: Counting objects:  75% (76/101)[K
remote: Counting objects:  76% (77/101)[K
remote: Counting objects:  77% (78/101)[K
remote: Counting objects:  78% (79/101)[K
remote: Counting objects:  79% (80/101)[K
remote: Counting objects:  80% (81/101)[K
remote: Counting objects:  81% (82/101)[K
remote: Counting objects:  82% (83/101)[K
remote: Counting objects:  83% (84/101)[K
remote: Counting objects:  84% (85/101)[K
remote: Counting objects:  85% (86/101)[K
remote: Counting objects:  86% (87/101)[K
remote: Counting objects:  87% (88/101)[K
remote: Counting objects:  88% (89/101)[K
remote: Counting objects:  89% (90/101)[K
remote: Counting objects:  90% (91/101)[K
remote: Counting objects:  91% (92/101)[K
remote: Counting objects:  92% (93/101)[K
remote: Counting objects:  93% (94/101)[K
remote: Counting objects:  94% (95/101)[K
remote: Counting objects:  95% (96/101)[K
remote: Counting objects:  96% (97/101)[K
remote: Counting objects:  97% (98/101)[K
remote: Counting objects:  98% (99/101)[K
remote: Counting objects:  99% (100/101)[K
remote: Counting objects: 100% (101/101)[K
remote: Counting objects: 100% (101/101), done.[K
remote: Compressing objects:   1% (1/92)[K
remote: Compressing objects:   2% (2/92)[K
remote: Compressing objects:   3% (3/92)[K
remote: Compressing objects:   4% (4/92)[K
remote: Compressing objects:   5% (5/92)[K
remote: Compressing objects:   6% (6/92)[K
remote: Compressing objects:   7% (7/92)[K
remote: Compressing objects:   8% (8/92)[K
remote: Compressing objects:   9% (9/92)[K
remote: Compressing objects:  10% (10/92)[K
remote: Compressing objects:  11% (11/92)[K
remote: Compressing objects:  13% (12/92)[K
remote: Compressing objects:  14% (13/92)[K
remote: Compressing objects:  15% (14/92)[K
remote: Compressing objects:  16% (15/92)[K
remote: Compressing objects:  17% (16/92)[K
remote: Compressing objects:  18% (17/92)[K
remote: Compressing objects:  19% (18/92)[K
remote: Compressing objects:  20% (19/92)[K
remote: Compressing objects:  21% (20/92)[K
remote: Compressing objects:  22% (21/92)[K
remote: Compressing objects:  23% (22/92)[K
remote: Compressing objects:  25% (23/92)[K
remote: Compressing objects:  26% (24/92)[K
remote: Compressing objects:  27% (25/92)[K
remote: Compressing objects:  28% (26/92)[K
remote: Compressing objects:  29% (27/92)[K
remote: Compressing objects:  30% (28/92)[K
remote: Compressing objects:  31% (29/92)[K
remote: Compressing objects:  32% (30/92)[K
remote: Compressing objects:  33% (31/92)[K
remote: Compressing objects:  34% (32/92)[K
remote: Compressing objects:  35% (33/92)[K
remote: Compressing objects:  36% (34/92)[K
remote: Compressing objects:  38% (35/92)[K
remote: Compressing objects:  39% (36/92)[K
remote: Compressing objects:  40% (37/92)[K
remote: Compressing objects:  41% (38/92)[K
remote: Compressing objects:  42% (39/92)[K
remote: Compressing objects:  43% (40/92)[K
remote: Compressing objects:  44% (41/92)[K
remote: Compressing objects:  45% (42/92)[K
remote: Compressing objects:  46% (43/92)[K
remote: Compressing objects:  47% (44/92)[K
remote: Compressing objects:  48% (45/92)[K
remote: Compressing objects:  50% (46/92)[K
remote: Compressing objects:  51% (47/92)[K
remote: Compressing objects:  52% (48/92)[K
remote: Compressing objects:  53% (49/92)[K
remote: Compressing objects:  54% (50/92)[K
remote: Compressing objects:  55% (51/92)[K
remote: Compressing objects:  56% (52/92)[K
remote: Compressing objects:  57% (53/92)[K
remote: Compressing objects:  58% (54/92)[K
remote: Compressing objects:  59% (55/92)[K
remote: Compressing objects:  60% (56/92)[K
remote: Compressing objects:  61% (57/92)[K
remote: Compressing objects:  63% (58/92)[K
remote: Compressing objects:  64% (59/92)[K
remote: Compressing objects:  65% (60/92)[K
remote: Compressing objects:  66% (61/92)[K
remote: Compressing objects:  67% (62/92)[K
remote: Compressing objects:  68% (63/92)[K
remote: Compressing objects:  69% (64/92)[K
remote: Compressing objects:  70% (65/92)[K
remote: Compressing objects:  71% (66/92)[K
remote: Compressing objects:  72% (67/92)[K
remote: Compressing objects:  73% (68/92)[K
remote: Compressing objects:  75% (69/92)[K
remote: Compressing objects:  76% (70/92)[K
remote: Compressing objects:  77% (71/92)[K
remote: Compressing objects:  78% (72/92)[K
remote: Compressing objects:  79% (73/92)[K
remote: Compressing objects:  80% (74/92)[K
remote: Compressing objects:  81% (75/92)[K
remote: Compressing objects:  82% (76/92)[K
remote: Compressing objects:  83% (77/92)[K
remote: Compressing objects:  84% (78/92)[K
remote: Compressing objects:  85% (79/92)[K
remote: Compressing objects:  86% (80/92)[K
remote: Compressing objects:  88% (81/92)[K
remote: Compressing objects:  89% (82/92)[K
remote: Compressing objects:  90% (83/92)[K
remote: Compressing objects:  91% (84/92)[K
remote: Compressing objects:  92% (85/92)[K
remote: Compressing objects:  93% (86/92)[K
remote: Compressing objects:  94% (87/92)[K
remote: Compressing objects:  95% (88/92)[K
remote: Compressing objects:  96% (89/92)[K
remote: Compressing objects:  97% (90/92)[K
remote: Compressing objects:  98% (91/92)[K
remote: Compressing objects: 100% (92/92)[K
remote: Compressing objects: 100% (92/92), done.[K
Receiving objects:   0% (1/101)
Receiving objects:   1% (2/101)
Receiving objects:   2% (3/101)
Receiving objects:   3% (4/101)
Receiving objects:   4% (5/101)
Receiving objects:   5% (6/101)
Receiving objects:   6% (7/101)
Receiving objects:   7% (8/101)
Receiving objects:   8% (9/101)
Receiving objects:   9% (10/101)
Receiving objects:  10% (11/101)
Receiving objects:  11% (12/101)
Receiving objects:  12% (13/101)
Receiving objects:  13% (14/101)
Receiving objects:  14% (15/101)
Receiving objects:  15% (16/101)
Receiving objects:  16% (17/101)
Receiving objects:  17% (18/101)
Receiving objects:  18% (19/101)
Receiving objects:  19% (20/101)
Receiving objects:  20% (21/101)
Receiving objects:  21% (22/101)
Receiving objects:  22% (23/101)
Receiving objects:  23% (24/101)
Receiving objects:  24% (25/101)
Receiving objects:  25% (26/101)
Receiving objects:  26% (27/101)
Receiving objects:  27% (28/101)
Receiving objects:  28% (29/101)
Receiving objects:  29% (30/101)
Receiving objects:  30% (31/101)
Receiving objects:  31% (32/101)
Receiving objects:  32% (33/101)
Receiving objects:  33% (34/101)
Receiving objects:  34% (35/101)
Receiving objects:  35% (36/101)
Receiving objects:  36% (37/101)
Receiving objects:  37% (38/101)
Receiving objects:  38% (39/101)
Receiving objects:  39% (40/101)
Receiving objects:  40% (41/101)
Receiving objects:  41% (42/101)
Receiving objects:  42% (43/101)
Receiving objects:  43% (44/101)
Receiving objects:  44% (45/101)
Receiving objects:  45% (46/101)
Receiving objects:  46% (47/101)
Receiving objects:  47% (48/101)
Receiving objects:  48% (49/101)
Receiving objects:  49% (50/101)
Receiving objects:  50% (51/101)
Receiving objects:  51% (52/101)
Receiving objects:  52% (53/101)
Receiving objects:  53% (54/101)
Receiving objects:  54% (55/101)
Receiving objects:  55% (56/101)
Receiving objects:  56% (57/101)
Receiving objects:  57% (58/101)
Receiving objects:  58% (59/101)
Receiving objects:  59% (60/101)
Receiving objects:  60% (61/101)
Receiving objects:  61% (62/101)
Receiving objects:  62% (63/101)
Receiving objects:  63% (64/101)
Receiving objects:  64% (65/101)
Receiving objects:  65% (66/101)
Receiving objects:  66% (67/101)
Receiving objects:  67% (68/101)
Receiving objects:  68% (69/101)
Receiving objects:  69% (70/101)
Receiving objects:  70% (71/101)
Receiving objects:  71% (72/101)
Receiving objects:  72% (73/101)
Receiving objects:  73% (74/101)
Receiving objects:  74% (75/101)
Receiving objects:  75% (76/101)
Receiving objects:  76% (77/101)
Receiving objects:  77% (78/101)
Receiving objects:  78% (79/101)
Receiving objects:  79% (80/101)
Receiving objects:  80% (81/101)
Receiving objects:  81% (82/101)
Receiving objects:  82% (83/101)
Receiving objects:  83% (84/101)
Receiving objects:  84% (85/101)
Receiving objects:  85% (86/101)
Receiving objects:  86% (87/101)
Receiving objects:  87% (88/101)
Receiving objects:  88% (89/101)
Receiving objects:  89% (90/101)
Receiving objects:  90% (91/101)
Receiving objects:  91% (92/101)
Receiving objects:  92% (93/101)
Receiving objects:  93% (94/101)
remote: Total 101 (delta 6), reused 47 (delta 6), pack-reused 0 (from 0)[K
Receiving objects:  94% (95/101)
Receiving objects:  95% (96/101)
Receiving objects:  96% (97/101)
Receiving objects:  97% (98/101)
Receiving objects:  98% (99/101)
Receiving objects:  99% (100/101)
Receiving objects: 100% (101/101)
Receiving objects: 100% (101/101), 114.55 KiB | 1.97 MiB/s, done.
Resolving deltas:   0% (0/6)
Resolving deltas:  16% (1/6)
Resolving deltas:  33% (2/6)
Resolving deltas:  50% (3/6)
Resolving deltas:  66% (4/6)
Resolving deltas:  83% (5/6)
Resolving deltas: 100% (6/6)
Resolving deltas: 100% (6/6), done.
