[1mThe Meson build system[0m
Version: 1.3.2
Source dir: [1m/home/luqseee/robot_ws/src/libcamera[0m
Build dir: [1m/home/luqseee/robot_ws/build/libcamera[0m
Build type: [1mnative build[0m
../../src/libcamera/meson_options.txt:51: [1;33mWARNING:[0m Keyword argument "value" defined multiple times.
[1;33mWARNING:[0m This will be an error in future Meson releases.
Project name: [1mlibcamera[0m
Project version: [1m0.7.0[0m
C compiler for the host machine: [1mcc[0m (gcc 13.3.0 "cc (Ubuntu 13.3.0-6ubuntu2~24.04.1) 13.3.0")
C linker for the host machine: [1mcc[0m ld.bfd 2.42
C++ compiler for the host machine: [1mc++[0m (gcc 13.3.0 "c++ (Ubuntu 13.3.0-6ubuntu2~24.04.1) 13.3.0")
C++ linker for the host machine: [1mc++[0m ld.bfd 2.42
Host machine cpu family: [1maarch64[0m
Host machine cpu: [1maarch64[0m
Header "[1munistd.h[0m" has symbol "[1mclose_range[0m" : [1;32mYES[0m 
Header "[1mfcntl.h[0m" has symbol "[1mF_ADD_SEALS[0m" : [1;32mYES[0m 
Header "[1munistd.h[0m" has symbol "[1missetugid[0m" : [1;31mNO[0m 
Header "[1mlocale.h[0m" has symbol "[1mlocale_t[0m" : [1;32mYES[0m 
Header "[1msys/mman.h[0m" has symbol "[1mmemfd_create[0m" : [1;32mYES[0m 
Header "[1mstdlib.h[0m" has symbol "[1msecure_getenv[0m" : [1;32mYES[0m 
Header "[1mciso646[0m" has symbol "[1m_LIBCPP_VERSION[0m" : [1;31mNO[0m 
Header "[1mciso646[0m" has symbol "[1m__GLIBCXX__[0m" : [1;32mYES[0m 
[1mMessage:[0m Detected C++ standard library: libstdc++
Compiler for C supports arguments -Wno-c99-designator: [1;31mNO[0m 
Found pkg-config: [1;32mYES[0m [1m(/usr/bin/pkg-config)[0m [1;34m1.8.1[0m
Run-time dependency [1mlttng-ust[0m found: [1;32mYES[0m [36m2.13.7[0m
Program [1m./parser.py[0m found: [1;32mYES[0m (/home/luqseee/robot_ws/src/libcamera/utils/codegen/ipc/./parser.py)
Program [1m./generate.py[0m found: [1;32mYES[0m (/home/luqseee/robot_ws/src/libcamera/utils/codegen/ipc/./generate.py)
Program [1m./extract-docs.py[0m found: [1;32mYES[0m (/home/luqseee/robot_ws/src/libcamera/utils/codegen/ipc/./extract-docs.py)
Configuring [1mversion.h[0m using configuration
Program [1mopenssl[0m found: [1;32mYES[0m (/usr/bin/openssl)
Found CMake: [1m/usr/bin/cmake[0m (3.28.3)
Run-time dependency [1mlibyuv[0m found: [1;31mNO[0m (tried pkgconfig and cmake)
Has header "[1mlibyuv.h[0m" : [1;31mNO[0m 
Library [1matomic[0m found: [1;32mYES[0m
Run-time dependency [1mthreads[0m found: [1;32mYES[0m
Check usable header "[1mEGL/egl.h[0m" : [1;32mYES[0m 
Run-time dependency [1megl[0m found: [1;32mYES[0m [36m1.5[0m
Run-time dependency [1mglesv2[0m found: [1;32mYES[0m [36m3.2[0m
Run-time dependency [1mlibdw[0m found: [1;32mYES[0m [36m0.190[0m
Run-time dependency [1mlibunwind[0m found: [1;32mYES[0m [36m1.6.2[0m
Header "[1mexecinfo.h[0m" has symbol "[1mbacktrace[0m" : [1;32mYES[0m 
Library [1mrt[0m found: [1;32mYES[0m
Run-time dependency [1mlibpisp[0m found: [1;31mNO[0m (tried pkgconfig and cmake)
Looking for a fallback subproject for the dependency [1mlibpisp[0m

Executing subproject [1mlibpisp[0m 

libpisp| Project name: [1mlibpisp[0m
libpisp| Project version: [1m1.3.0[0m
libpisp| C compiler for the host machine: [1mcc[0m (gcc 13.3.0 "cc (Ubuntu 13.3.0-6ubuntu2~24.04.1) 13.3.0")
libpisp| C linker for the host machine: [1mcc[0m ld.bfd 2.42
libpisp| C++ compiler for the host machine: [1mc++[0m (gcc 13.3.0 "c++ (Ubuntu 13.3.0-6ubuntu2~24.04.1) 13.3.0")
libpisp| C++ linker for the host machine: [1mc++[0m ld.bfd 2.42
libpisp| Configuring [1mpisp_build_config.h[0m using configuration
libpisp| Run-time dependency [1mnlohmann_json[0m found: [1;31mNO[0m (tried pkgconfig and cmake)
libpisp| Looking for a fallback subproject for the dependency [1mnlohmann_json[0m
libpisp| Using [1msubprojects/libpisp/subprojects/nlohmann_json.wrap[0m
libpisp| Downloading [1mnlohmann_json[0m source from [1mhttps://github.com/nlohmann/json/releases/download/v3.11.2/include.zip[0m
Download size: 293810
Downloading: ..........

Executing subproject [1mlibpisp:nlohmann_json[0m

nlohmann_json| Project name: [1mnlohmann_json[0m
nlohmann_json| Project version: [1m3.11.2[0m
nlohmann_json| C++ compiler for the host machine: [1mc++[0m (gcc 13.3.0 "c++ (Ubuntu 13.3.0-6ubuntu2~24.04.1) 13.3.0")
nlohmann_json| C++ linker for the host machine: [1mc++[0m ld.bfd 2.42
nlohmann_json| Build targets in project: [1m25[0m
nlohmann_json| Subproject [1mnlohmann_json[0m finished.

libpisp| Dependency [1mnlohmann_json[0m from subproject [1msubprojects/nlohmann_json-3.11.2[0m found: [1;32mYES[0m [36m3.11.2[0m
libpisp| Dependency [1mthreads[0m found: [1;32mYES[0m [36munknown[0m [1;34m(cached)[0m
libpisp| Library [1mdl[0m found: [1;32mYES[0m
libpisp| Run-time dependency [1mBoost[0m (found: log, log_setup, system, thread) found: [1;32mYES[0m [36m1.83.0[0m (/usr)
libpisp| Build targets in project: [1m27[0m
libpisp| Subproject [1mlibpisp[0m finished.

Dependency [1mlibpisp[0m from subproject [1msubprojects/libpisp[0m found: [1;32mYES[0m [36m1.3.0[0m
Run-time dependency [1mdl[0m found: [1;32mYES[0m
Run-time dependency [1mlibudev[0m found: [1;32mYES[0m [36m255[0m
Run-time dependency [1myaml-0.1[0m found: [1;32mYES[0m [36m0.2.5[0m
Run-time dependency [1mgnutls[0m found: [1;32mYES[0m [36m3.8.3[0m
Dependency [1mlibexif[0m skipped: feature [1mandroid[0m disabled
Dependency [1mlibjpeg[0m skipped: feature [1mandroid[0m disabled
Run-time dependency [1mtensorflow-lite[0m found: [1;31mNO[0m (tried pkgconfig and cmake)
Dependency [1mlibevent_pthreads[0m skipped: feature [1mcam[0m disabled
Dependency [1mlibevent_pthreads[0m skipped: feature [1mlc-compliance[0m disabled
Run-time dependency [1mlibtiff-4[0m found: [1;32mYES[0m [36m4.5.1[0m
Dependency [1mgtest[0m skipped: feature [1mlc-compliance[0m disabled
Dependency [1mqt6 (modules: Core, Gui, OpenGL, OpenGLWidgets, Widgets)[0m skipped: feature [1mqcam[0m disabled
Run-time dependency [1mglib-2.0[0m found: [1;32mYES[0m [36m2.80.0[0m
Run-time dependency [1mgstreamer-video-1.0[0m found: [1;32mYES[0m [36m1.24.2[0m
Run-time dependency [1mgstreamer-allocators-1.0[0m found: [1;32mYES[0m [36m1.24.2[0m
Program python3 found: [1;32mYES[0m (/usr/bin/python3)
Run-time dependency [1mpybind11[0m found: [1;32mYES[0m [36m2.11.1[0m
Run-time dependency [1mpython[0m found: [1;32mYES[0m [36m3.12[0m
Configuring [1mlibcamerify[0m using configuration
Program [1mdoxygen[0m skipped: feature [1mdocumentation[0m disabled
Program [1mdot[0m skipped: feature [1mdocumentation[0m disabled
Program [1msphinx-build-3 sphinx-build[0m skipped: feature [1mdocumentation[0m disabled
Configuring [1mconfig.h[0m using configuration
Build targets in project: [1m53[0m

libcamera [36m0.7.0[0m

  [1mVersions[0m
    Sources                  : 0.7.0+rpt20260205+2-fe601eb6

  [1mPaths[0m
    LIBCAMERA_DATA_DIR       : "/home/luqseee/robot_ws/install/libcamera/share/libcamera"
    LIBCAMERA_SYSCONF_DIR    : "/home/luqseee/robot_ws/install/libcamera/etc/libcamera"
    IPA_PROXY_DIR            : "/home/luqseee/robot_ws/install/libcamera/libexec/libcamera"
    IPA_CONFIG_DIR           : "/home/luqseee/robot_ws/install/libcamera/etc/libcamera/ipa:/home/luqseee/robot_ws/install/libcamera/share/libcamera/ipa"
    IPA_MODULE_DIR           : "/home/luqseee/robot_ws/install/libcamera/lib/libcamera/ipa"

  [1mConfiguration[0m
    SoftISP support          : false
    SoftISP GPU acceleration : true
    IPA modules signed with  : gnutls
    Enabled pipelines        : rpi/pisp
                               rpi/vc4
    Enabled IPA modules      : rpi/pisp
                               rpi/vc4
    Controls files           : control_ids_core.yaml
                               control_ids_debug.yaml
                               control_ids_draft.yaml
                               control_ids_rpi.yaml
    Properties files         : property_ids_draft.yaml
                               property_ids_core.yaml
    Hotplug support          : [1;32mYES[0m
    Tracing support          : [1;32mYES[0m
    Android support          : [1;31mNO[0m
    GStreamer support        : [1;32mYES[0m
    Python bindings          : [1;32mYES[0m
    V4L2 emulation support   : [1;32mYES[0m
    cam application          : [1;31mNO[0m
    qcam application         : [1;31mNO[0m
    lc-compliance application: [1;31mNO[0m
    Unit tests               : [1;31mNO[0m

  [1mSubprojects[0m
    libpisp                  : [1;32mYES[0m
    nlohmann_json            : [1;32mYES[0m (from libpisp)

  [1mUser defined options[0m
    buildtype                : release
    libdir                   : lib
    prefix                   : /home/luqseee/robot_ws/install/libcamera

Found ninja-1.11.1 at /usr/bin/ninja
[1;32mINFO:[0m autodetecting backend as ninja
[1;32mINFO:[0m calculating backend command to run: /usr/bin/ninja

[0/262] Generating utils/codegen/ipc/mojom_templates with a custom command (wrapped by meson to set env)[K
[0/262] Compiling C object utils/ipu3/ipu3-pack.p/ipu3-pack.c.o[K
[0/262] Compiling C object utils/ipu3/ipu3-unpack.p/ipu3-unpack.c.o[K
[0/262] Generating include/libcamera/internal/tp_header with a custom command[K
[0/262] Generating include/libcamera/ipa/core_mojom_module with a custom command (wrapped by meson to set env)[K
[0/262] Generating include/libcamera/control_ids_rpi.yaml_h with a custom command (wrapped by meson to set env)[K
[1/262] Generating include/libcamera/internal/tp_header with a custom command[K
[1/262] Generating include/libcamera/property_ids_core.yaml_h with a custom command (wrapped by meson to set env)[K
[2/262] Generating include/libcamera/ipa/core_mojom_module with a custom command (wrapped by meson to set env)[K
[2/262] Generating include/libcamera/ipa/raspberrypi_mojom_module with a custom command (wrapped by meson to set env)[K
[3/262] Compiling C object utils/ipu3/ipu3-pack.p/ipu3-pack.c.o[K
[3/262] Linking target utils/ipu3/ipu3-pack[K
[4/262] Compiling C object utils/ipu3/ipu3-unpack.p/ipu3-unpack.c.o[K
[4/262] Linking target utils/ipu3/ipu3-unpack[K
[5/262] Linking target utils/ipu3/ipu3-pack[K
[5/262] Generating include/libcamera/formats_h with a custom command[K
[6/262] Linking target utils/ipu3/ipu3-unpack[K
[6/262] Generating src/ipa-priv-key with a custom command[K
[7/262] Generating utils/codegen/ipc/mojom_templates with a custom command (wrapped by meson to set env)[K
[7/262] Generating include/libcamera/ipa/core_ipa_interface_h with a custom command (wrapped by meson to set env)[K
[8/262] Generating include/libcamera/property_ids_core.yaml_h with a custom command (wrapped by meson to set env)[K
[8/262] Generating include/libcamera/ipa/core_ipa_serializer_h with a custom command (wrapped by meson to set env)[K
[9/262] Generating include/libcamera/control_ids_rpi.yaml_h with a custom command (wrapped by meson to set env)[K
[9/262] Compiling C++ object src/libcamera/base/libcamera-base.so.0.7.0.p/bound_method.cpp.o[K
[10/262] Generating include/libcamera/ipa/raspberrypi_mojom_module with a custom command (wrapped by meson to set env)[K
[10/262] Generating include/libcamera/ipa/raspberrypi_ipa_interface_h with a custom command (wrapped by meson to set env)[K
[11/262] Generating include/libcamera/formats_h with a custom command[K
[11/262] Generating include/libcamera/ipa/raspberrypi_ipa_serializer_h with a custom command (wrapped by meson to set env)[K
[12/262] Generating include/libcamera/ipa/core_ipa_serializer_h with a custom command (wrapped by meson to set env)[K
[12/262] Generating include/libcamera/ipa/raspberrypi_proxy_h with a custom command (wrapped by meson to set env)[K
[13/262] Generating include/libcamera/ipa/core_ipa_interface_h with a custom command (wrapped by meson to set env)[K
[13/262] Generating include/libcamera/gen-header with a custom command[K
[14/262] Generating include/libcamera/gen-header with a custom command[K
[14/262] Compiling C++ object src/libcamera/base/libcamera-base.so.0.7.0.p/class.cpp.o[K
[15/262] Generating include/libcamera/ipa/raspberrypi_ipa_interface_h with a custom command (wrapped by meson to set env)[K
[15/262] Compiling C++ object src/libcamera/base/libcamera-base.so.0.7.0.p/flags.cpp.o[K
[16/262] Generating src/ipa-priv-key with a custom command[K
.+++++++++++++++++++++++++++++++++++++++++++++++++++++++++++++++++*....+.........+....+..+++++++++++++++++++++++++++++++++++++++++++++++++++++++++++++++++*...+..+...............+.+.........+.....+.............+......+..+...+....+.....+...............+...+...+.+...+.....+................+.....+.......+...+.........+............+++++++++++++++++++++++++++++++++++++++++++++++++++++++++++++++++
.........+...+...+...+.....+.+........+++++++++++++++++++++++++++++++++++++++++++++++++++++++++++++++++*.....+...+.+.....+.........+.+.........+.....+.+......+.....+...+...+....+...........+...+.+++++++++++++++++++++++++++++++++++++++++++++++++++++++++++++++++*.+...+...........+...+.............+..+.+.....+.........+...+....+...+...+...+.....+.........+...+.........+....+.........+.....+.+..+++++++++++++++++++++++++++++++++++++++++++++++++++++++++++++++++

[16/262] Compiling C++ object src/libcamera/base/libcamera-base.so.0.7.0.p/object.cpp.o[K
[17/262] Compiling C++ object src/libcamera/base/libcamera-base.so.0.7.0.p/flags.cpp.o[K
[17/262] Compiling C++ object src/libcamera/base/libcamera-base.so.0.7.0.p/shared_fd.cpp.o[K
[18/262] Generating include/libcamera/ipa/raspberrypi_proxy_h with a custom command (wrapped by meson to set env)[K
[18/262] Compiling C++ object src/libcamera/base/libcamera-base.so.0.7.0.p/signal.cpp.o[K
[19/262] Generating include/libcamera/ipa/raspberrypi_ipa_serializer_h with a custom command (wrapped by meson to set env)[K
[19/262] Compiling C++ object src/libcamera/base/libcamera-base.so.0.7.0.p/unique_fd.cpp.o[K
[20/262] Compiling C++ object src/libcamera/base/libcamera-base.so.0.7.0.p/class.cpp.o[K
[20/262] Compiling C++ object src/libcamera/base/libcamera-base.so.0.7.0.p/backtrace.cpp.o[K
[21/262] Compiling C++ object src/libcamera/base/libcamera-base.so.0.7.0.p/signal.cpp.o[K
[21/262] Compiling C++ object src/libcamera/base/libcamera-base.so.0.7.0.p/event_dispatcher.cpp.o[K
[22/262] Compiling C++ object src/libcamera/base/libcamera-base.so.0.7.0.p/shared_fd.cpp.o[K
[22/262] Compiling C++ object src/libcamera/base/libcamera-base.so.0.7.0.p/event_dispatcher_poll.cpp.o[K
[23/262] Compiling C++ object src/libcamera/base/libcamera-base.so.0.7.0.p/bound_method.cpp.o[K
[23/262] Compiling C++ object src/libcamera/base/libcamera-base.so.0.7.0.p/event_notifier.cpp.o[K
[24/262] Compiling C++ object src/libcamera/base/libcamera-base.so.0.7.0.p/unique_fd.cpp.o[K
[24/262] Compiling C++ object src/libcamera/base/libcamera-base.so.0.7.0.p/file.cpp.o[K
[25/262] Compiling C++ object src/libcamera/base/libcamera-base.so.0.7.0.p/object.cpp.o[K
[25/262] Compiling C++ object src/libcamera/base/libcamera-base.so.0.7.0.p/log.cpp.o[K
[26/262] Compiling C++ object src/libcamera/base/libcamera-base.so.0.7.0.p/backtrace.cpp.o[K
[26/262] Compiling C++ object src/libcamera/base/libcamera-base.so.0.7.0.p/memfd.cpp.o[K
[27/262] Compiling C++ object src/libcamera/base/libcamera-base.so.0.7.0.p/event_dispatcher.cpp.o[K
[27/262] Compiling C++ object src/libcamera/base/libcamera-base.so.0.7.0.p/message.cpp.o[K
[28/262] Compiling C++ object src/libcamera/base/libcamera-base.so.0.7.0.p/file.cpp.o[K
[28/262] Compiling C++ object src/libcamera/base/libcamera-base.so.0.7.0.p/mutex.cpp.o[K
[29/262] Compiling C++ object src/libcamera/base/libcamera-base.so.0.7.0.p/event_notifier.cpp.o[K
[29/262] Compiling C++ object src/libcamera/base/libcamera-base.so.0.7.0.p/semaphore.cpp.o[K
[30/262] Compiling C++ object src/libcamera/base/libcamera-base.so.0.7.0.p/mutex.cpp.o[K
[30/262] Compiling C++ object src/libcamera/base/libcamera-base.so.0.7.0.p/thread.cpp.o[K
[31/262] Compiling C++ object src/libcamera/base/libcamera-base.so.0.7.0.p/semaphore.cpp.o[K
[31/262] Compiling C++ object src/libcamera/base/libcamera-base.so.0.7.0.p/timer.cpp.o[K
[32/262] Compiling C++ object src/libcamera/base/libcamera-base.so.0.7.0.p/memfd.cpp.o[K
[32/262] Compiling C++ object src/libcamera/base/libcamera-base.so.0.7.0.p/utils.cpp.o[K
[33/262] Compiling C++ object src/libcamera/base/libcamera-base.so.0.7.0.p/event_dispatcher_poll.cpp.o[K
[33/262] Generating subprojects/libpisp/src/libpisp/backend/Default config to build dir with a custom command[K
[34/262] Generating subprojects/libpisp/src/libpisp/backend/Default config to build dir with a custom command[K
[34/262] Generating subprojects/libpisp/src/version.cpp with a custom command[K
[35/262] Generating subprojects/libpisp/src/version.cpp with a custom command[K
[35/262] Compiling C++ object subprojects/libpisp/src/libpisp.so.1.3.0.p/meson-generated_.._version.cpp.o[K
[36/262] Compiling C++ object src/libcamera/base/libcamera-base.so.0.7.0.p/message.cpp.o[K
[36/262] Compiling C++ object subprojects/libpisp/src/libpisp.so.1.3.0.p/libpisp_common_pisp_utils.cpp.o[K
[37/262] Compiling C++ object src/libcamera/base/libcamera-base.so.0.7.0.p/utils.cpp.o[K
[37/262] Compiling C++ object subprojects/libpisp/src/libpisp.so.1.3.0.p/libpisp_common_pisp_logging.cpp.o[K
[38/262] Compiling C++ object src/libcamera/base/libcamera-base.so.0.7.0.p/timer.cpp.o[K
[38/262] Compiling C++ object subprojects/libpisp/src/libpisp.so.1.3.0.p/libpisp_common_pisp_pwl.cpp.o[K
[39/262] Compiling C++ object subprojects/libpisp/src/libpisp.so.1.3.0.p/meson-generated_.._version.cpp.o[K
[39/262] Compiling C++ object subprojects/libpisp/src/libpisp.so.1.3.0.p/libpisp_variants_variant.cpp.o[K
[40/262] Compiling C++ object src/libcamera/base/libcamera-base.so.0.7.0.p/log.cpp.o[K
[40/262] Compiling C++ object subprojects/libpisp/src/libpisp.so.1.3.0.p/libpisp_frontend_frontend.cpp.o[K
[41/262] Compiling C++ object subprojects/libpisp/src/libpisp.so.1.3.0.p/libpisp_variants_variant.cpp.o[K
[41/262] Compiling C++ object subprojects/libpisp/src/libpisp.so.1.3.0.p/libpisp_backend_backend.cpp.o[K
[42/262] Compiling C++ object src/libcamera/base/libcamera-base.so.0.7.0.p/thread.cpp.o[K
[42/262] Linking target src/libcamera/base/libcamera-base.so.0.7.0[K
[43/262] Linking target src/libcamera/base/libcamera-base.so.0.7.0[K
[43/262] Generating symbol file src/libcamera/base/libcamera-base.so.0.7.0.p/libcamera-base.so.0.7.0.symbols[K
[44/262] Generating symbol file src/libcamera/base/libcamera-base.so.0.7.0.p/libcamera-base.so.0.7.0.symbols[K
[44/262] Compiling C++ object subprojects/libpisp/src/libpisp.so.1.3.0.p/libpisp_backend_backend_debug.cpp.o[K
[45/262] Compiling C++ object subprojects/libpisp/src/libpisp.so.1.3.0.p/libpisp_common_pisp_utils.cpp.o[K
[45/262] Compiling C++ object subprojects/libpisp/src/libpisp.so.1.3.0.p/libpisp_backend_backend_default_config.cpp.o[K
[46/262] Compiling C++ object subprojects/libpisp/src/libpisp.so.1.3.0.p/libpisp_frontend_frontend.cpp.o[K
[46/262] Compiling C++ object subprojects/libpisp/src/libpisp.so.1.3.0.p/libpisp_backend_backend_prepare.cpp.o[K
[47/262] Compiling C++ object subprojects/libpisp/src/libpisp.so.1.3.0.p/libpisp_backend_backend.cpp.o[K
[47/262] Compiling C++ object subprojects/libpisp/src/libpisp.so.1.3.0.p/libpisp_backend_tiling_context_stage.cpp.o[K
[48/262] Compiling C++ object subprojects/libpisp/src/libpisp.so.1.3.0.p/libpisp_common_pisp_pwl.cpp.o[K
[48/262] Compiling C++ object subprojects/libpisp/src/libpisp.so.1.3.0.p/libpisp_backend_tiling_crop_stage.cpp.o[K
[49/262] Compiling C++ object subprojects/libpisp/src/libpisp.so.1.3.0.p/libpisp_backend_tiling_crop_stage.cpp.o[K
[49/262] Compiling C++ object subprojects/libpisp/src/libpisp.so.1.3.0.p/libpisp_backend_tiling_input_stage.cpp.o[K
[50/262] Compiling C++ object subprojects/libpisp/src/libpisp.so.1.3.0.p/libpisp_backend_tiling_context_stage.cpp.o[K
[50/262] Compiling C++ object subprojects/libpisp/src/libpisp.so.1.3.0.p/libpisp_backend_tiling_output_stage.cpp.o[K
[51/262] Compiling C++ object subprojects/libpisp/src/libpisp.so.1.3.0.p/libpisp_backend_tiling_input_stage.cpp.o[K
[51/262] Compiling C++ object subprojects/libpisp/src/libpisp.so.1.3.0.p/libpisp_backend_tiling_pipeline.cpp.o[K
[52/262] Compiling C++ object subprojects/libpisp/src/libpisp.so.1.3.0.p/libpisp_backend_backend_prepare.cpp.o[K
[52/262] Compiling C++ object subprojects/libpisp/src/libpisp.so.1.3.0.p/libpisp_backend_tiling_pisp_tiling.cpp.o[K
[53/262] Compiling C++ object subprojects/libpisp/src/libpisp.so.1.3.0.p/libpisp_backend_tiling_pipeline.cpp.o[K
[53/262] Compiling C++ object subprojects/libpisp/src/libpisp.so.1.3.0.p/libpisp_backend_tiling_rescale_stage.cpp.o[K
[54/262] Compiling C++ object subprojects/libpisp/src/libpisp.so.1.3.0.p/libpisp_backend_tiling_output_stage.cpp.o[K
[54/262] Compiling C++ object subprojects/libpisp/src/libpisp.so.1.3.0.p/libpisp_backend_tiling_split_stage.cpp.o[K
[55/262] Compiling C++ object subprojects/libpisp/src/libpisp.so.1.3.0.p/libpisp_backend_tiling_pisp_tiling.cpp.o[K
[55/262] Compiling C++ object subprojects/libpisp/src/libpisp.so.1.3.0.p/libpisp_backend_tiling_stages.cpp.o[K
[56/262] Compiling C++ object subprojects/libpisp/src/libpisp.so.1.3.0.p/libpisp_backend_backend_default_config.cpp.o[K
[56/262] Compiling C++ object subprojects/libpisp/src/libpisp.so.1.3.0.p/helpers_backend_device.cpp.o[K
[57/262] Compiling C++ object subprojects/libpisp/src/libpisp.so.1.3.0.p/libpisp_common_pisp_logging.cpp.o[K
[57/262] Compiling C++ object subprojects/libpisp/src/libpisp.so.1.3.0.p/helpers_media_device.cpp.o[K
[58/262] Compiling C++ object subprojects/libpisp/src/libpisp.so.1.3.0.p/libpisp_backend_tiling_rescale_stage.cpp.o[K
[58/262] Compiling C++ object subprojects/libpisp/src/libpisp.so.1.3.0.p/helpers_v4l2_device.cpp.o[K
[59/262] Compiling C++ object subprojects/libpisp/src/libpisp.so.1.3.0.p/helpers_v4l2_device.cpp.o[K
[59/262] Generating src/libcamera/proxy/raspberrypi_proxy_cpp with a custom command (wrapped by meson to set env)[K
[60/262] Compiling C++ object subprojects/libpisp/src/libpisp.so.1.3.0.p/libpisp_backend_tiling_stages.cpp.o[K
[60/262] Generating src/libcamera/controls_ids_cpp with a custom command (wrapped by meson to set env)[K
[61/262] Generating src/libcamera/proxy/raspberrypi_proxy_cpp with a custom command (wrapped by meson to set env)[K
[61/262] Generating src/libcamera/properties_ids_cpp with a custom command (wrapped by meson to set env)[K
[62/262] Generating src/libcamera/properties_ids_cpp with a custom command (wrapped by meson to set env)[K
[62/262] Generating src/libcamera/version.cpp with a custom command[K
[63/262] Generating src/libcamera/controls_ids_cpp with a custom command (wrapped by meson to set env)[K
[63/262] Generating src/libcamera/ipa_pub_key_cpp with a custom command[K
[64/262] Generating src/libcamera/ipa_pub_key_cpp with a custom command[K
writing RSA key

[64/262] Generating src/libcamera/gen-shader-headers with a custom command[K
[65/262] Generating src/libcamera/gen-shader-headers with a custom command[K
[SHADER-GEN] bayer_1x_packed_frag
[SHADER-GEN] bayer_unpacked_frag
[SHADER-GEN] bayer_unpacked_vert
[SHADER-GEN] identity_vert

[65/262] Compiling C++ object src/libcamera/libcamera.so.0.7.0.p/meson-generated_.._control_ids.cpp.o[K
[66/262] Generating src/libcamera/version.cpp with a custom command[K
[66/262] Compiling C++ object src/libcamera/libcamera.so.0.7.0.p/meson-generated_.._property_ids.cpp.o[K
[67/262] Compiling C++ object subprojects/libpisp/src/libpisp.so.1.3.0.p/libpisp_backend_backend_debug.cpp.o[K
[67/262] Compiling C++ object src/libcamera/libcamera.so.0.7.0.p/meson-generated_.._version.cpp.o[K
[68/262] Compiling C++ object subprojects/libpisp/src/libpisp.so.1.3.0.p/helpers_media_device.cpp.o[K
[68/262] Compiling C++ object src/libcamera/libcamera.so.0.7.0.p/meson-generated_.._proxy_raspberrypi_ipa_proxy.cpp.o[K
[69/262] Compiling C++ object subprojects/libpisp/src/libpisp.so.1.3.0.p/helpers_backend_device.cpp.o[K
[69/262] Compiling C++ object src/libcamera/libcamera.so.0.7.0.p/meson-generated_.._ipa_pub_key.cpp.o[K
[70/262] Compiling C++ object src/libcamera/libcamera.so.0.7.0.p/meson-generated_.._version.cpp.o[K
[70/262] Compiling C++ object src/libcamera/libcamera.so.0.7.0.p/camera.cpp.o[K
[71/262] Compiling C++ object subprojects/libpisp/src/libpisp.so.1.3.0.p/libpisp_backend_tiling_split_stage.cpp.o[K
[71/262] Linking target subprojects/libpisp/src/libpisp.so.1.3.0[K
[72/262] Linking target subprojects/libpisp/src/libpisp.so.1.3.0[K
[72/262] Generating symbol file subprojects/libpisp/src/libpisp.so.1.3.0.p/libpisp.so.1.3.0.symbols[K
[73/262] Generating symbol file subprojects/libpisp/src/libpisp.so.1.3.0.p/libpisp.so.1.3.0.symbols[K
[73/262] Compiling C++ object src/libcamera/libcamera.so.0.7.0.p/camera_manager.cpp.o[K
[74/262] Compiling C++ object src/libcamera/libcamera.so.0.7.0.p/meson-generated_.._property_ids.cpp.o[K
[74/262] Compiling C++ object src/libcamera/libcamera.so.0.7.0.p/color_space.cpp.o[K
[75/262] Compiling C++ object src/libcamera/libcamera.so.0.7.0.p/meson-generated_.._ipa_pub_key.cpp.o[K
[75/262] Compiling C++ object src/libcamera/libcamera.so.0.7.0.p/controls.cpp.o[K
[76/262] Compiling C++ object src/libcamera/libcamera.so.0.7.0.p/color_space.cpp.o[K
[76/262] Compiling C++ object src/libcamera/libcamera.so.0.7.0.p/fence.cpp.o[K
[77/262] Compiling C++ object src/libcamera/libcamera.so.0.7.0.p/fence.cpp.o[K
[77/262] Compiling C++ object src/libcamera/libcamera.so.0.7.0.p/framebuffer.cpp.o[K
[78/262] Compiling C++ object src/libcamera/libcamera.so.0.7.0.p/camera_manager.cpp.o[K
[78/262] Compiling C++ object src/libcamera/libcamera.so.0.7.0.p/framebuffer_allocator.cpp.o[K
[79/262] Compiling C++ object src/libcamera/libcamera.so.0.7.0.p/meson-generated_.._control_ids.cpp.o[K
[79/262] Compiling C++ object src/libcamera/libcamera.so.0.7.0.p/geometry.cpp.o[K
[80/262] Compiling C++ object src/libcamera/libcamera.so.0.7.0.p/controls.cpp.o[K
[80/262] Compiling C++ object src/libcamera/libcamera.so.0.7.0.p/orientation.cpp.o[K
[81/262] Compiling C++ object src/libcamera/libcamera.so.0.7.0.p/framebuffer.cpp.o[K
[81/262] Compiling C++ object src/libcamera/libcamera.so.0.7.0.p/pixel_format.cpp.o[K
[82/262] Compiling C++ object src/libcamera/libcamera.so.0.7.0.p/camera.cpp.o[K
[82/262] Compiling C++ object src/libcamera/libcamera.so.0.7.0.p/request.cpp.o[K
[83/262] Compiling C++ object src/libcamera/libcamera.so.0.7.0.p/orientation.cpp.o[K
[83/262] Compiling C++ object src/libcamera/libcamera.so.0.7.0.p/stream.cpp.o[K
[84/262] Compiling C++ object src/libcamera/libcamera.so.0.7.0.p/pixel_format.cpp.o[K
[84/262] Compiling C++ object src/libcamera/libcamera.so.0.7.0.p/transform.cpp.o[K
[85/262] Compiling C++ object src/libcamera/libcamera.so.0.7.0.p/meson-generated_.._proxy_raspberrypi_ipa_proxy.cpp.o[K
[85/262] Compiling C++ object src/libcamera/libcamera.so.0.7.0.p/bayer_format.cpp.o[K
[86/262] Compiling C++ object src/libcamera/libcamera.so.0.7.0.p/geometry.cpp.o[K
[86/262] Compiling C++ object src/libcamera/libcamera.so.0.7.0.p/byte_stream_buffer.cpp.o[K
[87/262] Compiling C++ object src/libcamera/libcamera.so.0.7.0.p/transform.cpp.o[K
[87/262] Compiling C++ object src/libcamera/libcamera.so.0.7.0.p/camera_controls.cpp.o[K
[88/262] Compiling C++ object src/libcamera/libcamera.so.0.7.0.p/framebuffer_allocator.cpp.o[K
[88/262] Compiling C++ object src/libcamera/libcamera.so.0.7.0.p/camera_lens.cpp.o[K
[89/262] Compiling C++ object src/libcamera/libcamera.so.0.7.0.p/bayer_format.cpp.o[K
[89/262] Compiling C++ object src/libcamera/libcamera.so.0.7.0.p/clock_recovery.cpp.o[K
[90/262] Compiling C++ object src/libcamera/libcamera.so.0.7.0.p/byte_stream_buffer.cpp.o[K
[90/262] Compiling C++ object src/libcamera/libcamera.so.0.7.0.p/control_serializer.cpp.o[K
[91/262] Compiling C++ object src/libcamera/libcamera.so.0.7.0.p/request.cpp.o[K
[91/262] Compiling C++ object src/libcamera/libcamera.so.0.7.0.p/control_validator.cpp.o[K
[92/262] Compiling C++ object src/libcamera/libcamera.so.0.7.0.p/control_validator.cpp.o[K
[92/262] Compiling C++ object src/libcamera/libcamera.so.0.7.0.p/converter.cpp.o[K
[93/262] Compiling C++ object src/libcamera/libcamera.so.0.7.0.p/camera_controls.cpp.o[K
[93/262] Compiling C++ object src/libcamera/libcamera.so.0.7.0.p/debug_controls.cpp.o[K
[94/262] Compiling C++ object src/libcamera/libcamera.so.0.7.0.p/stream.cpp.o[K
[94/262] Compiling C++ object src/libcamera/libcamera.so.0.7.0.p/delayed_controls.cpp.o[K
[95/262] Compiling C++ object src/libcamera/libcamera.so.0.7.0.p/clock_recovery.cpp.o[K
[95/262] Compiling C++ object src/libcamera/libcamera.so.0.7.0.p/device_enumerator.cpp.o[K
[96/262] Compiling C++ object src/libcamera/libcamera.so.0.7.0.p/camera_lens.cpp.o[K
[96/262] Compiling C++ object src/libcamera/libcamera.so.0.7.0.p/device_enumerator_sysfs.cpp.o[K
[97/262] Compiling C++ object src/libcamera/libcamera.so.0.7.0.p/converter.cpp.o[K
[97/262] Compiling C++ object src/libcamera/libcamera.so.0.7.0.p/dma_buf_allocator.cpp.o[K
[98/262] Compiling C++ object src/libcamera/libcamera.so.0.7.0.p/debug_controls.cpp.o[K
[98/262] Compiling C++ object src/libcamera/libcamera.so.0.7.0.p/formats.cpp.o[K
[99/262] Compiling C++ object src/libcamera/libcamera.so.0.7.0.p/delayed_controls.cpp.o[K
[99/262] Compiling C++ object src/libcamera/libcamera.so.0.7.0.p/global_configuration.cpp.o[K
[100/262] Compiling C++ object src/libcamera/libcamera.so.0.7.0.p/control_serializer.cpp.o[K
[100/262] Compiling C++ object src/libcamera/libcamera.so.0.7.0.p/ipa_controls.cpp.o[K
[101/262] Compiling C++ object src/libcamera/libcamera.so.0.7.0.p/ipa_controls.cpp.o[K
[101/262] Compiling C++ object src/libcamera/libcamera.so.0.7.0.p/ipa_data_serializer.cpp.o[K
[102/262] Compiling C++ object src/libcamera/libcamera.so.0.7.0.p/device_enumerator_sysfs.cpp.o[K
[102/262] Compiling C++ object src/libcamera/libcamera.so.0.7.0.p/ipa_interface.cpp.o[K
[103/262] Compiling C++ object src/libcamera/libcamera.so.0.7.0.p/ipa_interface.cpp.o[K
[103/262] Compiling C++ object src/libcamera/libcamera.so.0.7.0.p/ipa_manager.cpp.o[K
[104/262] Compiling C++ object src/libcamera/libcamera.so.0.7.0.p/dma_buf_allocator.cpp.o[K
[104/262] Compiling C++ object src/libcamera/libcamera.so.0.7.0.p/ipa_module.cpp.o[K
[105/262] Compiling C++ object src/libcamera/libcamera.so.0.7.0.p/formats.cpp.o[K
[105/262] Compiling C++ object src/libcamera/libcamera.so.0.7.0.p/ipa_proxy.cpp.o[K
[106/262] Compiling C++ object src/libcamera/libcamera.so.0.7.0.p/ipa_module.cpp.o[K
[106/262] Compiling C++ object src/libcamera/libcamera.so.0.7.0.p/ipc_pipe.cpp.o[K
[107/262] Compiling C++ object src/libcamera/libcamera.so.0.7.0.p/global_configuration.cpp.o[K
[107/262] Compiling C++ object src/libcamera/libcamera.so.0.7.0.p/ipc_pipe_unixsocket.cpp.o[K
[108/262] Compiling C++ object src/libcamera/libcamera.so.0.7.0.p/device_enumerator.cpp.o[K
[108/262] Compiling C++ object src/libcamera/libcamera.so.0.7.0.p/ipc_unixsocket.cpp.o[K
[109/262] Compiling C++ object src/libcamera/libcamera.so.0.7.0.p/ipc_pipe_unixsocket.cpp.o[K
[109/262] Compiling C++ object src/libcamera/libcamera.so.0.7.0.p/mapped_framebuffer.cpp.o[K
[110/262] Compiling C++ object src/libcamera/libcamera.so.0.7.0.p/ipc_pipe.cpp.o[K
[110/262] Compiling C++ object src/libcamera/libcamera.so.0.7.0.p/matrix.cpp.o[K
[111/262] Compiling C++ object src/libcamera/libcamera.so.0.7.0.p/ipa_manager.cpp.o[K
[111/262] Compiling C++ object src/libcamera/libcamera.so.0.7.0.p/media_device.cpp.o[K
[112/262] Compiling C++ object src/libcamera/libcamera.so.0.7.0.p/ipc_unixsocket.cpp.o[K
[112/262] Compiling C++ object src/libcamera/libcamera.so.0.7.0.p/media_object.cpp.o[K
[113/262] Compiling C++ object src/libcamera/libcamera.so.0.7.0.p/ipa_data_serializer.cpp.o[K
[113/262] Compiling C++ object src/libcamera/libcamera.so.0.7.0.p/media_pipeline.cpp.o[K
[114/262] Compiling C++ object src/libcamera/libcamera.so.0.7.0.p/ipa_proxy.cpp.o[K
[114/262] Compiling C++ object src/libcamera/libcamera.so.0.7.0.p/pipeline_handler.cpp.o[K
[115/262] Compiling C++ object src/libcamera/libcamera.so.0.7.0.p/matrix.cpp.o[K
[115/262] Compiling C++ object src/libcamera/libcamera.so.0.7.0.p/process.cpp.o[K
[116/262] Compiling C++ object src/libcamera/libcamera.so.0.7.0.p/mapped_framebuffer.cpp.o[K
[116/262] Compiling C++ object src/libcamera/libcamera.so.0.7.0.p/pub_key.cpp.o[K
[117/262] Compiling C++ object src/libcamera/libcamera.so.0.7.0.p/pub_key.cpp.o[K
[117/262] Compiling C++ object src/libcamera/libcamera.so.0.7.0.p/shared_mem_object.cpp.o[K
[118/262] Compiling C++ object src/libcamera/libcamera.so.0.7.0.p/media_object.cpp.o[K
[118/262] Compiling C++ object src/libcamera/libcamera.so.0.7.0.p/source_paths.cpp.o[K
[119/262] Compiling C++ object src/libcamera/libcamera.so.0.7.0.p/shared_mem_object.cpp.o[K
[119/262] Compiling C++ object src/libcamera/libcamera.so.0.7.0.p/sysfs.cpp.o[K
[120/262] Compiling C++ object src/libcamera/libcamera.so.0.7.0.p/media_device.cpp.o[K
[120/262] Compiling C++ object src/libcamera/libcamera.so.0.7.0.p/v4l2_device.cpp.o[K
[121/262] Compiling C++ object src/libcamera/libcamera.so.0.7.0.p/process.cpp.o[K
[121/262] Compiling C++ object src/libcamera/libcamera.so.0.7.0.p/v4l2_pixelformat.cpp.o[K
[122/262] Compiling C++ object src/libcamera/libcamera.so.0.7.0.p/sysfs.cpp.o[K
[122/262] Compiling C++ object src/libcamera/libcamera.so.0.7.0.p/v4l2_request.cpp.o[K
[123/262] Compiling C++ object src/libcamera/libcamera.so.0.7.0.p/media_pipeline.cpp.o[K
[123/262] Compiling C++ object src/libcamera/libcamera.so.0.7.0.p/v4l2_subdevice.cpp.o[K
[124/262] Compiling C++ object src/libcamera/libcamera.so.0.7.0.p/source_paths.cpp.o[K
[124/262] Compiling C++ object src/libcamera/libcamera.so.0.7.0.p/v4l2_videodevice.cpp.o[K
[125/262] Compiling C++ object src/libcamera/libcamera.so.0.7.0.p/pipeline_handler.cpp.o[K
[125/262] Compiling C++ object src/libcamera/libcamera.so.0.7.0.p/vector.cpp.o[K
[126/262] Compiling C++ object src/libcamera/libcamera.so.0.7.0.p/v4l2_pixelformat.cpp.o[K
[126/262] Compiling C++ object src/libcamera/libcamera.so.0.7.0.p/yaml_parser.cpp.o[K
[127/262] Compiling C++ object src/libcamera/libcamera.so.0.7.0.p/v4l2_request.cpp.o[K
[127/262] Compiling C++ object src/libcamera/libcamera.so.0.7.0.p/egl.cpp.o[K
[128/262] Compiling C++ object src/libcamera/libcamera.so.0.7.0.p/vector.cpp.o[K
[128/262] Compiling C++ object src/libcamera/libcamera.so.0.7.0.p/converter_converter_dw100.cpp.o[K
[129/262] Compiling C++ object src/libcamera/libcamera.so.0.7.0.p/egl.cpp.o[K
[129/262] Compiling C++ object src/libcamera/libcamera.so.0.7.0.p/converter_converter_dw100_vertexmap.cpp.o[K
[130/262] Compiling C++ object src/libcamera/libcamera.so.0.7.0.p/yaml_parser.cpp.o[K
[130/262] Compiling C++ object src/libcamera/libcamera.so.0.7.0.p/converter_converter_v4l2_m2m.cpp.o[K
[131/262] Compiling C++ object src/libcamera/libcamera.so.0.7.0.p/v4l2_device.cpp.o[K
[131/262] Compiling C++ object src/libcamera/libcamera.so.0.7.0.p/pipeline_rpi_common_delayed_controls.cpp.o[K
[132/262] Compiling C++ object src/libcamera/libcamera.so.0.7.0.p/converter_converter_dw100_vertexmap.cpp.o[K
[132/262] Compiling C++ object src/libcamera/libcamera.so.0.7.0.p/pipeline_rpi_common_pipeline_base.cpp.o[K
[133/262] Compiling C++ object src/libcamera/libcamera.so.0.7.0.p/v4l2_videodevice.cpp.o[K
[133/262] Compiling C++ object src/libcamera/libcamera.so.0.7.0.p/pipeline_rpi_common_rpi_stream.cpp.o[K
[134/262] Compiling C++ object src/libcamera/libcamera.so.0.7.0.p/converter_converter_dw100.cpp.o[K
[134/262] Compiling C++ object src/libcamera/libcamera.so.0.7.0.p/pipeline_rpi_pisp_pisp.cpp.o[K
[135/262] Compiling C++ object src/libcamera/libcamera.so.0.7.0.p/v4l2_subdevice.cpp.o[K
[135/262] Compiling C++ object src/libcamera/libcamera.so.0.7.0.p/pipeline_rpi_vc4_vc4.cpp.o[K
[136/262] Compiling C++ object src/libcamera/libcamera.so.0.7.0.p/pipeline_rpi_common_delayed_controls.cpp.o[K
[136/262] Compiling C++ object src/libcamera/libcamera.so.0.7.0.p/sensor_camera_sensor.cpp.o[K
[137/262] Compiling C++ object src/libcamera/libcamera.so.0.7.0.p/pipeline_rpi_common_rpi_stream.cpp.o[K
[137/262] Compiling C++ object src/libcamera/libcamera.so.0.7.0.p/sensor_camera_sensor_legacy.cpp.o[K
[138/262] Compiling C++ object src/libcamera/libcamera.so.0.7.0.p/converter_converter_v4l2_m2m.cpp.o[K
[138/262] Compiling C++ object src/libcamera/libcamera.so.0.7.0.p/sensor_camera_sensor_properties.cpp.o[K
[139/262] Compiling C++ object src/libcamera/libcamera.so.0.7.0.p/sensor_camera_sensor.cpp.o[K
[139/262] Compiling C++ object src/libcamera/libcamera.so.0.7.0.p/sensor_camera_sensor_raw.cpp.o[K
[140/262] Compiling C++ object src/libcamera/libcamera.so.0.7.0.p/sensor_camera_sensor_properties.cpp.o[K
[140/262] Compiling C++ object src/libcamera/libcamera.so.0.7.0.p/tracepoints.cpp.o[K
[141/262] Compiling C++ object src/libcamera/libcamera.so.0.7.0.p/sensor_camera_sensor_legacy.cpp.o[K
[141/262] Compiling C++ object src/libcamera/libcamera.so.0.7.0.p/device_enumerator_udev.cpp.o[K
[142/262] Compiling C++ object src/libcamera/libcamera.so.0.7.0.p/tracepoints.cpp.o[K
[142/262] Generating src/libcamera/proxy/worker/raspberrypi_proxy_worker with a custom command (wrapped by meson to set env)[K
[143/262] Generating src/libcamera/proxy/worker/raspberrypi_proxy_worker with a custom command (wrapped by meson to set env)[K
[143/262] Compiling C++ object src/libcamera/proxy/worker/raspberrypi_ipa_proxy.p/meson-generated_.._raspberrypi_ipa_proxy_worker.cpp.o[K
[144/262] Compiling C++ object src/libcamera/libcamera.so.0.7.0.p/pipeline_rpi_common_pipeline_base.cpp.o[K
[144/262] Compiling C++ object src/ipa/libipa/libipa.a.p/agc_mean_luminance.cpp.o[K
[145/262] Compiling C++ object src/libcamera/libcamera.so.0.7.0.p/sensor_camera_sensor_raw.cpp.o[K
[145/262] Compiling C++ object src/ipa/libipa/libipa.a.p/algorithm.cpp.o[K
[146/262] Compiling C++ object src/libcamera/libcamera.so.0.7.0.p/device_enumerator_udev.cpp.o[K
[146/262] Compiling C++ object src/ipa/libipa/libipa.a.p/awb_bayes.cpp.o[K
[147/262] Compiling C++ object src/ipa/libipa/libipa.a.p/algorithm.cpp.o[K
[147/262] Compiling C++ object src/ipa/libipa/libipa.a.p/awb_grey.cpp.o[K
[148/262] Compiling C++ object src/libcamera/libcamera.so.0.7.0.p/pipeline_rpi_pisp_pisp.cpp.o[K
[148/262] Compiling C++ object src/ipa/libipa/libipa.a.p/awb.cpp.o[K
[149/262] Compiling C++ object src/libcamera/libcamera.so.0.7.0.p/pipeline_rpi_vc4_vc4.cpp.o[K
[149/262] Linking target src/libcamera/libcamera.so.0.7.0[K
[150/262] Compiling C++ object src/ipa/libipa/libipa.a.p/agc_mean_luminance.cpp.o[K
[150/262] Compiling C++ object src/ipa/libipa/libipa.a.p/camera_sensor_helper.cpp.o[K
[151/262] Linking target src/libcamera/libcamera.so.0.7.0[K
[151/262] Generating symbol file src/libcamera/libcamera.so.0.7.0.p/libcamera.so.0.7.0.symbols[K
[152/262] Generating symbol file src/libcamera/libcamera.so.0.7.0.p/libcamera.so.0.7.0.symbols[K
[152/262] Compiling C++ object src/ipa/libipa/libipa.a.p/colours.cpp.o[K
[153/262] Compiling C++ object src/ipa/libipa/libipa.a.p/awb_bayes.cpp.o[K
[153/262] Compiling C++ object src/ipa/libipa/libipa.a.p/exposure_mode_helper.cpp.o[K
[154/262] Compiling C++ object src/ipa/libipa/libipa.a.p/awb_grey.cpp.o[K
[154/262] Compiling C++ object src/ipa/libipa/libipa.a.p/fc_queue.cpp.o[K
[155/262] Compiling C++ object src/ipa/libipa/libipa.a.p/colours.cpp.o[K
[155/262] Compiling C++ object src/ipa/libipa/libipa.a.p/fixedpoint.cpp.o[K
[156/262] Compiling C++ object src/ipa/libipa/libipa.a.p/fixedpoint.cpp.o[K
[156/262] Compiling C++ object src/ipa/libipa/libipa.a.p/histogram.cpp.o[K
[157/262] Compiling C++ object src/ipa/libipa/libipa.a.p/awb.cpp.o[K
[157/262] Compiling C++ object src/ipa/libipa/libipa.a.p/interpolator.cpp.o[K
[158/262] Compiling C++ object src/ipa/libipa/libipa.a.p/fc_queue.cpp.o[K
[158/262] Compiling C++ object src/ipa/libipa/libipa.a.p/lsc_polynomial.cpp.o[K
[159/262] Compiling C++ object src/ipa/libipa/libipa.a.p/exposure_mode_helper.cpp.o[K
[159/262] Compiling C++ object src/ipa/libipa/libipa.a.p/lux.cpp.o[K
[160/262] Compiling C++ object src/ipa/libipa/libipa.a.p/histogram.cpp.o[K
[160/262] Compiling C++ object src/ipa/libipa/libipa.a.p/module.cpp.o[K
[161/262] Compiling C++ object src/libcamera/proxy/worker/raspberrypi_ipa_proxy.p/meson-generated_.._raspberrypi_ipa_proxy_worker.cpp.o[K
[161/262] Linking target src/libcamera/proxy/worker/raspberrypi_ipa_proxy[K
[162/262] Compiling C++ object src/ipa/libipa/libipa.a.p/interpolator.cpp.o[K
[162/262] Compiling C++ object src/ipa/libipa/libipa.a.p/pwl.cpp.o[K
[163/262] Linking target src/libcamera/proxy/worker/raspberrypi_ipa_proxy[K
[163/262] Compiling C++ object src/ipa/libipa/libipa.a.p/v4l2_params.cpp.o[K
[164/262] Compiling C++ object src/ipa/libipa/libipa.a.p/camera_sensor_helper.cpp.o[K
[164/262] Compiling C++ object src/ipa/rpi/cam_helper/librpi_ipa_cam_helper.a.p/cam_helper.cpp.o[K
[165/262] Compiling C++ object src/ipa/libipa/libipa.a.p/lsc_polynomial.cpp.o[K
[165/262] Compiling C++ object src/ipa/rpi/cam_helper/librpi_ipa_cam_helper.a.p/cam_helper_ov5647.cpp.o[K
[166/262] Compiling C++ object src/ipa/libipa/libipa.a.p/module.cpp.o[K
[166/262] Compiling C++ object src/ipa/rpi/cam_helper/librpi_ipa_cam_helper.a.p/cam_helper_imx219.cpp.o[K
[167/262] Compiling C++ object src/ipa/libipa/libipa.a.p/lux.cpp.o[K
[167/262] Compiling C++ object src/ipa/rpi/cam_helper/librpi_ipa_cam_helper.a.p/cam_helper_imx283.cpp.o[K
[168/262] Compiling C++ object src/ipa/libipa/libipa.a.p/v4l2_params.cpp.o[K
[168/262] Compiling C++ object src/ipa/rpi/cam_helper/librpi_ipa_cam_helper.a.p/cam_helper_imx290.cpp.o[K
[169/262] Compiling C++ object src/ipa/rpi/cam_helper/librpi_ipa_cam_helper.a.p/cam_helper_ov5647.cpp.o[K
[169/262] Compiling C++ object src/ipa/rpi/cam_helper/librpi_ipa_cam_helper.a.p/cam_helper_imx296.cpp.o[K
[170/262] Compiling C++ object src/ipa/rpi/cam_helper/librpi_ipa_cam_helper.a.p/cam_helper.cpp.o[K
[170/262] Compiling C++ object src/ipa/rpi/cam_helper/librpi_ipa_cam_helper.a.p/cam_helper_imx415.cpp.o[K
[171/262] Compiling C++ object src/ipa/rpi/cam_helper/librpi_ipa_cam_helper.a.p/cam_helper_imx219.cpp.o[K
[171/262] Compiling C++ object src/ipa/rpi/cam_helper/librpi_ipa_cam_helper.a.p/cam_helper_imx477.cpp.o[K
[172/262] Compiling C++ object src/ipa/libipa/libipa.a.p/pwl.cpp.o[K
[172/262] Linking static target src/ipa/libipa/libipa.a[K
[173/262] Linking static target src/ipa/libipa/libipa.a[K
[173/262] Compiling C++ object src/ipa/rpi/cam_helper/librpi_ipa_cam_helper.a.p/cam_helper_imx500.cpp.o[K
[174/262] Compiling C++ object src/ipa/rpi/cam_helper/librpi_ipa_cam_helper.a.p/cam_helper_imx283.cpp.o[K
[174/262] Compiling C++ object src/ipa/rpi/cam_helper/librpi_ipa_cam_helper.a.p/cam_helper_imx519.cpp.o[K
[175/262] Compiling C++ object src/ipa/rpi/cam_helper/librpi_ipa_cam_helper.a.p/cam_helper_imx296.cpp.o[K
[175/262] Compiling C++ object src/ipa/rpi/cam_helper/librpi_ipa_cam_helper.a.p/cam_helper_imx708.cpp.o[K
[176/262] Compiling C++ object src/ipa/rpi/cam_helper/librpi_ipa_cam_helper.a.p/cam_helper_imx415.cpp.o[K
[176/262] Compiling C++ object src/ipa/rpi/cam_helper/librpi_ipa_cam_helper.a.p/cam_helper_ov64a40.cpp.o[K
[177/262] Compiling C++ object src/ipa/rpi/cam_helper/librpi_ipa_cam_helper.a.p/cam_helper_imx290.cpp.o[K
[177/262] Compiling C++ object src/ipa/rpi/cam_helper/librpi_ipa_cam_helper.a.p/cam_helper_ov7251.cpp.o[K
[178/262] Compiling C++ object src/ipa/rpi/cam_helper/librpi_ipa_cam_helper.a.p/cam_helper_imx708.cpp.o[K
[178/262] Compiling C++ object src/ipa/rpi/cam_helper/librpi_ipa_cam_helper.a.p/cam_helper_ov9281.cpp.o[K
[179/262] Compiling C++ object src/ipa/rpi/cam_helper/librpi_ipa_cam_helper.a.p/cam_helper_imx477.cpp.o[K
[179/262] Compiling C++ object src/ipa/rpi/cam_helper/librpi_ipa_cam_helper.a.p/cam_helper_vd55g1.cpp.o[K
[180/262] Compiling C++ object src/ipa/rpi/cam_helper/librpi_ipa_cam_helper.a.p/cam_helper_ov64a40.cpp.o[K
[180/262] Compiling C++ object src/ipa/rpi/cam_helper/librpi_ipa_cam_helper.a.p/cam_helper_vd56g3.cpp.o[K
[181/262] Compiling C++ object src/ipa/rpi/cam_helper/librpi_ipa_cam_helper.a.p/cam_helper_ov7251.cpp.o[K
[181/262] Compiling C++ object src/ipa/rpi/cam_helper/librpi_ipa_cam_helper.a.p/md_parser_smia.cpp.o[K
[182/262] Compiling C++ object src/ipa/rpi/cam_helper/librpi_ipa_cam_helper.a.p/cam_helper_imx519.cpp.o[K
[182/262] Compiling C++ object src/ipa/rpi/cam_helper/librpi_ipa_cam_helper.a.p/imx500_tensor_parser_imx500_tensor_parser.cpp.o[K
[183/262] Compiling C++ object src/ipa/rpi/cam_helper/librpi_ipa_cam_helper.a.p/cam_helper_imx500.cpp.o[K
[183/262] Compiling C++ object src/ipa/rpi/common/librpi_ipa_common.a.p/ipa_base.cpp.o[K
[184/262] Compiling C++ object src/ipa/rpi/cam_helper/librpi_ipa_cam_helper.a.p/cam_helper_ov9281.cpp.o[K
[184/262] Compiling C++ object src/ipa/rpi/controller/librpi_ipa_controller.a.p/algorithm.cpp.o[K
[185/262] Compiling C++ object src/ipa/rpi/cam_helper/librpi_ipa_cam_helper.a.p/cam_helper_vd56g3.cpp.o[K
[185/262] Compiling C++ object src/ipa/rpi/controller/librpi_ipa_controller.a.p/controller.cpp.o[K
[186/262] Compiling C++ object src/ipa/rpi/cam_helper/librpi_ipa_cam_helper.a.p/cam_helper_vd55g1.cpp.o[K
[186/262] Compiling C++ object src/ipa/rpi/controller/librpi_ipa_controller.a.p/device_status.cpp.o[K
[187/262] Compiling C++ object src/ipa/rpi/cam_helper/librpi_ipa_cam_helper.a.p/md_parser_smia.cpp.o[K
[187/262] Compiling C++ object src/ipa/rpi/controller/librpi_ipa_controller.a.p/histogram.cpp.o[K
[188/262] Compiling C++ object src/ipa/rpi/controller/librpi_ipa_controller.a.p/histogram.cpp.o[K
[188/262] Compiling C++ object src/ipa/rpi/controller/librpi_ipa_controller.a.p/rpi_af.cpp.o[K
[189/262] Compiling C++ object src/ipa/rpi/controller/librpi_ipa_controller.a.p/algorithm.cpp.o[K
[189/262] Compiling C++ object src/ipa/rpi/controller/librpi_ipa_controller.a.p/rpi_agc.cpp.o[K
[190/262] Compiling C++ object src/ipa/rpi/controller/librpi_ipa_controller.a.p/device_status.cpp.o[K
[190/262] Compiling C++ object src/ipa/rpi/controller/librpi_ipa_controller.a.p/rpi_agc_channel.cpp.o[K
[191/262] Compiling C++ object src/ipa/rpi/controller/librpi_ipa_controller.a.p/controller.cpp.o[K
[191/262] Compiling C++ object src/ipa/rpi/controller/librpi_ipa_controller.a.p/rpi_alsc.cpp.o[K
[192/262] Compiling C++ object src/ipa/rpi/cam_helper/librpi_ipa_cam_helper.a.p/imx500_tensor_parser_imx500_tensor_parser.cpp.o[K
[192/262] Linking static target src/ipa/rpi/cam_helper/librpi_ipa_cam_helper.a[K
[193/262] Linking static target src/ipa/rpi/cam_helper/librpi_ipa_cam_helper.a[K
[193/262] Compiling C++ object src/ipa/rpi/controller/librpi_ipa_controller.a.p/rpi_awb.cpp.o[K
[194/262] Compiling C++ object src/ipa/rpi/controller/librpi_ipa_controller.a.p/rpi_af.cpp.o[K
[194/262] Compiling C++ object src/ipa/rpi/controller/librpi_ipa_controller.a.p/rpi_awb_bayes.cpp.o[K
[195/262] Compiling C++ object src/ipa/rpi/controller/librpi_ipa_controller.a.p/rpi_alsc.cpp.o[K
[195/262] Compiling C++ object src/ipa/rpi/controller/librpi_ipa_controller.a.p/rpi_black_level.cpp.o[K
[196/262] Compiling C++ object src/ipa/rpi/controller/librpi_ipa_controller.a.p/rpi_agc.cpp.o[K
[196/262] Compiling C++ object src/ipa/rpi/controller/librpi_ipa_controller.a.p/rpi_cac.cpp.o[K
[197/262] Compiling C++ object src/ipa/rpi/controller/librpi_ipa_controller.a.p/rpi_black_level.cpp.o[K
[197/262] Compiling C++ object src/ipa/rpi/controller/librpi_ipa_controller.a.p/rpi_ccm.cpp.o[K
[198/262] Compiling C++ object src/ipa/rpi/controller/librpi_ipa_controller.a.p/rpi_cac.cpp.o[K
[198/262] Compiling C++ object src/ipa/rpi/controller/librpi_ipa_controller.a.p/rpi_contrast.cpp.o[K
[199/262] Compiling C++ object src/ipa/rpi/controller/librpi_ipa_controller.a.p/rpi_agc_channel.cpp.o[K
[199/262] Compiling C++ object src/ipa/rpi/controller/librpi_ipa_controller.a.p/rpi_decompand.cpp.o[K
[200/262] Compiling C++ object src/ipa/rpi/controller/librpi_ipa_controller.a.p/rpi_awb_bayes.cpp.o[K
[200/262] Compiling C++ object src/ipa/rpi/controller/librpi_ipa_controller.a.p/rpi_denoise.cpp.o[K
[201/262] Compiling C++ object src/ipa/rpi/controller/librpi_ipa_controller.a.p/rpi_contrast.cpp.o[K
[201/262] Compiling C++ object src/ipa/rpi/controller/librpi_ipa_controller.a.p/rpi_dpc.cpp.o[K
[202/262] Compiling C++ object src/ipa/rpi/controller/librpi_ipa_controller.a.p/rpi_awb.cpp.o[K
[202/262] Compiling C++ object src/ipa/rpi/controller/librpi_ipa_controller.a.p/rpi_geq.cpp.o[K
[203/262] Compiling C++ object src/ipa/rpi/controller/librpi_ipa_controller.a.p/rpi_decompand.cpp.o[K
[203/262] Compiling C++ object src/ipa/rpi/controller/librpi_ipa_controller.a.p/rpi_hdr.cpp.o[K
[204/262] Compiling C++ object src/ipa/rpi/common/librpi_ipa_common.a.p/ipa_base.cpp.o[K
[204/262] Linking static target src/ipa/rpi/common/librpi_ipa_common.a[K
[205/262] Linking static target src/ipa/rpi/common/librpi_ipa_common.a[K
[205/262] Compiling C++ object src/ipa/rpi/controller/librpi_ipa_controller.a.p/rpi_lux.cpp.o[K
[206/262] Compiling C++ object src/ipa/rpi/controller/librpi_ipa_controller.a.p/rpi_dpc.cpp.o[K
[206/262] Compiling C++ object src/ipa/rpi/controller/librpi_ipa_controller.a.p/rpi_noise.cpp.o[K
[207/262] Compiling C++ object src/ipa/rpi/controller/librpi_ipa_controller.a.p/rpi_ccm.cpp.o[K
[207/262] Compiling C++ object src/ipa/rpi/controller/librpi_ipa_controller.a.p/rpi_saturation.cpp.o[K
[208/262] Compiling C++ object src/ipa/rpi/controller/librpi_ipa_controller.a.p/rpi_denoise.cpp.o[K
[208/262] Compiling C++ object src/ipa/rpi/controller/librpi_ipa_controller.a.p/rpi_sdn.cpp.o[K
[209/262] Compiling C++ object src/ipa/rpi/controller/librpi_ipa_controller.a.p/rpi_geq.cpp.o[K
[209/262] Compiling C++ object src/ipa/rpi/controller/librpi_ipa_controller.a.p/rpi_sharpen.cpp.o[K
[210/262] Compiling C++ object src/ipa/rpi/controller/librpi_ipa_controller.a.p/rpi_lux.cpp.o[K
[210/262] Compiling C++ object src/ipa/rpi/controller/librpi_ipa_controller.a.p/rpi_sync.cpp.o[K
[211/262] Compiling C++ object src/ipa/rpi/controller/librpi_ipa_controller.a.p/rpi_saturation.cpp.o[K
[211/262] Compiling C++ object src/ipa/rpi/controller/librpi_ipa_controller.a.p/rpi_tonemap.cpp.o[K
[212/262] Compiling C++ object src/ipa/rpi/controller/librpi_ipa_controller.a.p/rpi_sdn.cpp.o[K
[212/262] Compiling C++ object src/ipa/rpi/pisp/ipa_rpi_pisp.so.p/pisp.cpp.o[K
[213/262] Compiling C++ object src/ipa/rpi/controller/librpi_ipa_controller.a.p/rpi_noise.cpp.o[K
[213/262] Compiling C++ object src/ipa/rpi/vc4/ipa_rpi_vc4.so.p/vc4.cpp.o[K
[214/262] Compiling C++ object src/ipa/rpi/controller/librpi_ipa_controller.a.p/rpi_hdr.cpp.o[K
[214/262] Compiling C++ object src/apps/common/libapps.a.p/image.cpp.o[K
[215/262] Compiling C++ object src/ipa/rpi/controller/librpi_ipa_controller.a.p/rpi_sharpen.cpp.o[K
[215/262] Compiling C++ object src/apps/common/libapps.a.p/options.cpp.o[K
[216/262] Compiling C++ object src/ipa/rpi/controller/librpi_ipa_controller.a.p/rpi_tonemap.cpp.o[K
[216/262] Compiling C++ object src/apps/common/libapps.a.p/ppm_writer.cpp.o[K
[217/262] Compiling C++ object src/ipa/rpi/controller/librpi_ipa_controller.a.p/rpi_sync.cpp.o[K
[217/262] Linking static target src/ipa/rpi/controller/librpi_ipa_controller.a[K
[218/262] Linking static target src/ipa/rpi/controller/librpi_ipa_controller.a[K
[218/262] Compiling C++ object src/apps/common/libapps.a.p/stream_options.cpp.o[K
[219/262] Compiling C++ object src/apps/common/libapps.a.p/image.cpp.o[K
[219/262] Compiling C++ object src/apps/common/libapps.a.p/dng_writer.cpp.o[K
[220/262] Compiling C++ object src/apps/common/libapps.a.p/ppm_writer.cpp.o[K
[220/262] Compiling C++ object src/apps/ipa-verify/ipa_verify.p/main.cpp.o[K
[221/262] Compiling C++ object src/ipa/rpi/vc4/ipa_rpi_vc4.so.p/vc4.cpp.o[K
[221/262] Linking target src/ipa/rpi/vc4/ipa_rpi_vc4.so[K
[222/262] Compiling C++ object src/apps/common/libapps.a.p/stream_options.cpp.o[K
[222/262] Generating src/gstreamer/gstlibcamera-controls.cpp with a custom command (wrapped by meson to set env)[K
[223/262] Linking target src/ipa/rpi/vc4/ipa_rpi_vc4.so[K
[223/262] Generating src/ipa/rpi/vc4/ipa_rpi_vc4.so.sign with a custom command[K
[224/262] Generating src/ipa/rpi/vc4/ipa_rpi_vc4.so.sign with a custom command[K
[224/262] Compiling C++ object src/gstreamer/libgstlibcamera.so.p/gstlibcamera-utils.cpp.o[K
[225/262] Generating src/gstreamer/gstlibcamera-controls.cpp with a custom command (wrapped by meson to set env)[K
[225/262] Compiling C++ object src/gstreamer/libgstlibcamera.so.p/meson-generated_.._gstlibcamera-controls.cpp.o[K
[226/262] Compiling C++ object src/apps/ipa-verify/ipa_verify.p/main.cpp.o[K
[226/262] Linking target src/apps/ipa-verify/ipa_verify[K
[227/262] Compiling C++ object src/apps/common/libapps.a.p/dng_writer.cpp.o[K
[227/262] Compiling C++ object src/gstreamer/libgstlibcamera.so.p/gstlibcamera.cpp.o[K
[228/262] Linking target src/apps/ipa-verify/ipa_verify[K
[228/262] Compiling C++ object src/gstreamer/libgstlibcamera.so.p/gstlibcameraallocator.cpp.o[K
[229/262] Compiling C++ object src/gstreamer/libgstlibcamera.so.p/gstlibcamera.cpp.o[K
[229/262] Compiling C++ object src/gstreamer/libgstlibcamera.so.p/gstlibcamerapad.cpp.o[K
[230/262] Compiling C++ object src/ipa/rpi/pisp/ipa_rpi_pisp.so.p/pisp.cpp.o[K
[230/262] Linking target src/ipa/rpi/pisp/ipa_rpi_pisp.so[K
[231/262] Linking target src/ipa/rpi/pisp/ipa_rpi_pisp.so[K
[231/262] Generating src/ipa/rpi/pisp/ipa_rpi_pisp.so.sign with a custom command[K
[232/262] Generating src/ipa/rpi/pisp/ipa_rpi_pisp.so.sign with a custom command[K
[232/262] Compiling C++ object src/gstreamer/libgstlibcamera.so.p/gstlibcamerapool.cpp.o[K
[233/262] Compiling C++ object src/apps/common/libapps.a.p/options.cpp.o[K
[233/262] Linking static target src/apps/common/libapps.a[K
[234/262] Linking static target src/apps/common/libapps.a[K
[234/262] Compiling C++ object src/gstreamer/libgstlibcamera.so.p/gstlibcameraprovider.cpp.o[K
[235/262] Compiling C++ object src/gstreamer/libgstlibcamera.so.p/gstlibcamera-utils.cpp.o[K
[235/262] Compiling C++ object src/gstreamer/libgstlibcamera.so.p/gstlibcamerasrc.cpp.o[K
[236/262] Compiling C++ object src/gstreamer/libgstlibcamera.so.p/meson-generated_.._gstlibcamera-controls.cpp.o[K
[236/262] Generating src/py/libcamera/py_gen_controls with a custom command (wrapped by meson to set env)[K
[237/262] Generating src/py/libcamera/py_gen_controls with a custom command (wrapped by meson to set env)[K
[237/262] Generating src/py/libcamera/py_gen_properties with a custom command (wrapped by meson to set env)[K
[238/262] Compiling C++ object src/gstreamer/libgstlibcamera.so.p/gstlibcameraallocator.cpp.o[K
[238/262] Generating src/py/libcamera/py_gen_formats with a custom command[K
[239/262] Generating src/py/libcamera/py_gen_formats with a custom command[K
[239/262] Compiling C++ object src/py/libcamera/_libcamera.cpython-312-aarch64-linux-gnu.so.p/meson-generated_.._py_controls_generated.cpp.o[K
[240/262] Generating src/py/libcamera/py_gen_properties with a custom command (wrapped by meson to set env)[K
[240/262] Compiling C++ object src/py/libcamera/_libcamera.cpython-312-aarch64-linux-gnu.so.p/meson-generated_.._py_properties_generated.cpp.o[K
[241/262] Compiling C++ object src/gstreamer/libgstlibcamera.so.p/gstlibcamerapad.cpp.o[K
[241/262] Compiling C++ object src/py/libcamera/_libcamera.cpython-312-aarch64-linux-gnu.so.p/meson-generated_.._py_formats_generated.cpp.o[K
[242/262] Compiling C++ object src/gstreamer/libgstlibcamera.so.p/gstlibcamerapool.cpp.o[K
[242/262] Compiling C++ object src/py/libcamera/_libcamera.cpython-312-aarch64-linux-gnu.so.p/py_camera_manager.cpp.o[K
[243/262] Compiling C++ object src/gstreamer/libgstlibcamera.so.p/gstlibcameraprovider.cpp.o[K
[243/262] Compiling C++ object src/py/libcamera/_libcamera.cpython-312-aarch64-linux-gnu.so.p/py_color_space.cpp.o[K
[244/262] Compiling C++ object src/gstreamer/libgstlibcamera.so.p/gstlibcamerasrc.cpp.o[K
[244/262] Linking target src/gstreamer/libgstlibcamera.so[K
[245/262] Linking target src/gstreamer/libgstlibcamera.so[K
[245/262] Compiling C++ object src/py/libcamera/_libcamera.cpython-312-aarch64-linux-gnu.so.p/py_enums.cpp.o[K
[246/262] Compiling C++ object src/py/libcamera/_libcamera.cpython-312-aarch64-linux-gnu.so.p/meson-generated_.._py_formats_generated.cpp.o[K
[246/262] Compiling C++ object src/py/libcamera/_libcamera.cpython-312-aarch64-linux-gnu.so.p/py_geometry.cpp.o[K
[247/262] Compiling C++ object src/py/libcamera/_libcamera.cpython-312-aarch64-linux-gnu.so.p/py_camera_manager.cpp.o[K
[247/262] Compiling C++ object src/py/libcamera/_libcamera.cpython-312-aarch64-linux-gnu.so.p/py_helpers.cpp.o[K
[248/262] Compiling C++ object src/py/libcamera/_libcamera.cpython-312-aarch64-linux-gnu.so.p/meson-generated_.._py_properties_generated.cpp.o[K
[248/262] Compiling C++ object src/py/libcamera/_libcamera.cpython-312-aarch64-linux-gnu.so.p/py_main.cpp.o[K
[249/262] Compiling C++ object src/py/libcamera/_libcamera.cpython-312-aarch64-linux-gnu.so.p/py_enums.cpp.o[K
[249/262] Compiling C++ object src/py/libcamera/_libcamera.cpython-312-aarch64-linux-gnu.so.p/py_transform.cpp.o[K
[250/262] Compiling C++ object src/py/libcamera/_libcamera.cpython-312-aarch64-linux-gnu.so.p/py_color_space.cpp.o[K
[250/262] Compiling C++ object src/v4l2/v4l2-compat.so.p/v4l2_camera.cpp.o[K
[251/262] Compiling C++ object src/v4l2/v4l2-compat.so.p/v4l2_camera.cpp.o[K
[251/262] Compiling C++ object src/v4l2/v4l2-compat.so.p/v4l2_camera_file.cpp.o[K
[252/262] Compiling C++ object src/py/libcamera/_libcamera.cpython-312-aarch64-linux-gnu.so.p/py_geometry.cpp.o[K
[252/262] Compiling C++ object src/v4l2/v4l2-compat.so.p/v4l2_camera_proxy.cpp.o[K
[253/262] Compiling C++ object src/v4l2/v4l2-compat.so.p/v4l2_camera_file.cpp.o[K
[253/262] Compiling C++ object src/v4l2/v4l2-compat.so.p/v4l2_compat.cpp.o[K
[254/262] Compiling C++ object src/py/libcamera/_libcamera.cpython-312-aarch64-linux-gnu.so.p/py_helpers.cpp.o[K
[254/262] Compiling C++ object src/v4l2/v4l2-compat.so.p/v4l2_compat_manager.cpp.o[K
[255/262] Compiling C++ object src/v4l2/v4l2-compat.so.p/v4l2_compat.cpp.o[K
[256/262] Compiling C++ object src/v4l2/v4l2-compat.so.p/v4l2_camera_proxy.cpp.o[K
[257/262] Compiling C++ object src/v4l2/v4l2-compat.so.p/v4l2_compat_manager.cpp.o[K
[257/262] Linking target src/v4l2/v4l2-compat.so[K
[258/262] Linking target src/v4l2/v4l2-compat.so[K
[259/262] Compiling C++ object src/py/libcamera/_libcamera.cpython-312-aarch64-linux-gnu.so.p/meson-generated_.._py_controls_generated.cpp.o[K
[260/262] Compiling C++ object src/py/libcamera/_libcamera.cpython-312-aarch64-linux-gnu.so.p/py_transform.cpp.o[K
[261/262] Compiling C++ object src/py/libcamera/_libcamera.cpython-312-aarch64-linux-gnu.so.p/py_main.cpp.o[K
[261/262] Linking target src/py/libcamera/_libcamera.cpython-312-aarch64-linux-gnu.so[K
[262/262] Linking target src/py/libcamera/_libcamera.cpython-312-aarch64-linux-gnu.so[K
ninja: Entering directory `/home/luqseee/robot_ws/build/libcamera'

[0/17] Generating subprojects/libpisp/src/version.cpp with a custom command[K
[0/17] Generating src/libcamera/version.cpp with a custom command[K
[1/17] Generating subprojects/libpisp/src/version.cpp with a custom command[K
[1/17] Compiling C++ object subprojects/libpisp/src/libpisp.so.1.3.0.p/meson-generated_.._version.cpp.o[K
[2/17] Generating src/libcamera/version.cpp with a custom command[K
[3/16] Compiling C++ object subprojects/libpisp/src/libpisp.so.1.3.0.p/meson-generated_.._version.cpp.o[K
[3/16] Linking target subprojects/libpisp/src/libpisp.so.1.3.0[K
[4/16] Linking target subprojects/libpisp/src/libpisp.so.1.3.0[K
[4/16] Generating symbol file subprojects/libpisp/src/libpisp.so.1.3.0.p/libpisp.so.1.3.0.symbols[K
[5/16] Generating symbol file subprojects/libpisp/src/libpisp.so.1.3.0.p/libpisp.so.1.3.0.symbols[K
Installing include/libcamera/ipa/core_ipa_interface.h to /home/luqseee/robot_ws/install/libcamera/include/libcamera/libcamera/ipa
Installing include/libcamera/ipa/raspberrypi_ipa_interface.h to /home/luqseee/robot_ws/install/libcamera/include/libcamera/libcamera/ipa
Installing include/libcamera/control_ids.h to /home/luqseee/robot_ws/install/libcamera/include/libcamera/libcamera
Installing include/libcamera/property_ids.h to /home/luqseee/robot_ws/install/libcamera/include/libcamera/libcamera
Installing include/libcamera/formats.h to /home/luqseee/robot_ws/install/libcamera/include/libcamera/libcamera
Installing include/libcamera/libcamera.h to /home/luqseee/robot_ws/install/libcamera/include/libcamera/libcamera
Installing src/libcamera/base/libcamera-base.so.0.7.0 to /home/luqseee/robot_ws/install/libcamera/lib
Installing subprojects/libpisp/src/libpisp.so.1.3.0 to /home/luqseee/robot_ws/install/libcamera/lib
Installing src/libcamera/libcamera.so.0.7.0 to /home/luqseee/robot_ws/install/libcamera/lib
Installing src/libcamera/proxy/worker/raspberrypi_ipa_proxy to /home/luqseee/robot_ws/install/libcamera/libexec/libcamera
Installing src/ipa/rpi/pisp/ipa_rpi_pisp.so to /home/luqseee/robot_ws/install/libcamera/lib/libcamera/ipa
Installing src/ipa/rpi/vc4/ipa_rpi_vc4.so to /home/luqseee/robot_ws/install/libcamera/lib/libcamera/ipa
Installing src/gstreamer/libgstlibcamera.so to /home/luqseee/robot_ws/install/libcamera/lib/gstreamer-1.0
Installing src/py/libcamera/_libcamera.cpython-312-aarch64-linux-gnu.so to /home/luqseee/robot_ws/install/libcamera/lib/python3/dist-packages/libcamera
Installing src/v4l2/v4l2-compat.so to /home/luqseee/robot_ws/install/libcamera/libexec/libcamera
Installing /home/luqseee/robot_ws/src/libcamera/include/libcamera/base/bound_method.h to /home/luqseee/robot_ws/install/libcamera/include/libcamera/libcamera/base
Installing /home/luqseee/robot_ws/src/libcamera/include/libcamera/base/class.h to /home/luqseee/robot_ws/install/libcamera/include/libcamera/libcamera/base
Installing /home/luqseee/robot_ws/src/libcamera/include/libcamera/base/flags.h to /home/luqseee/robot_ws/install/libcamera/include/libcamera/libcamera/base
Installing /home/luqseee/robot_ws/src/libcamera/include/libcamera/base/object.h to /home/luqseee/robot_ws/install/libcamera/include/libcamera/libcamera/base
Installing /home/luqseee/robot_ws/src/libcamera/include/libcamera/base/shared_fd.h to /home/luqseee/robot_ws/install/libcamera/include/libcamera/libcamera/base
Installing /home/luqseee/robot_ws/src/libcamera/include/libcamera/base/signal.h to /home/luqseee/robot_ws/install/libcamera/include/libcamera/libcamera/base
Installing /home/luqseee/robot_ws/src/libcamera/include/libcamera/base/span.h to /home/luqseee/robot_ws/install/libcamera/include/libcamera/libcamera/base
Installing /home/luqseee/robot_ws/src/libcamera/include/libcamera/base/unique_fd.h to /home/luqseee/robot_ws/install/libcamera/include/libcamera/libcamera/base
Installing /home/luqseee/robot_ws/src/libcamera/include/libcamera/ipa/ipa_controls.h to /home/luqseee/robot_ws/install/libcamera/include/libcamera/libcamera/ipa
Installing /home/luqseee/robot_ws/src/libcamera/include/libcamera/ipa/ipa_interface.h to /home/luqseee/robot_ws/install/libcamera/include/libcamera/libcamera/ipa
Installing /home/luqseee/robot_ws/src/libcamera/include/libcamera/ipa/ipa_module_info.h to /home/luqseee/robot_ws/install/libcamera/include/libcamera/libcamera/ipa
Installing /home/luqseee/robot_ws/src/libcamera/include/libcamera/camera.h to /home/luqseee/robot_ws/install/libcamera/include/libcamera/libcamera
Installing /home/luqseee/robot_ws/src/libcamera/include/libcamera/camera_manager.h to /home/luqseee/robot_ws/install/libcamera/include/libcamera/libcamera
Installing /home/luqseee/robot_ws/src/libcamera/include/libcamera/color_space.h to /home/luqseee/robot_ws/install/libcamera/include/libcamera/libcamera
Installing /home/luqseee/robot_ws/src/libcamera/include/libcamera/controls.h to /home/luqseee/robot_ws/install/libcamera/include/libcamera/libcamera
Installing /home/luqseee/robot_ws/src/libcamera/include/libcamera/fence.h to /home/luqseee/robot_ws/install/libcamera/include/libcamera/libcamera
Installing /home/luqseee/robot_ws/src/libcamera/include/libcamera/framebuffer.h to /home/luqseee/robot_ws/install/libcamera/include/libcamera/libcamera
Installing /home/luqseee/robot_ws/src/libcamera/include/libcamera/framebuffer_allocator.h to /home/luqseee/robot_ws/install/libcamera/include/libcamera/libcamera
Installing /home/luqseee/robot_ws/src/libcamera/include/libcamera/geometry.h to /home/luqseee/robot_ws/install/libcamera/include/libcamera/libcamera
Installing /home/luqseee/robot_ws/src/libcamera/include/libcamera/logging.h to /home/luqseee/robot_ws/install/libcamera/include/libcamera/libcamera
Installing /home/luqseee/robot_ws/src/libcamera/include/libcamera/orientation.h to /home/luqseee/robot_ws/install/libcamera/include/libcamera/libcamera
Installing /home/luqseee/robot_ws/src/libcamera/include/libcamera/pixel_format.h to /home/luqseee/robot_ws/install/libcamera/include/libcamera/libcamera
Installing /home/luqseee/robot_ws/src/libcamera/include/libcamera/request.h to /home/luqseee/robot_ws/install/libcamera/include/libcamera/libcamera
Installing /home/luqseee/robot_ws/src/libcamera/include/libcamera/stream.h to /home/luqseee/robot_ws/install/libcamera/include/libcamera/libcamera
Installing /home/luqseee/robot_ws/src/libcamera/include/libcamera/transform.h to /home/luqseee/robot_ws/install/libcamera/include/libcamera/libcamera
Installing /home/luqseee/robot_ws/src/libcamera/subprojects/libpisp/src/libpisp/common/pisp_common.h to /home/luqseee/robot_ws/install/libcamera/include/libpisp/common
Installing /home/luqseee/robot_ws/src/libcamera/subprojects/libpisp/src/libpisp/common/logging.hpp to /home/luqseee/robot_ws/install/libcamera/include/libpisp/common
Installing /home/luqseee/robot_ws/src/libcamera/subprojects/libpisp/src/libpisp/common/shm_mutex.hpp to /home/luqseee/robot_ws/install/libcamera/include/libpisp/common
Installing /home/luqseee/robot_ws/src/libcamera/subprojects/libpisp/src/libpisp/common/utils.hpp to /home/luqseee/robot_ws/install/libcamera/include/libpisp/common
Installing /home/luqseee/robot_ws/src/libcamera/subprojects/libpisp/src/libpisp/common/version.hpp to /home/luqseee/robot_ws/install/libcamera/include/libpisp/common
Installing /home/luqseee/robot_ws/src/libcamera/subprojects/libpisp/src/libpisp/variants/variant.hpp to /home/luqseee/robot_ws/install/libcamera/include/libpisp/variants
Installing /home/luqseee/robot_ws/src/libcamera/subprojects/libpisp/src/libpisp/frontend/frontend.hpp to /home/luqseee/robot_ws/install/libcamera/include/libpisp/frontend
Installing /home/luqseee/robot_ws/src/libcamera/subprojects/libpisp/src/libpisp/frontend/pisp_fe_config.h to /home/luqseee/robot_ws/install/libcamera/include/libpisp/frontend
Installing /home/luqseee/robot_ws/src/libcamera/subprojects/libpisp/src/libpisp/frontend/pisp_statistics.h to /home/luqseee/robot_ws/install/libcamera/include/libpisp/frontend
Installing /home/luqseee/robot_ws/src/libcamera/subprojects/libpisp/src/libpisp/backend/backend.hpp to /home/luqseee/robot_ws/install/libcamera/include/libpisp/backend
Installing /home/luqseee/robot_ws/src/libcamera/subprojects/libpisp/src/libpisp/backend/pisp_be_config.h to /home/luqseee/robot_ws/install/libcamera/include/libpisp/backend
Installing /home/luqseee/robot_ws/src/libcamera/subprojects/libpisp/src/libpisp/backend/tiling/pisp_tiling.hpp to /home/luqseee/robot_ws/install/libcamera/include/libpisp/backend/tiling
Installing /home/luqseee/robot_ws/src/libcamera/subprojects/libpisp/src/libpisp/backend/tiling/types.hpp to /home/luqseee/robot_ws/install/libcamera/include/libpisp/backend/tiling
Installing /home/luqseee/robot_ws/src/libcamera/subprojects/libpisp/src/helpers/backend_device.hpp to /home/luqseee/robot_ws/install/libcamera/include/libpisp/helpers
Installing /home/luqseee/robot_ws/src/libcamera/subprojects/libpisp/src/helpers/device_fd.hpp to /home/luqseee/robot_ws/install/libcamera/include/libpisp/helpers
Installing /home/luqseee/robot_ws/src/libcamera/subprojects/libpisp/src/helpers/media_device.hpp to /home/luqseee/robot_ws/install/libcamera/include/libpisp/helpers
Installing /home/luqseee/robot_ws/src/libcamera/subprojects/libpisp/src/helpers/v4l2_device.hpp to /home/luqseee/robot_ws/install/libcamera/include/libpisp/helpers
Installing /home/luqseee/robot_ws/build/libcamera/include/libcamera/version.h to /home/luqseee/robot_ws/install/libcamera/include/libcamera/libcamera
Installing /home/luqseee/robot_ws/build/libcamera/meson-private/libcamera-base.pc to /home/luqseee/robot_ws/install/libcamera/lib/pkgconfig
Installing /home/luqseee/robot_ws/src/libcamera/subprojects/libpisp/src/libpisp/backend/backend_default_config.json to /home/luqseee/robot_ws/install/libcamera/share/libpisp
Installing /home/luqseee/robot_ws/build/libcamera/meson-private/libpisp.pc to /home/luqseee/robot_ws/install/libcamera/lib/pkgconfig
Installing /home/luqseee/robot_ws/src/libcamera/src/libcamera/pipeline/rpi/pisp/data/example.yaml to /home/luqseee/robot_ws/install/libcamera/share/libcamera/pipeline/rpi/pisp
Installing /home/luqseee/robot_ws/src/libcamera/src/libcamera/pipeline/rpi/vc4/data/example.yaml to /home/luqseee/robot_ws/install/libcamera/share/libcamera/pipeline/rpi/vc4
Installing /home/luqseee/robot_ws/src/libcamera/src/libcamera/pipeline/rpi/vc4/data/rpi_apps.yaml to /home/luqseee/robot_ws/install/libcamera/share/libcamera/pipeline/rpi/vc4
Installing /home/luqseee/robot_ws/build/libcamera/meson-private/libcamera.pc to /home/luqseee/robot_ws/install/libcamera/lib/pkgconfig
Installing /home/luqseee/robot_ws/src/libcamera/src/ipa/rpi/pisp/data/imx219.json to /home/luqseee/robot_ws/install/libcamera/share/libcamera/ipa/rpi/pisp
Installing /home/luqseee/robot_ws/src/libcamera/src/ipa/rpi/pisp/data/imx219_noir.json to /home/luqseee/robot_ws/install/libcamera/share/libcamera/ipa/rpi/pisp
Installing /home/luqseee/robot_ws/src/libcamera/src/ipa/rpi/pisp/data/imx283.json to /home/luqseee/robot_ws/install/libcamera/share/libcamera/ipa/rpi/pisp
Installing /home/luqseee/robot_ws/src/libcamera/src/ipa/rpi/pisp/data/imx290.json to /home/luqseee/robot_ws/install/libcamera/share/libcamera/ipa/rpi/pisp
Installing /home/luqseee/robot_ws/src/libcamera/src/ipa/rpi/pisp/data/imx296.json to /home/luqseee/robot_ws/install/libcamera/share/libcamera/ipa/rpi/pisp
Installing /home/luqseee/robot_ws/src/libcamera/src/ipa/rpi/pisp/data/imx296_mono.json to /home/luqseee/robot_ws/install/libcamera/share/libcamera/ipa/rpi/pisp
Installing /home/luqseee/robot_ws/src/libcamera/src/ipa/rpi/pisp/data/imx335.json to /home/luqseee/robot_ws/install/libcamera/share/libcamera/ipa/rpi/pisp
Installing /home/luqseee/robot_ws/src/libcamera/src/ipa/rpi/pisp/data/imx378.json to /home/luqseee/robot_ws/install/libcamera/share/libcamera/ipa/rpi/pisp
Installing /home/luqseee/robot_ws/src/libcamera/src/ipa/rpi/pisp/data/imx415.json to /home/luqseee/robot_ws/install/libcamera/share/libcamera/ipa/rpi/pisp
Installing /home/luqseee/robot_ws/src/libcamera/src/ipa/rpi/pisp/data/imx415_b0569.json to /home/luqseee/robot_ws/install/libcamera/share/libcamera/ipa/rpi/pisp
Installing /home/luqseee/robot_ws/src/libcamera/src/ipa/rpi/pisp/data/imx462.json to /home/luqseee/robot_ws/install/libcamera/share/libcamera/ipa/rpi/pisp
Installing /home/luqseee/robot_ws/src/libcamera/src/ipa/rpi/pisp/data/imx477.json to /home/luqseee/robot_ws/install/libcamera/share/libcamera/ipa/rpi/pisp
Installing /home/luqseee/robot_ws/src/libcamera/src/ipa/rpi/pisp/data/imx477_noir.json to /home/luqseee/robot_ws/install/libcamera/share/libcamera/ipa/rpi/pisp
Installing /home/luqseee/robot_ws/src/libcamera/src/ipa/rpi/pisp/data/imx477_scientific.json to /home/luqseee/robot_ws/install/libcamera/share/libcamera/ipa/rpi/pisp
Installing /home/luqseee/robot_ws/src/libcamera/src/ipa/rpi/pisp/data/imx500.json to /home/luqseee/robot_ws/install/libcamera/share/libcamera/ipa/rpi/pisp
Installing /home/luqseee/robot_ws/src/libcamera/src/ipa/rpi/pisp/data/imx519.json to /home/luqseee/robot_ws/install/libcamera/share/libcamera/ipa/rpi/pisp
Installing /home/luqseee/robot_ws/src/libcamera/src/ipa/rpi/pisp/data/imx708.json to /home/luqseee/robot_ws/install/libcamera/share/libcamera/ipa/rpi/pisp
Installing /home/luqseee/robot_ws/src/libcamera/src/ipa/rpi/pisp/data/imx708_noir.json to /home/luqseee/robot_ws/install/libcamera/share/libcamera/ipa/rpi/pisp
Installing /home/luqseee/robot_ws/src/libcamera/src/ipa/rpi/pisp/data/imx708_wide.json to /home/luqseee/robot_ws/install/libcamera/share/libcamera/ipa/rpi/pisp
Installing /home/luqseee/robot_ws/src/libcamera/src/ipa/rpi/pisp/data/imx708_wide_noir.json to /home/luqseee/robot_ws/install/libcamera/share/libcamera/ipa/rpi/pisp
Installing /home/luqseee/robot_ws/src/libcamera/src/ipa/rpi/pisp/data/ov5647.json to /home/luqseee/robot_ws/install/libcamera/share/libcamera/ipa/rpi/pisp
Installing /home/luqseee/robot_ws/src/libcamera/src/ipa/rpi/pisp/data/ov5647_noir.json to /home/luqseee/robot_ws/install/libcamera/share/libcamera/ipa/rpi/pisp
Installing /home/luqseee/robot_ws/src/libcamera/src/ipa/rpi/pisp/data/ov64a40.json to /home/luqseee/robot_ws/install/libcamera/share/libcamera/ipa/rpi/pisp
Installing /home/luqseee/robot_ws/src/libcamera/src/ipa/rpi/pisp/data/ov9281_mono.json to /home/luqseee/robot_ws/install/libcamera/share/libcamera/ipa/rpi/pisp
Installing /home/luqseee/robot_ws/src/libcamera/src/ipa/rpi/pisp/data/se327m12.json to /home/luqseee/robot_ws/install/libcamera/share/libcamera/ipa/rpi/pisp
Installing /home/luqseee/robot_ws/src/libcamera/src/ipa/rpi/pisp/data/uncalibrated.json to /home/luqseee/robot_ws/install/libcamera/share/libcamera/ipa/rpi/pisp
Installing /home/luqseee/robot_ws/src/libcamera/src/ipa/rpi/pisp/data/vd55g1.json to /home/luqseee/robot_ws/install/libcamera/share/libcamera/ipa/rpi/pisp
Installing /home/luqseee/robot_ws/src/libcamera/src/ipa/rpi/pisp/data/vd55g1_mono.json to /home/luqseee/robot_ws/install/libcamera/share/libcamera/ipa/rpi/pisp
Installing /home/luqseee/robot_ws/src/libcamera/src/ipa/rpi/pisp/data/vd56g3.json to /home/luqseee/robot_ws/install/libcamera/share/libcamera/ipa/rpi/pisp
Installing /home/luqseee/robot_ws/src/libcamera/src/ipa/rpi/pisp/data/vd56g3_mono.json to /home/luqseee/robot_ws/install/libcamera/share/libcamera/ipa/rpi/pisp
Installing /home/luqseee/robot_ws/src/libcamera/src/ipa/rpi/vc4/data/imx219.json to /home/luqseee/robot_ws/install/libcamera/share/libcamera/ipa/rpi/vc4
Installing /home/luqseee/robot_ws/src/libcamera/src/ipa/rpi/vc4/data/imx219_noir.json to /home/luqseee/robot_ws/install/libcamera/share/libcamera/ipa/rpi/vc4
Installing /home/luqseee/robot_ws/src/libcamera/src/ipa/rpi/vc4/data/imx283.json to /home/luqseee/robot_ws/install/libcamera/share/libcamera/ipa/rpi/vc4
Installing /home/luqseee/robot_ws/src/libcamera/src/ipa/rpi/vc4/data/imx290.json to /home/luqseee/robot_ws/install/libcamera/share/libcamera/ipa/rpi/vc4
Installing /home/luqseee/robot_ws/src/libcamera/src/ipa/rpi/vc4/data/imx296.json to /home/luqseee/robot_ws/install/libcamera/share/libcamera/ipa/rpi/vc4
Installing /home/luqseee/robot_ws/src/libcamera/src/ipa/rpi/vc4/data/imx296_mono.json to /home/luqseee/robot_ws/install/libcamera/share/libcamera/ipa/rpi/vc4
Installing /home/luqseee/robot_ws/src/libcamera/src/ipa/rpi/vc4/data/imx327.json to /home/luqseee/robot_ws/install/libcamera/share/libcamera/ipa/rpi/vc4
Installing /home/luqseee/robot_ws/src/libcamera/src/ipa/rpi/vc4/data/imx335.json to /home/luqseee/robot_ws/install/libcamera/share/libcamera/ipa/rpi/vc4
Installing /home/luqseee/robot_ws/src/libcamera/src/ipa/rpi/vc4/data/imx378.json to /home/luqseee/robot_ws/install/libcamera/share/libcamera/ipa/rpi/vc4
Installing /home/luqseee/robot_ws/src/libcamera/src/ipa/rpi/vc4/data/imx415.json to /home/luqseee/robot_ws/install/libcamera/share/libcamera/ipa/rpi/vc4
Installing /home/luqseee/robot_ws/src/libcamera/src/ipa/rpi/vc4/data/imx415_b0569.json to /home/luqseee/robot_ws/install/libcamera/share/libcamera/ipa/rpi/vc4
Installing /home/luqseee/robot_ws/src/libcamera/src/ipa/rpi/vc4/data/imx462.json to /home/luqseee/robot_ws/install/libcamera/share/libcamera/ipa/rpi/vc4
Installing /home/luqseee/robot_ws/src/libcamera/src/ipa/rpi/vc4/data/imx477.json to /home/luqseee/robot_ws/install/libcamera/share/libcamera/ipa/rpi/vc4
Installing /home/luqseee/robot_ws/src/libcamera/src/ipa/rpi/vc4/data/imx477_noir.json to /home/luqseee/robot_ws/install/libcamera/share/libcamera/ipa/rpi/vc4
Installing /home/luqseee/robot_ws/src/libcamera/src/ipa/rpi/vc4/data/imx477_scientific.json to /home/luqseee/robot_ws/install/libcamera/share/libcamera/ipa/rpi/vc4
Installing /home/luqseee/robot_ws/src/libcamera/src/ipa/rpi/vc4/data/imx500.json to /home/luqseee/robot_ws/install/libcamera/share/libcamera/ipa/rpi/vc4
Installing /home/luqseee/robot_ws/src/libcamera/src/ipa/rpi/vc4/data/imx519.json to /home/luqseee/robot_ws/install/libcamera/share/libcamera/ipa/rpi/vc4
Installing /home/luqseee/robot_ws/src/libcamera/src/ipa/rpi/vc4/data/imx708.json to /home/luqseee/robot_ws/install/libcamera/share/libcamera/ipa/rpi/vc4
Installing /home/luqseee/robot_ws/src/libcamera/src/ipa/rpi/vc4/data/imx708_noir.json to /home/luqseee/robot_ws/install/libcamera/share/libcamera/ipa/rpi/vc4
Installing /home/luqseee/robot_ws/src/libcamera/src/ipa/rpi/vc4/data/imx708_wide.json to /home/luqseee/robot_ws/install/libcamera/share/libcamera/ipa/rpi/vc4
Installing /home/luqseee/robot_ws/src/libcamera/src/ipa/rpi/vc4/data/imx708_wide_noir.json to /home/luqseee/robot_ws/install/libcamera/share/libcamera/ipa/rpi/vc4
Installing /home/luqseee/robot_ws/src/libcamera/src/ipa/rpi/vc4/data/ov5647.json to /home/luqseee/robot_ws/install/libcamera/share/libcamera/ipa/rpi/vc4
Installing /home/luqseee/robot_ws/src/libcamera/src/ipa/rpi/vc4/data/ov5647_noir.json to /home/luqseee/robot_ws/install/libcamera/share/libcamera/ipa/rpi/vc4
Installing /home/luqseee/robot_ws/src/libcamera/src/ipa/rpi/vc4/data/ov64a40.json to /home/luqseee/robot_ws/install/libcamera/share/libcamera/ipa/rpi/vc4
Installing /home/luqseee/robot_ws/src/libcamera/src/ipa/rpi/vc4/data/ov7251_mono.json to /home/luqseee/robot_ws/install/libcamera/share/libcamera/ipa/rpi/vc4
Installing /home/luqseee/robot_ws/src/libcamera/src/ipa/rpi/vc4/data/ov9281_mono.json to /home/luqseee/robot_ws/install/libcamera/share/libcamera/ipa/rpi/vc4
Installing /home/luqseee/robot_ws/src/libcamera/src/ipa/rpi/vc4/data/se327m12.json to /home/luqseee/robot_ws/install/libcamera/share/libcamera/ipa/rpi/vc4
Installing /home/luqseee/robot_ws/src/libcamera/src/ipa/rpi/vc4/data/uncalibrated.json to /home/luqseee/robot_ws/install/libcamera/share/libcamera/ipa/rpi/vc4
Installing /home/luqseee/robot_ws/src/libcamera/src/ipa/rpi/vc4/data/vd55g1.json to /home/luqseee/robot_ws/install/libcamera/share/libcamera/ipa/rpi/vc4
Installing /home/luqseee/robot_ws/src/libcamera/src/ipa/rpi/vc4/data/vd55g1_mono.json to /home/luqseee/robot_ws/install/libcamera/share/libcamera/ipa/rpi/vc4
Installing /home/luqseee/robot_ws/src/libcamera/src/ipa/rpi/vc4/data/vd56g3.json to /home/luqseee/robot_ws/install/libcamera/share/libcamera/ipa/rpi/vc4
Installing /home/luqseee/robot_ws/src/libcamera/src/ipa/rpi/vc4/data/vd56g3_mono.json to /home/luqseee/robot_ws/install/libcamera/share/libcamera/ipa/rpi/vc4
Installing /home/luqseee/robot_ws/src/libcamera/src/py/libcamera/__init__.py to /home/luqseee/robot_ws/install/libcamera/lib/python3/dist-packages/libcamera
Installing /home/luqseee/robot_ws/build/libcamera/src/v4l2/libcamerify to /home/luqseee/robot_ws/install/libcamera/bin
Installing symlink pointing to libcamera-base.so.0.7.0 to /home/luqseee/robot_ws/install/libcamera/lib/libcamera-base.so.0.7
Installing symlink pointing to libcamera-base.so.0.7 to /home/luqseee/robot_ws/install/libcamera/lib/libcamera-base.so
Installing symlink pointing to libpisp.so.1.3.0 to /home/luqseee/robot_ws/install/libcamera/lib/libpisp.so.1
Installing symlink pointing to libpisp.so.1 to /home/luqseee/robot_ws/install/libcamera/lib/libpisp.so
Installing symlink pointing to libcamera.so.0.7.0 to /home/luqseee/robot_ws/install/libcamera/lib/libcamera.so.0.7
Installing symlink pointing to libcamera.so.0.7 to /home/luqseee/robot_ws/install/libcamera/lib/libcamera.so
Running custom install script '/home/luqseee/robot_ws/src/libcamera/src/ipa/ipa-sign-install.sh /home/luqseee/robot_ws/build/libcamera/src/ipa-priv-key.pem lib/libcamera/ipa/ipa_rpi_pisp.so lib/libcamera/ipa/ipa_rpi_vc4.so'
Regenerating IPA modules signatures
Running custom install script '/usr/bin/python3 /home/luqseee/robot_ws/build/libcamera/meson-private/pycompile.py python-3.12-installed.json 0'
Compiling '/home/luqseee/robot_ws/install/libcamera/lib/python3/dist-packages/libcamera/__init__.py'...
