[0.034s] Invoking command in '/home/luqseee/robot_ws/src/build/hoverboard_ros2_control': CMAKE_PREFIX_PATH=${CMAKE_PREFIX_PATH}:/opt/ros/jazzy DEBUGINFOD_URLS=https://debuginfod.ubuntu.com /usr/bin/cmake /home/luqseee/robot_ws/src/hoverboard_ros2_control/hoverboard_ros2_control -DAMENT_CMAKE_SYMLINK_INSTALL=1 -DCMAKE_INSTALL_PREFIX=/home/luqseee/robot_ws/src/install/hoverboard_ros2_control
[0.589s] -- The C compiler identification is GNU 13.3.0
[1.080s] -- The CXX compiler identification is GNU 13.3.0
[1.123s] -- Detecting C compiler ABI info
[1.388s] -- Detecting C compiler ABI info - done
[1.403s] -- Check for working C compiler: /usr/bin/cc - skipped
[1.405s] -- Detecting C compile features
[1.408s] -- Detecting C compile features - done
[1.429s] -- Detecting CXX compiler ABI info
[1.693s] -- Detecting CXX compiler ABI info - done
[1.711s] -- Check for working CXX compiler: /usr/bin/c++ - skipped
[1.712s] -- Detecting CXX compile features
[1.712s] -- Detecting CXX compile features - done
[1.721s] -- Found ament_cmake_auto: 2.5.6 (/opt/ros/jazzy/share/ament_cmake_auto/cmake)
[2.075s] -- Found Python3: /usr/bin/python3 (found version "3.12.3") found components: Interpreter 
[2.292s] -- Override CMake install command with custom implementation using symlinks instead of copying resources
[2.408s] -- Found ament_lint_auto: 0.17.5 (/opt/ros/jazzy/share/ament_lint_auto/cmake)
[2.789s] -- Added test 'lint_cmake' to check CMake code style
[2.792s] -- Added test 'xmllint' to check XML markup files
[2.797s] -- Configuring done (2.7s)
[2.805s] -- Generating done (0.0s)
[2.809s] -- Build files have been written to: /home/luqseee/robot_ws/src/build/hoverboard_ros2_control
[2.825s] Invoked command in '/home/luqseee/robot_ws/src/build/hoverboard_ros2_control' returned '0': CMAKE_PREFIX_PATH=${CMAKE_PREFIX_PATH}:/opt/ros/jazzy DEBUGINFOD_URLS=https://debuginfod.ubuntu.com /usr/bin/cmake /home/luqseee/robot_ws/src/hoverboard_ros2_control/hoverboard_ros2_control -DAMENT_CMAKE_SYMLINK_INSTALL=1 -DCMAKE_INSTALL_PREFIX=/home/luqseee/robot_ws/src/install/hoverboard_ros2_control
[2.828s] Invoking command in '/home/luqseee/robot_ws/src/build/hoverboard_ros2_control': CMAKE_PREFIX_PATH=${CMAKE_PREFIX_PATH}:/opt/ros/jazzy DEBUGINFOD_URLS=https://debuginfod.ubuntu.com /usr/bin/cmake --build /home/luqseee/robot_ws/src/build/hoverboard_ros2_control -- -j4 -l4
[2.915s] Invoked command in '/home/luqseee/robot_ws/src/build/hoverboard_ros2_control' returned '0': CMAKE_PREFIX_PATH=${CMAKE_PREFIX_PATH}:/opt/ros/jazzy DEBUGINFOD_URLS=https://debuginfod.ubuntu.com /usr/bin/cmake --build /home/luqseee/robot_ws/src/build/hoverboard_ros2_control -- -j4 -l4
[2.934s] Invoking command in '/home/luqseee/robot_ws/src/build/hoverboard_ros2_control': CMAKE_PREFIX_PATH=${CMAKE_PREFIX_PATH}:/opt/ros/jazzy DEBUGINFOD_URLS=https://debuginfod.ubuntu.com /usr/bin/cmake --install /home/luqseee/robot_ws/src/build/hoverboard_ros2_control
[2.950s] -- Install configuration: ""
[2.953s] -- Execute custom install script
[2.954s] -- Symlinking: /home/luqseee/robot_ws/src/install/hoverboard_ros2_control/share/ament_index/resource_index/package_run_dependencies/hoverboard_ros2_control
[2.975s] -- Symlinking: /home/luqseee/robot_ws/src/install/hoverboard_ros2_control/share/ament_index/resource_index/parent_prefix_path/hoverboard_ros2_control
[2.995s] -- Symlinking: /home/luqseee/robot_ws/src/install/hoverboard_ros2_control/share/hoverboard_ros2_control/environment/ament_prefix_path.sh
[3.018s] -- Symlinking: /home/luqseee/robot_ws/src/install/hoverboard_ros2_control/share/hoverboard_ros2_control/environment/ament_prefix_path.dsv
[3.037s] -- Symlinking: /home/luqseee/robot_ws/src/install/hoverboard_ros2_control/share/hoverboard_ros2_control/environment/path.sh
[3.056s] -- Symlinking: /home/luqseee/robot_ws/src/install/hoverboard_ros2_control/share/hoverboard_ros2_control/environment/path.dsv
[3.078s] -- Symlinking: /home/luqseee/robot_ws/src/install/hoverboard_ros2_control/share/hoverboard_ros2_control/local_setup.bash
[3.103s] -- Symlinking: /home/luqseee/robot_ws/src/install/hoverboard_ros2_control/share/hoverboard_ros2_control/local_setup.sh
[3.121s] -- Symlinking: /home/luqseee/robot_ws/src/install/hoverboard_ros2_control/share/hoverboard_ros2_control/local_setup.zsh
[3.144s] -- Symlinking: /home/luqseee/robot_ws/src/install/hoverboard_ros2_control/share/hoverboard_ros2_control/local_setup.dsv
[3.164s] -- Symlinking: /home/luqseee/robot_ws/src/install/hoverboard_ros2_control/share/hoverboard_ros2_control/package.dsv
[3.192s] -- Symlinking: /home/luqseee/robot_ws/src/install/hoverboard_ros2_control/share/ament_index/resource_index/packages/hoverboard_ros2_control
[3.215s] -- Symlinking: /home/luqseee/robot_ws/src/install/hoverboard_ros2_control/share/hoverboard_ros2_control/cmake/hoverboard_ros2_controlConfig.cmake
[3.236s] -- Symlinking: /home/luqseee/robot_ws/src/install/hoverboard_ros2_control/share/hoverboard_ros2_control/cmake/hoverboard_ros2_controlConfig-version.cmake
[3.257s] -- Symlinking: /home/luqseee/robot_ws/src/install/hoverboard_ros2_control/share/hoverboard_ros2_control/package.xml
[3.278s] Invoked command in '/home/luqseee/robot_ws/src/build/hoverboard_ros2_control' returned '0': CMAKE_PREFIX_PATH=${CMAKE_PREFIX_PATH}:/opt/ros/jazzy DEBUGINFOD_URLS=https://debuginfod.ubuntu.com /usr/bin/cmake --install /home/luqseee/robot_ws/src/build/hoverboard_ros2_control
