[0.031s] Invoking command in '/home/luqseee/robot_ws/build/my_bot': CMAKE_PREFIX_PATH=${CMAKE_PREFIX_PATH}:/opt/ros/jazzy DEBUGINFOD_URLS=https://debuginfod.ubuntu.com /usr/bin/cmake /home/luqseee/robot_ws/src/my_bot -DCMAKE_INSTALL_PREFIX=/home/luqseee/robot_ws/install/my_bot
[0.189s] -- The C compiler identification is GNU 13.3.0
[0.358s] -- The CXX compiler identification is GNU 13.3.0
[0.391s] -- Detecting C compiler ABI info
[0.622s] -- Detecting C compiler ABI info - done
[0.638s] -- Check for working C compiler: /usr/bin/cc - skipped
[0.639s] -- Detecting C compile features
[0.642s] -- Detecting C compile features - done
[0.663s] -- Detecting CXX compiler ABI info
[0.935s] -- Detecting CXX compiler ABI info - done
[0.951s] -- Check for working CXX compiler: /usr/bin/c++ - skipped
[0.951s] -- Detecting CXX compile features
[0.952s] -- Detecting CXX compile features - done
[0.956s] -- Found ament_cmake: 2.5.6 (/opt/ros/jazzy/share/ament_cmake/cmake)
[1.348s] -- Found Python3: /usr/bin/python3 (found version "3.12.3") found components: Interpreter 
[1.614s] -- Found ament_lint_auto: 0.17.5 (/opt/ros/jazzy/share/ament_lint_auto/cmake)
[1.934s] -- Added test 'copyright' to check source files copyright and LICENSE
[1.956s] -- Added test 'flake8' to check Python code syntax and style conventions
[1.956s] -- Configured 'flake8' exclude dirs and/or files: 
[1.957s] -- Added test 'lint_cmake' to check CMake code style
[1.960s] -- Added test 'pep257' to check Python code against some of the docstring style conventions in PEP 257
[1.973s] -- Added test 'xmllint' to check XML markup files
[1.976s] -- Configuring done (1.9s)
[1.981s] -- Generating done (0.0s)
[1.987s] -- Build files have been written to: /home/luqseee/robot_ws/build/my_bot
[2.001s] Invoked command in '/home/luqseee/robot_ws/build/my_bot' returned '0': CMAKE_PREFIX_PATH=${CMAKE_PREFIX_PATH}:/opt/ros/jazzy DEBUGINFOD_URLS=https://debuginfod.ubuntu.com /usr/bin/cmake /home/luqseee/robot_ws/src/my_bot -DCMAKE_INSTALL_PREFIX=/home/luqseee/robot_ws/install/my_bot
[2.004s] Invoking command in '/home/luqseee/robot_ws/build/my_bot': CMAKE_PREFIX_PATH=${CMAKE_PREFIX_PATH}:/opt/ros/jazzy DEBUGINFOD_URLS=https://debuginfod.ubuntu.com /usr/bin/cmake --build /home/luqseee/robot_ws/build/my_bot -- -j4 -l4
[2.133s] Invoked command in '/home/luqseee/robot_ws/build/my_bot' returned '0': CMAKE_PREFIX_PATH=${CMAKE_PREFIX_PATH}:/opt/ros/jazzy DEBUGINFOD_URLS=https://debuginfod.ubuntu.com /usr/bin/cmake --build /home/luqseee/robot_ws/build/my_bot -- -j4 -l4
[2.135s] Invoking command in '/home/luqseee/robot_ws/build/my_bot': CMAKE_PREFIX_PATH=${CMAKE_PREFIX_PATH}:/opt/ros/jazzy DEBUGINFOD_URLS=https://debuginfod.ubuntu.com /usr/bin/cmake --install /home/luqseee/robot_ws/build/my_bot
[2.157s] -- Install configuration: ""
[2.157s] -- Installing: /home/luqseee/robot_ws/install/my_bot/share/my_bot/config
[2.157s] -- Installing: /home/luqseee/robot_ws/install/my_bot/share/my_bot/config/gz_bridge.yaml
[2.157s] -- Installing: /home/luqseee/robot_ws/install/my_bot/share/my_bot/config/empty.yaml
[2.157s] -- Installing: /home/luqseee/robot_ws/install/my_bot/share/my_bot/config/my_controllers.yaml
[2.158s] -- Installing: /home/luqseee/robot_ws/install/my_bot/share/my_bot/config/drive_bot.rviz
[2.158s] -- Installing: /home/luqseee/robot_ws/install/my_bot/share/my_bot/config/main.rviz
[2.158s] -- Installing: /home/luqseee/robot_ws/install/my_bot/share/my_bot/config/joystick.yaml
[2.158s] -- Installing: /home/luqseee/robot_ws/install/my_bot/share/my_bot/config/view_bot.rviz
[2.158s] -- Installing: /home/luqseee/robot_ws/install/my_bot/share/my_bot/config/gaz_ros2_ctl_use_sim.yaml
[2.158s] -- Installing: /home/luqseee/robot_ws/install/my_bot/share/my_bot/config/twist_mux.yaml
[2.158s] -- Installing: /home/luqseee/robot_ws/install/my_bot/share/my_bot/description
[2.159s] -- Installing: /home/luqseee/robot_ws/install/my_bot/share/my_bot/description/gazebo_control.xacro
[2.159s] -- Installing: /home/luqseee/robot_ws/install/my_bot/share/my_bot/description/robot_core.xacro
[2.159s] -- Installing: /home/luqseee/robot_ws/install/my_bot/share/my_bot/description/lidar.xacro
[2.161s] -- Installing: /home/luqseee/robot_ws/install/my_bot/share/my_bot/description/robot.urdf.xacro
[2.161s] -- Installing: /home/luqseee/robot_ws/install/my_bot/share/my_bot/description/camera.xacro
[2.161s] -- Installing: /home/luqseee/robot_ws/install/my_bot/share/my_bot/description/ros2_control.xacro
[2.161s] -- Installing: /home/luqseee/robot_ws/install/my_bot/share/my_bot/description/inertial_macros.xacro
[2.161s] -- Installing: /home/luqseee/robot_ws/install/my_bot/share/my_bot/description/face.xacro
[2.161s] -- Installing: /home/luqseee/robot_ws/install/my_bot/share/my_bot/launch
[2.161s] -- Installing: /home/luqseee/robot_ws/install/my_bot/share/my_bot/launch/rplidar.launch.py
[2.162s] -- Installing: /home/luqseee/robot_ws/install/my_bot/share/my_bot/launch/launch_robot.launch.py
[2.162s] -- Installing: /home/luqseee/robot_ws/install/my_bot/share/my_bot/launch/joystick.launch.py
[2.162s] -- Installing: /home/luqseee/robot_ws/install/my_bot/share/my_bot/launch/launch_sim.launch.py
[2.162s] -- Installing: /home/luqseee/robot_ws/install/my_bot/share/my_bot/launch/rsp.launch.py
[2.162s] -- Installing: /home/luqseee/robot_ws/install/my_bot/share/my_bot/worlds
[2.162s] -- Installing: /home/luqseee/robot_ws/install/my_bot/share/my_bot/worlds/empty.world
[2.162s] -- Installing: /home/luqseee/robot_ws/install/my_bot/share/my_bot/worlds/obstacles.world
[2.162s] -- Installing: /home/luqseee/robot_ws/install/my_bot/share/ament_index/resource_index/package_run_dependencies/my_bot
[2.162s] -- Installing: /home/luqseee/robot_ws/install/my_bot/share/ament_index/resource_index/parent_prefix_path/my_bot
[2.163s] -- Installing: /home/luqseee/robot_ws/install/my_bot/share/my_bot/environment/ament_prefix_path.sh
[2.163s] -- Installing: /home/luqseee/robot_ws/install/my_bot/share/my_bot/environment/ament_prefix_path.dsv
[2.163s] -- Installing: /home/luqseee/robot_ws/install/my_bot/share/my_bot/environment/path.sh
[2.164s] -- Installing: /home/luqseee/robot_ws/install/my_bot/share/my_bot/environment/path.dsv
[2.165s] -- Installing: /home/luqseee/robot_ws/install/my_bot/share/my_bot/local_setup.bash
[2.165s] -- Installing: /home/luqseee/robot_ws/install/my_bot/share/my_bot/local_setup.sh
[2.168s] -- Installing: /home/luqseee/robot_ws/install/my_bot/share/my_bot/local_setup.zsh
[2.169s] -- Installing: /home/luqseee/robot_ws/install/my_bot/share/my_bot/local_setup.dsv
[2.169s] -- Installing: /home/luqseee/robot_ws/install/my_bot/share/my_bot/package.dsv
[2.169s] -- Installing: /home/luqseee/robot_ws/install/my_bot/share/ament_index/resource_index/packages/my_bot
[2.169s] -- Installing: /home/luqseee/robot_ws/install/my_bot/share/my_bot/cmake/my_botConfig.cmake
[2.169s] -- Installing: /home/luqseee/robot_ws/install/my_bot/share/my_bot/cmake/my_botConfig-version.cmake
[2.170s] -- Installing: /home/luqseee/robot_ws/install/my_bot/share/my_bot/package.xml
[2.170s] Invoked command in '/home/luqseee/robot_ws/build/my_bot' returned '0': CMAKE_PREFIX_PATH=${CMAKE_PREFIX_PATH}:/opt/ros/jazzy DEBUGINFOD_URLS=https://debuginfod.ubuntu.com /usr/bin/cmake --install /home/luqseee/robot_ws/build/my_bot
