[0.029s] Invoking command in '/home/luqseee/robot_ws/build/camera_ros': CMAKE_PREFIX_PATH=${CMAKE_PREFIX_PATH}:/opt/ros/jazzy DEBUGINFOD_URLS=https://debuginfod.ubuntu.com /usr/bin/cmake --build /home/luqseee/robot_ws/build/camera_ros -- -j4 -l4
[0.232s] [  7%] [32mBuilding CXX object CMakeFiles/utils.dir/src/format_mapping.cpp.o[0m
[0.241s] [ 15%] [32mBuilding CXX object CMakeFiles/utils.dir/src/pretty_print.cpp.o[0m
[0.270s] [ 23%] [32mBuilding CXX object CMakeFiles/param.dir/src/clamp.cpp.o[0m
[0.279s] [ 38%] Built target camera_node
[0.326s] [ 46%] [32mBuilding CXX object CMakeFiles/param.dir/src/cv_to_pv.cpp.o[0m
[0.327s] In file included from [01m[K/home/luqseee/robot_ws/src/camera_ros/src/clamp.cpp:1[m[K:
[0.327s] [01m[K/home/luqseee/robot_ws/src/camera_ros/src/exceptions.hpp:2:10:[m[K [01;31m[Kfatal error: [m[Klibcamera/controls.h: No such file or directory
[0.327s]     2 | #include [01;31m[K<libcamera/controls.h>[m[K
[0.327s]       |          [01;31m[K^~~~~~~~~~~~~~~~~~~~~~[m[K
[0.327s] compilation terminated.
[0.330s] gmake[2]: *** [CMakeFiles/param.dir/build.make:76: CMakeFiles/param.dir/src/clamp.cpp.o] Error 1
[0.331s] gmake[2]: *** Waiting for unfinished jobs....
[0.375s] In file included from [01m[K/home/luqseee/robot_ws/src/camera_ros/src/cv_to_pv.hpp:2[m[K,
[0.375s]                  from [01m[K/home/luqseee/robot_ws/src/camera_ros/src/cv_to_pv.cpp:1[m[K:
[0.375s] [01m[K/home/luqseee/robot_ws/src/camera_ros/src/exceptions.hpp:2:10:[m[K [01;31m[Kfatal error: [m[Klibcamera/controls.h: No such file or directory
[0.376s]     2 | #include [01;31m[K<libcamera/controls.h>[m[K
[0.377s]       |          [01;31m[K^~~~~~~~~~~~~~~~~~~~~~[m[K
[0.377s] compilation terminated.
[0.387s] gmake[2]: *** [CMakeFiles/param.dir/build.make:90: CMakeFiles/param.dir/src/cv_to_pv.cpp.o] Error 1
[0.388s] gmake[1]: *** [CMakeFiles/Makefile2:169: CMakeFiles/param.dir/all] Error 2
[0.388s] gmake[1]: *** Waiting for unfinished jobs....
[0.401s] In file included from [01m[K/home/luqseee/robot_ws/src/camera_ros/src/format_mapping.cpp:2[m[K:
[0.402s] [01m[K/home/luqseee/robot_ws/src/camera_ros/src/libcamera_version_utils.hpp:2:10:[m[K [01;31m[Kfatal error: [m[Klibcamera/version.h: No such file or directory
[0.402s]     2 | #include [01;31m[K<libcamera/version.h>[m[K
[0.402s]       |          [01;31m[K^~~~~~~~~~~~~~~~~~~~~[m[K
[0.402s] compilation terminated.
[0.408s] gmake[2]: *** [CMakeFiles/utils.dir/build.make:76: CMakeFiles/utils.dir/src/format_mapping.cpp.o] Error 1
[0.408s] gmake[2]: *** Waiting for unfinished jobs....
[0.423s] [01m[K/home/luqseee/robot_ws/src/camera_ros/src/pretty_print.cpp:3:10:[m[K [01;31m[Kfatal error: [m[Klibcamera/camera.h: No such file or directory
[0.423s]     3 | #include [01;31m[K<libcamera/camera.h>[m[K
[0.424s]       |          [01;31m[K^~~~~~~~~~~~~~~~~~~~[m[K
[0.425s] compilation terminated.
[0.435s] gmake[2]: *** [CMakeFiles/utils.dir/build.make:90: CMakeFiles/utils.dir/src/pretty_print.cpp.o] Error 1
[0.436s] gmake[1]: *** [CMakeFiles/Makefile2:143: CMakeFiles/utils.dir/all] Error 2
[0.436s] gmake: *** [Makefile:146: all] Error 2
[0.442s] Invoked command in '/home/luqseee/robot_ws/build/camera_ros' returned '2': CMAKE_PREFIX_PATH=${CMAKE_PREFIX_PATH}:/opt/ros/jazzy DEBUGINFOD_URLS=https://debuginfod.ubuntu.com /usr/bin/cmake --build /home/luqseee/robot_ws/build/camera_ros -- -j4 -l4
