[0.319s] DEBUG:colcon:Command line arguments: ['/usr/bin/colcon', 'build', '--symlink-install']
[0.319s] DEBUG:colcon:Parsed command line arguments: Namespace(log_base=None, log_level=None, verb_name='build', build_base='build', install_base='install', merge_install=False, symlink_install=True, test_result_base=None, continue_on_error=False, executor='parallel', parallel_workers=4, event_handlers=None, ignore_user_meta=False, metas=['./colcon.meta'], base_paths=['.'], packages_ignore=None, packages_ignore_regex=None, paths=None, packages_up_to=None, packages_up_to_regex=None, packages_above=None, packages_above_and_dependencies=None, packages_above_depth=None, packages_select_by_dep=None, packages_skip_by_dep=None, packages_skip_up_to=None, packages_select_build_failed=False, packages_skip_build_finished=False, packages_select_test_failures=False, packages_skip_test_passed=False, packages_select=None, packages_skip=None, packages_select_regex=None, packages_skip_regex=None, packages_start=None, packages_end=None, allow_overriding=[], cmake_args=None, cmake_target=None, cmake_target_skip_unavailable=False, cmake_clean_cache=False, cmake_clean_first=False, cmake_force_configure=False, meson_args=[], ament_cmake_args=None, catkin_cmake_args=None, catkin_skip_building_tests=False, mixin_files=None, mixin=None, verb_parser=<colcon_mixin.mixin.mixin_argument.MixinArgumentDecorator object at 0xffff81f78b90>, verb_extension=<colcon_core.verb.build.BuildVerb object at 0xffff82129220>, main=<bound method BuildVerb.main of <colcon_core.verb.build.BuildVerb object at 0xffff82129220>>, mixin_verb=('build',))
[0.379s] Level 1:colcon.colcon_core.package_discovery:discover_packages(colcon_meta) check parameters
[0.379s] Level 1:colcon.colcon_core.package_discovery:discover_packages(recursive) check parameters
[0.379s] Level 1:colcon.colcon_core.package_discovery:discover_packages(ignore) check parameters
[0.379s] Level 1:colcon.colcon_core.package_discovery:discover_packages(path) check parameters
[0.379s] Level 1:colcon.colcon_core.package_discovery:discover_packages(colcon_meta) discover
[0.379s] Level 1:colcon.colcon_core.package_discovery:discover_packages(recursive) discover
[0.380s] INFO:colcon.colcon_core.package_discovery:Crawling recursively for packages in '/home/luqseee/robot_ws'
[0.380s] Level 1:colcon.colcon_core.package_identification:_identify(.) by extensions ['ignore', 'ignore_ament_install']
[0.380s] Level 1:colcon.colcon_core.package_identification:_identify(.) by extension 'ignore'
[0.380s] Level 1:colcon.colcon_core.package_identification:_identify(.) by extension 'ignore_ament_install'
[0.380s] Level 1:colcon.colcon_core.package_identification:_identify(.) by extensions ['colcon_pkg']
[0.380s] Level 1:colcon.colcon_core.package_identification:_identify(.) by extension 'colcon_pkg'
[0.380s] Level 1:colcon.colcon_core.package_identification:_identify(.) by extensions ['colcon_meta']
[0.380s] Level 1:colcon.colcon_core.package_identification:_identify(.) by extension 'colcon_meta'
[0.380s] Level 1:colcon.colcon_core.package_identification:_identify(.) by extensions ['ros']
[0.380s] Level 1:colcon.colcon_core.package_identification:_identify(.) by extension 'ros'
[0.447s] Level 1:colcon.colcon_core.package_identification:_identify(.) by extensions ['cmake', 'meson', 'python']
[0.447s] Level 1:colcon.colcon_core.package_identification:_identify(.) by extension 'cmake'
[0.447s] Level 1:colcon.colcon_core.package_identification:_identify(.) by extension 'meson'
[0.449s] Level 1:colcon.colcon_core.package_identification:_identify(.) by extension 'python'
[0.449s] Level 1:colcon.colcon_core.package_identification:_identify(.) by extensions ['python_setup_py']
[0.449s] Level 1:colcon.colcon_core.package_identification:_identify(.) by extension 'python_setup_py'
[0.450s] Level 1:colcon.colcon_core.package_identification:_identify(build) by extensions ['ignore', 'ignore_ament_install']
[0.450s] Level 1:colcon.colcon_core.package_identification:_identify(build) by extension 'ignore'
[0.450s] Level 1:colcon.colcon_core.package_identification:_identify(build) ignored
[0.450s] Level 1:colcon.colcon_core.package_identification:_identify(install) by extensions ['ignore', 'ignore_ament_install']
[0.450s] Level 1:colcon.colcon_core.package_identification:_identify(install) by extension 'ignore'
[0.450s] Level 1:colcon.colcon_core.package_identification:_identify(install) ignored
[0.450s] Level 1:colcon.colcon_core.package_identification:_identify(log) by extensions ['ignore', 'ignore_ament_install']
[0.450s] Level 1:colcon.colcon_core.package_identification:_identify(log) by extension 'ignore'
[0.450s] Level 1:colcon.colcon_core.package_identification:_identify(log) ignored
[0.451s] Level 1:colcon.colcon_core.package_identification:_identify(src) by extensions ['ignore', 'ignore_ament_install']
[0.451s] Level 1:colcon.colcon_core.package_identification:_identify(src) by extension 'ignore'
[0.451s] Level 1:colcon.colcon_core.package_identification:_identify(src) by extension 'ignore_ament_install'
[0.451s] Level 1:colcon.colcon_core.package_identification:_identify(src) by extensions ['colcon_pkg']
[0.451s] Level 1:colcon.colcon_core.package_identification:_identify(src) by extension 'colcon_pkg'
[0.451s] Level 1:colcon.colcon_core.package_identification:_identify(src) by extensions ['colcon_meta']
[0.451s] Level 1:colcon.colcon_core.package_identification:_identify(src) by extension 'colcon_meta'
[0.451s] Level 1:colcon.colcon_core.package_identification:_identify(src) by extensions ['ros']
[0.451s] Level 1:colcon.colcon_core.package_identification:_identify(src) by extension 'ros'
[0.451s] Level 1:colcon.colcon_core.package_identification:_identify(src) by extensions ['cmake', 'meson', 'python']
[0.451s] Level 1:colcon.colcon_core.package_identification:_identify(src) by extension 'cmake'
[0.451s] Level 1:colcon.colcon_core.package_identification:_identify(src) by extension 'meson'
[0.452s] Level 1:colcon.colcon_core.package_identification:_identify(src) by extension 'python'
[0.452s] Level 1:colcon.colcon_core.package_identification:_identify(src) by extensions ['python_setup_py']
[0.453s] Level 1:colcon.colcon_core.package_identification:_identify(src) by extension 'python_setup_py'
[0.453s] Level 1:colcon.colcon_core.package_identification:_identify(src/build) by extensions ['ignore', 'ignore_ament_install']
[0.453s] Level 1:colcon.colcon_core.package_identification:_identify(src/build) by extension 'ignore'
[0.453s] Level 1:colcon.colcon_core.package_identification:_identify(src/build) ignored
[0.453s] Level 1:colcon.colcon_core.package_identification:_identify(src/hoverboard_ros2_control) by extensions ['ignore', 'ignore_ament_install']
[0.453s] Level 1:colcon.colcon_core.package_identification:_identify(src/hoverboard_ros2_control) by extension 'ignore'
[0.453s] Level 1:colcon.colcon_core.package_identification:_identify(src/hoverboard_ros2_control) by extension 'ignore_ament_install'
[0.453s] Level 1:colcon.colcon_core.package_identification:_identify(src/hoverboard_ros2_control) by extensions ['colcon_pkg']
[0.453s] Level 1:colcon.colcon_core.package_identification:_identify(src/hoverboard_ros2_control) by extension 'colcon_pkg'
[0.453s] Level 1:colcon.colcon_core.package_identification:_identify(src/hoverboard_ros2_control) by extensions ['colcon_meta']
[0.453s] Level 1:colcon.colcon_core.package_identification:_identify(src/hoverboard_ros2_control) by extension 'colcon_meta'
[0.453s] Level 1:colcon.colcon_core.package_identification:_identify(src/hoverboard_ros2_control) by extensions ['ros']
[0.453s] Level 1:colcon.colcon_core.package_identification:_identify(src/hoverboard_ros2_control) by extension 'ros'
[0.453s] Level 1:colcon.colcon_core.package_identification:_identify(src/hoverboard_ros2_control) by extensions ['cmake', 'meson', 'python']
[0.453s] Level 1:colcon.colcon_core.package_identification:_identify(src/hoverboard_ros2_control) by extension 'cmake'
[0.453s] Level 1:colcon.colcon_core.package_identification:_identify(src/hoverboard_ros2_control) by extension 'meson'
[0.455s] Level 1:colcon.colcon_core.package_identification:_identify(src/hoverboard_ros2_control) by extension 'python'
[0.455s] Level 1:colcon.colcon_core.package_identification:_identify(src/hoverboard_ros2_control) by extensions ['python_setup_py']
[0.455s] Level 1:colcon.colcon_core.package_identification:_identify(src/hoverboard_ros2_control) by extension 'python_setup_py'
[0.455s] Level 1:colcon.colcon_core.package_identification:_identify(src/hoverboard_ros2_control/hoverboard_demo_bringup) by extensions ['ignore', 'ignore_ament_install']
[0.455s] Level 1:colcon.colcon_core.package_identification:_identify(src/hoverboard_ros2_control/hoverboard_demo_bringup) by extension 'ignore'
[0.455s] Level 1:colcon.colcon_core.package_identification:_identify(src/hoverboard_ros2_control/hoverboard_demo_bringup) by extension 'ignore_ament_install'
[0.455s] Level 1:colcon.colcon_core.package_identification:_identify(src/hoverboard_ros2_control/hoverboard_demo_bringup) by extensions ['colcon_pkg']
[0.455s] Level 1:colcon.colcon_core.package_identification:_identify(src/hoverboard_ros2_control/hoverboard_demo_bringup) by extension 'colcon_pkg'
[0.455s] Level 1:colcon.colcon_core.package_identification:_identify(src/hoverboard_ros2_control/hoverboard_demo_bringup) by extensions ['colcon_meta']
[0.455s] Level 1:colcon.colcon_core.package_identification:_identify(src/hoverboard_ros2_control/hoverboard_demo_bringup) by extension 'colcon_meta'
[0.455s] Level 1:colcon.colcon_core.package_identification:_identify(src/hoverboard_ros2_control/hoverboard_demo_bringup) by extensions ['ros']
[0.455s] Level 1:colcon.colcon_core.package_identification:_identify(src/hoverboard_ros2_control/hoverboard_demo_bringup) by extension 'ros'
[0.459s] DEBUG:colcon.colcon_core.package_identification:Package 'src/hoverboard_ros2_control/hoverboard_demo_bringup' with type 'ros.ament_cmake' and name 'hoverboard_demo_bringup'
[0.459s] Level 1:colcon.colcon_core.package_identification:_identify(src/hoverboard_ros2_control/hoverboard_demo_description) by extensions ['ignore', 'ignore_ament_install']
[0.459s] Level 1:colcon.colcon_core.package_identification:_identify(src/hoverboard_ros2_control/hoverboard_demo_description) by extension 'ignore'
[0.459s] Level 1:colcon.colcon_core.package_identification:_identify(src/hoverboard_ros2_control/hoverboard_demo_description) by extension 'ignore_ament_install'
[0.459s] Level 1:colcon.colcon_core.package_identification:_identify(src/hoverboard_ros2_control/hoverboard_demo_description) by extensions ['colcon_pkg']
[0.459s] Level 1:colcon.colcon_core.package_identification:_identify(src/hoverboard_ros2_control/hoverboard_demo_description) by extension 'colcon_pkg'
[0.459s] Level 1:colcon.colcon_core.package_identification:_identify(src/hoverboard_ros2_control/hoverboard_demo_description) by extensions ['colcon_meta']
[0.459s] Level 1:colcon.colcon_core.package_identification:_identify(src/hoverboard_ros2_control/hoverboard_demo_description) by extension 'colcon_meta'
[0.459s] Level 1:colcon.colcon_core.package_identification:_identify(src/hoverboard_ros2_control/hoverboard_demo_description) by extensions ['ros']
[0.459s] Level 1:colcon.colcon_core.package_identification:_identify(src/hoverboard_ros2_control/hoverboard_demo_description) by extension 'ros'
[0.460s] DEBUG:colcon.colcon_core.package_identification:Package 'src/hoverboard_ros2_control/hoverboard_demo_description' with type 'ros.ament_cmake' and name 'hoverboard_demo_description'
[0.460s] Level 1:colcon.colcon_core.package_identification:_identify(src/hoverboard_ros2_control/hoverboard_hardware_interface) by extensions ['ignore', 'ignore_ament_install']
[0.460s] Level 1:colcon.colcon_core.package_identification:_identify(src/hoverboard_ros2_control/hoverboard_hardware_interface) by extension 'ignore'
[0.460s] Level 1:colcon.colcon_core.package_identification:_identify(src/hoverboard_ros2_control/hoverboard_hardware_interface) by extension 'ignore_ament_install'
[0.460s] Level 1:colcon.colcon_core.package_identification:_identify(src/hoverboard_ros2_control/hoverboard_hardware_interface) by extensions ['colcon_pkg']
[0.460s] Level 1:colcon.colcon_core.package_identification:_identify(src/hoverboard_ros2_control/hoverboard_hardware_interface) by extension 'colcon_pkg'
[0.460s] Level 1:colcon.colcon_core.package_identification:_identify(src/hoverboard_ros2_control/hoverboard_hardware_interface) by extensions ['colcon_meta']
[0.460s] Level 1:colcon.colcon_core.package_identification:_identify(src/hoverboard_ros2_control/hoverboard_hardware_interface) by extension 'colcon_meta'
[0.460s] Level 1:colcon.colcon_core.package_identification:_identify(src/hoverboard_ros2_control/hoverboard_hardware_interface) by extensions ['ros']
[0.460s] Level 1:colcon.colcon_core.package_identification:_identify(src/hoverboard_ros2_control/hoverboard_hardware_interface) by extension 'ros'
[0.461s] DEBUG:colcon.colcon_core.package_identification:Package 'src/hoverboard_ros2_control/hoverboard_hardware_interface' with type 'ros.ament_cmake' and name 'hoverboard_hardware_interface'
[0.461s] Level 1:colcon.colcon_core.package_identification:_identify(src/hoverboard_ros2_control/hoverboard_ros2_control) by extensions ['ignore', 'ignore_ament_install']
[0.461s] Level 1:colcon.colcon_core.package_identification:_identify(src/hoverboard_ros2_control/hoverboard_ros2_control) by extension 'ignore'
[0.461s] Level 1:colcon.colcon_core.package_identification:_identify(src/hoverboard_ros2_control/hoverboard_ros2_control) by extension 'ignore_ament_install'
[0.461s] Level 1:colcon.colcon_core.package_identification:_identify(src/hoverboard_ros2_control/hoverboard_ros2_control) by extensions ['colcon_pkg']
[0.461s] Level 1:colcon.colcon_core.package_identification:_identify(src/hoverboard_ros2_control/hoverboard_ros2_control) by extension 'colcon_pkg'
[0.461s] Level 1:colcon.colcon_core.package_identification:_identify(src/hoverboard_ros2_control/hoverboard_ros2_control) by extensions ['colcon_meta']
[0.462s] Level 1:colcon.colcon_core.package_identification:_identify(src/hoverboard_ros2_control/hoverboard_ros2_control) by extension 'colcon_meta'
[0.462s] Level 1:colcon.colcon_core.package_identification:_identify(src/hoverboard_ros2_control/hoverboard_ros2_control) by extensions ['ros']
[0.462s] Level 1:colcon.colcon_core.package_identification:_identify(src/hoverboard_ros2_control/hoverboard_ros2_control) by extension 'ros'
[0.462s] DEBUG:colcon.colcon_core.package_identification:Package 'src/hoverboard_ros2_control/hoverboard_ros2_control' with type 'ros.ament_cmake' and name 'hoverboard_ros2_control'
[0.462s] Level 1:colcon.colcon_core.package_identification:_identify(src/install) by extensions ['ignore', 'ignore_ament_install']
[0.462s] Level 1:colcon.colcon_core.package_identification:_identify(src/install) by extension 'ignore'
[0.462s] Level 1:colcon.colcon_core.package_identification:_identify(src/install) ignored
[0.462s] Level 1:colcon.colcon_core.package_identification:_identify(src/log) by extensions ['ignore', 'ignore_ament_install']
[0.463s] Level 1:colcon.colcon_core.package_identification:_identify(src/log) by extension 'ignore'
[0.463s] Level 1:colcon.colcon_core.package_identification:_identify(src/log) ignored
[0.463s] Level 1:colcon.colcon_core.package_identification:_identify(src/my_bot) by extensions ['ignore', 'ignore_ament_install']
[0.463s] Level 1:colcon.colcon_core.package_identification:_identify(src/my_bot) by extension 'ignore'
[0.463s] Level 1:colcon.colcon_core.package_identification:_identify(src/my_bot) by extension 'ignore_ament_install'
[0.463s] Level 1:colcon.colcon_core.package_identification:_identify(src/my_bot) by extensions ['colcon_pkg']
[0.463s] Level 1:colcon.colcon_core.package_identification:_identify(src/my_bot) by extension 'colcon_pkg'
[0.463s] Level 1:colcon.colcon_core.package_identification:_identify(src/my_bot) by extensions ['colcon_meta']
[0.463s] Level 1:colcon.colcon_core.package_identification:_identify(src/my_bot) by extension 'colcon_meta'
[0.463s] Level 1:colcon.colcon_core.package_identification:_identify(src/my_bot) by extensions ['ros']
[0.463s] Level 1:colcon.colcon_core.package_identification:_identify(src/my_bot) by extension 'ros'
[0.464s] DEBUG:colcon.colcon_core.package_identification:Package 'src/my_bot' with type 'ros.ament_cmake' and name 'my_bot'
[0.464s] Level 1:colcon.colcon_core.package_identification:_identify(src/sllidar_ros2) by extensions ['ignore', 'ignore_ament_install']
[0.464s] Level 1:colcon.colcon_core.package_identification:_identify(src/sllidar_ros2) by extension 'ignore'
[0.464s] Level 1:colcon.colcon_core.package_identification:_identify(src/sllidar_ros2) by extension 'ignore_ament_install'
[0.464s] Level 1:colcon.colcon_core.package_identification:_identify(src/sllidar_ros2) by extensions ['colcon_pkg']
[0.464s] Level 1:colcon.colcon_core.package_identification:_identify(src/sllidar_ros2) by extension 'colcon_pkg'
[0.464s] Level 1:colcon.colcon_core.package_identification:_identify(src/sllidar_ros2) by extensions ['colcon_meta']
[0.464s] Level 1:colcon.colcon_core.package_identification:_identify(src/sllidar_ros2) by extension 'colcon_meta'
[0.464s] Level 1:colcon.colcon_core.package_identification:_identify(src/sllidar_ros2) by extensions ['ros']
[0.464s] Level 1:colcon.colcon_core.package_identification:_identify(src/sllidar_ros2) by extension 'ros'
[0.465s] DEBUG:colcon.colcon_core.package_identification:Package 'src/sllidar_ros2' with type 'ros.ament_cmake' and name 'sllidar_ros2'
[0.465s] Level 1:colcon.colcon_core.package_discovery:discover_packages(recursive) using defaults
[0.465s] Level 1:colcon.colcon_core.package_discovery:discover_packages(ignore) discover
[0.465s] Level 1:colcon.colcon_core.package_discovery:discover_packages(ignore) using defaults
[0.465s] Level 1:colcon.colcon_core.package_discovery:discover_packages(path) discover
[0.465s] Level 1:colcon.colcon_core.package_discovery:discover_packages(path) using defaults
[0.485s] Level 1:colcon.colcon_core.package_discovery:discover_packages(prefix_path) check parameters
[0.485s] Level 1:colcon.colcon_core.package_discovery:discover_packages(prefix_path) discover
[0.486s] WARNING:colcon.colcon_core.prefix_path.colcon:The path '/home/luqseee/robot_ws/src/my_bot/install' in the environment variable COLCON_PREFIX_PATH doesn't exist
[0.486s] WARNING:colcon.colcon_ros.prefix_path.ament:The path '/home/luqseee/robot_ws/install/hoverboard_ros2_control' in the environment variable AMENT_PREFIX_PATH doesn't exist
[0.486s] WARNING:colcon.colcon_ros.prefix_path.ament:The path '/home/luqseee/robot_ws/install/hoverboard_hardware_interface' in the environment variable AMENT_PREFIX_PATH doesn't exist
[0.487s] WARNING:colcon.colcon_ros.prefix_path.ament:The path '/home/luqseee/robot_ws/install/hoverboard_demo_bringup' in the environment variable AMENT_PREFIX_PATH doesn't exist
[0.487s] WARNING:colcon.colcon_ros.prefix_path.ament:The path '/home/luqseee/robot_ws/install/hoverboard_demo_description' in the environment variable AMENT_PREFIX_PATH doesn't exist
[0.487s] WARNING:colcon.colcon_ros.prefix_path.ament:The path '/home/luqseee/robot_ws/install/sllidar_ros2' in the environment variable AMENT_PREFIX_PATH doesn't exist
[0.487s] WARNING:colcon.colcon_ros.prefix_path.ament:The path '/home/luqseee/robot_ws/install/my_bot' in the environment variable AMENT_PREFIX_PATH doesn't exist
[0.487s] WARNING:colcon.colcon_ros.prefix_path.ament:The path '/home/luqseee/robot_ws/install/camera_ros' in the environment variable AMENT_PREFIX_PATH doesn't exist
[0.487s] WARNING:colcon.colcon_ros.prefix_path.catkin:The path '/home/luqseee/robot_ws/src/my_bot/install/my_bot' in the environment variable CMAKE_PREFIX_PATH doesn't exist
[0.487s] WARNING:colcon.colcon_ros.prefix_path.catkin:The path '/home/luqseee/robot_ws/install/hoverboard_ros2_control' in the environment variable CMAKE_PREFIX_PATH doesn't exist
[0.487s] WARNING:colcon.colcon_ros.prefix_path.catkin:The path '/home/luqseee/robot_ws/install/hoverboard_hardware_interface' in the environment variable CMAKE_PREFIX_PATH doesn't exist
[0.487s] WARNING:colcon.colcon_ros.prefix_path.catkin:The path '/home/luqseee/robot_ws/install/hoverboard_demo_bringup' in the environment variable CMAKE_PREFIX_PATH doesn't exist
[0.487s] WARNING:colcon.colcon_ros.prefix_path.catkin:The path '/home/luqseee/robot_ws/install/hoverboard_demo_description' in the environment variable CMAKE_PREFIX_PATH doesn't exist
[0.487s] WARNING:colcon.colcon_ros.prefix_path.catkin:The path '/home/luqseee/robot_ws/install/sllidar_ros2' in the environment variable CMAKE_PREFIX_PATH doesn't exist
[0.487s] WARNING:colcon.colcon_ros.prefix_path.catkin:The path '/home/luqseee/robot_ws/install/my_bot' in the environment variable CMAKE_PREFIX_PATH doesn't exist
[0.487s] WARNING:colcon.colcon_ros.prefix_path.catkin:The path '/home/luqseee/robot_ws/install/camera_ros' in the environment variable CMAKE_PREFIX_PATH doesn't exist
[0.488s] DEBUG:colcon.colcon_installed_package_information.package_discovery:Found 0 installed packages in /home/luqseee/robot_ws/install
[0.491s] DEBUG:colcon.colcon_installed_package_information.package_discovery:Found 361 installed packages in /opt/ros/jazzy
[0.493s] Level 1:colcon.colcon_core.package_discovery:discover_packages(prefix_path) using defaults
[0.578s] Level 5:colcon.colcon_core.verb:set package 'hoverboard_demo_description' build argument 'cmake_args' from command line to 'None'
[0.578s] Level 5:colcon.colcon_core.verb:set package 'hoverboard_demo_description' build argument 'cmake_target' from command line to 'None'
[0.578s] Level 5:colcon.colcon_core.verb:set package 'hoverboard_demo_description' build argument 'cmake_target_skip_unavailable' from command line to 'False'
[0.578s] Level 5:colcon.colcon_core.verb:set package 'hoverboard_demo_description' build argument 'cmake_clean_cache' from command line to 'False'
[0.578s] Level 5:colcon.colcon_core.verb:set package 'hoverboard_demo_description' build argument 'cmake_clean_first' from command line to 'False'
[0.578s] Level 5:colcon.colcon_core.verb:set package 'hoverboard_demo_description' build argument 'cmake_force_configure' from command line to 'False'
[0.578s] Level 5:colcon.colcon_core.verb:set package 'hoverboard_demo_description' build argument 'meson_args' from command line to '[]'
[0.578s] Level 5:colcon.colcon_core.verb:set package 'hoverboard_demo_description' build argument 'ament_cmake_args' from command line to 'None'
[0.578s] Level 5:colcon.colcon_core.verb:set package 'hoverboard_demo_description' build argument 'catkin_cmake_args' from command line to 'None'
[0.578s] Level 5:colcon.colcon_core.verb:set package 'hoverboard_demo_description' build argument 'catkin_skip_building_tests' from command line to 'False'
[0.578s] DEBUG:colcon.colcon_core.verb:Building package 'hoverboard_demo_description' with the following arguments: {'ament_cmake_args': None, 'build_base': '/home/luqseee/robot_ws/build/hoverboard_demo_description', 'catkin_cmake_args': None, 'catkin_skip_building_tests': False, 'cmake_args': None, 'cmake_clean_cache': False, 'cmake_clean_first': False, 'cmake_force_configure': False, 'cmake_target': None, 'cmake_target_skip_unavailable': False, 'install_base': '/home/luqseee/robot_ws/install/hoverboard_demo_description', 'merge_install': False, 'meson_args': [], 'path': '/home/luqseee/robot_ws/src/hoverboard_ros2_control/hoverboard_demo_description', 'symlink_install': True, 'test_result_base': None}
[0.591s] Level 5:colcon.colcon_core.verb:set package 'hoverboard_hardware_interface' build argument 'cmake_args' from command line to 'None'
[0.591s] Level 5:colcon.colcon_core.verb:set package 'hoverboard_hardware_interface' build argument 'cmake_target' from command line to 'None'
[0.591s] Level 5:colcon.colcon_core.verb:set package 'hoverboard_hardware_interface' build argument 'cmake_target_skip_unavailable' from command line to 'False'
[0.591s] Level 5:colcon.colcon_core.verb:set package 'hoverboard_hardware_interface' build argument 'cmake_clean_cache' from command line to 'False'
[0.592s] Level 5:colcon.colcon_core.verb:set package 'hoverboard_hardware_interface' build argument 'cmake_clean_first' from command line to 'False'
[0.592s] Level 5:colcon.colcon_core.verb:set package 'hoverboard_hardware_interface' build argument 'cmake_force_configure' from command line to 'False'
[0.592s] Level 5:colcon.colcon_core.verb:set package 'hoverboard_hardware_interface' build argument 'meson_args' from command line to '[]'
[0.592s] Level 5:colcon.colcon_core.verb:set package 'hoverboard_hardware_interface' build argument 'ament_cmake_args' from command line to 'None'
[0.592s] Level 5:colcon.colcon_core.verb:set package 'hoverboard_hardware_interface' build argument 'catkin_cmake_args' from command line to 'None'
[0.592s] Level 5:colcon.colcon_core.verb:set package 'hoverboard_hardware_interface' build argument 'catkin_skip_building_tests' from command line to 'False'
[0.592s] DEBUG:colcon.colcon_core.verb:Building package 'hoverboard_hardware_interface' with the following arguments: {'ament_cmake_args': None, 'build_base': '/home/luqseee/robot_ws/build/hoverboard_hardware_interface', 'catkin_cmake_args': None, 'catkin_skip_building_tests': False, 'cmake_args': None, 'cmake_clean_cache': False, 'cmake_clean_first': False, 'cmake_force_configure': False, 'cmake_target': None, 'cmake_target_skip_unavailable': False, 'install_base': '/home/luqseee/robot_ws/install/hoverboard_hardware_interface', 'merge_install': False, 'meson_args': [], 'path': '/home/luqseee/robot_ws/src/hoverboard_ros2_control/hoverboard_hardware_interface', 'symlink_install': True, 'test_result_base': None}
[0.605s] Level 5:colcon.colcon_core.verb:set package 'hoverboard_ros2_control' build argument 'cmake_args' from command line to 'None'
[0.605s] Level 5:colcon.colcon_core.verb:set package 'hoverboard_ros2_control' build argument 'cmake_target' from command line to 'None'
[0.605s] Level 5:colcon.colcon_core.verb:set package 'hoverboard_ros2_control' build argument 'cmake_target_skip_unavailable' from command line to 'False'
[0.605s] Level 5:colcon.colcon_core.verb:set package 'hoverboard_ros2_control' build argument 'cmake_clean_cache' from command line to 'False'
[0.605s] Level 5:colcon.colcon_core.verb:set package 'hoverboard_ros2_control' build argument 'cmake_clean_first' from command line to 'False'
[0.605s] Level 5:colcon.colcon_core.verb:set package 'hoverboard_ros2_control' build argument 'cmake_force_configure' from command line to 'False'
[0.605s] Level 5:colcon.colcon_core.verb:set package 'hoverboard_ros2_control' build argument 'meson_args' from command line to '[]'
[0.605s] Level 5:colcon.colcon_core.verb:set package 'hoverboard_ros2_control' build argument 'ament_cmake_args' from command line to 'None'
[0.605s] Level 5:colcon.colcon_core.verb:set package 'hoverboard_ros2_control' build argument 'catkin_cmake_args' from command line to 'None'
[0.605s] Level 5:colcon.colcon_core.verb:set package 'hoverboard_ros2_control' build argument 'catkin_skip_building_tests' from command line to 'False'
[0.605s] DEBUG:colcon.colcon_core.verb:Building package 'hoverboard_ros2_control' with the following arguments: {'ament_cmake_args': None, 'build_base': '/home/luqseee/robot_ws/build/hoverboard_ros2_control', 'catkin_cmake_args': None, 'catkin_skip_building_tests': False, 'cmake_args': None, 'cmake_clean_cache': False, 'cmake_clean_first': False, 'cmake_force_configure': False, 'cmake_target': None, 'cmake_target_skip_unavailable': False, 'install_base': '/home/luqseee/robot_ws/install/hoverboard_ros2_control', 'merge_install': False, 'meson_args': [], 'path': '/home/luqseee/robot_ws/src/hoverboard_ros2_control/hoverboard_ros2_control', 'symlink_install': True, 'test_result_base': None}
[0.620s] Level 5:colcon.colcon_core.verb:set package 'my_bot' build argument 'cmake_args' from command line to 'None'
[0.620s] Level 5:colcon.colcon_core.verb:set package 'my_bot' build argument 'cmake_target' from command line to 'None'
[0.620s] Level 5:colcon.colcon_core.verb:set package 'my_bot' build argument 'cmake_target_skip_unavailable' from command line to 'False'
[0.620s] Level 5:colcon.colcon_core.verb:set package 'my_bot' build argument 'cmake_clean_cache' from command line to 'False'
[0.620s] Level 5:colcon.colcon_core.verb:set package 'my_bot' build argument 'cmake_clean_first' from command line to 'False'
[0.620s] Level 5:colcon.colcon_core.verb:set package 'my_bot' build argument 'cmake_force_configure' from command line to 'False'
[0.620s] Level 5:colcon.colcon_core.verb:set package 'my_bot' build argument 'meson_args' from command line to '[]'
[0.620s] Level 5:colcon.colcon_core.verb:set package 'my_bot' build argument 'ament_cmake_args' from command line to 'None'
[0.620s] Level 5:colcon.colcon_core.verb:set package 'my_bot' build argument 'catkin_cmake_args' from command line to 'None'
[0.620s] Level 5:colcon.colcon_core.verb:set package 'my_bot' build argument 'catkin_skip_building_tests' from command line to 'False'
[0.620s] DEBUG:colcon.colcon_core.verb:Building package 'my_bot' with the following arguments: {'ament_cmake_args': None, 'build_base': '/home/luqseee/robot_ws/build/my_bot', 'catkin_cmake_args': None, 'catkin_skip_building_tests': False, 'cmake_args': None, 'cmake_clean_cache': False, 'cmake_clean_first': False, 'cmake_force_configure': False, 'cmake_target': None, 'cmake_target_skip_unavailable': False, 'install_base': '/home/luqseee/robot_ws/install/my_bot', 'merge_install': False, 'meson_args': [], 'path': '/home/luqseee/robot_ws/src/my_bot', 'symlink_install': True, 'test_result_base': None}
[0.633s] Level 5:colcon.colcon_core.verb:set package 'sllidar_ros2' build argument 'cmake_args' from command line to 'None'
[0.633s] Level 5:colcon.colcon_core.verb:set package 'sllidar_ros2' build argument 'cmake_target' from command line to 'None'
[0.633s] Level 5:colcon.colcon_core.verb:set package 'sllidar_ros2' build argument 'cmake_target_skip_unavailable' from command line to 'False'
[0.633s] Level 5:colcon.colcon_core.verb:set package 'sllidar_ros2' build argument 'cmake_clean_cache' from command line to 'False'
[0.633s] Level 5:colcon.colcon_core.verb:set package 'sllidar_ros2' build argument 'cmake_clean_first' from command line to 'False'
[0.633s] Level 5:colcon.colcon_core.verb:set package 'sllidar_ros2' build argument 'cmake_force_configure' from command line to 'False'
[0.633s] Level 5:colcon.colcon_core.verb:set package 'sllidar_ros2' build argument 'meson_args' from command line to '[]'
[0.633s] Level 5:colcon.colcon_core.verb:set package 'sllidar_ros2' build argument 'ament_cmake_args' from command line to 'None'
[0.633s] Level 5:colcon.colcon_core.verb:set package 'sllidar_ros2' build argument 'catkin_cmake_args' from command line to 'None'
[0.633s] Level 5:colcon.colcon_core.verb:set package 'sllidar_ros2' build argument 'catkin_skip_building_tests' from command line to 'False'
[0.633s] DEBUG:colcon.colcon_core.verb:Building package 'sllidar_ros2' with the following arguments: {'ament_cmake_args': None, 'build_base': '/home/luqseee/robot_ws/build/sllidar_ros2', 'catkin_cmake_args': None, 'catkin_skip_building_tests': False, 'cmake_args': None, 'cmake_clean_cache': False, 'cmake_clean_first': False, 'cmake_force_configure': False, 'cmake_target': None, 'cmake_target_skip_unavailable': False, 'install_base': '/home/luqseee/robot_ws/install/sllidar_ros2', 'merge_install': False, 'meson_args': [], 'path': '/home/luqseee/robot_ws/src/sllidar_ros2', 'symlink_install': True, 'test_result_base': None}
[0.646s] Level 5:colcon.colcon_core.verb:set package 'hoverboard_demo_bringup' build argument 'cmake_args' from command line to 'None'
[0.646s] Level 5:colcon.colcon_core.verb:set package 'hoverboard_demo_bringup' build argument 'cmake_target' from command line to 'None'
[0.646s] Level 5:colcon.colcon_core.verb:set package 'hoverboard_demo_bringup' build argument 'cmake_target_skip_unavailable' from command line to 'False'
[0.646s] Level 5:colcon.colcon_core.verb:set package 'hoverboard_demo_bringup' build argument 'cmake_clean_cache' from command line to 'False'
[0.646s] Level 5:colcon.colcon_core.verb:set package 'hoverboard_demo_bringup' build argument 'cmake_clean_first' from command line to 'False'
[0.646s] Level 5:colcon.colcon_core.verb:set package 'hoverboard_demo_bringup' build argument 'cmake_force_configure' from command line to 'False'
[0.646s] Level 5:colcon.colcon_core.verb:set package 'hoverboard_demo_bringup' build argument 'meson_args' from command line to '[]'
[0.647s] Level 5:colcon.colcon_core.verb:set package 'hoverboard_demo_bringup' build argument 'ament_cmake_args' from command line to 'None'
[0.647s] Level 5:colcon.colcon_core.verb:set package 'hoverboard_demo_bringup' build argument 'catkin_cmake_args' from command line to 'None'
[0.647s] Level 5:colcon.colcon_core.verb:set package 'hoverboard_demo_bringup' build argument 'catkin_skip_building_tests' from command line to 'False'
[0.647s] DEBUG:colcon.colcon_core.verb:Building package 'hoverboard_demo_bringup' with the following arguments: {'ament_cmake_args': None, 'build_base': '/home/luqseee/robot_ws/build/hoverboard_demo_bringup', 'catkin_cmake_args': None, 'catkin_skip_building_tests': False, 'cmake_args': None, 'cmake_clean_cache': False, 'cmake_clean_first': False, 'cmake_force_configure': False, 'cmake_target': None, 'cmake_target_skip_unavailable': False, 'install_base': '/home/luqseee/robot_ws/install/hoverboard_demo_bringup', 'merge_install': False, 'meson_args': [], 'path': '/home/luqseee/robot_ws/src/hoverboard_ros2_control/hoverboard_demo_bringup', 'symlink_install': True, 'test_result_base': None}
[0.647s] INFO:colcon.colcon_core.executor:Executing jobs using 'parallel' executor
[0.648s] DEBUG:colcon.colcon_parallel_executor.executor.parallel:run_until_complete
[0.649s] INFO:colcon.colcon_ros.task.ament_cmake.build:Building ROS package in '/home/luqseee/robot_ws/src/hoverboard_ros2_control/hoverboard_demo_description' with build type 'ament_cmake'
[0.649s] INFO:colcon.colcon_cmake.task.cmake.build:Building CMake package in '/home/luqseee/robot_ws/src/hoverboard_ros2_control/hoverboard_demo_description'
[0.651s] INFO:colcon.colcon_core.plugin_system:Skipping extension 'colcon_core.shell.bat': Not used on non-Windows systems
[0.652s] INFO:colcon.colcon_core.shell:Skip shell extension 'powershell' for command environment: Not usable outside of PowerShell
[0.652s] DEBUG:colcon.colcon_core.shell:Skip shell extension 'dsv' for command environment
[0.657s] INFO:colcon.colcon_ros.task.ament_cmake.build:Building ROS package in '/home/luqseee/robot_ws/src/hoverboard_ros2_control/hoverboard_hardware_interface' with build type 'ament_cmake'
[0.657s] INFO:colcon.colcon_cmake.task.cmake.build:Building CMake package in '/home/luqseee/robot_ws/src/hoverboard_ros2_control/hoverboard_hardware_interface'
[0.657s] INFO:colcon.colcon_core.shell:Skip shell extension 'powershell' for command environment: Not usable outside of PowerShell
[0.657s] DEBUG:colcon.colcon_core.shell:Skip shell extension 'dsv' for command environment
[0.662s] INFO:colcon.colcon_ros.task.ament_cmake.build:Building ROS package in '/home/luqseee/robot_ws/src/hoverboard_ros2_control/hoverboard_ros2_control' with build type 'ament_cmake'
[0.662s] INFO:colcon.colcon_cmake.task.cmake.build:Building CMake package in '/home/luqseee/robot_ws/src/hoverboard_ros2_control/hoverboard_ros2_control'
[0.662s] INFO:colcon.colcon_core.shell:Skip shell extension 'powershell' for command environment: Not usable outside of PowerShell
[0.662s] DEBUG:colcon.colcon_core.shell:Skip shell extension 'dsv' for command environment
[0.667s] INFO:colcon.colcon_ros.task.ament_cmake.build:Building ROS package in '/home/luqseee/robot_ws/src/my_bot' with build type 'ament_cmake'
[0.667s] INFO:colcon.colcon_cmake.task.cmake.build:Building CMake package in '/home/luqseee/robot_ws/src/my_bot'
[0.668s] INFO:colcon.colcon_core.shell:Skip shell extension 'powershell' for command environment: Not usable outside of PowerShell
[0.668s] DEBUG:colcon.colcon_core.shell:Skip shell extension 'dsv' for command environment
[0.678s] DEBUG:colcon.colcon_core.event_handler.log_command:Invoking command in '/home/luqseee/robot_ws/build/hoverboard_demo_description': CMAKE_PREFIX_PATH=${CMAKE_PREFIX_PATH}:/opt/ros/jazzy DEBUGINFOD_URLS=https://debuginfod.ubuntu.com /usr/bin/cmake /home/luqseee/robot_ws/src/hoverboard_ros2_control/hoverboard_demo_description -DAMENT_CMAKE_SYMLINK_INSTALL=1 -DCMAKE_INSTALL_PREFIX=/home/luqseee/robot_ws/install/hoverboard_demo_description
[0.681s] DEBUG:colcon.colcon_core.event_handler.log_command:Invoking command in '/home/luqseee/robot_ws/build/hoverboard_hardware_interface': CMAKE_PREFIX_PATH=${CMAKE_PREFIX_PATH}:/opt/ros/jazzy DEBUGINFOD_URLS=https://debuginfod.ubuntu.com /usr/bin/cmake /home/luqseee/robot_ws/src/hoverboard_ros2_control/hoverboard_hardware_interface -DAMENT_CMAKE_SYMLINK_INSTALL=1 -DCMAKE_INSTALL_PREFIX=/home/luqseee/robot_ws/install/hoverboard_hardware_interface
[0.684s] DEBUG:colcon.colcon_core.event_handler.log_command:Invoking command in '/home/luqseee/robot_ws/build/hoverboard_ros2_control': CMAKE_PREFIX_PATH=${CMAKE_PREFIX_PATH}:/opt/ros/jazzy DEBUGINFOD_URLS=https://debuginfod.ubuntu.com /usr/bin/cmake /home/luqseee/robot_ws/src/hoverboard_ros2_control/hoverboard_ros2_control -DAMENT_CMAKE_SYMLINK_INSTALL=1 -DCMAKE_INSTALL_PREFIX=/home/luqseee/robot_ws/install/hoverboard_ros2_control
[0.702s] DEBUG:colcon.colcon_core.event_handler.log_command:Invoking command in '/home/luqseee/robot_ws/build/my_bot': CMAKE_PREFIX_PATH=${CMAKE_PREFIX_PATH}:/opt/ros/jazzy DEBUGINFOD_URLS=https://debuginfod.ubuntu.com /usr/bin/cmake /home/luqseee/robot_ws/src/my_bot -DAMENT_CMAKE_SYMLINK_INSTALL=1 -DCMAKE_INSTALL_PREFIX=/home/luqseee/robot_ws/install/my_bot
[2.556s] DEBUG:colcon.colcon_core.event_handler.log_command:Invoked command in '/home/luqseee/robot_ws/build/hoverboard_demo_description' returned '0': CMAKE_PREFIX_PATH=${CMAKE_PREFIX_PATH}:/opt/ros/jazzy DEBUGINFOD_URLS=https://debuginfod.ubuntu.com /usr/bin/cmake /home/luqseee/robot_ws/src/hoverboard_ros2_control/hoverboard_demo_description -DAMENT_CMAKE_SYMLINK_INSTALL=1 -DCMAKE_INSTALL_PREFIX=/home/luqseee/robot_ws/install/hoverboard_demo_description
[2.558s] DEBUG:colcon.colcon_core.event_handler.log_command:Invoking command in '/home/luqseee/robot_ws/build/hoverboard_demo_description': CMAKE_PREFIX_PATH=${CMAKE_PREFIX_PATH}:/opt/ros/jazzy DEBUGINFOD_URLS=https://debuginfod.ubuntu.com /usr/bin/cmake --build /home/luqseee/robot_ws/build/hoverboard_demo_description -- -j4 -l4
[2.585s] DEBUG:colcon.colcon_core.event_handler.log_command:Invoked command in '/home/luqseee/robot_ws/build/hoverboard_ros2_control' returned '0': CMAKE_PREFIX_PATH=${CMAKE_PREFIX_PATH}:/opt/ros/jazzy DEBUGINFOD_URLS=https://debuginfod.ubuntu.com /usr/bin/cmake /home/luqseee/robot_ws/src/hoverboard_ros2_control/hoverboard_ros2_control -DAMENT_CMAKE_SYMLINK_INSTALL=1 -DCMAKE_INSTALL_PREFIX=/home/luqseee/robot_ws/install/hoverboard_ros2_control
[2.585s] DEBUG:colcon.colcon_core.event_handler.log_command:Invoking command in '/home/luqseee/robot_ws/build/hoverboard_ros2_control': CMAKE_PREFIX_PATH=${CMAKE_PREFIX_PATH}:/opt/ros/jazzy DEBUGINFOD_URLS=https://debuginfod.ubuntu.com /usr/bin/cmake --build /home/luqseee/robot_ws/build/hoverboard_ros2_control -- -j4 -l4
[2.640s] DEBUG:colcon.colcon_core.event_handler.log_command:Invoked command in '/home/luqseee/robot_ws/build/my_bot' returned '0': CMAKE_PREFIX_PATH=${CMAKE_PREFIX_PATH}:/opt/ros/jazzy DEBUGINFOD_URLS=https://debuginfod.ubuntu.com /usr/bin/cmake /home/luqseee/robot_ws/src/my_bot -DAMENT_CMAKE_SYMLINK_INSTALL=1 -DCMAKE_INSTALL_PREFIX=/home/luqseee/robot_ws/install/my_bot
[2.642s] DEBUG:colcon.colcon_core.event_handler.log_command:Invoking command in '/home/luqseee/robot_ws/build/my_bot': CMAKE_PREFIX_PATH=${CMAKE_PREFIX_PATH}:/opt/ros/jazzy DEBUGINFOD_URLS=https://debuginfod.ubuntu.com /usr/bin/cmake --build /home/luqseee/robot_ws/build/my_bot -- -j4 -l4
[2.648s] DEBUG:colcon.colcon_core.event_handler.log_command:Invoked command in '/home/luqseee/robot_ws/build/hoverboard_demo_description' returned '0': CMAKE_PREFIX_PATH=${CMAKE_PREFIX_PATH}:/opt/ros/jazzy DEBUGINFOD_URLS=https://debuginfod.ubuntu.com /usr/bin/cmake --build /home/luqseee/robot_ws/build/hoverboard_demo_description -- -j4 -l4
[2.666s] DEBUG:colcon.colcon_core.event_handler.log_command:Invoking command in '/home/luqseee/robot_ws/build/hoverboard_demo_description': CMAKE_PREFIX_PATH=${CMAKE_PREFIX_PATH}:/opt/ros/jazzy DEBUGINFOD_URLS=https://debuginfod.ubuntu.com /usr/bin/cmake --install /home/luqseee/robot_ws/build/hoverboard_demo_description
[2.668s] DEBUG:colcon.colcon_core.event_handler.log_command:Invoked command in '/home/luqseee/robot_ws/build/hoverboard_ros2_control' returned '0': CMAKE_PREFIX_PATH=${CMAKE_PREFIX_PATH}:/opt/ros/jazzy DEBUGINFOD_URLS=https://debuginfod.ubuntu.com /usr/bin/cmake --build /home/luqseee/robot_ws/build/hoverboard_ros2_control -- -j4 -l4
[2.672s] DEBUG:colcon.colcon_core.event_handler.log_command:Invoking command in '/home/luqseee/robot_ws/build/hoverboard_ros2_control': CMAKE_PREFIX_PATH=${CMAKE_PREFIX_PATH}:/opt/ros/jazzy DEBUGINFOD_URLS=https://debuginfod.ubuntu.com /usr/bin/cmake --install /home/luqseee/robot_ws/build/hoverboard_ros2_control
[2.726s] DEBUG:colcon.colcon_core.event_handler.log_command:Invoked command in '/home/luqseee/robot_ws/build/my_bot' returned '0': CMAKE_PREFIX_PATH=${CMAKE_PREFIX_PATH}:/opt/ros/jazzy DEBUGINFOD_URLS=https://debuginfod.ubuntu.com /usr/bin/cmake --build /home/luqseee/robot_ws/build/my_bot -- -j4 -l4
[2.729s] DEBUG:colcon.colcon_core.event_handler.log_command:Invoking command in '/home/luqseee/robot_ws/build/my_bot': CMAKE_PREFIX_PATH=${CMAKE_PREFIX_PATH}:/opt/ros/jazzy DEBUGINFOD_URLS=https://debuginfod.ubuntu.com /usr/bin/cmake --install /home/luqseee/robot_ws/build/my_bot
[2.988s] Level 1:colcon.colcon_core.environment:create_environment_scripts_only(hoverboard_ros2_control)
[2.993s] DEBUG:colcon.colcon_core.event_handler.log_command:Invoked command in '/home/luqseee/robot_ws/build/hoverboard_ros2_control' returned '0': CMAKE_PREFIX_PATH=${CMAKE_PREFIX_PATH}:/opt/ros/jazzy DEBUGINFOD_URLS=https://debuginfod.ubuntu.com /usr/bin/cmake --install /home/luqseee/robot_ws/build/hoverboard_ros2_control
[2.995s] Level 1:colcon.colcon_core.environment:checking '/home/luqseee/robot_ws/install/hoverboard_ros2_control' for CMake module files
[2.995s] Level 1:colcon.colcon_core.environment:checking '/home/luqseee/robot_ws/install/hoverboard_ros2_control' for CMake config files
[2.999s] Level 1:colcon.colcon_core.shell:create_environment_hook('hoverboard_ros2_control', 'cmake_prefix_path')
[3.000s] INFO:colcon.colcon_core.shell:Creating environment hook '/home/luqseee/robot_ws/install/hoverboard_ros2_control/share/hoverboard_ros2_control/hook/cmake_prefix_path.ps1'
[3.001s] INFO:colcon.colcon_core.shell:Creating environment descriptor '/home/luqseee/robot_ws/install/hoverboard_ros2_control/share/hoverboard_ros2_control/hook/cmake_prefix_path.dsv'
[3.002s] INFO:colcon.colcon_core.shell:Creating environment hook '/home/luqseee/robot_ws/install/hoverboard_ros2_control/share/hoverboard_ros2_control/hook/cmake_prefix_path.sh'
[3.004s] Level 1:colcon.colcon_core.environment:checking '/home/luqseee/robot_ws/install/hoverboard_ros2_control/bin'
[3.004s] Level 1:colcon.colcon_core.environment:checking '/home/luqseee/robot_ws/install/hoverboard_ros2_control/lib/pkgconfig/hoverboard_ros2_control.pc'
[3.005s] Level 1:colcon.colcon_core.environment:checking '/home/luqseee/robot_ws/install/hoverboard_ros2_control/lib/python3.12/site-packages'
[3.006s] Level 1:colcon.colcon_core.environment:checking '/home/luqseee/robot_ws/install/hoverboard_ros2_control/bin'
[3.006s] INFO:colcon.colcon_core.shell:Creating package script '/home/luqseee/robot_ws/install/hoverboard_ros2_control/share/hoverboard_ros2_control/package.ps1'
[3.009s] INFO:colcon.colcon_core.shell:Creating package descriptor '/home/luqseee/robot_ws/install/hoverboard_ros2_control/share/hoverboard_ros2_control/package.dsv'
[3.010s] INFO:colcon.colcon_core.shell:Creating package script '/home/luqseee/robot_ws/install/hoverboard_ros2_control/share/hoverboard_ros2_control/package.sh'
[3.011s] INFO:colcon.colcon_core.shell:Creating package script '/home/luqseee/robot_ws/install/hoverboard_ros2_control/share/hoverboard_ros2_control/package.bash'
[3.012s] INFO:colcon.colcon_core.shell:Creating package script '/home/luqseee/robot_ws/install/hoverboard_ros2_control/share/hoverboard_ros2_control/package.zsh'
[3.015s] Level 1:colcon.colcon_core.environment:create_file_with_runtime_dependencies(/home/luqseee/robot_ws/install/hoverboard_ros2_control/share/colcon-core/packages/hoverboard_ros2_control)
[3.017s] Level 1:colcon.colcon_core.environment:create_environment_scripts_only(hoverboard_ros2_control)
[3.018s] Level 1:colcon.colcon_core.environment:checking '/home/luqseee/robot_ws/install/hoverboard_ros2_control' for CMake module files
[3.019s] Level 1:colcon.colcon_core.environment:checking '/home/luqseee/robot_ws/install/hoverboard_ros2_control' for CMake config files
[3.019s] Level 1:colcon.colcon_core.shell:create_environment_hook('hoverboard_ros2_control', 'cmake_prefix_path')
[3.020s] INFO:colcon.colcon_core.shell:Creating environment hook '/home/luqseee/robot_ws/install/hoverboard_ros2_control/share/hoverboard_ros2_control/hook/cmake_prefix_path.ps1'
[3.021s] INFO:colcon.colcon_core.shell:Creating environment descriptor '/home/luqseee/robot_ws/install/hoverboard_ros2_control/share/hoverboard_ros2_control/hook/cmake_prefix_path.dsv'
[3.025s] INFO:colcon.colcon_core.shell:Creating environment hook '/home/luqseee/robot_ws/install/hoverboard_ros2_control/share/hoverboard_ros2_control/hook/cmake_prefix_path.sh'
[3.027s] Level 1:colcon.colcon_core.environment:checking '/home/luqseee/robot_ws/install/hoverboard_ros2_control/bin'
[3.027s] Level 1:colcon.colcon_core.environment:checking '/home/luqseee/robot_ws/install/hoverboard_ros2_control/lib/pkgconfig/hoverboard_ros2_control.pc'
[3.027s] Level 1:colcon.colcon_core.environment:checking '/home/luqseee/robot_ws/install/hoverboard_ros2_control/lib/python3.12/site-packages'
[3.028s] Level 1:colcon.colcon_core.environment:checking '/home/luqseee/robot_ws/install/hoverboard_ros2_control/bin'
[3.028s] INFO:colcon.colcon_core.shell:Creating package script '/home/luqseee/robot_ws/install/hoverboard_ros2_control/share/hoverboard_ros2_control/package.ps1'
[3.032s] INFO:colcon.colcon_core.shell:Creating package descriptor '/home/luqseee/robot_ws/install/hoverboard_ros2_control/share/hoverboard_ros2_control/package.dsv'
[3.035s] INFO:colcon.colcon_core.shell:Creating package script '/home/luqseee/robot_ws/install/hoverboard_ros2_control/share/hoverboard_ros2_control/package.sh'
[3.037s] INFO:colcon.colcon_core.shell:Creating package script '/home/luqseee/robot_ws/install/hoverboard_ros2_control/share/hoverboard_ros2_control/package.bash'
[3.038s] INFO:colcon.colcon_core.shell:Creating package script '/home/luqseee/robot_ws/install/hoverboard_ros2_control/share/hoverboard_ros2_control/package.zsh'
[3.039s] Level 1:colcon.colcon_core.environment:create_file_with_runtime_dependencies(/home/luqseee/robot_ws/install/hoverboard_ros2_control/share/colcon-core/packages/hoverboard_ros2_control)
[3.040s] INFO:colcon.colcon_ros.task.ament_cmake.build:Building ROS package in '/home/luqseee/robot_ws/src/sllidar_ros2' with build type 'ament_cmake'
[3.041s] INFO:colcon.colcon_cmake.task.cmake.build:Building CMake package in '/home/luqseee/robot_ws/src/sllidar_ros2'
[3.041s] INFO:colcon.colcon_core.shell:Skip shell extension 'powershell' for command environment: Not usable outside of PowerShell
[3.041s] DEBUG:colcon.colcon_core.shell:Skip shell extension 'dsv' for command environment
[3.058s] DEBUG:colcon.colcon_core.event_handler.log_command:Invoking command in '/home/luqseee/robot_ws/build/sllidar_ros2': CMAKE_PREFIX_PATH=${CMAKE_PREFIX_PATH}:/opt/ros/jazzy DEBUGINFOD_URLS=https://debuginfod.ubuntu.com /usr/bin/cmake /home/luqseee/robot_ws/src/sllidar_ros2 -DAMENT_CMAKE_SYMLINK_INSTALL=1 -DCMAKE_INSTALL_PREFIX=/home/luqseee/robot_ws/install/sllidar_ros2
[3.173s] Level 1:colcon.colcon_core.environment:create_environment_scripts_only(hoverboard_demo_description)
[3.174s] Level 1:colcon.colcon_core.environment:checking '/home/luqseee/robot_ws/install/hoverboard_demo_description' for CMake module files
[3.175s] Level 1:colcon.colcon_core.environment:checking '/home/luqseee/robot_ws/install/hoverboard_demo_description' for CMake config files
[3.175s] DEBUG:colcon.colcon_core.event_handler.log_command:Invoked command in '/home/luqseee/robot_ws/build/hoverboard_demo_description' returned '0': CMAKE_PREFIX_PATH=${CMAKE_PREFIX_PATH}:/opt/ros/jazzy DEBUGINFOD_URLS=https://debuginfod.ubuntu.com /usr/bin/cmake --install /home/luqseee/robot_ws/build/hoverboard_demo_description
[3.176s] Level 1:colcon.colcon_core.shell:create_environment_hook('hoverboard_demo_description', 'cmake_prefix_path')
[3.176s] INFO:colcon.colcon_core.shell:Creating environment hook '/home/luqseee/robot_ws/install/hoverboard_demo_description/share/hoverboard_demo_description/hook/cmake_prefix_path.ps1'
[3.177s] INFO:colcon.colcon_core.shell:Creating environment descriptor '/home/luqseee/robot_ws/install/hoverboard_demo_description/share/hoverboard_demo_description/hook/cmake_prefix_path.dsv'
[3.178s] INFO:colcon.colcon_core.shell:Creating environment hook '/home/luqseee/robot_ws/install/hoverboard_demo_description/share/hoverboard_demo_description/hook/cmake_prefix_path.sh'
[3.179s] Level 1:colcon.colcon_core.environment:checking '/home/luqseee/robot_ws/install/hoverboard_demo_description/bin'
[3.179s] Level 1:colcon.colcon_core.environment:checking '/home/luqseee/robot_ws/install/hoverboard_demo_description/lib/pkgconfig/hoverboard_demo_description.pc'
[3.180s] Level 1:colcon.colcon_core.environment:checking '/home/luqseee/robot_ws/install/hoverboard_demo_description/lib/python3.12/site-packages'
[3.180s] Level 1:colcon.colcon_core.environment:checking '/home/luqseee/robot_ws/install/hoverboard_demo_description/bin'
[3.181s] INFO:colcon.colcon_core.shell:Creating package script '/home/luqseee/robot_ws/install/hoverboard_demo_description/share/hoverboard_demo_description/package.ps1'
[3.182s] INFO:colcon.colcon_core.shell:Creating package descriptor '/home/luqseee/robot_ws/install/hoverboard_demo_description/share/hoverboard_demo_description/package.dsv'
[3.183s] INFO:colcon.colcon_core.shell:Creating package script '/home/luqseee/robot_ws/install/hoverboard_demo_description/share/hoverboard_demo_description/package.sh'
[3.184s] INFO:colcon.colcon_core.shell:Creating package script '/home/luqseee/robot_ws/install/hoverboard_demo_description/share/hoverboard_demo_description/package.bash'
[3.185s] INFO:colcon.colcon_core.shell:Creating package script '/home/luqseee/robot_ws/install/hoverboard_demo_description/share/hoverboard_demo_description/package.zsh'
[3.186s] Level 1:colcon.colcon_core.environment:create_file_with_runtime_dependencies(/home/luqseee/robot_ws/install/hoverboard_demo_description/share/colcon-core/packages/hoverboard_demo_description)
[3.187s] Level 1:colcon.colcon_core.environment:create_environment_scripts_only(hoverboard_demo_description)
[3.187s] Level 1:colcon.colcon_core.environment:checking '/home/luqseee/robot_ws/install/hoverboard_demo_description' for CMake module files
[3.188s] Level 1:colcon.colcon_core.environment:checking '/home/luqseee/robot_ws/install/hoverboard_demo_description' for CMake config files
[3.189s] Level 1:colcon.colcon_core.shell:create_environment_hook('hoverboard_demo_description', 'cmake_prefix_path')
[3.189s] INFO:colcon.colcon_core.shell:Creating environment hook '/home/luqseee/robot_ws/install/hoverboard_demo_description/share/hoverboard_demo_description/hook/cmake_prefix_path.ps1'
[3.190s] INFO:colcon.colcon_core.shell:Creating environment descriptor '/home/luqseee/robot_ws/install/hoverboard_demo_description/share/hoverboard_demo_description/hook/cmake_prefix_path.dsv'
[3.191s] INFO:colcon.colcon_core.shell:Creating environment hook '/home/luqseee/robot_ws/install/hoverboard_demo_description/share/hoverboard_demo_description/hook/cmake_prefix_path.sh'
[3.192s] Level 1:colcon.colcon_core.environment:checking '/home/luqseee/robot_ws/install/hoverboard_demo_description/bin'
[3.192s] Level 1:colcon.colcon_core.environment:checking '/home/luqseee/robot_ws/install/hoverboard_demo_description/lib/pkgconfig/hoverboard_demo_description.pc'
[3.193s] Level 1:colcon.colcon_core.environment:checking '/home/luqseee/robot_ws/install/hoverboard_demo_description/lib/python3.12/site-packages'
[3.194s] Level 1:colcon.colcon_core.environment:checking '/home/luqseee/robot_ws/install/hoverboard_demo_description/bin'
[3.194s] INFO:colcon.colcon_core.shell:Creating package script '/home/luqseee/robot_ws/install/hoverboard_demo_description/share/hoverboard_demo_description/package.ps1'
[3.196s] INFO:colcon.colcon_core.shell:Creating package descriptor '/home/luqseee/robot_ws/install/hoverboard_demo_description/share/hoverboard_demo_description/package.dsv'
[3.197s] INFO:colcon.colcon_core.shell:Creating package script '/home/luqseee/robot_ws/install/hoverboard_demo_description/share/hoverboard_demo_description/package.sh'
[3.198s] INFO:colcon.colcon_core.shell:Creating package script '/home/luqseee/robot_ws/install/hoverboard_demo_description/share/hoverboard_demo_description/package.bash'
[3.200s] INFO:colcon.colcon_core.shell:Creating package script '/home/luqseee/robot_ws/install/hoverboard_demo_description/share/hoverboard_demo_description/package.zsh'
[3.201s] Level 1:colcon.colcon_core.environment:create_file_with_runtime_dependencies(/home/luqseee/robot_ws/install/hoverboard_demo_description/share/colcon-core/packages/hoverboard_demo_description)
[3.203s] INFO:colcon.colcon_ros.task.ament_cmake.build:Building ROS package in '/home/luqseee/robot_ws/src/hoverboard_ros2_control/hoverboard_demo_bringup' with build type 'ament_cmake'
[3.204s] INFO:colcon.colcon_cmake.task.cmake.build:Building CMake package in '/home/luqseee/robot_ws/src/hoverboard_ros2_control/hoverboard_demo_bringup'
[3.204s] INFO:colcon.colcon_core.shell:Skip shell extension 'powershell' for command environment: Not usable outside of PowerShell
[3.204s] DEBUG:colcon.colcon_core.shell:Skip shell extension 'dsv' for command environment
[3.229s] DEBUG:colcon.colcon_core.event_handler.log_command:Invoking command in '/home/luqseee/robot_ws/build/hoverboard_demo_bringup': CMAKE_PREFIX_PATH=/home/luqseee/robot_ws/install/hoverboard_demo_description:/home/luqseee/robot_ws/src/my_bot/install/my_bot:/home/luqseee/robot_ws/install/hoverboard_ros2_control:/home/luqseee/robot_ws/install/hoverboard_hardware_interface:/home/luqseee/robot_ws/install/hoverboard_demo_bringup:/home/luqseee/robot_ws/install/sllidar_ros2:/home/luqseee/robot_ws/install/my_bot:/home/luqseee/robot_ws/install/camera_ros:/opt/ros/jazzy/opt/sdformat_vendor:/opt/ros/jazzy/opt/gz_math_vendor:/opt/ros/jazzy/opt/gz_utils_vendor:/opt/ros/jazzy/opt/gz_tools_vendor:/opt/ros/jazzy/opt/gz_cmake_vendor:/opt/ros/jazzy DEBUGINFOD_URLS=https://debuginfod.ubuntu.com /usr/bin/cmake /home/luqseee/robot_ws/src/hoverboard_ros2_control/hoverboard_demo_bringup -DAMENT_CMAKE_SYMLINK_INSTALL=1 -DCMAKE_INSTALL_PREFIX=/home/luqseee/robot_ws/install/hoverboard_demo_bringup
[3.623s] Level 1:colcon.colcon_core.environment:create_environment_scripts_only(my_bot)
[3.623s] Level 1:colcon.colcon_core.environment:checking '/home/luqseee/robot_ws/install/my_bot' for CMake module files
[3.624s] Level 1:colcon.colcon_core.environment:checking '/home/luqseee/robot_ws/install/my_bot' for CMake config files
[3.625s] Level 1:colcon.colcon_core.shell:create_environment_hook('my_bot', 'cmake_prefix_path')
[3.626s] INFO:colcon.colcon_core.shell:Creating environment hook '/home/luqseee/robot_ws/install/my_bot/share/my_bot/hook/cmake_prefix_path.ps1'
[3.626s] DEBUG:colcon.colcon_core.event_handler.log_command:Invoked command in '/home/luqseee/robot_ws/build/my_bot' returned '0': CMAKE_PREFIX_PATH=${CMAKE_PREFIX_PATH}:/opt/ros/jazzy DEBUGINFOD_URLS=https://debuginfod.ubuntu.com /usr/bin/cmake --install /home/luqseee/robot_ws/build/my_bot
[3.627s] INFO:colcon.colcon_core.shell:Creating environment descriptor '/home/luqseee/robot_ws/install/my_bot/share/my_bot/hook/cmake_prefix_path.dsv'
[3.628s] INFO:colcon.colcon_core.shell:Creating environment hook '/home/luqseee/robot_ws/install/my_bot/share/my_bot/hook/cmake_prefix_path.sh'
[3.630s] Level 1:colcon.colcon_core.environment:checking '/home/luqseee/robot_ws/install/my_bot/bin'
[3.630s] Level 1:colcon.colcon_core.environment:checking '/home/luqseee/robot_ws/install/my_bot/lib/pkgconfig/my_bot.pc'
[3.631s] Level 1:colcon.colcon_core.environment:checking '/home/luqseee/robot_ws/install/my_bot/lib/python3.12/site-packages'
[3.631s] Level 1:colcon.colcon_core.environment:checking '/home/luqseee/robot_ws/install/my_bot/bin'
[3.631s] INFO:colcon.colcon_core.shell:Creating package script '/home/luqseee/robot_ws/install/my_bot/share/my_bot/package.ps1'
[3.633s] INFO:colcon.colcon_core.shell:Creating package descriptor '/home/luqseee/robot_ws/install/my_bot/share/my_bot/package.dsv'
[3.633s] INFO:colcon.colcon_core.shell:Creating package script '/home/luqseee/robot_ws/install/my_bot/share/my_bot/package.sh'
[3.634s] INFO:colcon.colcon_core.shell:Creating package script '/home/luqseee/robot_ws/install/my_bot/share/my_bot/package.bash'
[3.635s] INFO:colcon.colcon_core.shell:Creating package script '/home/luqseee/robot_ws/install/my_bot/share/my_bot/package.zsh'
[3.635s] Level 1:colcon.colcon_core.environment:create_file_with_runtime_dependencies(/home/luqseee/robot_ws/install/my_bot/share/colcon-core/packages/my_bot)
[3.636s] Level 1:colcon.colcon_core.environment:create_environment_scripts_only(my_bot)
[3.637s] Level 1:colcon.colcon_core.environment:checking '/home/luqseee/robot_ws/install/my_bot' for CMake module files
[3.638s] Level 1:colcon.colcon_core.environment:checking '/home/luqseee/robot_ws/install/my_bot' for CMake config files
[3.638s] Level 1:colcon.colcon_core.shell:create_environment_hook('my_bot', 'cmake_prefix_path')
[3.639s] INFO:colcon.colcon_core.shell:Creating environment hook '/home/luqseee/robot_ws/install/my_bot/share/my_bot/hook/cmake_prefix_path.ps1'
[3.640s] INFO:colcon.colcon_core.shell:Creating environment descriptor '/home/luqseee/robot_ws/install/my_bot/share/my_bot/hook/cmake_prefix_path.dsv'
[3.642s] INFO:colcon.colcon_core.shell:Creating environment hook '/home/luqseee/robot_ws/install/my_bot/share/my_bot/hook/cmake_prefix_path.sh'
[3.643s] Level 1:colcon.colcon_core.environment:checking '/home/luqseee/robot_ws/install/my_bot/bin'
[3.643s] Level 1:colcon.colcon_core.environment:checking '/home/luqseee/robot_ws/install/my_bot/lib/pkgconfig/my_bot.pc'
[3.644s] Level 1:colcon.colcon_core.environment:checking '/home/luqseee/robot_ws/install/my_bot/lib/python3.12/site-packages'
[3.644s] Level 1:colcon.colcon_core.environment:checking '/home/luqseee/robot_ws/install/my_bot/bin'
[3.645s] INFO:colcon.colcon_core.shell:Creating package script '/home/luqseee/robot_ws/install/my_bot/share/my_bot/package.ps1'
[3.646s] INFO:colcon.colcon_core.shell:Creating package descriptor '/home/luqseee/robot_ws/install/my_bot/share/my_bot/package.dsv'
[3.648s] INFO:colcon.colcon_core.shell:Creating package script '/home/luqseee/robot_ws/install/my_bot/share/my_bot/package.sh'
[3.649s] INFO:colcon.colcon_core.shell:Creating package script '/home/luqseee/robot_ws/install/my_bot/share/my_bot/package.bash'
[3.650s] INFO:colcon.colcon_core.shell:Creating package script '/home/luqseee/robot_ws/install/my_bot/share/my_bot/package.zsh'
[3.652s] Level 1:colcon.colcon_core.environment:create_file_with_runtime_dependencies(/home/luqseee/robot_ws/install/my_bot/share/colcon-core/packages/my_bot)
[4.201s] DEBUG:colcon.colcon_core.event_handler.log_command:Invoked command in '/home/luqseee/robot_ws/build/hoverboard_hardware_interface' returned '0': CMAKE_PREFIX_PATH=${CMAKE_PREFIX_PATH}:/opt/ros/jazzy DEBUGINFOD_URLS=https://debuginfod.ubuntu.com /usr/bin/cmake /home/luqseee/robot_ws/src/hoverboard_ros2_control/hoverboard_hardware_interface -DAMENT_CMAKE_SYMLINK_INSTALL=1 -DCMAKE_INSTALL_PREFIX=/home/luqseee/robot_ws/install/hoverboard_hardware_interface
[4.203s] DEBUG:colcon.colcon_core.event_handler.log_command:Invoking command in '/home/luqseee/robot_ws/build/hoverboard_hardware_interface': CMAKE_PREFIX_PATH=${CMAKE_PREFIX_PATH}:/opt/ros/jazzy DEBUGINFOD_URLS=https://debuginfod.ubuntu.com /usr/bin/cmake --build /home/luqseee/robot_ws/build/hoverboard_hardware_interface -- -j4 -l4
[4.684s] DEBUG:colcon.colcon_core.event_handler.log_command:Invoked command in '/home/luqseee/robot_ws/build/hoverboard_demo_bringup' returned '0': CMAKE_PREFIX_PATH=/home/luqseee/robot_ws/install/hoverboard_demo_description:/home/luqseee/robot_ws/src/my_bot/install/my_bot:/home/luqseee/robot_ws/install/hoverboard_ros2_control:/home/luqseee/robot_ws/install/hoverboard_hardware_interface:/home/luqseee/robot_ws/install/hoverboard_demo_bringup:/home/luqseee/robot_ws/install/sllidar_ros2:/home/luqseee/robot_ws/install/my_bot:/home/luqseee/robot_ws/install/camera_ros:/opt/ros/jazzy/opt/sdformat_vendor:/opt/ros/jazzy/opt/gz_math_vendor:/opt/ros/jazzy/opt/gz_utils_vendor:/opt/ros/jazzy/opt/gz_tools_vendor:/opt/ros/jazzy/opt/gz_cmake_vendor:/opt/ros/jazzy DEBUGINFOD_URLS=https://debuginfod.ubuntu.com /usr/bin/cmake /home/luqseee/robot_ws/src/hoverboard_ros2_control/hoverboard_demo_bringup -DAMENT_CMAKE_SYMLINK_INSTALL=1 -DCMAKE_INSTALL_PREFIX=/home/luqseee/robot_ws/install/hoverboard_demo_bringup
[4.686s] DEBUG:colcon.colcon_core.event_handler.log_command:Invoking command in '/home/luqseee/robot_ws/build/hoverboard_demo_bringup': CMAKE_PREFIX_PATH=/home/luqseee/robot_ws/install/hoverboard_demo_description:/home/luqseee/robot_ws/src/my_bot/install/my_bot:/home/luqseee/robot_ws/install/hoverboard_ros2_control:/home/luqseee/robot_ws/install/hoverboard_hardware_interface:/home/luqseee/robot_ws/install/hoverboard_demo_bringup:/home/luqseee/robot_ws/install/sllidar_ros2:/home/luqseee/robot_ws/install/my_bot:/home/luqseee/robot_ws/install/camera_ros:/opt/ros/jazzy/opt/sdformat_vendor:/opt/ros/jazzy/opt/gz_math_vendor:/opt/ros/jazzy/opt/gz_utils_vendor:/opt/ros/jazzy/opt/gz_tools_vendor:/opt/ros/jazzy/opt/gz_cmake_vendor:/opt/ros/jazzy DEBUGINFOD_URLS=https://debuginfod.ubuntu.com /usr/bin/cmake --build /home/luqseee/robot_ws/build/hoverboard_demo_bringup -- -j4 -l4
[4.763s] DEBUG:colcon.colcon_core.event_handler.log_command:Invoked command in '/home/luqseee/robot_ws/build/hoverboard_demo_bringup' returned '0': CMAKE_PREFIX_PATH=/home/luqseee/robot_ws/install/hoverboard_demo_description:/home/luqseee/robot_ws/src/my_bot/install/my_bot:/home/luqseee/robot_ws/install/hoverboard_ros2_control:/home/luqseee/robot_ws/install/hoverboard_hardware_interface:/home/luqseee/robot_ws/install/hoverboard_demo_bringup:/home/luqseee/robot_ws/install/sllidar_ros2:/home/luqseee/robot_ws/install/my_bot:/home/luqseee/robot_ws/install/camera_ros:/opt/ros/jazzy/opt/sdformat_vendor:/opt/ros/jazzy/opt/gz_math_vendor:/opt/ros/jazzy/opt/gz_utils_vendor:/opt/ros/jazzy/opt/gz_tools_vendor:/opt/ros/jazzy/opt/gz_cmake_vendor:/opt/ros/jazzy DEBUGINFOD_URLS=https://debuginfod.ubuntu.com /usr/bin/cmake --build /home/luqseee/robot_ws/build/hoverboard_demo_bringup -- -j4 -l4
[4.763s] DEBUG:colcon.colcon_core.event_handler.log_command:Invoking command in '/home/luqseee/robot_ws/build/hoverboard_demo_bringup': CMAKE_PREFIX_PATH=/home/luqseee/robot_ws/install/hoverboard_demo_description:/home/luqseee/robot_ws/src/my_bot/install/my_bot:/home/luqseee/robot_ws/install/hoverboard_ros2_control:/home/luqseee/robot_ws/install/hoverboard_hardware_interface:/home/luqseee/robot_ws/install/hoverboard_demo_bringup:/home/luqseee/robot_ws/install/sllidar_ros2:/home/luqseee/robot_ws/install/my_bot:/home/luqseee/robot_ws/install/camera_ros:/opt/ros/jazzy/opt/sdformat_vendor:/opt/ros/jazzy/opt/gz_math_vendor:/opt/ros/jazzy/opt/gz_utils_vendor:/opt/ros/jazzy/opt/gz_tools_vendor:/opt/ros/jazzy/opt/gz_cmake_vendor:/opt/ros/jazzy DEBUGINFOD_URLS=https://debuginfod.ubuntu.com /usr/bin/cmake --install /home/luqseee/robot_ws/build/hoverboard_demo_bringup
[5.114s] Level 1:colcon.colcon_core.environment:create_environment_scripts_only(hoverboard_demo_bringup)
[5.115s] Level 1:colcon.colcon_core.environment:checking '/home/luqseee/robot_ws/install/hoverboard_demo_bringup' for CMake module files
[5.115s] DEBUG:colcon.colcon_core.event_handler.log_command:Invoked command in '/home/luqseee/robot_ws/build/hoverboard_demo_bringup' returned '0': CMAKE_PREFIX_PATH=/home/luqseee/robot_ws/install/hoverboard_demo_description:/home/luqseee/robot_ws/src/my_bot/install/my_bot:/home/luqseee/robot_ws/install/hoverboard_ros2_control:/home/luqseee/robot_ws/install/hoverboard_hardware_interface:/home/luqseee/robot_ws/install/hoverboard_demo_bringup:/home/luqseee/robot_ws/install/sllidar_ros2:/home/luqseee/robot_ws/install/my_bot:/home/luqseee/robot_ws/install/camera_ros:/opt/ros/jazzy/opt/sdformat_vendor:/opt/ros/jazzy/opt/gz_math_vendor:/opt/ros/jazzy/opt/gz_utils_vendor:/opt/ros/jazzy/opt/gz_tools_vendor:/opt/ros/jazzy/opt/gz_cmake_vendor:/opt/ros/jazzy DEBUGINFOD_URLS=https://debuginfod.ubuntu.com /usr/bin/cmake --install /home/luqseee/robot_ws/build/hoverboard_demo_bringup
[5.116s] Level 1:colcon.colcon_core.environment:checking '/home/luqseee/robot_ws/install/hoverboard_demo_bringup' for CMake config files
[5.116s] Level 1:colcon.colcon_core.shell:create_environment_hook('hoverboard_demo_bringup', 'cmake_prefix_path')
[5.117s] INFO:colcon.colcon_core.shell:Creating environment hook '/home/luqseee/robot_ws/install/hoverboard_demo_bringup/share/hoverboard_demo_bringup/hook/cmake_prefix_path.ps1'
[5.118s] INFO:colcon.colcon_core.shell:Creating environment descriptor '/home/luqseee/robot_ws/install/hoverboard_demo_bringup/share/hoverboard_demo_bringup/hook/cmake_prefix_path.dsv'
[5.118s] INFO:colcon.colcon_core.shell:Creating environment hook '/home/luqseee/robot_ws/install/hoverboard_demo_bringup/share/hoverboard_demo_bringup/hook/cmake_prefix_path.sh'
[5.119s] Level 1:colcon.colcon_core.environment:checking '/home/luqseee/robot_ws/install/hoverboard_demo_bringup/bin'
[5.119s] Level 1:colcon.colcon_core.environment:checking '/home/luqseee/robot_ws/install/hoverboard_demo_bringup/lib/pkgconfig/hoverboard_demo_bringup.pc'
[5.119s] Level 1:colcon.colcon_core.environment:checking '/home/luqseee/robot_ws/install/hoverboard_demo_bringup/lib/python3.12/site-packages'
[5.120s] Level 1:colcon.colcon_core.environment:checking '/home/luqseee/robot_ws/install/hoverboard_demo_bringup/bin'
[5.120s] INFO:colcon.colcon_core.shell:Creating package script '/home/luqseee/robot_ws/install/hoverboard_demo_bringup/share/hoverboard_demo_bringup/package.ps1'
[5.121s] INFO:colcon.colcon_core.shell:Creating package descriptor '/home/luqseee/robot_ws/install/hoverboard_demo_bringup/share/hoverboard_demo_bringup/package.dsv'
[5.122s] INFO:colcon.colcon_core.shell:Creating package script '/home/luqseee/robot_ws/install/hoverboard_demo_bringup/share/hoverboard_demo_bringup/package.sh'
[5.122s] INFO:colcon.colcon_core.shell:Creating package script '/home/luqseee/robot_ws/install/hoverboard_demo_bringup/share/hoverboard_demo_bringup/package.bash'
[5.123s] INFO:colcon.colcon_core.shell:Creating package script '/home/luqseee/robot_ws/install/hoverboard_demo_bringup/share/hoverboard_demo_bringup/package.zsh'
[5.123s] Level 1:colcon.colcon_core.environment:create_file_with_runtime_dependencies(/home/luqseee/robot_ws/install/hoverboard_demo_bringup/share/colcon-core/packages/hoverboard_demo_bringup)
[5.124s] Level 1:colcon.colcon_core.environment:create_environment_scripts_only(hoverboard_demo_bringup)
[5.124s] Level 1:colcon.colcon_core.environment:checking '/home/luqseee/robot_ws/install/hoverboard_demo_bringup' for CMake module files
[5.125s] Level 1:colcon.colcon_core.environment:checking '/home/luqseee/robot_ws/install/hoverboard_demo_bringup' for CMake config files
[5.126s] Level 1:colcon.colcon_core.shell:create_environment_hook('hoverboard_demo_bringup', 'cmake_prefix_path')
[5.126s] INFO:colcon.colcon_core.shell:Creating environment hook '/home/luqseee/robot_ws/install/hoverboard_demo_bringup/share/hoverboard_demo_bringup/hook/cmake_prefix_path.ps1'
[5.127s] INFO:colcon.colcon_core.shell:Creating environment descriptor '/home/luqseee/robot_ws/install/hoverboard_demo_bringup/share/hoverboard_demo_bringup/hook/cmake_prefix_path.dsv'
[5.128s] INFO:colcon.colcon_core.shell:Creating environment hook '/home/luqseee/robot_ws/install/hoverboard_demo_bringup/share/hoverboard_demo_bringup/hook/cmake_prefix_path.sh'
[5.129s] Level 1:colcon.colcon_core.environment:checking '/home/luqseee/robot_ws/install/hoverboard_demo_bringup/bin'
[5.129s] Level 1:colcon.colcon_core.environment:checking '/home/luqseee/robot_ws/install/hoverboard_demo_bringup/lib/pkgconfig/hoverboard_demo_bringup.pc'
[5.129s] Level 1:colcon.colcon_core.environment:checking '/home/luqseee/robot_ws/install/hoverboard_demo_bringup/lib/python3.12/site-packages'
[5.130s] Level 1:colcon.colcon_core.environment:checking '/home/luqseee/robot_ws/install/hoverboard_demo_bringup/bin'
[5.130s] INFO:colcon.colcon_core.shell:Creating package script '/home/luqseee/robot_ws/install/hoverboard_demo_bringup/share/hoverboard_demo_bringup/package.ps1'
[5.131s] INFO:colcon.colcon_core.shell:Creating package descriptor '/home/luqseee/robot_ws/install/hoverboard_demo_bringup/share/hoverboard_demo_bringup/package.dsv'
[5.132s] INFO:colcon.colcon_core.shell:Creating package script '/home/luqseee/robot_ws/install/hoverboard_demo_bringup/share/hoverboard_demo_bringup/package.sh'
[5.133s] INFO:colcon.colcon_core.shell:Creating package script '/home/luqseee/robot_ws/install/hoverboard_demo_bringup/share/hoverboard_demo_bringup/package.bash'
[5.134s] INFO:colcon.colcon_core.shell:Creating package script '/home/luqseee/robot_ws/install/hoverboard_demo_bringup/share/hoverboard_demo_bringup/package.zsh'
[5.135s] Level 1:colcon.colcon_core.environment:create_file_with_runtime_dependencies(/home/luqseee/robot_ws/install/hoverboard_demo_bringup/share/colcon-core/packages/hoverboard_demo_bringup)
[5.308s] DEBUG:colcon.colcon_core.event_handler.log_command:Invoked command in '/home/luqseee/robot_ws/build/sllidar_ros2' returned '0': CMAKE_PREFIX_PATH=${CMAKE_PREFIX_PATH}:/opt/ros/jazzy DEBUGINFOD_URLS=https://debuginfod.ubuntu.com /usr/bin/cmake /home/luqseee/robot_ws/src/sllidar_ros2 -DAMENT_CMAKE_SYMLINK_INSTALL=1 -DCMAKE_INSTALL_PREFIX=/home/luqseee/robot_ws/install/sllidar_ros2
[5.310s] DEBUG:colcon.colcon_core.event_handler.log_command:Invoking command in '/home/luqseee/robot_ws/build/sllidar_ros2': CMAKE_PREFIX_PATH=${CMAKE_PREFIX_PATH}:/opt/ros/jazzy DEBUGINFOD_URLS=https://debuginfod.ubuntu.com /usr/bin/cmake --build /home/luqseee/robot_ws/build/sllidar_ros2 -- -j4 -l4
[24.588s] DEBUG:colcon.colcon_core.event_handler.log_command:Invoked command in '/home/luqseee/robot_ws/build/sllidar_ros2' returned '0': CMAKE_PREFIX_PATH=${CMAKE_PREFIX_PATH}:/opt/ros/jazzy DEBUGINFOD_URLS=https://debuginfod.ubuntu.com /usr/bin/cmake --build /home/luqseee/robot_ws/build/sllidar_ros2 -- -j4 -l4
[24.590s] DEBUG:colcon.colcon_core.event_handler.log_command:Invoking command in '/home/luqseee/robot_ws/build/sllidar_ros2': CMAKE_PREFIX_PATH=${CMAKE_PREFIX_PATH}:/opt/ros/jazzy DEBUGINFOD_URLS=https://debuginfod.ubuntu.com /usr/bin/cmake --install /home/luqseee/robot_ws/build/sllidar_ros2
[25.362s] Level 1:colcon.colcon_core.environment:create_environment_scripts_only(sllidar_ros2)
[25.362s] Level 1:colcon.colcon_core.environment:checking '/home/luqseee/robot_ws/install/sllidar_ros2' for CMake module files
[25.363s] DEBUG:colcon.colcon_core.event_handler.log_command:Invoked command in '/home/luqseee/robot_ws/build/sllidar_ros2' returned '0': CMAKE_PREFIX_PATH=${CMAKE_PREFIX_PATH}:/opt/ros/jazzy DEBUGINFOD_URLS=https://debuginfod.ubuntu.com /usr/bin/cmake --install /home/luqseee/robot_ws/build/sllidar_ros2
[25.364s] Level 1:colcon.colcon_core.environment:checking '/home/luqseee/robot_ws/install/sllidar_ros2' for CMake config files
[25.364s] Level 1:colcon.colcon_core.shell:create_environment_hook('sllidar_ros2', 'cmake_prefix_path')
[25.365s] INFO:colcon.colcon_core.shell:Creating environment hook '/home/luqseee/robot_ws/install/sllidar_ros2/share/sllidar_ros2/hook/cmake_prefix_path.ps1'
[25.366s] INFO:colcon.colcon_core.shell:Creating environment descriptor '/home/luqseee/robot_ws/install/sllidar_ros2/share/sllidar_ros2/hook/cmake_prefix_path.dsv'
[25.366s] INFO:colcon.colcon_core.shell:Creating environment hook '/home/luqseee/robot_ws/install/sllidar_ros2/share/sllidar_ros2/hook/cmake_prefix_path.sh'
[25.367s] Level 1:colcon.colcon_core.environment:checking '/home/luqseee/robot_ws/install/sllidar_ros2/lib'
[25.367s] Level 1:colcon.colcon_core.environment:checking '/home/luqseee/robot_ws/install/sllidar_ros2/bin'
[25.367s] Level 1:colcon.colcon_core.environment:checking '/home/luqseee/robot_ws/install/sllidar_ros2/lib/pkgconfig/sllidar_ros2.pc'
[25.368s] Level 1:colcon.colcon_core.environment:checking '/home/luqseee/robot_ws/install/sllidar_ros2/lib/python3.12/site-packages'
[25.368s] Level 1:colcon.colcon_core.environment:checking '/home/luqseee/robot_ws/install/sllidar_ros2/bin'
[25.369s] INFO:colcon.colcon_core.shell:Creating package script '/home/luqseee/robot_ws/install/sllidar_ros2/share/sllidar_ros2/package.ps1'
[25.370s] INFO:colcon.colcon_core.shell:Creating package descriptor '/home/luqseee/robot_ws/install/sllidar_ros2/share/sllidar_ros2/package.dsv'
[25.370s] INFO:colcon.colcon_core.shell:Creating package script '/home/luqseee/robot_ws/install/sllidar_ros2/share/sllidar_ros2/package.sh'
[25.371s] INFO:colcon.colcon_core.shell:Creating package script '/home/luqseee/robot_ws/install/sllidar_ros2/share/sllidar_ros2/package.bash'
[25.371s] INFO:colcon.colcon_core.shell:Creating package script '/home/luqseee/robot_ws/install/sllidar_ros2/share/sllidar_ros2/package.zsh'
[25.372s] Level 1:colcon.colcon_core.environment:create_file_with_runtime_dependencies(/home/luqseee/robot_ws/install/sllidar_ros2/share/colcon-core/packages/sllidar_ros2)
[25.373s] Level 1:colcon.colcon_core.environment:create_environment_scripts_only(sllidar_ros2)
[25.373s] Level 1:colcon.colcon_core.environment:checking '/home/luqseee/robot_ws/install/sllidar_ros2' for CMake module files
[25.374s] Level 1:colcon.colcon_core.environment:checking '/home/luqseee/robot_ws/install/sllidar_ros2' for CMake config files
[25.374s] Level 1:colcon.colcon_core.shell:create_environment_hook('sllidar_ros2', 'cmake_prefix_path')
[25.375s] INFO:colcon.colcon_core.shell:Creating environment hook '/home/luqseee/robot_ws/install/sllidar_ros2/share/sllidar_ros2/hook/cmake_prefix_path.ps1'
[25.375s] INFO:colcon.colcon_core.shell:Creating environment descriptor '/home/luqseee/robot_ws/install/sllidar_ros2/share/sllidar_ros2/hook/cmake_prefix_path.dsv'
[25.376s] INFO:colcon.colcon_core.shell:Creating environment hook '/home/luqseee/robot_ws/install/sllidar_ros2/share/sllidar_ros2/hook/cmake_prefix_path.sh'
[25.377s] Level 1:colcon.colcon_core.environment:checking '/home/luqseee/robot_ws/install/sllidar_ros2/lib'
[25.377s] Level 1:colcon.colcon_core.environment:checking '/home/luqseee/robot_ws/install/sllidar_ros2/bin'
[25.377s] Level 1:colcon.colcon_core.environment:checking '/home/luqseee/robot_ws/install/sllidar_ros2/lib/pkgconfig/sllidar_ros2.pc'
[25.378s] Level 1:colcon.colcon_core.environment:checking '/home/luqseee/robot_ws/install/sllidar_ros2/lib/python3.12/site-packages'
[25.378s] Level 1:colcon.colcon_core.environment:checking '/home/luqseee/robot_ws/install/sllidar_ros2/bin'
[25.379s] INFO:colcon.colcon_core.shell:Creating package script '/home/luqseee/robot_ws/install/sllidar_ros2/share/sllidar_ros2/package.ps1'
[25.380s] INFO:colcon.colcon_core.shell:Creating package descriptor '/home/luqseee/robot_ws/install/sllidar_ros2/share/sllidar_ros2/package.dsv'
[25.380s] INFO:colcon.colcon_core.shell:Creating package script '/home/luqseee/robot_ws/install/sllidar_ros2/share/sllidar_ros2/package.sh'
[25.383s] INFO:colcon.colcon_core.shell:Creating package script '/home/luqseee/robot_ws/install/sllidar_ros2/share/sllidar_ros2/package.bash'
[25.384s] INFO:colcon.colcon_core.shell:Creating package script '/home/luqseee/robot_ws/install/sllidar_ros2/share/sllidar_ros2/package.zsh'
[25.386s] Level 1:colcon.colcon_core.environment:create_file_with_runtime_dependencies(/home/luqseee/robot_ws/install/sllidar_ros2/share/colcon-core/packages/sllidar_ros2)
[33.945s] DEBUG:colcon.colcon_core.event_handler.log_command:Invoked command in '/home/luqseee/robot_ws/build/hoverboard_hardware_interface' returned '0': CMAKE_PREFIX_PATH=${CMAKE_PREFIX_PATH}:/opt/ros/jazzy DEBUGINFOD_URLS=https://debuginfod.ubuntu.com /usr/bin/cmake --build /home/luqseee/robot_ws/build/hoverboard_hardware_interface -- -j4 -l4
[33.947s] DEBUG:colcon.colcon_core.event_handler.log_command:Invoking command in '/home/luqseee/robot_ws/build/hoverboard_hardware_interface': CMAKE_PREFIX_PATH=${CMAKE_PREFIX_PATH}:/opt/ros/jazzy DEBUGINFOD_URLS=https://debuginfod.ubuntu.com /usr/bin/cmake --install /home/luqseee/robot_ws/build/hoverboard_hardware_interface
[34.437s] Level 1:colcon.colcon_core.environment:create_environment_scripts_only(hoverboard_hardware_interface)
[34.437s] Level 1:colcon.colcon_core.environment:checking '/home/luqseee/robot_ws/install/hoverboard_hardware_interface' for CMake module files
[34.438s] DEBUG:colcon.colcon_core.event_handler.log_command:Invoked command in '/home/luqseee/robot_ws/build/hoverboard_hardware_interface' returned '0': CMAKE_PREFIX_PATH=${CMAKE_PREFIX_PATH}:/opt/ros/jazzy DEBUGINFOD_URLS=https://debuginfod.ubuntu.com /usr/bin/cmake --install /home/luqseee/robot_ws/build/hoverboard_hardware_interface
[34.439s] Level 1:colcon.colcon_core.environment:checking '/home/luqseee/robot_ws/install/hoverboard_hardware_interface' for CMake config files
[34.439s] Level 1:colcon.colcon_core.shell:create_environment_hook('hoverboard_hardware_interface', 'cmake_prefix_path')
[34.440s] INFO:colcon.colcon_core.shell:Creating environment hook '/home/luqseee/robot_ws/install/hoverboard_hardware_interface/share/hoverboard_hardware_interface/hook/cmake_prefix_path.ps1'
[34.440s] INFO:colcon.colcon_core.shell:Creating environment descriptor '/home/luqseee/robot_ws/install/hoverboard_hardware_interface/share/hoverboard_hardware_interface/hook/cmake_prefix_path.dsv'
[34.441s] INFO:colcon.colcon_core.shell:Creating environment hook '/home/luqseee/robot_ws/install/hoverboard_hardware_interface/share/hoverboard_hardware_interface/hook/cmake_prefix_path.sh'
[34.441s] Level 1:colcon.colcon_core.environment:checking '/home/luqseee/robot_ws/install/hoverboard_hardware_interface/lib'
[34.441s] Level 1:colcon.colcon_core.shell:create_environment_hook('hoverboard_hardware_interface', 'ld_library_path_lib')
[34.442s] INFO:colcon.colcon_core.shell:Creating environment hook '/home/luqseee/robot_ws/install/hoverboard_hardware_interface/share/hoverboard_hardware_interface/hook/ld_library_path_lib.ps1'
[34.442s] INFO:colcon.colcon_core.shell:Creating environment descriptor '/home/luqseee/robot_ws/install/hoverboard_hardware_interface/share/hoverboard_hardware_interface/hook/ld_library_path_lib.dsv'
[34.442s] INFO:colcon.colcon_core.shell:Creating environment hook '/home/luqseee/robot_ws/install/hoverboard_hardware_interface/share/hoverboard_hardware_interface/hook/ld_library_path_lib.sh'
[34.443s] Level 1:colcon.colcon_core.environment:checking '/home/luqseee/robot_ws/install/hoverboard_hardware_interface/bin'
[34.443s] Level 1:colcon.colcon_core.environment:checking '/home/luqseee/robot_ws/install/hoverboard_hardware_interface/lib/pkgconfig/hoverboard_hardware_interface.pc'
[34.443s] Level 1:colcon.colcon_core.environment:checking '/home/luqseee/robot_ws/install/hoverboard_hardware_interface/lib/python3.12/site-packages'
[34.444s] Level 1:colcon.colcon_core.environment:checking '/home/luqseee/robot_ws/install/hoverboard_hardware_interface/bin'
[34.444s] INFO:colcon.colcon_core.shell:Creating package script '/home/luqseee/robot_ws/install/hoverboard_hardware_interface/share/hoverboard_hardware_interface/package.ps1'
[34.445s] INFO:colcon.colcon_core.shell:Creating package descriptor '/home/luqseee/robot_ws/install/hoverboard_hardware_interface/share/hoverboard_hardware_interface/package.dsv'
[34.445s] INFO:colcon.colcon_core.shell:Creating package script '/home/luqseee/robot_ws/install/hoverboard_hardware_interface/share/hoverboard_hardware_interface/package.sh'
[34.446s] INFO:colcon.colcon_core.shell:Creating package script '/home/luqseee/robot_ws/install/hoverboard_hardware_interface/share/hoverboard_hardware_interface/package.bash'
[34.446s] INFO:colcon.colcon_core.shell:Creating package script '/home/luqseee/robot_ws/install/hoverboard_hardware_interface/share/hoverboard_hardware_interface/package.zsh'
[34.447s] Level 1:colcon.colcon_core.environment:create_file_with_runtime_dependencies(/home/luqseee/robot_ws/install/hoverboard_hardware_interface/share/colcon-core/packages/hoverboard_hardware_interface)
[34.447s] Level 1:colcon.colcon_core.environment:create_environment_scripts_only(hoverboard_hardware_interface)
[34.448s] Level 1:colcon.colcon_core.environment:checking '/home/luqseee/robot_ws/install/hoverboard_hardware_interface' for CMake module files
[34.448s] Level 1:colcon.colcon_core.environment:checking '/home/luqseee/robot_ws/install/hoverboard_hardware_interface' for CMake config files
[34.449s] Level 1:colcon.colcon_core.shell:create_environment_hook('hoverboard_hardware_interface', 'cmake_prefix_path')
[34.449s] INFO:colcon.colcon_core.shell:Creating environment hook '/home/luqseee/robot_ws/install/hoverboard_hardware_interface/share/hoverboard_hardware_interface/hook/cmake_prefix_path.ps1'
[34.450s] INFO:colcon.colcon_core.shell:Creating environment descriptor '/home/luqseee/robot_ws/install/hoverboard_hardware_interface/share/hoverboard_hardware_interface/hook/cmake_prefix_path.dsv'
[34.450s] INFO:colcon.colcon_core.shell:Creating environment hook '/home/luqseee/robot_ws/install/hoverboard_hardware_interface/share/hoverboard_hardware_interface/hook/cmake_prefix_path.sh'
[34.451s] Level 1:colcon.colcon_core.environment:checking '/home/luqseee/robot_ws/install/hoverboard_hardware_interface/lib'
[34.451s] Level 1:colcon.colcon_core.shell:create_environment_hook('hoverboard_hardware_interface', 'ld_library_path_lib')
[34.452s] INFO:colcon.colcon_core.shell:Creating environment hook '/home/luqseee/robot_ws/install/hoverboard_hardware_interface/share/hoverboard_hardware_interface/hook/ld_library_path_lib.ps1'
[34.452s] INFO:colcon.colcon_core.shell:Creating environment descriptor '/home/luqseee/robot_ws/install/hoverboard_hardware_interface/share/hoverboard_hardware_interface/hook/ld_library_path_lib.dsv'
[34.453s] INFO:colcon.colcon_core.shell:Creating environment hook '/home/luqseee/robot_ws/install/hoverboard_hardware_interface/share/hoverboard_hardware_interface/hook/ld_library_path_lib.sh'
[34.454s] Level 1:colcon.colcon_core.environment:checking '/home/luqseee/robot_ws/install/hoverboard_hardware_interface/bin'
[34.454s] Level 1:colcon.colcon_core.environment:checking '/home/luqseee/robot_ws/install/hoverboard_hardware_interface/lib/pkgconfig/hoverboard_hardware_interface.pc'
[34.454s] Level 1:colcon.colcon_core.environment:checking '/home/luqseee/robot_ws/install/hoverboard_hardware_interface/lib/python3.12/site-packages'
[34.454s] Level 1:colcon.colcon_core.environment:checking '/home/luqseee/robot_ws/install/hoverboard_hardware_interface/bin'
[34.455s] INFO:colcon.colcon_core.shell:Creating package script '/home/luqseee/robot_ws/install/hoverboard_hardware_interface/share/hoverboard_hardware_interface/package.ps1'
[34.456s] INFO:colcon.colcon_core.shell:Creating package descriptor '/home/luqseee/robot_ws/install/hoverboard_hardware_interface/share/hoverboard_hardware_interface/package.dsv'
[34.457s] INFO:colcon.colcon_core.shell:Creating package script '/home/luqseee/robot_ws/install/hoverboard_hardware_interface/share/hoverboard_hardware_interface/package.sh'
[34.459s] INFO:colcon.colcon_core.shell:Creating package script '/home/luqseee/robot_ws/install/hoverboard_hardware_interface/share/hoverboard_hardware_interface/package.bash'
[34.460s] INFO:colcon.colcon_core.shell:Creating package script '/home/luqseee/robot_ws/install/hoverboard_hardware_interface/share/hoverboard_hardware_interface/package.zsh'
[34.461s] Level 1:colcon.colcon_core.environment:create_file_with_runtime_dependencies(/home/luqseee/robot_ws/install/hoverboard_hardware_interface/share/colcon-core/packages/hoverboard_hardware_interface)
[34.463s] DEBUG:colcon.colcon_parallel_executor.executor.parallel:closing loop
[34.463s] DEBUG:colcon.colcon_parallel_executor.executor.parallel:loop closed
[34.463s] DEBUG:colcon.colcon_parallel_executor.executor.parallel:run_until_complete finished with '0'
[34.463s] DEBUG:colcon.colcon_core.event_reactor:joining thread
[34.464s] DEBUG:colcon.colcon_core.event_reactor:joined thread
[34.465s] INFO:colcon.colcon_core.shell:Creating prefix script '/home/luqseee/robot_ws/install/local_setup.ps1'
[34.466s] INFO:colcon.colcon_core.shell:Creating prefix util module '/home/luqseee/robot_ws/install/_local_setup_util_ps1.py'
[34.467s] INFO:colcon.colcon_core.shell:Creating prefix chain script '/home/luqseee/robot_ws/install/setup.ps1'
[34.469s] INFO:colcon.colcon_core.shell:Creating prefix script '/home/luqseee/robot_ws/install/local_setup.sh'
[34.469s] INFO:colcon.colcon_core.shell:Creating prefix util module '/home/luqseee/robot_ws/install/_local_setup_util_sh.py'
[34.470s] INFO:colcon.colcon_core.shell:Creating prefix chain script '/home/luqseee/robot_ws/install/setup.sh'
[34.472s] INFO:colcon.colcon_core.shell:Creating prefix script '/home/luqseee/robot_ws/install/local_setup.bash'
[34.472s] INFO:colcon.colcon_core.shell:Creating prefix chain script '/home/luqseee/robot_ws/install/setup.bash'
[34.474s] INFO:colcon.colcon_core.shell:Creating prefix script '/home/luqseee/robot_ws/install/local_setup.zsh'
[34.475s] INFO:colcon.colcon_core.shell:Creating prefix chain script '/home/luqseee/robot_ws/install/setup.zsh'
