[0.310s] DEBUG:colcon:Command line arguments: ['/usr/bin/colcon', 'build', '--symlink-install']
[0.310s] DEBUG:colcon:Parsed command line arguments: Namespace(log_base=None, log_level=None, verb_name='build', build_base='build', install_base='install', merge_install=False, symlink_install=True, test_result_base=None, continue_on_error=False, executor='parallel', parallel_workers=4, event_handlers=None, ignore_user_meta=False, metas=['./colcon.meta'], base_paths=['.'], packages_ignore=None, packages_ignore_regex=None, paths=None, packages_up_to=None, packages_up_to_regex=None, packages_above=None, packages_above_and_dependencies=None, packages_above_depth=None, packages_select_by_dep=None, packages_skip_by_dep=None, packages_skip_up_to=None, packages_select_build_failed=False, packages_skip_build_finished=False, packages_select_test_failures=False, packages_skip_test_passed=False, packages_select=None, packages_skip=None, packages_select_regex=None, packages_skip_regex=None, packages_start=None, packages_end=None, allow_overriding=[], cmake_args=None, cmake_target=None, cmake_target_skip_unavailable=False, cmake_clean_cache=False, cmake_clean_first=False, cmake_force_configure=False, meson_args=[], ament_cmake_args=None, catkin_cmake_args=None, catkin_skip_building_tests=False, mixin_files=None, mixin=None, verb_parser=<colcon_mixin.mixin.mixin_argument.MixinArgumentDecorator object at 0xffff90c70a10>, verb_extension=<colcon_core.verb.build.BuildVerb object at 0xffff90e291f0>, main=<bound method BuildVerb.main of <colcon_core.verb.build.BuildVerb object at 0xffff90e291f0>>, mixin_verb=('build',))
[0.368s] Level 1:colcon.colcon_core.package_discovery:discover_packages(colcon_meta) check parameters
[0.368s] Level 1:colcon.colcon_core.package_discovery:discover_packages(recursive) check parameters
[0.368s] Level 1:colcon.colcon_core.package_discovery:discover_packages(ignore) check parameters
[0.368s] Level 1:colcon.colcon_core.package_discovery:discover_packages(path) check parameters
[0.368s] Level 1:colcon.colcon_core.package_discovery:discover_packages(colcon_meta) discover
[0.368s] Level 1:colcon.colcon_core.package_discovery:discover_packages(recursive) discover
[0.369s] INFO:colcon.colcon_core.package_discovery:Crawling recursively for packages in '/home/luqseee/robot_ws'
[0.369s] Level 1:colcon.colcon_core.package_identification:_identify(.) by extensions ['ignore', 'ignore_ament_install']
[0.369s] Level 1:colcon.colcon_core.package_identification:_identify(.) by extension 'ignore'
[0.369s] Level 1:colcon.colcon_core.package_identification:_identify(.) by extension 'ignore_ament_install'
[0.369s] Level 1:colcon.colcon_core.package_identification:_identify(.) by extensions ['colcon_pkg']
[0.369s] Level 1:colcon.colcon_core.package_identification:_identify(.) by extension 'colcon_pkg'
[0.369s] Level 1:colcon.colcon_core.package_identification:_identify(.) by extensions ['colcon_meta']
[0.369s] Level 1:colcon.colcon_core.package_identification:_identify(.) by extension 'colcon_meta'
[0.369s] Level 1:colcon.colcon_core.package_identification:_identify(.) by extensions ['ros']
[0.369s] Level 1:colcon.colcon_core.package_identification:_identify(.) by extension 'ros'
[0.434s] Level 1:colcon.colcon_core.package_identification:_identify(.) by extensions ['cmake', 'meson', 'python']
[0.435s] Level 1:colcon.colcon_core.package_identification:_identify(.) by extension 'cmake'
[0.435s] Level 1:colcon.colcon_core.package_identification:_identify(.) by extension 'meson'
[0.437s] Level 1:colcon.colcon_core.package_identification:_identify(.) by extension 'python'
[0.437s] Level 1:colcon.colcon_core.package_identification:_identify(.) by extensions ['python_setup_py']
[0.437s] Level 1:colcon.colcon_core.package_identification:_identify(.) by extension 'python_setup_py'
[0.437s] Level 1:colcon.colcon_core.package_identification:_identify(build) by extensions ['ignore', 'ignore_ament_install']
[0.437s] Level 1:colcon.colcon_core.package_identification:_identify(build) by extension 'ignore'
[0.437s] Level 1:colcon.colcon_core.package_identification:_identify(build) ignored
[0.437s] Level 1:colcon.colcon_core.package_identification:_identify(install) by extensions ['ignore', 'ignore_ament_install']
[0.437s] Level 1:colcon.colcon_core.package_identification:_identify(install) by extension 'ignore'
[0.437s] Level 1:colcon.colcon_core.package_identification:_identify(install) ignored
[0.438s] Level 1:colcon.colcon_core.package_identification:_identify(log) by extensions ['ignore', 'ignore_ament_install']
[0.438s] Level 1:colcon.colcon_core.package_identification:_identify(log) by extension 'ignore'
[0.438s] Level 1:colcon.colcon_core.package_identification:_identify(log) ignored
[0.438s] Level 1:colcon.colcon_core.package_identification:_identify(src) by extensions ['ignore', 'ignore_ament_install']
[0.438s] Level 1:colcon.colcon_core.package_identification:_identify(src) by extension 'ignore'
[0.438s] Level 1:colcon.colcon_core.package_identification:_identify(src) by extension 'ignore_ament_install'
[0.438s] Level 1:colcon.colcon_core.package_identification:_identify(src) by extensions ['colcon_pkg']
[0.438s] Level 1:colcon.colcon_core.package_identification:_identify(src) by extension 'colcon_pkg'
[0.438s] Level 1:colcon.colcon_core.package_identification:_identify(src) by extensions ['colcon_meta']
[0.438s] Level 1:colcon.colcon_core.package_identification:_identify(src) by extension 'colcon_meta'
[0.438s] Level 1:colcon.colcon_core.package_identification:_identify(src) by extensions ['ros']
[0.438s] Level 1:colcon.colcon_core.package_identification:_identify(src) by extension 'ros'
[0.438s] Level 1:colcon.colcon_core.package_identification:_identify(src) by extensions ['cmake', 'meson', 'python']
[0.438s] Level 1:colcon.colcon_core.package_identification:_identify(src) by extension 'cmake'
[0.438s] Level 1:colcon.colcon_core.package_identification:_identify(src) by extension 'meson'
[0.440s] Level 1:colcon.colcon_core.package_identification:_identify(src) by extension 'python'
[0.440s] Level 1:colcon.colcon_core.package_identification:_identify(src) by extensions ['python_setup_py']
[0.440s] Level 1:colcon.colcon_core.package_identification:_identify(src) by extension 'python_setup_py'
[0.440s] Level 1:colcon.colcon_core.package_identification:_identify(src/build) by extensions ['ignore', 'ignore_ament_install']
[0.440s] Level 1:colcon.colcon_core.package_identification:_identify(src/build) by extension 'ignore'
[0.440s] Level 1:colcon.colcon_core.package_identification:_identify(src/build) ignored
[0.440s] Level 1:colcon.colcon_core.package_identification:_identify(src/hoverboard_ros2_control) by extensions ['ignore', 'ignore_ament_install']
[0.440s] Level 1:colcon.colcon_core.package_identification:_identify(src/hoverboard_ros2_control) by extension 'ignore'
[0.440s] Level 1:colcon.colcon_core.package_identification:_identify(src/hoverboard_ros2_control) by extension 'ignore_ament_install'
[0.440s] Level 1:colcon.colcon_core.package_identification:_identify(src/hoverboard_ros2_control) by extensions ['colcon_pkg']
[0.440s] Level 1:colcon.colcon_core.package_identification:_identify(src/hoverboard_ros2_control) by extension 'colcon_pkg'
[0.440s] Level 1:colcon.colcon_core.package_identification:_identify(src/hoverboard_ros2_control) by extensions ['colcon_meta']
[0.440s] Level 1:colcon.colcon_core.package_identification:_identify(src/hoverboard_ros2_control) by extension 'colcon_meta'
[0.441s] Level 1:colcon.colcon_core.package_identification:_identify(src/hoverboard_ros2_control) by extensions ['ros']
[0.441s] Level 1:colcon.colcon_core.package_identification:_identify(src/hoverboard_ros2_control) by extension 'ros'
[0.441s] Level 1:colcon.colcon_core.package_identification:_identify(src/hoverboard_ros2_control) by extensions ['cmake', 'meson', 'python']
[0.441s] Level 1:colcon.colcon_core.package_identification:_identify(src/hoverboard_ros2_control) by extension 'cmake'
[0.441s] Level 1:colcon.colcon_core.package_identification:_identify(src/hoverboard_ros2_control) by extension 'meson'
[0.442s] Level 1:colcon.colcon_core.package_identification:_identify(src/hoverboard_ros2_control) by extension 'python'
[0.442s] Level 1:colcon.colcon_core.package_identification:_identify(src/hoverboard_ros2_control) by extensions ['python_setup_py']
[0.442s] Level 1:colcon.colcon_core.package_identification:_identify(src/hoverboard_ros2_control) by extension 'python_setup_py'
[0.442s] Level 1:colcon.colcon_core.package_identification:_identify(src/hoverboard_ros2_control/hoverboard_demo_bringup) by extensions ['ignore', 'ignore_ament_install']
[0.442s] Level 1:colcon.colcon_core.package_identification:_identify(src/hoverboard_ros2_control/hoverboard_demo_bringup) by extension 'ignore'
[0.442s] Level 1:colcon.colcon_core.package_identification:_identify(src/hoverboard_ros2_control/hoverboard_demo_bringup) by extension 'ignore_ament_install'
[0.442s] Level 1:colcon.colcon_core.package_identification:_identify(src/hoverboard_ros2_control/hoverboard_demo_bringup) by extensions ['colcon_pkg']
[0.442s] Level 1:colcon.colcon_core.package_identification:_identify(src/hoverboard_ros2_control/hoverboard_demo_bringup) by extension 'colcon_pkg'
[0.442s] Level 1:colcon.colcon_core.package_identification:_identify(src/hoverboard_ros2_control/hoverboard_demo_bringup) by extensions ['colcon_meta']
[0.442s] Level 1:colcon.colcon_core.package_identification:_identify(src/hoverboard_ros2_control/hoverboard_demo_bringup) by extension 'colcon_meta'
[0.442s] Level 1:colcon.colcon_core.package_identification:_identify(src/hoverboard_ros2_control/hoverboard_demo_bringup) by extensions ['ros']
[0.443s] Level 1:colcon.colcon_core.package_identification:_identify(src/hoverboard_ros2_control/hoverboard_demo_bringup) by extension 'ros'
[0.446s] DEBUG:colcon.colcon_core.package_identification:Package 'src/hoverboard_ros2_control/hoverboard_demo_bringup' with type 'ros.ament_cmake' and name 'hoverboard_demo_bringup'
[0.446s] Level 1:colcon.colcon_core.package_identification:_identify(src/hoverboard_ros2_control/hoverboard_demo_description) by extensions ['ignore', 'ignore_ament_install']
[0.446s] Level 1:colcon.colcon_core.package_identification:_identify(src/hoverboard_ros2_control/hoverboard_demo_description) by extension 'ignore'
[0.446s] Level 1:colcon.colcon_core.package_identification:_identify(src/hoverboard_ros2_control/hoverboard_demo_description) by extension 'ignore_ament_install'
[0.446s] Level 1:colcon.colcon_core.package_identification:_identify(src/hoverboard_ros2_control/hoverboard_demo_description) by extensions ['colcon_pkg']
[0.446s] Level 1:colcon.colcon_core.package_identification:_identify(src/hoverboard_ros2_control/hoverboard_demo_description) by extension 'colcon_pkg'
[0.446s] Level 1:colcon.colcon_core.package_identification:_identify(src/hoverboard_ros2_control/hoverboard_demo_description) by extensions ['colcon_meta']
[0.446s] Level 1:colcon.colcon_core.package_identification:_identify(src/hoverboard_ros2_control/hoverboard_demo_description) by extension 'colcon_meta'
[0.446s] Level 1:colcon.colcon_core.package_identification:_identify(src/hoverboard_ros2_control/hoverboard_demo_description) by extensions ['ros']
[0.446s] Level 1:colcon.colcon_core.package_identification:_identify(src/hoverboard_ros2_control/hoverboard_demo_description) by extension 'ros'
[0.447s] DEBUG:colcon.colcon_core.package_identification:Package 'src/hoverboard_ros2_control/hoverboard_demo_description' with type 'ros.ament_cmake' and name 'hoverboard_demo_description'
[0.447s] Level 1:colcon.colcon_core.package_identification:_identify(src/hoverboard_ros2_control/hoverboard_hardware_interface) by extensions ['ignore', 'ignore_ament_install']
[0.447s] Level 1:colcon.colcon_core.package_identification:_identify(src/hoverboard_ros2_control/hoverboard_hardware_interface) by extension 'ignore'
[0.447s] Level 1:colcon.colcon_core.package_identification:_identify(src/hoverboard_ros2_control/hoverboard_hardware_interface) by extension 'ignore_ament_install'
[0.447s] Level 1:colcon.colcon_core.package_identification:_identify(src/hoverboard_ros2_control/hoverboard_hardware_interface) by extensions ['colcon_pkg']
[0.447s] Level 1:colcon.colcon_core.package_identification:_identify(src/hoverboard_ros2_control/hoverboard_hardware_interface) by extension 'colcon_pkg'
[0.447s] Level 1:colcon.colcon_core.package_identification:_identify(src/hoverboard_ros2_control/hoverboard_hardware_interface) by extensions ['colcon_meta']
[0.447s] Level 1:colcon.colcon_core.package_identification:_identify(src/hoverboard_ros2_control/hoverboard_hardware_interface) by extension 'colcon_meta'
[0.447s] Level 1:colcon.colcon_core.package_identification:_identify(src/hoverboard_ros2_control/hoverboard_hardware_interface) by extensions ['ros']
[0.447s] Level 1:colcon.colcon_core.package_identification:_identify(src/hoverboard_ros2_control/hoverboard_hardware_interface) by extension 'ros'
[0.448s] DEBUG:colcon.colcon_core.package_identification:Package 'src/hoverboard_ros2_control/hoverboard_hardware_interface' with type 'ros.ament_cmake' and name 'hoverboard_hardware_interface'
[0.448s] Level 1:colcon.colcon_core.package_identification:_identify(src/hoverboard_ros2_control/hoverboard_ros2_control) by extensions ['ignore', 'ignore_ament_install']
[0.448s] Level 1:colcon.colcon_core.package_identification:_identify(src/hoverboard_ros2_control/hoverboard_ros2_control) by extension 'ignore'
[0.448s] Level 1:colcon.colcon_core.package_identification:_identify(src/hoverboard_ros2_control/hoverboard_ros2_control) by extension 'ignore_ament_install'
[0.448s] Level 1:colcon.colcon_core.package_identification:_identify(src/hoverboard_ros2_control/hoverboard_ros2_control) by extensions ['colcon_pkg']
[0.448s] Level 1:colcon.colcon_core.package_identification:_identify(src/hoverboard_ros2_control/hoverboard_ros2_control) by extension 'colcon_pkg'
[0.449s] Level 1:colcon.colcon_core.package_identification:_identify(src/hoverboard_ros2_control/hoverboard_ros2_control) by extensions ['colcon_meta']
[0.449s] Level 1:colcon.colcon_core.package_identification:_identify(src/hoverboard_ros2_control/hoverboard_ros2_control) by extension 'colcon_meta'
[0.449s] Level 1:colcon.colcon_core.package_identification:_identify(src/hoverboard_ros2_control/hoverboard_ros2_control) by extensions ['ros']
[0.449s] Level 1:colcon.colcon_core.package_identification:_identify(src/hoverboard_ros2_control/hoverboard_ros2_control) by extension 'ros'
[0.449s] DEBUG:colcon.colcon_core.package_identification:Package 'src/hoverboard_ros2_control/hoverboard_ros2_control' with type 'ros.ament_cmake' and name 'hoverboard_ros2_control'
[0.449s] Level 1:colcon.colcon_core.package_identification:_identify(src/install) by extensions ['ignore', 'ignore_ament_install']
[0.449s] Level 1:colcon.colcon_core.package_identification:_identify(src/install) by extension 'ignore'
[0.449s] Level 1:colcon.colcon_core.package_identification:_identify(src/install) ignored
[0.449s] Level 1:colcon.colcon_core.package_identification:_identify(src/log) by extensions ['ignore', 'ignore_ament_install']
[0.450s] Level 1:colcon.colcon_core.package_identification:_identify(src/log) by extension 'ignore'
[0.450s] Level 1:colcon.colcon_core.package_identification:_identify(src/log) ignored
[0.450s] Level 1:colcon.colcon_core.package_identification:_identify(src/my_bot) by extensions ['ignore', 'ignore_ament_install']
[0.450s] Level 1:colcon.colcon_core.package_identification:_identify(src/my_bot) by extension 'ignore'
[0.450s] Level 1:colcon.colcon_core.package_identification:_identify(src/my_bot) by extension 'ignore_ament_install'
[0.450s] Level 1:colcon.colcon_core.package_identification:_identify(src/my_bot) by extensions ['colcon_pkg']
[0.450s] Level 1:colcon.colcon_core.package_identification:_identify(src/my_bot) by extension 'colcon_pkg'
[0.450s] Level 1:colcon.colcon_core.package_identification:_identify(src/my_bot) by extensions ['colcon_meta']
[0.450s] Level 1:colcon.colcon_core.package_identification:_identify(src/my_bot) by extension 'colcon_meta'
[0.450s] Level 1:colcon.colcon_core.package_identification:_identify(src/my_bot) by extensions ['ros']
[0.450s] Level 1:colcon.colcon_core.package_identification:_identify(src/my_bot) by extension 'ros'
[0.451s] DEBUG:colcon.colcon_core.package_identification:Package 'src/my_bot' with type 'ros.ament_cmake' and name 'my_bot'
[0.451s] Level 1:colcon.colcon_core.package_identification:_identify(src/sllidar_ros2) by extensions ['ignore', 'ignore_ament_install']
[0.451s] Level 1:colcon.colcon_core.package_identification:_identify(src/sllidar_ros2) by extension 'ignore'
[0.451s] Level 1:colcon.colcon_core.package_identification:_identify(src/sllidar_ros2) by extension 'ignore_ament_install'
[0.451s] Level 1:colcon.colcon_core.package_identification:_identify(src/sllidar_ros2) by extensions ['colcon_pkg']
[0.451s] Level 1:colcon.colcon_core.package_identification:_identify(src/sllidar_ros2) by extension 'colcon_pkg'
[0.451s] Level 1:colcon.colcon_core.package_identification:_identify(src/sllidar_ros2) by extensions ['colcon_meta']
[0.451s] Level 1:colcon.colcon_core.package_identification:_identify(src/sllidar_ros2) by extension 'colcon_meta'
[0.451s] Level 1:colcon.colcon_core.package_identification:_identify(src/sllidar_ros2) by extensions ['ros']
[0.451s] Level 1:colcon.colcon_core.package_identification:_identify(src/sllidar_ros2) by extension 'ros'
[0.452s] DEBUG:colcon.colcon_core.package_identification:Package 'src/sllidar_ros2' with type 'ros.ament_cmake' and name 'sllidar_ros2'
[0.452s] Level 1:colcon.colcon_core.package_discovery:discover_packages(recursive) using defaults
[0.452s] Level 1:colcon.colcon_core.package_discovery:discover_packages(ignore) discover
[0.452s] Level 1:colcon.colcon_core.package_discovery:discover_packages(ignore) using defaults
[0.452s] Level 1:colcon.colcon_core.package_discovery:discover_packages(path) discover
[0.452s] Level 1:colcon.colcon_core.package_discovery:discover_packages(path) using defaults
[0.472s] Level 1:colcon.colcon_core.package_discovery:discover_packages(prefix_path) check parameters
[0.472s] Level 1:colcon.colcon_core.package_discovery:discover_packages(prefix_path) discover
[0.473s] WARNING:colcon.colcon_ros.prefix_path.ament:The path '/home/luqseee/robot_ws/install/camera_ros' in the environment variable AMENT_PREFIX_PATH doesn't exist
[0.473s] WARNING:colcon.colcon_ros.prefix_path.catkin:The path '/home/luqseee/robot_ws/install/camera_ros' in the environment variable CMAKE_PREFIX_PATH doesn't exist
[0.474s] DEBUG:colcon.colcon_installed_package_information.package_discovery:Found 2 installed packages in /home/luqseee/robot_ws/install
[0.477s] DEBUG:colcon.colcon_installed_package_information.package_discovery:Found 359 installed packages in /opt/ros/jazzy
[0.479s] Level 1:colcon.colcon_core.package_discovery:discover_packages(prefix_path) using defaults
[0.560s] Level 5:colcon.colcon_core.verb:set package 'hoverboard_demo_description' build argument 'cmake_args' from command line to 'None'
[0.561s] Level 5:colcon.colcon_core.verb:set package 'hoverboard_demo_description' build argument 'cmake_target' from command line to 'None'
[0.561s] Level 5:colcon.colcon_core.verb:set package 'hoverboard_demo_description' build argument 'cmake_target_skip_unavailable' from command line to 'False'
[0.561s] Level 5:colcon.colcon_core.verb:set package 'hoverboard_demo_description' build argument 'cmake_clean_cache' from command line to 'False'
[0.561s] Level 5:colcon.colcon_core.verb:set package 'hoverboard_demo_description' build argument 'cmake_clean_first' from command line to 'False'
[0.561s] Level 5:colcon.colcon_core.verb:set package 'hoverboard_demo_description' build argument 'cmake_force_configure' from command line to 'False'
[0.561s] Level 5:colcon.colcon_core.verb:set package 'hoverboard_demo_description' build argument 'meson_args' from command line to '[]'
[0.561s] Level 5:colcon.colcon_core.verb:set package 'hoverboard_demo_description' build argument 'ament_cmake_args' from command line to 'None'
[0.561s] Level 5:colcon.colcon_core.verb:set package 'hoverboard_demo_description' build argument 'catkin_cmake_args' from command line to 'None'
[0.561s] Level 5:colcon.colcon_core.verb:set package 'hoverboard_demo_description' build argument 'catkin_skip_building_tests' from command line to 'False'
[0.561s] DEBUG:colcon.colcon_core.verb:Building package 'hoverboard_demo_description' with the following arguments: {'ament_cmake_args': None, 'build_base': '/home/luqseee/robot_ws/build/hoverboard_demo_description', 'catkin_cmake_args': None, 'catkin_skip_building_tests': False, 'cmake_args': None, 'cmake_clean_cache': False, 'cmake_clean_first': False, 'cmake_force_configure': False, 'cmake_target': None, 'cmake_target_skip_unavailable': False, 'install_base': '/home/luqseee/robot_ws/install/hoverboard_demo_description', 'merge_install': False, 'meson_args': [], 'path': '/home/luqseee/robot_ws/src/hoverboard_ros2_control/hoverboard_demo_description', 'symlink_install': True, 'test_result_base': None}
[0.574s] Level 5:colcon.colcon_core.verb:set package 'hoverboard_hardware_interface' build argument 'cmake_args' from command line to 'None'
[0.574s] Level 5:colcon.colcon_core.verb:set package 'hoverboard_hardware_interface' build argument 'cmake_target' from command line to 'None'
[0.574s] Level 5:colcon.colcon_core.verb:set package 'hoverboard_hardware_interface' build argument 'cmake_target_skip_unavailable' from command line to 'False'
[0.574s] Level 5:colcon.colcon_core.verb:set package 'hoverboard_hardware_interface' build argument 'cmake_clean_cache' from command line to 'False'
[0.574s] Level 5:colcon.colcon_core.verb:set package 'hoverboard_hardware_interface' build argument 'cmake_clean_first' from command line to 'False'
[0.574s] Level 5:colcon.colcon_core.verb:set package 'hoverboard_hardware_interface' build argument 'cmake_force_configure' from command line to 'False'
[0.574s] Level 5:colcon.colcon_core.verb:set package 'hoverboard_hardware_interface' build argument 'meson_args' from command line to '[]'
[0.574s] Level 5:colcon.colcon_core.verb:set package 'hoverboard_hardware_interface' build argument 'ament_cmake_args' from command line to 'None'
[0.574s] Level 5:colcon.colcon_core.verb:set package 'hoverboard_hardware_interface' build argument 'catkin_cmake_args' from command line to 'None'
[0.574s] Level 5:colcon.colcon_core.verb:set package 'hoverboard_hardware_interface' build argument 'catkin_skip_building_tests' from command line to 'False'
[0.574s] DEBUG:colcon.colcon_core.verb:Building package 'hoverboard_hardware_interface' with the following arguments: {'ament_cmake_args': None, 'build_base': '/home/luqseee/robot_ws/build/hoverboard_hardware_interface', 'catkin_cmake_args': None, 'catkin_skip_building_tests': False, 'cmake_args': None, 'cmake_clean_cache': False, 'cmake_clean_first': False, 'cmake_force_configure': False, 'cmake_target': None, 'cmake_target_skip_unavailable': False, 'install_base': '/home/luqseee/robot_ws/install/hoverboard_hardware_interface', 'merge_install': False, 'meson_args': [], 'path': '/home/luqseee/robot_ws/src/hoverboard_ros2_control/hoverboard_hardware_interface', 'symlink_install': True, 'test_result_base': None}
[0.587s] Level 5:colcon.colcon_core.verb:set package 'hoverboard_ros2_control' build argument 'cmake_args' from command line to 'None'
[0.587s] Level 5:colcon.colcon_core.verb:set package 'hoverboard_ros2_control' build argument 'cmake_target' from command line to 'None'
[0.587s] Level 5:colcon.colcon_core.verb:set package 'hoverboard_ros2_control' build argument 'cmake_target_skip_unavailable' from command line to 'False'
[0.587s] Level 5:colcon.colcon_core.verb:set package 'hoverboard_ros2_control' build argument 'cmake_clean_cache' from command line to 'False'
[0.587s] Level 5:colcon.colcon_core.verb:set package 'hoverboard_ros2_control' build argument 'cmake_clean_first' from command line to 'False'
[0.587s] Level 5:colcon.colcon_core.verb:set package 'hoverboard_ros2_control' build argument 'cmake_force_configure' from command line to 'False'
[0.587s] Level 5:colcon.colcon_core.verb:set package 'hoverboard_ros2_control' build argument 'meson_args' from command line to '[]'
[0.587s] Level 5:colcon.colcon_core.verb:set package 'hoverboard_ros2_control' build argument 'ament_cmake_args' from command line to 'None'
[0.587s] Level 5:colcon.colcon_core.verb:set package 'hoverboard_ros2_control' build argument 'catkin_cmake_args' from command line to 'None'
[0.587s] Level 5:colcon.colcon_core.verb:set package 'hoverboard_ros2_control' build argument 'catkin_skip_building_tests' from command line to 'False'
[0.587s] DEBUG:colcon.colcon_core.verb:Building package 'hoverboard_ros2_control' with the following arguments: {'ament_cmake_args': None, 'build_base': '/home/luqseee/robot_ws/build/hoverboard_ros2_control', 'catkin_cmake_args': None, 'catkin_skip_building_tests': False, 'cmake_args': None, 'cmake_clean_cache': False, 'cmake_clean_first': False, 'cmake_force_configure': False, 'cmake_target': None, 'cmake_target_skip_unavailable': False, 'install_base': '/home/luqseee/robot_ws/install/hoverboard_ros2_control', 'merge_install': False, 'meson_args': [], 'path': '/home/luqseee/robot_ws/src/hoverboard_ros2_control/hoverboard_ros2_control', 'symlink_install': True, 'test_result_base': None}
[0.602s] Level 5:colcon.colcon_core.verb:set package 'my_bot' build argument 'cmake_args' from command line to 'None'
[0.602s] Level 5:colcon.colcon_core.verb:set package 'my_bot' build argument 'cmake_target' from command line to 'None'
[0.602s] Level 5:colcon.colcon_core.verb:set package 'my_bot' build argument 'cmake_target_skip_unavailable' from command line to 'False'
[0.602s] Level 5:colcon.colcon_core.verb:set package 'my_bot' build argument 'cmake_clean_cache' from command line to 'False'
[0.602s] Level 5:colcon.colcon_core.verb:set package 'my_bot' build argument 'cmake_clean_first' from command line to 'False'
[0.602s] Level 5:colcon.colcon_core.verb:set package 'my_bot' build argument 'cmake_force_configure' from command line to 'False'
[0.602s] Level 5:colcon.colcon_core.verb:set package 'my_bot' build argument 'meson_args' from command line to '[]'
[0.602s] Level 5:colcon.colcon_core.verb:set package 'my_bot' build argument 'ament_cmake_args' from command line to 'None'
[0.602s] Level 5:colcon.colcon_core.verb:set package 'my_bot' build argument 'catkin_cmake_args' from command line to 'None'
[0.602s] Level 5:colcon.colcon_core.verb:set package 'my_bot' build argument 'catkin_skip_building_tests' from command line to 'False'
[0.602s] DEBUG:colcon.colcon_core.verb:Building package 'my_bot' with the following arguments: {'ament_cmake_args': None, 'build_base': '/home/luqseee/robot_ws/build/my_bot', 'catkin_cmake_args': None, 'catkin_skip_building_tests': False, 'cmake_args': None, 'cmake_clean_cache': False, 'cmake_clean_first': False, 'cmake_force_configure': False, 'cmake_target': None, 'cmake_target_skip_unavailable': False, 'install_base': '/home/luqseee/robot_ws/install/my_bot', 'merge_install': False, 'meson_args': [], 'path': '/home/luqseee/robot_ws/src/my_bot', 'symlink_install': True, 'test_result_base': None}
[0.615s] Level 5:colcon.colcon_core.verb:set package 'sllidar_ros2' build argument 'cmake_args' from command line to 'None'
[0.615s] Level 5:colcon.colcon_core.verb:set package 'sllidar_ros2' build argument 'cmake_target' from command line to 'None'
[0.615s] Level 5:colcon.colcon_core.verb:set package 'sllidar_ros2' build argument 'cmake_target_skip_unavailable' from command line to 'False'
[0.615s] Level 5:colcon.colcon_core.verb:set package 'sllidar_ros2' build argument 'cmake_clean_cache' from command line to 'False'
[0.615s] Level 5:colcon.colcon_core.verb:set package 'sllidar_ros2' build argument 'cmake_clean_first' from command line to 'False'
[0.615s] Level 5:colcon.colcon_core.verb:set package 'sllidar_ros2' build argument 'cmake_force_configure' from command line to 'False'
[0.615s] Level 5:colcon.colcon_core.verb:set package 'sllidar_ros2' build argument 'meson_args' from command line to '[]'
[0.615s] Level 5:colcon.colcon_core.verb:set package 'sllidar_ros2' build argument 'ament_cmake_args' from command line to 'None'
[0.615s] Level 5:colcon.colcon_core.verb:set package 'sllidar_ros2' build argument 'catkin_cmake_args' from command line to 'None'
[0.615s] Level 5:colcon.colcon_core.verb:set package 'sllidar_ros2' build argument 'catkin_skip_building_tests' from command line to 'False'
[0.615s] DEBUG:colcon.colcon_core.verb:Building package 'sllidar_ros2' with the following arguments: {'ament_cmake_args': None, 'build_base': '/home/luqseee/robot_ws/build/sllidar_ros2', 'catkin_cmake_args': None, 'catkin_skip_building_tests': False, 'cmake_args': None, 'cmake_clean_cache': False, 'cmake_clean_first': False, 'cmake_force_configure': False, 'cmake_target': None, 'cmake_target_skip_unavailable': False, 'install_base': '/home/luqseee/robot_ws/install/sllidar_ros2', 'merge_install': False, 'meson_args': [], 'path': '/home/luqseee/robot_ws/src/sllidar_ros2', 'symlink_install': True, 'test_result_base': None}
[0.628s] Level 5:colcon.colcon_core.verb:set package 'hoverboard_demo_bringup' build argument 'cmake_args' from command line to 'None'
[0.628s] Level 5:colcon.colcon_core.verb:set package 'hoverboard_demo_bringup' build argument 'cmake_target' from command line to 'None'
[0.628s] Level 5:colcon.colcon_core.verb:set package 'hoverboard_demo_bringup' build argument 'cmake_target_skip_unavailable' from command line to 'False'
[0.628s] Level 5:colcon.colcon_core.verb:set package 'hoverboard_demo_bringup' build argument 'cmake_clean_cache' from command line to 'False'
[0.628s] Level 5:colcon.colcon_core.verb:set package 'hoverboard_demo_bringup' build argument 'cmake_clean_first' from command line to 'False'
[0.628s] Level 5:colcon.colcon_core.verb:set package 'hoverboard_demo_bringup' build argument 'cmake_force_configure' from command line to 'False'
[0.628s] Level 5:colcon.colcon_core.verb:set package 'hoverboard_demo_bringup' build argument 'meson_args' from command line to '[]'
[0.628s] Level 5:colcon.colcon_core.verb:set package 'hoverboard_demo_bringup' build argument 'ament_cmake_args' from command line to 'None'
[0.628s] Level 5:colcon.colcon_core.verb:set package 'hoverboard_demo_bringup' build argument 'catkin_cmake_args' from command line to 'None'
[0.628s] Level 5:colcon.colcon_core.verb:set package 'hoverboard_demo_bringup' build argument 'catkin_skip_building_tests' from command line to 'False'
[0.628s] DEBUG:colcon.colcon_core.verb:Building package 'hoverboard_demo_bringup' with the following arguments: {'ament_cmake_args': None, 'build_base': '/home/luqseee/robot_ws/build/hoverboard_demo_bringup', 'catkin_cmake_args': None, 'catkin_skip_building_tests': False, 'cmake_args': None, 'cmake_clean_cache': False, 'cmake_clean_first': False, 'cmake_force_configure': False, 'cmake_target': None, 'cmake_target_skip_unavailable': False, 'install_base': '/home/luqseee/robot_ws/install/hoverboard_demo_bringup', 'merge_install': False, 'meson_args': [], 'path': '/home/luqseee/robot_ws/src/hoverboard_ros2_control/hoverboard_demo_bringup', 'symlink_install': True, 'test_result_base': None}
[0.628s] INFO:colcon.colcon_core.executor:Executing jobs using 'parallel' executor
[0.630s] DEBUG:colcon.colcon_parallel_executor.executor.parallel:run_until_complete
[0.630s] INFO:colcon.colcon_ros.task.ament_cmake.build:Building ROS package in '/home/luqseee/robot_ws/src/hoverboard_ros2_control/hoverboard_demo_description' with build type 'ament_cmake'
[0.630s] INFO:colcon.colcon_cmake.task.cmake.build:Building CMake package in '/home/luqseee/robot_ws/src/hoverboard_ros2_control/hoverboard_demo_description'
[0.633s] INFO:colcon.colcon_core.plugin_system:Skipping extension 'colcon_core.shell.bat': Not used on non-Windows systems
[0.633s] INFO:colcon.colcon_core.shell:Skip shell extension 'powershell' for command environment: Not usable outside of PowerShell
[0.633s] DEBUG:colcon.colcon_core.shell:Skip shell extension 'dsv' for command environment
[0.638s] INFO:colcon.colcon_ros.task.ament_cmake.build:Building ROS package in '/home/luqseee/robot_ws/src/hoverboard_ros2_control/hoverboard_hardware_interface' with build type 'ament_cmake'
[0.638s] INFO:colcon.colcon_cmake.task.cmake.build:Building CMake package in '/home/luqseee/robot_ws/src/hoverboard_ros2_control/hoverboard_hardware_interface'
[0.639s] INFO:colcon.colcon_core.shell:Skip shell extension 'powershell' for command environment: Not usable outside of PowerShell
[0.639s] DEBUG:colcon.colcon_core.shell:Skip shell extension 'dsv' for command environment
[0.643s] INFO:colcon.colcon_ros.task.ament_cmake.build:Building ROS package in '/home/luqseee/robot_ws/src/hoverboard_ros2_control/hoverboard_ros2_control' with build type 'ament_cmake'
[0.644s] INFO:colcon.colcon_cmake.task.cmake.build:Building CMake package in '/home/luqseee/robot_ws/src/hoverboard_ros2_control/hoverboard_ros2_control'
[0.644s] INFO:colcon.colcon_core.shell:Skip shell extension 'powershell' for command environment: Not usable outside of PowerShell
[0.644s] DEBUG:colcon.colcon_core.shell:Skip shell extension 'dsv' for command environment
[0.649s] INFO:colcon.colcon_ros.task.ament_cmake.build:Building ROS package in '/home/luqseee/robot_ws/src/my_bot' with build type 'ament_cmake'
[0.649s] INFO:colcon.colcon_cmake.task.cmake.build:Building CMake package in '/home/luqseee/robot_ws/src/my_bot'
[0.649s] INFO:colcon.colcon_core.shell:Skip shell extension 'powershell' for command environment: Not usable outside of PowerShell
[0.649s] DEBUG:colcon.colcon_core.shell:Skip shell extension 'dsv' for command environment
[0.661s] DEBUG:colcon.colcon_core.event_handler.log_command:Invoking command in '/home/luqseee/robot_ws/build/hoverboard_demo_description': CMAKE_PREFIX_PATH=${CMAKE_PREFIX_PATH}:/opt/ros/jazzy DEBUGINFOD_URLS=https://debuginfod.ubuntu.com /usr/bin/cmake --build /home/luqseee/robot_ws/build/hoverboard_demo_description -- -j4 -l4
[0.665s] DEBUG:colcon.colcon_core.event_handler.log_command:Invoking command in '/home/luqseee/robot_ws/build/hoverboard_hardware_interface': CMAKE_PREFIX_PATH=${CMAKE_PREFIX_PATH}:/opt/ros/jazzy DEBUGINFOD_URLS=https://debuginfod.ubuntu.com /usr/bin/cmake --build /home/luqseee/robot_ws/build/hoverboard_hardware_interface -- -j4 -l4
[0.669s] DEBUG:colcon.colcon_core.event_handler.log_command:Invoking command in '/home/luqseee/robot_ws/build/hoverboard_ros2_control': CMAKE_PREFIX_PATH=${CMAKE_PREFIX_PATH}:/opt/ros/jazzy DEBUGINFOD_URLS=https://debuginfod.ubuntu.com /usr/bin/cmake --build /home/luqseee/robot_ws/build/hoverboard_ros2_control -- -j4 -l4
[0.685s] DEBUG:colcon.colcon_core.event_handler.log_command:Invoking command in '/home/luqseee/robot_ws/build/my_bot': CMAKE_PREFIX_PATH=${CMAKE_PREFIX_PATH}:/opt/ros/jazzy DEBUGINFOD_URLS=https://debuginfod.ubuntu.com /usr/bin/cmake --build /home/luqseee/robot_ws/build/my_bot -- -j4 -l4
[0.750s] DEBUG:colcon.colcon_core.event_handler.log_command:Invoked command in '/home/luqseee/robot_ws/build/hoverboard_ros2_control' returned '0': CMAKE_PREFIX_PATH=${CMAKE_PREFIX_PATH}:/opt/ros/jazzy DEBUGINFOD_URLS=https://debuginfod.ubuntu.com /usr/bin/cmake --build /home/luqseee/robot_ws/build/hoverboard_ros2_control -- -j4 -l4
[0.770s] DEBUG:colcon.colcon_core.event_handler.log_command:Invoking command in '/home/luqseee/robot_ws/build/hoverboard_ros2_control': CMAKE_PREFIX_PATH=${CMAKE_PREFIX_PATH}:/opt/ros/jazzy DEBUGINFOD_URLS=https://debuginfod.ubuntu.com /usr/bin/cmake --install /home/luqseee/robot_ws/build/hoverboard_ros2_control
[0.775s] DEBUG:colcon.colcon_core.event_handler.log_command:Invoked command in '/home/luqseee/robot_ws/build/hoverboard_demo_description' returned '0': CMAKE_PREFIX_PATH=${CMAKE_PREFIX_PATH}:/opt/ros/jazzy DEBUGINFOD_URLS=https://debuginfod.ubuntu.com /usr/bin/cmake --build /home/luqseee/robot_ws/build/hoverboard_demo_description -- -j4 -l4
[0.775s] DEBUG:colcon.colcon_core.event_handler.log_command:Invoking command in '/home/luqseee/robot_ws/build/hoverboard_demo_description': CMAKE_PREFIX_PATH=${CMAKE_PREFIX_PATH}:/opt/ros/jazzy DEBUGINFOD_URLS=https://debuginfod.ubuntu.com /usr/bin/cmake --install /home/luqseee/robot_ws/build/hoverboard_demo_description
[0.791s] DEBUG:colcon.colcon_core.event_handler.log_command:Invoked command in '/home/luqseee/robot_ws/build/my_bot' returned '0': CMAKE_PREFIX_PATH=${CMAKE_PREFIX_PATH}:/opt/ros/jazzy DEBUGINFOD_URLS=https://debuginfod.ubuntu.com /usr/bin/cmake --build /home/luqseee/robot_ws/build/my_bot -- -j4 -l4
[0.798s] DEBUG:colcon.colcon_core.event_handler.log_command:Invoking command in '/home/luqseee/robot_ws/build/my_bot': CMAKE_PREFIX_PATH=${CMAKE_PREFIX_PATH}:/opt/ros/jazzy DEBUGINFOD_URLS=https://debuginfod.ubuntu.com /usr/bin/cmake --install /home/luqseee/robot_ws/build/my_bot
[1.006s] Level 1:colcon.colcon_core.environment:create_environment_scripts_only(my_bot)
[1.007s] DEBUG:colcon.colcon_core.event_handler.log_command:Invoked command in '/home/luqseee/robot_ws/build/my_bot' returned '0': CMAKE_PREFIX_PATH=${CMAKE_PREFIX_PATH}:/opt/ros/jazzy DEBUGINFOD_URLS=https://debuginfod.ubuntu.com /usr/bin/cmake --install /home/luqseee/robot_ws/build/my_bot
[1.010s] Level 1:colcon.colcon_core.environment:checking '/home/luqseee/robot_ws/install/my_bot' for CMake module files
[1.011s] Level 1:colcon.colcon_core.environment:checking '/home/luqseee/robot_ws/install/my_bot' for CMake config files
[1.012s] Level 1:colcon.colcon_core.shell:create_environment_hook('my_bot', 'cmake_prefix_path')
[1.012s] INFO:colcon.colcon_core.shell:Creating environment hook '/home/luqseee/robot_ws/install/my_bot/share/my_bot/hook/cmake_prefix_path.ps1'
[1.013s] INFO:colcon.colcon_core.shell:Creating environment descriptor '/home/luqseee/robot_ws/install/my_bot/share/my_bot/hook/cmake_prefix_path.dsv'
[1.014s] INFO:colcon.colcon_core.shell:Creating environment hook '/home/luqseee/robot_ws/install/my_bot/share/my_bot/hook/cmake_prefix_path.sh'
[1.016s] Level 1:colcon.colcon_core.environment:checking '/home/luqseee/robot_ws/install/my_bot/bin'
[1.016s] Level 1:colcon.colcon_core.environment:checking '/home/luqseee/robot_ws/install/my_bot/lib/pkgconfig/my_bot.pc'
[1.016s] Level 1:colcon.colcon_core.environment:checking '/home/luqseee/robot_ws/install/my_bot/lib/python3.12/site-packages'
[1.017s] Level 1:colcon.colcon_core.environment:checking '/home/luqseee/robot_ws/install/my_bot/bin'
[1.017s] INFO:colcon.colcon_core.shell:Creating package script '/home/luqseee/robot_ws/install/my_bot/share/my_bot/package.ps1'
[1.020s] INFO:colcon.colcon_core.shell:Creating package descriptor '/home/luqseee/robot_ws/install/my_bot/share/my_bot/package.dsv'
[1.021s] INFO:colcon.colcon_core.shell:Creating package script '/home/luqseee/robot_ws/install/my_bot/share/my_bot/package.sh'
[1.023s] INFO:colcon.colcon_core.shell:Creating package script '/home/luqseee/robot_ws/install/my_bot/share/my_bot/package.bash'
[1.024s] INFO:colcon.colcon_core.shell:Creating package script '/home/luqseee/robot_ws/install/my_bot/share/my_bot/package.zsh'
[1.025s] Level 1:colcon.colcon_core.environment:create_file_with_runtime_dependencies(/home/luqseee/robot_ws/install/my_bot/share/colcon-core/packages/my_bot)
[1.026s] Level 1:colcon.colcon_core.environment:create_environment_scripts_only(my_bot)
[1.026s] Level 1:colcon.colcon_core.environment:checking '/home/luqseee/robot_ws/install/my_bot' for CMake module files
[1.027s] Level 1:colcon.colcon_core.environment:checking '/home/luqseee/robot_ws/install/my_bot' for CMake config files
[1.027s] Level 1:colcon.colcon_core.shell:create_environment_hook('my_bot', 'cmake_prefix_path')
[1.028s] INFO:colcon.colcon_core.shell:Creating environment hook '/home/luqseee/robot_ws/install/my_bot/share/my_bot/hook/cmake_prefix_path.ps1'
[1.029s] INFO:colcon.colcon_core.shell:Creating environment descriptor '/home/luqseee/robot_ws/install/my_bot/share/my_bot/hook/cmake_prefix_path.dsv'
[1.030s] INFO:colcon.colcon_core.shell:Creating environment hook '/home/luqseee/robot_ws/install/my_bot/share/my_bot/hook/cmake_prefix_path.sh'
[1.032s] Level 1:colcon.colcon_core.environment:checking '/home/luqseee/robot_ws/install/my_bot/bin'
[1.032s] Level 1:colcon.colcon_core.environment:checking '/home/luqseee/robot_ws/install/my_bot/lib/pkgconfig/my_bot.pc'
[1.032s] Level 1:colcon.colcon_core.environment:checking '/home/luqseee/robot_ws/install/my_bot/lib/python3.12/site-packages'
[1.033s] Level 1:colcon.colcon_core.environment:checking '/home/luqseee/robot_ws/install/my_bot/bin'
[1.034s] INFO:colcon.colcon_core.shell:Creating package script '/home/luqseee/robot_ws/install/my_bot/share/my_bot/package.ps1'
[1.035s] INFO:colcon.colcon_core.shell:Creating package descriptor '/home/luqseee/robot_ws/install/my_bot/share/my_bot/package.dsv'
[1.036s] INFO:colcon.colcon_core.shell:Creating package script '/home/luqseee/robot_ws/install/my_bot/share/my_bot/package.sh'
[1.037s] INFO:colcon.colcon_core.shell:Creating package script '/home/luqseee/robot_ws/install/my_bot/share/my_bot/package.bash'
[1.039s] INFO:colcon.colcon_core.shell:Creating package script '/home/luqseee/robot_ws/install/my_bot/share/my_bot/package.zsh'
[1.040s] Level 1:colcon.colcon_core.environment:create_file_with_runtime_dependencies(/home/luqseee/robot_ws/install/my_bot/share/colcon-core/packages/my_bot)
[1.041s] INFO:colcon.colcon_ros.task.ament_cmake.build:Building ROS package in '/home/luqseee/robot_ws/src/sllidar_ros2' with build type 'ament_cmake'
[1.041s] INFO:colcon.colcon_cmake.task.cmake.build:Building CMake package in '/home/luqseee/robot_ws/src/sllidar_ros2'
[1.042s] INFO:colcon.colcon_core.shell:Skip shell extension 'powershell' for command environment: Not usable outside of PowerShell
[1.042s] DEBUG:colcon.colcon_core.shell:Skip shell extension 'dsv' for command environment
[1.060s] DEBUG:colcon.colcon_core.event_handler.log_command:Invoking command in '/home/luqseee/robot_ws/build/sllidar_ros2': CMAKE_PREFIX_PATH=${CMAKE_PREFIX_PATH}:/opt/ros/jazzy DEBUGINFOD_URLS=https://debuginfod.ubuntu.com /usr/bin/cmake --build /home/luqseee/robot_ws/build/sllidar_ros2 -- -j4 -l4
[1.136s] Level 1:colcon.colcon_core.environment:create_environment_scripts_only(hoverboard_ros2_control)
[1.137s] Level 1:colcon.colcon_core.environment:checking '/home/luqseee/robot_ws/install/hoverboard_ros2_control' for CMake module files
[1.138s] Level 1:colcon.colcon_core.environment:checking '/home/luqseee/robot_ws/install/hoverboard_ros2_control' for CMake config files
[1.138s] DEBUG:colcon.colcon_core.event_handler.log_command:Invoked command in '/home/luqseee/robot_ws/build/hoverboard_ros2_control' returned '0': CMAKE_PREFIX_PATH=${CMAKE_PREFIX_PATH}:/opt/ros/jazzy DEBUGINFOD_URLS=https://debuginfod.ubuntu.com /usr/bin/cmake --install /home/luqseee/robot_ws/build/hoverboard_ros2_control
[1.139s] Level 1:colcon.colcon_core.shell:create_environment_hook('hoverboard_ros2_control', 'cmake_prefix_path')
[1.139s] INFO:colcon.colcon_core.shell:Creating environment hook '/home/luqseee/robot_ws/install/hoverboard_ros2_control/share/hoverboard_ros2_control/hook/cmake_prefix_path.ps1'
[1.140s] INFO:colcon.colcon_core.shell:Creating environment descriptor '/home/luqseee/robot_ws/install/hoverboard_ros2_control/share/hoverboard_ros2_control/hook/cmake_prefix_path.dsv'
[1.141s] INFO:colcon.colcon_core.shell:Creating environment hook '/home/luqseee/robot_ws/install/hoverboard_ros2_control/share/hoverboard_ros2_control/hook/cmake_prefix_path.sh'
[1.142s] Level 1:colcon.colcon_core.environment:checking '/home/luqseee/robot_ws/install/hoverboard_ros2_control/bin'
[1.142s] Level 1:colcon.colcon_core.environment:checking '/home/luqseee/robot_ws/install/hoverboard_ros2_control/lib/pkgconfig/hoverboard_ros2_control.pc'
[1.142s] Level 1:colcon.colcon_core.environment:checking '/home/luqseee/robot_ws/install/hoverboard_ros2_control/lib/python3.12/site-packages'
[1.143s] Level 1:colcon.colcon_core.environment:checking '/home/luqseee/robot_ws/install/hoverboard_ros2_control/bin'
[1.143s] INFO:colcon.colcon_core.shell:Creating package script '/home/luqseee/robot_ws/install/hoverboard_ros2_control/share/hoverboard_ros2_control/package.ps1'
[1.146s] INFO:colcon.colcon_core.shell:Creating package descriptor '/home/luqseee/robot_ws/install/hoverboard_ros2_control/share/hoverboard_ros2_control/package.dsv'
[1.147s] INFO:colcon.colcon_core.shell:Creating package script '/home/luqseee/robot_ws/install/hoverboard_ros2_control/share/hoverboard_ros2_control/package.sh'
[1.148s] INFO:colcon.colcon_core.shell:Creating package script '/home/luqseee/robot_ws/install/hoverboard_ros2_control/share/hoverboard_ros2_control/package.bash'
[1.148s] INFO:colcon.colcon_core.shell:Creating package script '/home/luqseee/robot_ws/install/hoverboard_ros2_control/share/hoverboard_ros2_control/package.zsh'
[1.149s] Level 1:colcon.colcon_core.environment:create_file_with_runtime_dependencies(/home/luqseee/robot_ws/install/hoverboard_ros2_control/share/colcon-core/packages/hoverboard_ros2_control)
[1.150s] Level 1:colcon.colcon_core.environment:create_environment_scripts_only(hoverboard_ros2_control)
[1.150s] Level 1:colcon.colcon_core.environment:checking '/home/luqseee/robot_ws/install/hoverboard_ros2_control' for CMake module files
[1.151s] Level 1:colcon.colcon_core.environment:checking '/home/luqseee/robot_ws/install/hoverboard_ros2_control' for CMake config files
[1.151s] Level 1:colcon.colcon_core.shell:create_environment_hook('hoverboard_ros2_control', 'cmake_prefix_path')
[1.152s] INFO:colcon.colcon_core.shell:Creating environment hook '/home/luqseee/robot_ws/install/hoverboard_ros2_control/share/hoverboard_ros2_control/hook/cmake_prefix_path.ps1'
[1.152s] INFO:colcon.colcon_core.shell:Creating environment descriptor '/home/luqseee/robot_ws/install/hoverboard_ros2_control/share/hoverboard_ros2_control/hook/cmake_prefix_path.dsv'
[1.153s] INFO:colcon.colcon_core.shell:Creating environment hook '/home/luqseee/robot_ws/install/hoverboard_ros2_control/share/hoverboard_ros2_control/hook/cmake_prefix_path.sh'
[1.154s] Level 1:colcon.colcon_core.environment:checking '/home/luqseee/robot_ws/install/hoverboard_ros2_control/bin'
[1.154s] Level 1:colcon.colcon_core.environment:checking '/home/luqseee/robot_ws/install/hoverboard_ros2_control/lib/pkgconfig/hoverboard_ros2_control.pc'
[1.155s] Level 1:colcon.colcon_core.environment:checking '/home/luqseee/robot_ws/install/hoverboard_ros2_control/lib/python3.12/site-packages'
[1.155s] Level 1:colcon.colcon_core.environment:checking '/home/luqseee/robot_ws/install/hoverboard_ros2_control/bin'
[1.156s] INFO:colcon.colcon_core.shell:Creating package script '/home/luqseee/robot_ws/install/hoverboard_ros2_control/share/hoverboard_ros2_control/package.ps1'
[1.157s] INFO:colcon.colcon_core.shell:Creating package descriptor '/home/luqseee/robot_ws/install/hoverboard_ros2_control/share/hoverboard_ros2_control/package.dsv'
[1.159s] INFO:colcon.colcon_core.shell:Creating package script '/home/luqseee/robot_ws/install/hoverboard_ros2_control/share/hoverboard_ros2_control/package.sh'
[1.160s] INFO:colcon.colcon_core.shell:Creating package script '/home/luqseee/robot_ws/install/hoverboard_ros2_control/share/hoverboard_ros2_control/package.bash'
[1.161s] INFO:colcon.colcon_core.shell:Creating package script '/home/luqseee/robot_ws/install/hoverboard_ros2_control/share/hoverboard_ros2_control/package.zsh'
[1.162s] Level 1:colcon.colcon_core.environment:create_file_with_runtime_dependencies(/home/luqseee/robot_ws/install/hoverboard_ros2_control/share/colcon-core/packages/hoverboard_ros2_control)
[1.251s] DEBUG:colcon.colcon_core.event_handler.log_command:Invoked command in '/home/luqseee/robot_ws/build/sllidar_ros2' returned '0': CMAKE_PREFIX_PATH=${CMAKE_PREFIX_PATH}:/opt/ros/jazzy DEBUGINFOD_URLS=https://debuginfod.ubuntu.com /usr/bin/cmake --build /home/luqseee/robot_ws/build/sllidar_ros2 -- -j4 -l4
[1.255s] DEBUG:colcon.colcon_core.event_handler.log_command:Invoking command in '/home/luqseee/robot_ws/build/sllidar_ros2': CMAKE_PREFIX_PATH=${CMAKE_PREFIX_PATH}:/opt/ros/jazzy DEBUGINFOD_URLS=https://debuginfod.ubuntu.com /usr/bin/cmake --install /home/luqseee/robot_ws/build/sllidar_ros2
[1.274s] Level 1:colcon.colcon_core.environment:create_environment_scripts_only(hoverboard_demo_description)
[1.275s] Level 1:colcon.colcon_core.environment:checking '/home/luqseee/robot_ws/install/hoverboard_demo_description' for CMake module files
[1.275s] DEBUG:colcon.colcon_core.event_handler.log_command:Invoked command in '/home/luqseee/robot_ws/build/hoverboard_demo_description' returned '0': CMAKE_PREFIX_PATH=${CMAKE_PREFIX_PATH}:/opt/ros/jazzy DEBUGINFOD_URLS=https://debuginfod.ubuntu.com /usr/bin/cmake --install /home/luqseee/robot_ws/build/hoverboard_demo_description
[1.276s] Level 1:colcon.colcon_core.environment:checking '/home/luqseee/robot_ws/install/hoverboard_demo_description' for CMake config files
[1.277s] Level 1:colcon.colcon_core.shell:create_environment_hook('hoverboard_demo_description', 'cmake_prefix_path')
[1.277s] INFO:colcon.colcon_core.shell:Creating environment hook '/home/luqseee/robot_ws/install/hoverboard_demo_description/share/hoverboard_demo_description/hook/cmake_prefix_path.ps1'
[1.277s] INFO:colcon.colcon_core.shell:Creating environment descriptor '/home/luqseee/robot_ws/install/hoverboard_demo_description/share/hoverboard_demo_description/hook/cmake_prefix_path.dsv'
[1.278s] INFO:colcon.colcon_core.shell:Creating environment hook '/home/luqseee/robot_ws/install/hoverboard_demo_description/share/hoverboard_demo_description/hook/cmake_prefix_path.sh'
[1.279s] Level 1:colcon.colcon_core.environment:checking '/home/luqseee/robot_ws/install/hoverboard_demo_description/bin'
[1.280s] Level 1:colcon.colcon_core.environment:checking '/home/luqseee/robot_ws/install/hoverboard_demo_description/lib/pkgconfig/hoverboard_demo_description.pc'
[1.280s] Level 1:colcon.colcon_core.environment:checking '/home/luqseee/robot_ws/install/hoverboard_demo_description/lib/python3.12/site-packages'
[1.281s] Level 1:colcon.colcon_core.environment:checking '/home/luqseee/robot_ws/install/hoverboard_demo_description/bin'
[1.281s] INFO:colcon.colcon_core.shell:Creating package script '/home/luqseee/robot_ws/install/hoverboard_demo_description/share/hoverboard_demo_description/package.ps1'
[1.282s] INFO:colcon.colcon_core.shell:Creating package descriptor '/home/luqseee/robot_ws/install/hoverboard_demo_description/share/hoverboard_demo_description/package.dsv'
[1.283s] INFO:colcon.colcon_core.shell:Creating package script '/home/luqseee/robot_ws/install/hoverboard_demo_description/share/hoverboard_demo_description/package.sh'
[1.284s] INFO:colcon.colcon_core.shell:Creating package script '/home/luqseee/robot_ws/install/hoverboard_demo_description/share/hoverboard_demo_description/package.bash'
[1.285s] INFO:colcon.colcon_core.shell:Creating package script '/home/luqseee/robot_ws/install/hoverboard_demo_description/share/hoverboard_demo_description/package.zsh'
[1.285s] Level 1:colcon.colcon_core.environment:create_file_with_runtime_dependencies(/home/luqseee/robot_ws/install/hoverboard_demo_description/share/colcon-core/packages/hoverboard_demo_description)
[1.287s] Level 1:colcon.colcon_core.environment:create_environment_scripts_only(hoverboard_demo_description)
[1.287s] Level 1:colcon.colcon_core.environment:checking '/home/luqseee/robot_ws/install/hoverboard_demo_description' for CMake module files
[1.288s] Level 1:colcon.colcon_core.environment:checking '/home/luqseee/robot_ws/install/hoverboard_demo_description' for CMake config files
[1.289s] Level 1:colcon.colcon_core.shell:create_environment_hook('hoverboard_demo_description', 'cmake_prefix_path')
[1.289s] INFO:colcon.colcon_core.shell:Creating environment hook '/home/luqseee/robot_ws/install/hoverboard_demo_description/share/hoverboard_demo_description/hook/cmake_prefix_path.ps1'
[1.290s] INFO:colcon.colcon_core.shell:Creating environment descriptor '/home/luqseee/robot_ws/install/hoverboard_demo_description/share/hoverboard_demo_description/hook/cmake_prefix_path.dsv'
[1.291s] INFO:colcon.colcon_core.shell:Creating environment hook '/home/luqseee/robot_ws/install/hoverboard_demo_description/share/hoverboard_demo_description/hook/cmake_prefix_path.sh'
[1.291s] Level 1:colcon.colcon_core.environment:checking '/home/luqseee/robot_ws/install/hoverboard_demo_description/bin'
[1.291s] Level 1:colcon.colcon_core.environment:checking '/home/luqseee/robot_ws/install/hoverboard_demo_description/lib/pkgconfig/hoverboard_demo_description.pc'
[1.292s] Level 1:colcon.colcon_core.environment:checking '/home/luqseee/robot_ws/install/hoverboard_demo_description/lib/python3.12/site-packages'
[1.292s] Level 1:colcon.colcon_core.environment:checking '/home/luqseee/robot_ws/install/hoverboard_demo_description/bin'
[1.293s] INFO:colcon.colcon_core.shell:Creating package script '/home/luqseee/robot_ws/install/hoverboard_demo_description/share/hoverboard_demo_description/package.ps1'
[1.294s] INFO:colcon.colcon_core.shell:Creating package descriptor '/home/luqseee/robot_ws/install/hoverboard_demo_description/share/hoverboard_demo_description/package.dsv'
[1.296s] INFO:colcon.colcon_core.shell:Creating package script '/home/luqseee/robot_ws/install/hoverboard_demo_description/share/hoverboard_demo_description/package.sh'
[1.297s] INFO:colcon.colcon_core.shell:Creating package script '/home/luqseee/robot_ws/install/hoverboard_demo_description/share/hoverboard_demo_description/package.bash'
[1.299s] INFO:colcon.colcon_core.shell:Creating package script '/home/luqseee/robot_ws/install/hoverboard_demo_description/share/hoverboard_demo_description/package.zsh'
[1.300s] Level 1:colcon.colcon_core.environment:create_file_with_runtime_dependencies(/home/luqseee/robot_ws/install/hoverboard_demo_description/share/colcon-core/packages/hoverboard_demo_description)
[1.302s] INFO:colcon.colcon_ros.task.ament_cmake.build:Building ROS package in '/home/luqseee/robot_ws/src/hoverboard_ros2_control/hoverboard_demo_bringup' with build type 'ament_cmake'
[1.302s] INFO:colcon.colcon_cmake.task.cmake.build:Building CMake package in '/home/luqseee/robot_ws/src/hoverboard_ros2_control/hoverboard_demo_bringup'
[1.302s] INFO:colcon.colcon_core.shell:Skip shell extension 'powershell' for command environment: Not usable outside of PowerShell
[1.302s] DEBUG:colcon.colcon_core.shell:Skip shell extension 'dsv' for command environment
[1.320s] DEBUG:colcon.colcon_core.event_handler.log_command:Invoking command in '/home/luqseee/robot_ws/build/hoverboard_demo_bringup': AMENT_PREFIX_PATH=/home/luqseee/robot_ws/install/hoverboard_demo_description:${AMENT_PREFIX_PATH} CMAKE_PREFIX_PATH=/home/luqseee/robot_ws/install/hoverboard_demo_description:/home/luqseee/robot_ws/install/sllidar_ros2:/home/luqseee/robot_ws/install/my_bot:/home/luqseee/robot_ws/install/camera_ros:/opt/ros/jazzy/opt/sdformat_vendor:/opt/ros/jazzy/opt/gz_math_vendor:/opt/ros/jazzy/opt/gz_utils_vendor:/opt/ros/jazzy/opt/gz_tools_vendor:/opt/ros/jazzy/opt/gz_cmake_vendor:/opt/ros/jazzy DEBUGINFOD_URLS=https://debuginfod.ubuntu.com /usr/bin/cmake /home/luqseee/robot_ws/src/hoverboard_ros2_control/hoverboard_demo_bringup -DAMENT_CMAKE_SYMLINK_INSTALL=1 -DCMAKE_INSTALL_PREFIX=/home/luqseee/robot_ws/install/hoverboard_demo_bringup
[1.330s] Level 1:colcon.colcon_core.environment:create_environment_scripts_only(sllidar_ros2)
[1.331s] Level 1:colcon.colcon_core.environment:checking '/home/luqseee/robot_ws/install/sllidar_ros2' for CMake module files
[1.330s] DEBUG:colcon.colcon_core.event_handler.log_command:Invoked command in '/home/luqseee/robot_ws/build/sllidar_ros2' returned '0': CMAKE_PREFIX_PATH=${CMAKE_PREFIX_PATH}:/opt/ros/jazzy DEBUGINFOD_URLS=https://debuginfod.ubuntu.com /usr/bin/cmake --install /home/luqseee/robot_ws/build/sllidar_ros2
[1.332s] Level 1:colcon.colcon_core.environment:checking '/home/luqseee/robot_ws/install/sllidar_ros2' for CMake config files
[1.333s] Level 1:colcon.colcon_core.shell:create_environment_hook('sllidar_ros2', 'cmake_prefix_path')
[1.333s] INFO:colcon.colcon_core.shell:Creating environment hook '/home/luqseee/robot_ws/install/sllidar_ros2/share/sllidar_ros2/hook/cmake_prefix_path.ps1'
[1.334s] INFO:colcon.colcon_core.shell:Creating environment descriptor '/home/luqseee/robot_ws/install/sllidar_ros2/share/sllidar_ros2/hook/cmake_prefix_path.dsv'
[1.336s] INFO:colcon.colcon_core.shell:Creating environment hook '/home/luqseee/robot_ws/install/sllidar_ros2/share/sllidar_ros2/hook/cmake_prefix_path.sh'
[1.338s] Level 1:colcon.colcon_core.environment:checking '/home/luqseee/robot_ws/install/sllidar_ros2/lib'
[1.338s] Level 1:colcon.colcon_core.environment:checking '/home/luqseee/robot_ws/install/sllidar_ros2/bin'
[1.338s] Level 1:colcon.colcon_core.environment:checking '/home/luqseee/robot_ws/install/sllidar_ros2/lib/pkgconfig/sllidar_ros2.pc'
[1.338s] Level 1:colcon.colcon_core.environment:checking '/home/luqseee/robot_ws/install/sllidar_ros2/lib/python3.12/site-packages'
[1.339s] Level 1:colcon.colcon_core.environment:checking '/home/luqseee/robot_ws/install/sllidar_ros2/bin'
[1.339s] INFO:colcon.colcon_core.shell:Creating package script '/home/luqseee/robot_ws/install/sllidar_ros2/share/sllidar_ros2/package.ps1'
[1.340s] INFO:colcon.colcon_core.shell:Creating package descriptor '/home/luqseee/robot_ws/install/sllidar_ros2/share/sllidar_ros2/package.dsv'
[1.341s] INFO:colcon.colcon_core.shell:Creating package script '/home/luqseee/robot_ws/install/sllidar_ros2/share/sllidar_ros2/package.sh'
[1.342s] INFO:colcon.colcon_core.shell:Creating package script '/home/luqseee/robot_ws/install/sllidar_ros2/share/sllidar_ros2/package.bash'
[1.344s] INFO:colcon.colcon_core.shell:Creating package script '/home/luqseee/robot_ws/install/sllidar_ros2/share/sllidar_ros2/package.zsh'
[1.346s] Level 1:colcon.colcon_core.environment:create_file_with_runtime_dependencies(/home/luqseee/robot_ws/install/sllidar_ros2/share/colcon-core/packages/sllidar_ros2)
[1.348s] Level 1:colcon.colcon_core.environment:create_environment_scripts_only(sllidar_ros2)
[1.348s] Level 1:colcon.colcon_core.environment:checking '/home/luqseee/robot_ws/install/sllidar_ros2' for CMake module files
[1.349s] Level 1:colcon.colcon_core.environment:checking '/home/luqseee/robot_ws/install/sllidar_ros2' for CMake config files
[1.349s] Level 1:colcon.colcon_core.shell:create_environment_hook('sllidar_ros2', 'cmake_prefix_path')
[1.349s] INFO:colcon.colcon_core.shell:Creating environment hook '/home/luqseee/robot_ws/install/sllidar_ros2/share/sllidar_ros2/hook/cmake_prefix_path.ps1'
[1.350s] INFO:colcon.colcon_core.shell:Creating environment descriptor '/home/luqseee/robot_ws/install/sllidar_ros2/share/sllidar_ros2/hook/cmake_prefix_path.dsv'
[1.353s] INFO:colcon.colcon_core.shell:Creating environment hook '/home/luqseee/robot_ws/install/sllidar_ros2/share/sllidar_ros2/hook/cmake_prefix_path.sh'
[1.354s] Level 1:colcon.colcon_core.environment:checking '/home/luqseee/robot_ws/install/sllidar_ros2/lib'
[1.354s] Level 1:colcon.colcon_core.environment:checking '/home/luqseee/robot_ws/install/sllidar_ros2/bin'
[1.354s] Level 1:colcon.colcon_core.environment:checking '/home/luqseee/robot_ws/install/sllidar_ros2/lib/pkgconfig/sllidar_ros2.pc'
[1.355s] Level 1:colcon.colcon_core.environment:checking '/home/luqseee/robot_ws/install/sllidar_ros2/lib/python3.12/site-packages'
[1.355s] Level 1:colcon.colcon_core.environment:checking '/home/luqseee/robot_ws/install/sllidar_ros2/bin'
[1.356s] INFO:colcon.colcon_core.shell:Creating package script '/home/luqseee/robot_ws/install/sllidar_ros2/share/sllidar_ros2/package.ps1'
[1.357s] INFO:colcon.colcon_core.shell:Creating package descriptor '/home/luqseee/robot_ws/install/sllidar_ros2/share/sllidar_ros2/package.dsv'
[1.358s] INFO:colcon.colcon_core.shell:Creating package script '/home/luqseee/robot_ws/install/sllidar_ros2/share/sllidar_ros2/package.sh'
[1.361s] INFO:colcon.colcon_core.shell:Creating package script '/home/luqseee/robot_ws/install/sllidar_ros2/share/sllidar_ros2/package.bash'
[1.362s] INFO:colcon.colcon_core.shell:Creating package script '/home/luqseee/robot_ws/install/sllidar_ros2/share/sllidar_ros2/package.zsh'
[1.363s] Level 1:colcon.colcon_core.environment:create_file_with_runtime_dependencies(/home/luqseee/robot_ws/install/sllidar_ros2/share/colcon-core/packages/sllidar_ros2)
[2.572s] DEBUG:colcon.colcon_core.event_handler.log_command:Invoked command in '/home/luqseee/robot_ws/build/hoverboard_demo_bringup' returned '0': AMENT_PREFIX_PATH=/home/luqseee/robot_ws/install/hoverboard_demo_description:${AMENT_PREFIX_PATH} CMAKE_PREFIX_PATH=/home/luqseee/robot_ws/install/hoverboard_demo_description:/home/luqseee/robot_ws/install/sllidar_ros2:/home/luqseee/robot_ws/install/my_bot:/home/luqseee/robot_ws/install/camera_ros:/opt/ros/jazzy/opt/sdformat_vendor:/opt/ros/jazzy/opt/gz_math_vendor:/opt/ros/jazzy/opt/gz_utils_vendor:/opt/ros/jazzy/opt/gz_tools_vendor:/opt/ros/jazzy/opt/gz_cmake_vendor:/opt/ros/jazzy DEBUGINFOD_URLS=https://debuginfod.ubuntu.com /usr/bin/cmake /home/luqseee/robot_ws/src/hoverboard_ros2_control/hoverboard_demo_bringup -DAMENT_CMAKE_SYMLINK_INSTALL=1 -DCMAKE_INSTALL_PREFIX=/home/luqseee/robot_ws/install/hoverboard_demo_bringup
[2.574s] DEBUG:colcon.colcon_core.event_handler.log_command:Invoking command in '/home/luqseee/robot_ws/build/hoverboard_demo_bringup': AMENT_PREFIX_PATH=/home/luqseee/robot_ws/install/hoverboard_demo_description:${AMENT_PREFIX_PATH} CMAKE_PREFIX_PATH=/home/luqseee/robot_ws/install/hoverboard_demo_description:/home/luqseee/robot_ws/install/sllidar_ros2:/home/luqseee/robot_ws/install/my_bot:/home/luqseee/robot_ws/install/camera_ros:/opt/ros/jazzy/opt/sdformat_vendor:/opt/ros/jazzy/opt/gz_math_vendor:/opt/ros/jazzy/opt/gz_utils_vendor:/opt/ros/jazzy/opt/gz_tools_vendor:/opt/ros/jazzy/opt/gz_cmake_vendor:/opt/ros/jazzy DEBUGINFOD_URLS=https://debuginfod.ubuntu.com /usr/bin/cmake --build /home/luqseee/robot_ws/build/hoverboard_demo_bringup -- -j4 -l4
[2.642s] DEBUG:colcon.colcon_core.event_handler.log_command:Invoked command in '/home/luqseee/robot_ws/build/hoverboard_demo_bringup' returned '0': AMENT_PREFIX_PATH=/home/luqseee/robot_ws/install/hoverboard_demo_description:${AMENT_PREFIX_PATH} CMAKE_PREFIX_PATH=/home/luqseee/robot_ws/install/hoverboard_demo_description:/home/luqseee/robot_ws/install/sllidar_ros2:/home/luqseee/robot_ws/install/my_bot:/home/luqseee/robot_ws/install/camera_ros:/opt/ros/jazzy/opt/sdformat_vendor:/opt/ros/jazzy/opt/gz_math_vendor:/opt/ros/jazzy/opt/gz_utils_vendor:/opt/ros/jazzy/opt/gz_tools_vendor:/opt/ros/jazzy/opt/gz_cmake_vendor:/opt/ros/jazzy DEBUGINFOD_URLS=https://debuginfod.ubuntu.com /usr/bin/cmake --build /home/luqseee/robot_ws/build/hoverboard_demo_bringup -- -j4 -l4
[2.644s] DEBUG:colcon.colcon_core.event_handler.log_command:Invoking command in '/home/luqseee/robot_ws/build/hoverboard_demo_bringup': AMENT_PREFIX_PATH=/home/luqseee/robot_ws/install/hoverboard_demo_description:${AMENT_PREFIX_PATH} CMAKE_PREFIX_PATH=/home/luqseee/robot_ws/install/hoverboard_demo_description:/home/luqseee/robot_ws/install/sllidar_ros2:/home/luqseee/robot_ws/install/my_bot:/home/luqseee/robot_ws/install/camera_ros:/opt/ros/jazzy/opt/sdformat_vendor:/opt/ros/jazzy/opt/gz_math_vendor:/opt/ros/jazzy/opt/gz_utils_vendor:/opt/ros/jazzy/opt/gz_tools_vendor:/opt/ros/jazzy/opt/gz_cmake_vendor:/opt/ros/jazzy DEBUGINFOD_URLS=https://debuginfod.ubuntu.com /usr/bin/cmake --install /home/luqseee/robot_ws/build/hoverboard_demo_bringup
[2.969s] Level 1:colcon.colcon_core.environment:create_environment_scripts_only(hoverboard_demo_bringup)
[2.969s] Level 1:colcon.colcon_core.environment:checking '/home/luqseee/robot_ws/install/hoverboard_demo_bringup' for CMake module files
[2.970s] DEBUG:colcon.colcon_core.event_handler.log_command:Invoked command in '/home/luqseee/robot_ws/build/hoverboard_demo_bringup' returned '0': AMENT_PREFIX_PATH=/home/luqseee/robot_ws/install/hoverboard_demo_description:${AMENT_PREFIX_PATH} CMAKE_PREFIX_PATH=/home/luqseee/robot_ws/install/hoverboard_demo_description:/home/luqseee/robot_ws/install/sllidar_ros2:/home/luqseee/robot_ws/install/my_bot:/home/luqseee/robot_ws/install/camera_ros:/opt/ros/jazzy/opt/sdformat_vendor:/opt/ros/jazzy/opt/gz_math_vendor:/opt/ros/jazzy/opt/gz_utils_vendor:/opt/ros/jazzy/opt/gz_tools_vendor:/opt/ros/jazzy/opt/gz_cmake_vendor:/opt/ros/jazzy DEBUGINFOD_URLS=https://debuginfod.ubuntu.com /usr/bin/cmake --install /home/luqseee/robot_ws/build/hoverboard_demo_bringup
[2.970s] Level 1:colcon.colcon_core.environment:checking '/home/luqseee/robot_ws/install/hoverboard_demo_bringup' for CMake config files
[2.971s] Level 1:colcon.colcon_core.shell:create_environment_hook('hoverboard_demo_bringup', 'cmake_prefix_path')
[2.971s] INFO:colcon.colcon_core.shell:Creating environment hook '/home/luqseee/robot_ws/install/hoverboard_demo_bringup/share/hoverboard_demo_bringup/hook/cmake_prefix_path.ps1'
[2.972s] INFO:colcon.colcon_core.shell:Creating environment descriptor '/home/luqseee/robot_ws/install/hoverboard_demo_bringup/share/hoverboard_demo_bringup/hook/cmake_prefix_path.dsv'
[2.972s] INFO:colcon.colcon_core.shell:Creating environment hook '/home/luqseee/robot_ws/install/hoverboard_demo_bringup/share/hoverboard_demo_bringup/hook/cmake_prefix_path.sh'
[2.973s] Level 1:colcon.colcon_core.environment:checking '/home/luqseee/robot_ws/install/hoverboard_demo_bringup/bin'
[2.973s] Level 1:colcon.colcon_core.environment:checking '/home/luqseee/robot_ws/install/hoverboard_demo_bringup/lib/pkgconfig/hoverboard_demo_bringup.pc'
[2.973s] Level 1:colcon.colcon_core.environment:checking '/home/luqseee/robot_ws/install/hoverboard_demo_bringup/lib/python3.12/site-packages'
[2.974s] Level 1:colcon.colcon_core.environment:checking '/home/luqseee/robot_ws/install/hoverboard_demo_bringup/bin'
[2.974s] INFO:colcon.colcon_core.shell:Creating package script '/home/luqseee/robot_ws/install/hoverboard_demo_bringup/share/hoverboard_demo_bringup/package.ps1'
[2.975s] INFO:colcon.colcon_core.shell:Creating package descriptor '/home/luqseee/robot_ws/install/hoverboard_demo_bringup/share/hoverboard_demo_bringup/package.dsv'
[2.976s] INFO:colcon.colcon_core.shell:Creating package script '/home/luqseee/robot_ws/install/hoverboard_demo_bringup/share/hoverboard_demo_bringup/package.sh'
[2.976s] INFO:colcon.colcon_core.shell:Creating package script '/home/luqseee/robot_ws/install/hoverboard_demo_bringup/share/hoverboard_demo_bringup/package.bash'
[2.977s] INFO:colcon.colcon_core.shell:Creating package script '/home/luqseee/robot_ws/install/hoverboard_demo_bringup/share/hoverboard_demo_bringup/package.zsh'
[2.977s] Level 1:colcon.colcon_core.environment:create_file_with_runtime_dependencies(/home/luqseee/robot_ws/install/hoverboard_demo_bringup/share/colcon-core/packages/hoverboard_demo_bringup)
[2.978s] Level 1:colcon.colcon_core.environment:create_environment_scripts_only(hoverboard_demo_bringup)
[2.978s] Level 1:colcon.colcon_core.environment:checking '/home/luqseee/robot_ws/install/hoverboard_demo_bringup' for CMake module files
[2.979s] Level 1:colcon.colcon_core.environment:checking '/home/luqseee/robot_ws/install/hoverboard_demo_bringup' for CMake config files
[2.979s] Level 1:colcon.colcon_core.shell:create_environment_hook('hoverboard_demo_bringup', 'cmake_prefix_path')
[2.980s] INFO:colcon.colcon_core.shell:Creating environment hook '/home/luqseee/robot_ws/install/hoverboard_demo_bringup/share/hoverboard_demo_bringup/hook/cmake_prefix_path.ps1'
[2.980s] INFO:colcon.colcon_core.shell:Creating environment descriptor '/home/luqseee/robot_ws/install/hoverboard_demo_bringup/share/hoverboard_demo_bringup/hook/cmake_prefix_path.dsv'
[2.982s] INFO:colcon.colcon_core.shell:Creating environment hook '/home/luqseee/robot_ws/install/hoverboard_demo_bringup/share/hoverboard_demo_bringup/hook/cmake_prefix_path.sh'
[2.983s] Level 1:colcon.colcon_core.environment:checking '/home/luqseee/robot_ws/install/hoverboard_demo_bringup/bin'
[2.984s] Level 1:colcon.colcon_core.environment:checking '/home/luqseee/robot_ws/install/hoverboard_demo_bringup/lib/pkgconfig/hoverboard_demo_bringup.pc'
[2.984s] Level 1:colcon.colcon_core.environment:checking '/home/luqseee/robot_ws/install/hoverboard_demo_bringup/lib/python3.12/site-packages'
[2.984s] Level 1:colcon.colcon_core.environment:checking '/home/luqseee/robot_ws/install/hoverboard_demo_bringup/bin'
[2.985s] INFO:colcon.colcon_core.shell:Creating package script '/home/luqseee/robot_ws/install/hoverboard_demo_bringup/share/hoverboard_demo_bringup/package.ps1'
[2.986s] INFO:colcon.colcon_core.shell:Creating package descriptor '/home/luqseee/robot_ws/install/hoverboard_demo_bringup/share/hoverboard_demo_bringup/package.dsv'
[2.987s] INFO:colcon.colcon_core.shell:Creating package script '/home/luqseee/robot_ws/install/hoverboard_demo_bringup/share/hoverboard_demo_bringup/package.sh'
[2.988s] INFO:colcon.colcon_core.shell:Creating package script '/home/luqseee/robot_ws/install/hoverboard_demo_bringup/share/hoverboard_demo_bringup/package.bash'
[2.990s] INFO:colcon.colcon_core.shell:Creating package script '/home/luqseee/robot_ws/install/hoverboard_demo_bringup/share/hoverboard_demo_bringup/package.zsh'
[2.991s] Level 1:colcon.colcon_core.environment:create_file_with_runtime_dependencies(/home/luqseee/robot_ws/install/hoverboard_demo_bringup/share/colcon-core/packages/hoverboard_demo_bringup)
[22.087s] DEBUG:colcon.colcon_core.event_handler.log_command:Invoked command in '/home/luqseee/robot_ws/build/hoverboard_hardware_interface' returned '0': CMAKE_PREFIX_PATH=${CMAKE_PREFIX_PATH}:/opt/ros/jazzy DEBUGINFOD_URLS=https://debuginfod.ubuntu.com /usr/bin/cmake --build /home/luqseee/robot_ws/build/hoverboard_hardware_interface -- -j4 -l4
[22.090s] DEBUG:colcon.colcon_core.event_handler.log_command:Invoking command in '/home/luqseee/robot_ws/build/hoverboard_hardware_interface': CMAKE_PREFIX_PATH=${CMAKE_PREFIX_PATH}:/opt/ros/jazzy DEBUGINFOD_URLS=https://debuginfod.ubuntu.com /usr/bin/cmake --install /home/luqseee/robot_ws/build/hoverboard_hardware_interface
[22.580s] Level 1:colcon.colcon_core.environment:create_environment_scripts_only(hoverboard_hardware_interface)
[22.581s] Level 1:colcon.colcon_core.environment:checking '/home/luqseee/robot_ws/install/hoverboard_hardware_interface' for CMake module files
[22.581s] DEBUG:colcon.colcon_core.event_handler.log_command:Invoked command in '/home/luqseee/robot_ws/build/hoverboard_hardware_interface' returned '0': CMAKE_PREFIX_PATH=${CMAKE_PREFIX_PATH}:/opt/ros/jazzy DEBUGINFOD_URLS=https://debuginfod.ubuntu.com /usr/bin/cmake --install /home/luqseee/robot_ws/build/hoverboard_hardware_interface
[22.582s] Level 1:colcon.colcon_core.environment:checking '/home/luqseee/robot_ws/install/hoverboard_hardware_interface' for CMake config files
[22.582s] Level 1:colcon.colcon_core.shell:create_environment_hook('hoverboard_hardware_interface', 'cmake_prefix_path')
[22.583s] INFO:colcon.colcon_core.shell:Creating environment hook '/home/luqseee/robot_ws/install/hoverboard_hardware_interface/share/hoverboard_hardware_interface/hook/cmake_prefix_path.ps1'
[22.583s] INFO:colcon.colcon_core.shell:Creating environment descriptor '/home/luqseee/robot_ws/install/hoverboard_hardware_interface/share/hoverboard_hardware_interface/hook/cmake_prefix_path.dsv'
[22.584s] INFO:colcon.colcon_core.shell:Creating environment hook '/home/luqseee/robot_ws/install/hoverboard_hardware_interface/share/hoverboard_hardware_interface/hook/cmake_prefix_path.sh'
[22.584s] Level 1:colcon.colcon_core.environment:checking '/home/luqseee/robot_ws/install/hoverboard_hardware_interface/lib'
[22.584s] Level 1:colcon.colcon_core.shell:create_environment_hook('hoverboard_hardware_interface', 'ld_library_path_lib')
[22.585s] INFO:colcon.colcon_core.shell:Creating environment hook '/home/luqseee/robot_ws/install/hoverboard_hardware_interface/share/hoverboard_hardware_interface/hook/ld_library_path_lib.ps1'
[22.585s] INFO:colcon.colcon_core.shell:Creating environment descriptor '/home/luqseee/robot_ws/install/hoverboard_hardware_interface/share/hoverboard_hardware_interface/hook/ld_library_path_lib.dsv'
[22.585s] INFO:colcon.colcon_core.shell:Creating environment hook '/home/luqseee/robot_ws/install/hoverboard_hardware_interface/share/hoverboard_hardware_interface/hook/ld_library_path_lib.sh'
[22.586s] Level 1:colcon.colcon_core.environment:checking '/home/luqseee/robot_ws/install/hoverboard_hardware_interface/bin'
[22.586s] Level 1:colcon.colcon_core.environment:checking '/home/luqseee/robot_ws/install/hoverboard_hardware_interface/lib/pkgconfig/hoverboard_hardware_interface.pc'
[22.586s] Level 1:colcon.colcon_core.environment:checking '/home/luqseee/robot_ws/install/hoverboard_hardware_interface/lib/python3.12/site-packages'
[22.587s] Level 1:colcon.colcon_core.environment:checking '/home/luqseee/robot_ws/install/hoverboard_hardware_interface/bin'
[22.587s] INFO:colcon.colcon_core.shell:Creating package script '/home/luqseee/robot_ws/install/hoverboard_hardware_interface/share/hoverboard_hardware_interface/package.ps1'
[22.588s] INFO:colcon.colcon_core.shell:Creating package descriptor '/home/luqseee/robot_ws/install/hoverboard_hardware_interface/share/hoverboard_hardware_interface/package.dsv'
[22.588s] INFO:colcon.colcon_core.shell:Creating package script '/home/luqseee/robot_ws/install/hoverboard_hardware_interface/share/hoverboard_hardware_interface/package.sh'
[22.589s] INFO:colcon.colcon_core.shell:Creating package script '/home/luqseee/robot_ws/install/hoverboard_hardware_interface/share/hoverboard_hardware_interface/package.bash'
[22.589s] INFO:colcon.colcon_core.shell:Creating package script '/home/luqseee/robot_ws/install/hoverboard_hardware_interface/share/hoverboard_hardware_interface/package.zsh'
[22.590s] Level 1:colcon.colcon_core.environment:create_file_with_runtime_dependencies(/home/luqseee/robot_ws/install/hoverboard_hardware_interface/share/colcon-core/packages/hoverboard_hardware_interface)
[22.591s] Level 1:colcon.colcon_core.environment:create_environment_scripts_only(hoverboard_hardware_interface)
[22.591s] Level 1:colcon.colcon_core.environment:checking '/home/luqseee/robot_ws/install/hoverboard_hardware_interface' for CMake module files
[22.592s] Level 1:colcon.colcon_core.environment:checking '/home/luqseee/robot_ws/install/hoverboard_hardware_interface' for CMake config files
[22.593s] Level 1:colcon.colcon_core.shell:create_environment_hook('hoverboard_hardware_interface', 'cmake_prefix_path')
[22.593s] INFO:colcon.colcon_core.shell:Creating environment hook '/home/luqseee/robot_ws/install/hoverboard_hardware_interface/share/hoverboard_hardware_interface/hook/cmake_prefix_path.ps1'
[22.594s] INFO:colcon.colcon_core.shell:Creating environment descriptor '/home/luqseee/robot_ws/install/hoverboard_hardware_interface/share/hoverboard_hardware_interface/hook/cmake_prefix_path.dsv'
[22.595s] INFO:colcon.colcon_core.shell:Creating environment hook '/home/luqseee/robot_ws/install/hoverboard_hardware_interface/share/hoverboard_hardware_interface/hook/cmake_prefix_path.sh'
[22.596s] Level 1:colcon.colcon_core.environment:checking '/home/luqseee/robot_ws/install/hoverboard_hardware_interface/lib'
[22.596s] Level 1:colcon.colcon_core.shell:create_environment_hook('hoverboard_hardware_interface', 'ld_library_path_lib')
[22.596s] INFO:colcon.colcon_core.shell:Creating environment hook '/home/luqseee/robot_ws/install/hoverboard_hardware_interface/share/hoverboard_hardware_interface/hook/ld_library_path_lib.ps1'
[22.597s] INFO:colcon.colcon_core.shell:Creating environment descriptor '/home/luqseee/robot_ws/install/hoverboard_hardware_interface/share/hoverboard_hardware_interface/hook/ld_library_path_lib.dsv'
[22.600s] INFO:colcon.colcon_core.shell:Creating environment hook '/home/luqseee/robot_ws/install/hoverboard_hardware_interface/share/hoverboard_hardware_interface/hook/ld_library_path_lib.sh'
[22.600s] Level 1:colcon.colcon_core.environment:checking '/home/luqseee/robot_ws/install/hoverboard_hardware_interface/bin'
[22.600s] Level 1:colcon.colcon_core.environment:checking '/home/luqseee/robot_ws/install/hoverboard_hardware_interface/lib/pkgconfig/hoverboard_hardware_interface.pc'
[22.601s] Level 1:colcon.colcon_core.environment:checking '/home/luqseee/robot_ws/install/hoverboard_hardware_interface/lib/python3.12/site-packages'
[22.601s] Level 1:colcon.colcon_core.environment:checking '/home/luqseee/robot_ws/install/hoverboard_hardware_interface/bin'
[22.602s] INFO:colcon.colcon_core.shell:Creating package script '/home/luqseee/robot_ws/install/hoverboard_hardware_interface/share/hoverboard_hardware_interface/package.ps1'
[22.602s] INFO:colcon.colcon_core.shell:Creating package descriptor '/home/luqseee/robot_ws/install/hoverboard_hardware_interface/share/hoverboard_hardware_interface/package.dsv'
[22.603s] INFO:colcon.colcon_core.shell:Creating package script '/home/luqseee/robot_ws/install/hoverboard_hardware_interface/share/hoverboard_hardware_interface/package.sh'
[22.605s] INFO:colcon.colcon_core.shell:Creating package script '/home/luqseee/robot_ws/install/hoverboard_hardware_interface/share/hoverboard_hardware_interface/package.bash'
[22.606s] INFO:colcon.colcon_core.shell:Creating package script '/home/luqseee/robot_ws/install/hoverboard_hardware_interface/share/hoverboard_hardware_interface/package.zsh'
[22.608s] Level 1:colcon.colcon_core.environment:create_file_with_runtime_dependencies(/home/luqseee/robot_ws/install/hoverboard_hardware_interface/share/colcon-core/packages/hoverboard_hardware_interface)
[22.610s] DEBUG:colcon.colcon_parallel_executor.executor.parallel:closing loop
[22.610s] DEBUG:colcon.colcon_parallel_executor.executor.parallel:loop closed
[22.610s] DEBUG:colcon.colcon_parallel_executor.executor.parallel:run_until_complete finished with '0'
[22.610s] DEBUG:colcon.colcon_core.event_reactor:joining thread
[22.612s] DEBUG:colcon.colcon_core.event_reactor:joined thread
[22.612s] INFO:colcon.colcon_core.shell:Creating prefix script '/home/luqseee/robot_ws/install/local_setup.ps1'
[22.613s] INFO:colcon.colcon_core.shell:Creating prefix util module '/home/luqseee/robot_ws/install/_local_setup_util_ps1.py'
[22.614s] INFO:colcon.colcon_core.shell:Creating prefix chain script '/home/luqseee/robot_ws/install/setup.ps1'
[22.616s] INFO:colcon.colcon_core.shell:Creating prefix script '/home/luqseee/robot_ws/install/local_setup.sh'
[22.617s] INFO:colcon.colcon_core.shell:Creating prefix util module '/home/luqseee/robot_ws/install/_local_setup_util_sh.py'
[22.617s] INFO:colcon.colcon_core.shell:Creating prefix chain script '/home/luqseee/robot_ws/install/setup.sh'
[22.620s] INFO:colcon.colcon_core.shell:Creating prefix script '/home/luqseee/robot_ws/install/local_setup.bash'
[22.622s] INFO:colcon.colcon_core.shell:Creating prefix chain script '/home/luqseee/robot_ws/install/setup.bash'
[22.624s] INFO:colcon.colcon_core.shell:Creating prefix script '/home/luqseee/robot_ws/install/local_setup.zsh'
[22.625s] INFO:colcon.colcon_core.shell:Creating prefix chain script '/home/luqseee/robot_ws/install/setup.zsh'
