[0.042s] Invoking command in '/home/luqseee/robot_ws/build/hoverboard_demo_description': CMAKE_PREFIX_PATH=${CMAKE_PREFIX_PATH}:/opt/ros/jazzy DEBUGINFOD_URLS=https://debuginfod.ubuntu.com /usr/bin/cmake --build /home/luqseee/robot_ws/build/hoverboard_demo_description -- -j4 -l4
[0.364s] Invoked command in '/home/luqseee/robot_ws/build/hoverboard_demo_description' returned '0': CMAKE_PREFIX_PATH=${CMAKE_PREFIX_PATH}:/opt/ros/jazzy DEBUGINFOD_URLS=https://debuginfod.ubuntu.com /usr/bin/cmake --build /home/luqseee/robot_ws/build/hoverboard_demo_description -- -j4 -l4
[0.377s] Invoking command in '/home/luqseee/robot_ws/build/hoverboard_demo_description': CMAKE_PREFIX_PATH=${CMAKE_PREFIX_PATH}:/opt/ros/jazzy DEBUGINFOD_URLS=https://debuginfod.ubuntu.com /usr/bin/cmake --install /home/luqseee/robot_ws/build/hoverboard_demo_description
[0.400s] -- Install configuration: ""
[0.401s] -- Execute custom install script
[0.405s] -- Up-to-date symlink: /home/luqseee/robot_ws/install/hoverboard_demo_description/share/hoverboard_demo_description/urdf/hoverboard_description.xacro
[0.407s] -- Up-to-date symlink: /home/luqseee/robot_ws/install/hoverboard_demo_description/share/hoverboard_demo_description/urdf/macros.xacro
[0.408s] -- Up-to-date symlink: /home/luqseee/robot_ws/install/hoverboard_demo_description/share/hoverboard_demo_description/urdf/materials.xacro
[0.410s] -- Up-to-date symlink: /home/luqseee/robot_ws/install/hoverboard_demo_description/share/hoverboard_demo_description/urdf/ros2_control.xacro
[0.413s] -- Up-to-date symlink: /home/luqseee/robot_ws/install/hoverboard_demo_description/share/hoverboard_demo_description/urdf/wheels.xacro
[0.419s] -- Up-to-date symlink: /home/luqseee/robot_ws/install/hoverboard_demo_description/share/hoverboard_demo_description/rviz/hoverboard.rviz
[0.423s] -- Up-to-date symlink: /home/luqseee/robot_ws/install/hoverboard_demo_description/share/hoverboard_demo_description/meshes/plate.stl
[0.423s] -- Up-to-date symlink: /home/luqseee/robot_ws/install/hoverboard_demo_description/share/ament_index/resource_index/package_run_dependencies/hoverboard_demo_description
[0.425s] -- Up-to-date symlink: /home/luqseee/robot_ws/install/hoverboard_demo_description/share/ament_index/resource_index/parent_prefix_path/hoverboard_demo_description
[0.428s] -- Up-to-date symlink: /home/luqseee/robot_ws/install/hoverboard_demo_description/share/hoverboard_demo_description/environment/ament_prefix_path.sh
[0.428s] -- Up-to-date symlink: /home/luqseee/robot_ws/install/hoverboard_demo_description/share/hoverboard_demo_description/environment/ament_prefix_path.dsv
[0.428s] -- Up-to-date symlink: /home/luqseee/robot_ws/install/hoverboard_demo_description/share/hoverboard_demo_description/environment/path.sh
[0.429s] -- Up-to-date symlink: /home/luqseee/robot_ws/install/hoverboard_demo_description/share/hoverboard_demo_description/environment/path.dsv
[0.429s] -- Up-to-date symlink: /home/luqseee/robot_ws/install/hoverboard_demo_description/share/hoverboard_demo_description/local_setup.bash
[0.432s] -- Up-to-date symlink: /home/luqseee/robot_ws/install/hoverboard_demo_description/share/hoverboard_demo_description/local_setup.sh
[0.435s] -- Up-to-date symlink: /home/luqseee/robot_ws/install/hoverboard_demo_description/share/hoverboard_demo_description/local_setup.zsh
[0.435s] -- Up-to-date symlink: /home/luqseee/robot_ws/install/hoverboard_demo_description/share/hoverboard_demo_description/local_setup.dsv
[0.435s] -- Symlinking: /home/luqseee/robot_ws/install/hoverboard_demo_description/share/hoverboard_demo_description/package.dsv
[0.459s] -- Up-to-date symlink: /home/luqseee/robot_ws/install/hoverboard_demo_description/share/ament_index/resource_index/packages/hoverboard_demo_description
[0.462s] -- Up-to-date symlink: /home/luqseee/robot_ws/install/hoverboard_demo_description/share/hoverboard_demo_description/cmake/hoverboard_demo_descriptionConfig.cmake
[0.463s] -- Up-to-date symlink: /home/luqseee/robot_ws/install/hoverboard_demo_description/share/hoverboard_demo_description/cmake/hoverboard_demo_descriptionConfig-version.cmake
[0.464s] -- Up-to-date symlink: /home/luqseee/robot_ws/install/hoverboard_demo_description/share/hoverboard_demo_description/package.xml
[0.533s] Invoked command in '/home/luqseee/robot_ws/build/hoverboard_demo_description' returned '0': CMAKE_PREFIX_PATH=${CMAKE_PREFIX_PATH}:/opt/ros/jazzy DEBUGINFOD_URLS=https://debuginfod.ubuntu.com /usr/bin/cmake --install /home/luqseee/robot_ws/build/hoverboard_demo_description
