[0.010s] Invoking command in '/home/luqseee/robot_ws/build/camera_ros': CMAKE_PREFIX_PATH=${CMAKE_PREFIX_PATH}:/opt/ros/jazzy DEBUGINFOD_URLS=https://debuginfod.ubuntu.com LD_LIBRARY_PATH=/home/luqseee/robot_ws/install/libcamera/lib:${LD_LIBRARY_PATH} PATH=/home/luqseee/robot_ws/install/libcamera/bin:${PATH} PKG_CONFIG_PATH=/home/luqseee/robot_ws/install/libcamera/lib/pkgconfig /usr/bin/cmake /home/luqseee/robot_ws/src/camera_ros -DAMENT_CMAKE_SYMLINK_INSTALL=1 -DCMAKE_INSTALL_PREFIX=/home/luqseee/robot_ws/install/camera_ros
[0.107s] -- The C compiler identification is GNU 13.3.0
[0.203s] -- The CXX compiler identification is GNU 13.3.0
[0.229s] -- Detecting C compiler ABI info
[0.386s] -- Detecting C compiler ABI info - done
[0.401s] -- Check for working C compiler: /usr/bin/cc - skipped
[0.401s] -- Detecting C compile features
[0.402s] -- Detecting C compile features - done
[0.416s] -- Detecting CXX compiler ABI info
[0.586s] -- Detecting CXX compiler ABI info - done
[0.601s] -- Check for working CXX compiler: /usr/bin/c++ - skipped
[0.601s] -- Detecting CXX compile features
[0.602s] -- Detecting CXX compile features - done
[0.605s] -- Found ament_cmake: 2.5.6 (/opt/ros/jazzy/share/ament_cmake/cmake)
[0.813s] -- Found Python3: /usr/bin/python3 (found version "3.12.3") found components: Interpreter 
[0.927s] -- Override CMake install command with custom implementation using symlinks instead of copying resources
[0.972s] -- Found PkgConfig: /usr/bin/pkg-config (found version "1.8.1") 
[0.977s] -- Found rclcpp: 28.1.18 (/opt/ros/jazzy/share/rclcpp/cmake)
[1.063s] -- Found rosidl_generator_c: 4.6.7 (/opt/ros/jazzy/share/rosidl_generator_c/cmake)
[1.089s] -- Found rosidl_generator_cpp: 4.6.7 (/opt/ros/jazzy/share/rosidl_generator_cpp/cmake)
[1.126s] -- Using all available rosidl_typesupport_c: rosidl_typesupport_fastrtps_c;rosidl_typesupport_introspection_c
[1.205s] -- Using all available rosidl_typesupport_cpp: rosidl_typesupport_fastrtps_cpp;rosidl_typesupport_introspection_cpp
[1.361s] -- Found rmw_implementation_cmake: 7.3.3 (/opt/ros/jazzy/share/rmw_implementation_cmake/cmake)
[1.368s] -- Found rmw_fastrtps_cpp: 8.4.3 (/opt/ros/jazzy/share/rmw_fastrtps_cpp/cmake)
[1.532s] -- Found OpenSSL: /usr/lib/aarch64-linux-gnu/libcrypto.so (found version "3.0.13")  
[1.562s] -- Found FastRTPS: /opt/ros/jazzy/include (Required is at least version "2.13") 
[1.598s] -- Using RMW implementation 'rmw_fastrtps_cpp' as default
[1.738s] -- Found rclcpp_components: 28.1.18 (/opt/ros/jazzy/share/rclcpp_components/cmake)
[1.807s] -- Found sensor_msgs: 5.3.7 (/opt/ros/jazzy/share/sensor_msgs/cmake)
[1.920s] -- Found diagnostic_msgs: 5.3.7 (/opt/ros/jazzy/share/diagnostic_msgs/cmake)
[1.956s] -- Found camera_info_manager: 5.1.7 (/opt/ros/jazzy/share/camera_info_manager/cmake)
[1.967s] -- Setting yaml-cpp_DIR to: '/opt/ros/jazzy/share/yaml_cpp_vendor/cmake/../../../opt/yaml_cpp_vendor/share/cmake/yaml-cpp'
[2.036s] -- Found cv_bridge: 4.1.0 (/opt/ros/jazzy/share/cv_bridge/cmake)
[2.059s] -- Checking for module 'libcamera>=0.1'
[2.082s] --   Found libcamera, version 0.7.0
[2.163s] -- Found ament_lint_auto: 0.17.5 (/opt/ros/jazzy/share/ament_lint_auto/cmake)
[2.351s] -- Added test 'clang_format' to check C / C++ code style
[2.357s] -- Added test 'cppcheck' to perform static code analysis on C / C++ code
[2.357s] -- Configured cppcheck include dirs: 
[2.357s] -- Configured cppcheck exclude dirs and/or files: 
[2.359s] -- Added test 'flake8' to check Python code syntax and style conventions
[2.359s] -- Configured 'flake8' exclude dirs and/or files: 
[2.360s] -- Added test 'lint_cmake' to check CMake code style
[2.362s] -- Added test 'mypy' to statically type check Python code.
[2.363s] -- Added test 'pep257' to check Python code against some of the docstring style conventions in PEP 257
[2.364s] -- Added test 'pyflakes' to perform static code analysis on Python code
[2.365s] -- Added test 'xmllint' to check XML markup files
[2.368s] -- Configuring done (2.3s)
[2.404s] -- Generating done (0.0s)
[2.413s] -- Build files have been written to: /home/luqseee/robot_ws/build/camera_ros
[2.437s] Invoked command in '/home/luqseee/robot_ws/build/camera_ros' returned '0': CMAKE_PREFIX_PATH=${CMAKE_PREFIX_PATH}:/opt/ros/jazzy DEBUGINFOD_URLS=https://debuginfod.ubuntu.com LD_LIBRARY_PATH=/home/luqseee/robot_ws/install/libcamera/lib:${LD_LIBRARY_PATH} PATH=/home/luqseee/robot_ws/install/libcamera/bin:${PATH} PKG_CONFIG_PATH=/home/luqseee/robot_ws/install/libcamera/lib/pkgconfig /usr/bin/cmake /home/luqseee/robot_ws/src/camera_ros -DAMENT_CMAKE_SYMLINK_INSTALL=1 -DCMAKE_INSTALL_PREFIX=/home/luqseee/robot_ws/install/camera_ros
[2.439s] Invoking command in '/home/luqseee/robot_ws/build/camera_ros': CMAKE_PREFIX_PATH=${CMAKE_PREFIX_PATH}:/opt/ros/jazzy DEBUGINFOD_URLS=https://debuginfod.ubuntu.com LD_LIBRARY_PATH=/home/luqseee/robot_ws/install/libcamera/lib:${LD_LIBRARY_PATH} PATH=/home/luqseee/robot_ws/install/libcamera/bin:${PATH} PKG_CONFIG_PATH=/home/luqseee/robot_ws/install/libcamera/lib/pkgconfig /usr/bin/cmake --build /home/luqseee/robot_ws/build/camera_ros -- -j4 -l4
[2.528s] [  7%] [32mBuilding CXX object CMakeFiles/utils.dir/src/format_mapping.cpp.o[0m
[5.902s] [ 15%] [32mBuilding CXX object CMakeFiles/utils.dir/src/pretty_print.cpp.o[0m
[7.192s] [ 15%] Built target utils
[7.228s] [ 23%] [32mBuilding CXX object CMakeFiles/camera_node.dir/rclcpp_components/node_main_camera_node.cpp.o[0m
[13.765s] [ 30%] [32m[1mLinking CXX executable camera_node[0m
[14.136s] [ 30%] Built target camera_node
[14.172s] [ 38%] [32mBuilding CXX object CMakeFiles/param.dir/src/clamp.cpp.o[0m
[15.986s] [ 46%] [32mBuilding CXX object CMakeFiles/param.dir/src/types.cpp.o[0m
[16.991s] [ 53%] [32mBuilding CXX object CMakeFiles/param.dir/src/type_extent.cpp.o[0m
[17.959s] [ 61%] [32mBuilding CXX object CMakeFiles/param.dir/src/ParameterHandler.cpp.o[0m
[23.512s] [ 84%] [32mBuilding CXX object CMakeFiles/param.dir/src/cv_to_pv.cpp.o[0m
[23.513s] [ 84%] [32mBuilding CXX object CMakeFiles/param.dir/src/ParameterConflictHandler.cpp.o[0m
[23.513s] [ 84%] [32mBuilding CXX object CMakeFiles/param.dir/src/pv_to_cv.cpp.o[0m
[26.110s] [ 84%] Built target param
[26.147s] [ 92%] [32mBuilding CXX object CMakeFiles/camera_component.dir/src/CameraNode.cpp.o[0m
[42.920s] [100%] [32m[1mLinking CXX shared library libcamera_component.so[0m
[44.428s] [100%] Built target camera_component
[44.449s] Invoked command in '/home/luqseee/robot_ws/build/camera_ros' returned '0': CMAKE_PREFIX_PATH=${CMAKE_PREFIX_PATH}:/opt/ros/jazzy DEBUGINFOD_URLS=https://debuginfod.ubuntu.com LD_LIBRARY_PATH=/home/luqseee/robot_ws/install/libcamera/lib:${LD_LIBRARY_PATH} PATH=/home/luqseee/robot_ws/install/libcamera/bin:${PATH} PKG_CONFIG_PATH=/home/luqseee/robot_ws/install/libcamera/lib/pkgconfig /usr/bin/cmake --build /home/luqseee/robot_ws/build/camera_ros -- -j4 -l4
[44.451s] Invoking command in '/home/luqseee/robot_ws/build/camera_ros': CMAKE_PREFIX_PATH=${CMAKE_PREFIX_PATH}:/opt/ros/jazzy DEBUGINFOD_URLS=https://debuginfod.ubuntu.com LD_LIBRARY_PATH=/home/luqseee/robot_ws/install/libcamera/lib:${LD_LIBRARY_PATH} PATH=/home/luqseee/robot_ws/install/libcamera/bin:${PATH} PKG_CONFIG_PATH=/home/luqseee/robot_ws/install/libcamera/lib/pkgconfig /usr/bin/cmake --install /home/luqseee/robot_ws/build/camera_ros
[44.465s] -- Install configuration: ""
[44.466s] -- Execute custom install script
[44.466s] -- Symlinking: /home/luqseee/robot_ws/install/camera_ros/lib/camera_ros/camera_node
[44.483s] -- Symlinking: /home/luqseee/robot_ws/install/camera_ros/share/camera_ros/environment/library_path.sh
[44.499s] -- Symlinking: /home/luqseee/robot_ws/install/camera_ros/share/camera_ros/environment/library_path.dsv
[44.517s] -- Symlinking: /home/luqseee/robot_ws/install/camera_ros/share/camera_ros//launch/camera.launch.py
[44.533s] -- Symlinking: /home/luqseee/robot_ws/install/camera_ros/share/ament_index/resource_index/package_run_dependencies/camera_ros
[44.550s] -- Symlinking: /home/luqseee/robot_ws/install/camera_ros/share/ament_index/resource_index/parent_prefix_path/camera_ros
[44.566s] -- Symlinking: /home/luqseee/robot_ws/install/camera_ros/share/camera_ros/environment/ament_prefix_path.sh
[44.582s] -- Symlinking: /home/luqseee/robot_ws/install/camera_ros/share/camera_ros/environment/ament_prefix_path.dsv
[44.598s] -- Symlinking: /home/luqseee/robot_ws/install/camera_ros/share/camera_ros/environment/path.sh
[44.613s] -- Symlinking: /home/luqseee/robot_ws/install/camera_ros/share/camera_ros/environment/path.dsv
[44.630s] -- Symlinking: /home/luqseee/robot_ws/install/camera_ros/share/camera_ros/local_setup.bash
[44.646s] -- Symlinking: /home/luqseee/robot_ws/install/camera_ros/share/camera_ros/local_setup.sh
[44.663s] -- Symlinking: /home/luqseee/robot_ws/install/camera_ros/share/camera_ros/local_setup.zsh
[44.680s] -- Symlinking: /home/luqseee/robot_ws/install/camera_ros/share/camera_ros/local_setup.dsv
[44.696s] -- Symlinking: /home/luqseee/robot_ws/install/camera_ros/share/camera_ros/package.dsv
[44.714s] -- Symlinking: /home/luqseee/robot_ws/install/camera_ros/share/ament_index/resource_index/packages/camera_ros
[44.730s] -- Symlinking: /home/luqseee/robot_ws/install/camera_ros/share/ament_index/resource_index/rclcpp_components/camera_ros
[44.747s] -- Symlinking: /home/luqseee/robot_ws/install/camera_ros/share/camera_ros/cmake/ament_cmake_export_targets-extras.cmake
[44.764s] -- Symlinking: /home/luqseee/robot_ws/install/camera_ros/share/camera_ros/cmake/ament_cmake_export_dependencies-extras.cmake
[44.780s] -- Symlinking: /home/luqseee/robot_ws/install/camera_ros/share/camera_ros/cmake/camera_rosConfig.cmake
[44.797s] -- Symlinking: /home/luqseee/robot_ws/install/camera_ros/share/camera_ros/cmake/camera_rosConfig-version.cmake
[44.813s] -- Symlinking: /home/luqseee/robot_ws/install/camera_ros/share/camera_ros/package.xml
[44.830s] -- Installing: /home/luqseee/robot_ws/install/camera_ros/lib/libcamera_component.so
[44.841s] -- Set non-toolchain portion of runtime path of "/home/luqseee/robot_ws/install/camera_ros/lib/libcamera_component.so" to ""
[44.841s] -- Installing: /home/luqseee/robot_ws/install/camera_ros/share/camera_ros/cmake/camera_componentTargetsExport.cmake
[44.841s] -- Installing: /home/luqseee/robot_ws/install/camera_ros/share/camera_ros/cmake/camera_componentTargetsExport-noconfig.cmake
[44.845s] Invoked command in '/home/luqseee/robot_ws/build/camera_ros' returned '0': CMAKE_PREFIX_PATH=${CMAKE_PREFIX_PATH}:/opt/ros/jazzy DEBUGINFOD_URLS=https://debuginfod.ubuntu.com LD_LIBRARY_PATH=/home/luqseee/robot_ws/install/libcamera/lib:${LD_LIBRARY_PATH} PATH=/home/luqseee/robot_ws/install/libcamera/bin:${PATH} PKG_CONFIG_PATH=/home/luqseee/robot_ws/install/libcamera/lib/pkgconfig /usr/bin/cmake --install /home/luqseee/robot_ws/build/camera_ros
