[0.030s] Invoking command in '/home/luqseee/robot_ws/src/build/hoverboard_demo_description': CMAKE_PREFIX_PATH=${CMAKE_PREFIX_PATH}:/opt/ros/jazzy DEBUGINFOD_URLS=https://debuginfod.ubuntu.com /usr/bin/cmake /home/luqseee/robot_ws/src/hoverboard_ros2_control/hoverboard_demo_description -DAMENT_CMAKE_SYMLINK_INSTALL=1 -DCMAKE_INSTALL_PREFIX=/home/luqseee/robot_ws/src/install/hoverboard_demo_description
[0.607s] -- The C compiler identification is GNU 13.3.0
[1.092s] -- The CXX compiler identification is GNU 13.3.0
[1.142s] -- Detecting C compiler ABI info
[1.408s] -- Detecting C compiler ABI info - done
[1.422s] -- Check for working C compiler: /usr/bin/cc - skipped
[1.424s] -- Detecting C compile features
[1.427s] -- Detecting C compile features - done
[1.449s] -- Detecting CXX compiler ABI info
[1.712s] -- Detecting CXX compiler ABI info - done
[1.729s] -- Check for working CXX compiler: /usr/bin/c++ - skipped
[1.729s] -- Detecting CXX compile features
[1.729s] -- Detecting CXX compile features - done
[1.741s] -- Found ament_cmake_auto: 2.5.6 (/opt/ros/jazzy/share/ament_cmake_auto/cmake)
[2.123s] -- Found Python3: /usr/bin/python3 (found version "3.12.3") found components: Interpreter 
[2.331s] -- Override CMake install command with custom implementation using symlinks instead of copying resources
[2.427s] -- Found ament_lint_auto: 0.17.5 (/opt/ros/jazzy/share/ament_lint_auto/cmake)
[2.808s] -- Added test 'lint_cmake' to check CMake code style
[2.813s] -- Added test 'xmllint' to check XML markup files
[2.816s] -- Configuring done (2.8s)
[2.826s] -- Generating done (0.0s)
[2.828s] -- Build files have been written to: /home/luqseee/robot_ws/src/build/hoverboard_demo_description
[2.852s] Invoked command in '/home/luqseee/robot_ws/src/build/hoverboard_demo_description' returned '0': CMAKE_PREFIX_PATH=${CMAKE_PREFIX_PATH}:/opt/ros/jazzy DEBUGINFOD_URLS=https://debuginfod.ubuntu.com /usr/bin/cmake /home/luqseee/robot_ws/src/hoverboard_ros2_control/hoverboard_demo_description -DAMENT_CMAKE_SYMLINK_INSTALL=1 -DCMAKE_INSTALL_PREFIX=/home/luqseee/robot_ws/src/install/hoverboard_demo_description
[2.853s] Invoking command in '/home/luqseee/robot_ws/src/build/hoverboard_demo_description': CMAKE_PREFIX_PATH=${CMAKE_PREFIX_PATH}:/opt/ros/jazzy DEBUGINFOD_URLS=https://debuginfod.ubuntu.com /usr/bin/cmake --build /home/luqseee/robot_ws/src/build/hoverboard_demo_description -- -j4 -l4
[2.957s] Invoked command in '/home/luqseee/robot_ws/src/build/hoverboard_demo_description' returned '0': CMAKE_PREFIX_PATH=${CMAKE_PREFIX_PATH}:/opt/ros/jazzy DEBUGINFOD_URLS=https://debuginfod.ubuntu.com /usr/bin/cmake --build /home/luqseee/robot_ws/src/build/hoverboard_demo_description -- -j4 -l4
[2.959s] Invoking command in '/home/luqseee/robot_ws/src/build/hoverboard_demo_description': CMAKE_PREFIX_PATH=${CMAKE_PREFIX_PATH}:/opt/ros/jazzy DEBUGINFOD_URLS=https://debuginfod.ubuntu.com /usr/bin/cmake --install /home/luqseee/robot_ws/src/build/hoverboard_demo_description
[2.979s] -- Install configuration: ""
[2.979s] -- Execute custom install script
[2.982s] -- Symlinking: /home/luqseee/robot_ws/src/install/hoverboard_demo_description/share/hoverboard_demo_description/urdf/hoverboard_description.xacro
[3.003s] -- Symlinking: /home/luqseee/robot_ws/src/install/hoverboard_demo_description/share/hoverboard_demo_description/urdf/macros.xacro
[3.023s] -- Symlinking: /home/luqseee/robot_ws/src/install/hoverboard_demo_description/share/hoverboard_demo_description/urdf/materials.xacro
[3.047s] -- Symlinking: /home/luqseee/robot_ws/src/install/hoverboard_demo_description/share/hoverboard_demo_description/urdf/ros2_control.xacro
[3.069s] -- Symlinking: /home/luqseee/robot_ws/src/install/hoverboard_demo_description/share/hoverboard_demo_description/urdf/wheels.xacro
[3.090s] -- Symlinking: /home/luqseee/robot_ws/src/install/hoverboard_demo_description/share/hoverboard_demo_description/rviz/hoverboard.rviz
[3.111s] -- Symlinking: /home/luqseee/robot_ws/src/install/hoverboard_demo_description/share/hoverboard_demo_description/meshes/plate.stl
[3.134s] -- Symlinking: /home/luqseee/robot_ws/src/install/hoverboard_demo_description/share/ament_index/resource_index/package_run_dependencies/hoverboard_demo_description
[3.154s] -- Symlinking: /home/luqseee/robot_ws/src/install/hoverboard_demo_description/share/ament_index/resource_index/parent_prefix_path/hoverboard_demo_description
[3.176s] -- Symlinking: /home/luqseee/robot_ws/src/install/hoverboard_demo_description/share/hoverboard_demo_description/environment/ament_prefix_path.sh
[3.203s] -- Symlinking: /home/luqseee/robot_ws/src/install/hoverboard_demo_description/share/hoverboard_demo_description/environment/ament_prefix_path.dsv
[3.230s] -- Symlinking: /home/luqseee/robot_ws/src/install/hoverboard_demo_description/share/hoverboard_demo_description/environment/path.sh
[3.249s] -- Symlinking: /home/luqseee/robot_ws/src/install/hoverboard_demo_description/share/hoverboard_demo_description/environment/path.dsv
[3.269s] -- Symlinking: /home/luqseee/robot_ws/src/install/hoverboard_demo_description/share/hoverboard_demo_description/local_setup.bash
[3.289s] -- Symlinking: /home/luqseee/robot_ws/src/install/hoverboard_demo_description/share/hoverboard_demo_description/local_setup.sh
[3.311s] -- Symlinking: /home/luqseee/robot_ws/src/install/hoverboard_demo_description/share/hoverboard_demo_description/local_setup.zsh
[3.338s] -- Symlinking: /home/luqseee/robot_ws/src/install/hoverboard_demo_description/share/hoverboard_demo_description/local_setup.dsv
[3.359s] -- Symlinking: /home/luqseee/robot_ws/src/install/hoverboard_demo_description/share/hoverboard_demo_description/package.dsv
[3.382s] -- Symlinking: /home/luqseee/robot_ws/src/install/hoverboard_demo_description/share/ament_index/resource_index/packages/hoverboard_demo_description
[3.406s] -- Symlinking: /home/luqseee/robot_ws/src/install/hoverboard_demo_description/share/hoverboard_demo_description/cmake/hoverboard_demo_descriptionConfig.cmake
[3.439s] -- Symlinking: /home/luqseee/robot_ws/src/install/hoverboard_demo_description/share/hoverboard_demo_description/cmake/hoverboard_demo_descriptionConfig-version.cmake
[3.470s] -- Symlinking: /home/luqseee/robot_ws/src/install/hoverboard_demo_description/share/hoverboard_demo_description/package.xml
[3.494s] Invoked command in '/home/luqseee/robot_ws/src/build/hoverboard_demo_description' returned '0': CMAKE_PREFIX_PATH=${CMAKE_PREFIX_PATH}:/opt/ros/jazzy DEBUGINFOD_URLS=https://debuginfod.ubuntu.com /usr/bin/cmake --install /home/luqseee/robot_ws/src/build/hoverboard_demo_description
