[0.029s] Invoking command in '/home/luqseee/robot_ws/build/hoverboard_demo_description': CMAKE_PREFIX_PATH=${CMAKE_PREFIX_PATH}:/opt/ros/jazzy DEBUGINFOD_URLS=https://debuginfod.ubuntu.com /usr/bin/cmake /home/luqseee/robot_ws/src/hoverboard_ros2_control/hoverboard_demo_description -DAMENT_CMAKE_SYMLINK_INSTALL=1 -DCMAKE_INSTALL_PREFIX=/home/luqseee/robot_ws/install/hoverboard_demo_description
[0.196s] -- The C compiler identification is GNU 13.3.0
[0.366s] -- The CXX compiler identification is GNU 13.3.0
[0.396s] -- Detecting C compiler ABI info
[0.632s] -- Detecting C compiler ABI info - done
[0.650s] -- Check for working C compiler: /usr/bin/cc - skipped
[0.651s] -- Detecting C compile features
[0.651s] -- Detecting C compile features - done
[0.668s] -- Detecting CXX compiler ABI info
[0.932s] -- Detecting CXX compiler ABI info - done
[0.946s] -- Check for working CXX compiler: /usr/bin/c++ - skipped
[0.947s] -- Detecting CXX compile features
[0.949s] -- Detecting CXX compile features - done
[0.952s] -- Found ament_cmake_auto: 2.5.6 (/opt/ros/jazzy/share/ament_cmake_auto/cmake)
[1.318s] -- Found Python3: /usr/bin/python3 (found version "3.12.3") found components: Interpreter 
[1.524s] -- Override CMake install command with custom implementation using symlinks instead of copying resources
[1.586s] -- Found ament_lint_auto: 0.17.5 (/opt/ros/jazzy/share/ament_lint_auto/cmake)
[1.879s] -- Added test 'lint_cmake' to check CMake code style
[1.881s] -- Added test 'xmllint' to check XML markup files
[1.885s] -- Configuring done (1.8s)
[1.894s] -- Generating done (0.0s)
[1.894s] -- Build files have been written to: /home/luqseee/robot_ws/build/hoverboard_demo_description
[1.907s] Invoked command in '/home/luqseee/robot_ws/build/hoverboard_demo_description' returned '0': CMAKE_PREFIX_PATH=${CMAKE_PREFIX_PATH}:/opt/ros/jazzy DEBUGINFOD_URLS=https://debuginfod.ubuntu.com /usr/bin/cmake /home/luqseee/robot_ws/src/hoverboard_ros2_control/hoverboard_demo_description -DAMENT_CMAKE_SYMLINK_INSTALL=1 -DCMAKE_INSTALL_PREFIX=/home/luqseee/robot_ws/install/hoverboard_demo_description
[1.909s] Invoking command in '/home/luqseee/robot_ws/build/hoverboard_demo_description': CMAKE_PREFIX_PATH=${CMAKE_PREFIX_PATH}:/opt/ros/jazzy DEBUGINFOD_URLS=https://debuginfod.ubuntu.com /usr/bin/cmake --build /home/luqseee/robot_ws/build/hoverboard_demo_description -- -j4 -l4
[1.999s] Invoked command in '/home/luqseee/robot_ws/build/hoverboard_demo_description' returned '0': CMAKE_PREFIX_PATH=${CMAKE_PREFIX_PATH}:/opt/ros/jazzy DEBUGINFOD_URLS=https://debuginfod.ubuntu.com /usr/bin/cmake --build /home/luqseee/robot_ws/build/hoverboard_demo_description -- -j4 -l4
[2.017s] Invoking command in '/home/luqseee/robot_ws/build/hoverboard_demo_description': CMAKE_PREFIX_PATH=${CMAKE_PREFIX_PATH}:/opt/ros/jazzy DEBUGINFOD_URLS=https://debuginfod.ubuntu.com /usr/bin/cmake --install /home/luqseee/robot_ws/build/hoverboard_demo_description
[2.034s] -- Install configuration: ""
[2.035s] -- Execute custom install script
[2.036s] -- Symlinking: /home/luqseee/robot_ws/install/hoverboard_demo_description/share/hoverboard_demo_description/urdf/hoverboard_description.xacro
[2.057s] -- Symlinking: /home/luqseee/robot_ws/install/hoverboard_demo_description/share/hoverboard_demo_description/urdf/macros.xacro
[2.077s] -- Symlinking: /home/luqseee/robot_ws/install/hoverboard_demo_description/share/hoverboard_demo_description/urdf/materials.xacro
[2.097s] -- Symlinking: /home/luqseee/robot_ws/install/hoverboard_demo_description/share/hoverboard_demo_description/urdf/ros2_control.xacro
[2.119s] -- Symlinking: /home/luqseee/robot_ws/install/hoverboard_demo_description/share/hoverboard_demo_description/urdf/wheels.xacro
[2.141s] -- Symlinking: /home/luqseee/robot_ws/install/hoverboard_demo_description/share/hoverboard_demo_description/rviz/hoverboard.rviz
[2.162s] -- Symlinking: /home/luqseee/robot_ws/install/hoverboard_demo_description/share/hoverboard_demo_description/meshes/plate.stl
[2.189s] -- Symlinking: /home/luqseee/robot_ws/install/hoverboard_demo_description/share/ament_index/resource_index/package_run_dependencies/hoverboard_demo_description
[2.209s] -- Symlinking: /home/luqseee/robot_ws/install/hoverboard_demo_description/share/ament_index/resource_index/parent_prefix_path/hoverboard_demo_description
[2.232s] -- Symlinking: /home/luqseee/robot_ws/install/hoverboard_demo_description/share/hoverboard_demo_description/environment/ament_prefix_path.sh
[2.255s] -- Symlinking: /home/luqseee/robot_ws/install/hoverboard_demo_description/share/hoverboard_demo_description/environment/ament_prefix_path.dsv
[2.274s] -- Symlinking: /home/luqseee/robot_ws/install/hoverboard_demo_description/share/hoverboard_demo_description/environment/path.sh
[2.295s] -- Symlinking: /home/luqseee/robot_ws/install/hoverboard_demo_description/share/hoverboard_demo_description/environment/path.dsv
[2.317s] -- Symlinking: /home/luqseee/robot_ws/install/hoverboard_demo_description/share/hoverboard_demo_description/local_setup.bash
[2.338s] -- Symlinking: /home/luqseee/robot_ws/install/hoverboard_demo_description/share/hoverboard_demo_description/local_setup.sh
[2.367s] -- Symlinking: /home/luqseee/robot_ws/install/hoverboard_demo_description/share/hoverboard_demo_description/local_setup.zsh
[2.386s] -- Symlinking: /home/luqseee/robot_ws/install/hoverboard_demo_description/share/hoverboard_demo_description/local_setup.dsv
[2.409s] -- Symlinking: /home/luqseee/robot_ws/install/hoverboard_demo_description/share/hoverboard_demo_description/package.dsv
[2.429s] -- Symlinking: /home/luqseee/robot_ws/install/hoverboard_demo_description/share/ament_index/resource_index/packages/hoverboard_demo_description
[2.453s] -- Symlinking: /home/luqseee/robot_ws/install/hoverboard_demo_description/share/hoverboard_demo_description/cmake/hoverboard_demo_descriptionConfig.cmake
[2.474s] -- Symlinking: /home/luqseee/robot_ws/install/hoverboard_demo_description/share/hoverboard_demo_description/cmake/hoverboard_demo_descriptionConfig-version.cmake
[2.495s] -- Symlinking: /home/luqseee/robot_ws/install/hoverboard_demo_description/share/hoverboard_demo_description/package.xml
[2.526s] Invoked command in '/home/luqseee/robot_ws/build/hoverboard_demo_description' returned '0': CMAKE_PREFIX_PATH=${CMAKE_PREFIX_PATH}:/opt/ros/jazzy DEBUGINFOD_URLS=https://debuginfod.ubuntu.com /usr/bin/cmake --install /home/luqseee/robot_ws/build/hoverboard_demo_description
