[0.032s] Invoking command in '/home/luqseee/robot_ws/build/hoverboard_demo_description': CMAKE_PREFIX_PATH=${CMAKE_PREFIX_PATH}:/opt/ros/jazzy DEBUGINFOD_URLS=https://debuginfod.ubuntu.com /usr/bin/cmake --build /home/luqseee/robot_ws/build/hoverboard_demo_description -- -j4 -l4
[0.128s] Invoked command in '/home/luqseee/robot_ws/build/hoverboard_demo_description' returned '0': CMAKE_PREFIX_PATH=${CMAKE_PREFIX_PATH}:/opt/ros/jazzy DEBUGINFOD_URLS=https://debuginfod.ubuntu.com /usr/bin/cmake --build /home/luqseee/robot_ws/build/hoverboard_demo_description -- -j4 -l4
[0.147s] Invoking command in '/home/luqseee/robot_ws/build/hoverboard_demo_description': CMAKE_PREFIX_PATH=${CMAKE_PREFIX_PATH}:/opt/ros/jazzy DEBUGINFOD_URLS=https://debuginfod.ubuntu.com /usr/bin/cmake --install /home/luqseee/robot_ws/build/hoverboard_demo_description
[0.165s] -- Install configuration: ""
[0.166s] -- Execute custom install script
[0.169s] -- Up-to-date symlink: /home/luqseee/robot_ws/install/hoverboard_demo_description/share/hoverboard_demo_description/urdf/hoverboard_description.xacro
[0.173s] -- Up-to-date symlink: /home/luqseee/robot_ws/install/hoverboard_demo_description/share/hoverboard_demo_description/urdf/macros.xacro
[0.173s] -- Up-to-date symlink: /home/luqseee/robot_ws/install/hoverboard_demo_description/share/hoverboard_demo_description/urdf/materials.xacro
[0.173s] -- Up-to-date symlink: /home/luqseee/robot_ws/install/hoverboard_demo_description/share/hoverboard_demo_description/urdf/ros2_control.xacro
[0.173s] -- Up-to-date symlink: /home/luqseee/robot_ws/install/hoverboard_demo_description/share/hoverboard_demo_description/urdf/wheels.xacro
[0.174s] -- Up-to-date symlink: /home/luqseee/robot_ws/install/hoverboard_demo_description/share/hoverboard_demo_description/rviz/hoverboard.rviz
[0.174s] -- Up-to-date symlink: /home/luqseee/robot_ws/install/hoverboard_demo_description/share/hoverboard_demo_description/meshes/plate.stl
[0.174s] -- Up-to-date symlink: /home/luqseee/robot_ws/install/hoverboard_demo_description/share/ament_index/resource_index/package_run_dependencies/hoverboard_demo_description
[0.174s] -- Up-to-date symlink: /home/luqseee/robot_ws/install/hoverboard_demo_description/share/ament_index/resource_index/parent_prefix_path/hoverboard_demo_description
[0.174s] -- Up-to-date symlink: /home/luqseee/robot_ws/install/hoverboard_demo_description/share/hoverboard_demo_description/environment/ament_prefix_path.sh
[0.175s] -- Up-to-date symlink: /home/luqseee/robot_ws/install/hoverboard_demo_description/share/hoverboard_demo_description/environment/ament_prefix_path.dsv
[0.175s] -- Up-to-date symlink: /home/luqseee/robot_ws/install/hoverboard_demo_description/share/hoverboard_demo_description/environment/path.sh
[0.175s] -- Up-to-date symlink: /home/luqseee/robot_ws/install/hoverboard_demo_description/share/hoverboard_demo_description/environment/path.dsv
[0.175s] -- Up-to-date symlink: /home/luqseee/robot_ws/install/hoverboard_demo_description/share/hoverboard_demo_description/local_setup.bash
[0.175s] -- Up-to-date symlink: /home/luqseee/robot_ws/install/hoverboard_demo_description/share/hoverboard_demo_description/local_setup.sh
[0.175s] -- Up-to-date symlink: /home/luqseee/robot_ws/install/hoverboard_demo_description/share/hoverboard_demo_description/local_setup.zsh
[0.175s] -- Up-to-date symlink: /home/luqseee/robot_ws/install/hoverboard_demo_description/share/hoverboard_demo_description/local_setup.dsv
[0.175s] -- Symlinking: /home/luqseee/robot_ws/install/hoverboard_demo_description/share/hoverboard_demo_description/package.dsv
[0.194s] -- Up-to-date symlink: /home/luqseee/robot_ws/install/hoverboard_demo_description/share/ament_index/resource_index/packages/hoverboard_demo_description
[0.195s] -- Up-to-date symlink: /home/luqseee/robot_ws/install/hoverboard_demo_description/share/hoverboard_demo_description/cmake/hoverboard_demo_descriptionConfig.cmake
[0.196s] -- Up-to-date symlink: /home/luqseee/robot_ws/install/hoverboard_demo_description/share/hoverboard_demo_description/cmake/hoverboard_demo_descriptionConfig-version.cmake
[0.197s] -- Up-to-date symlink: /home/luqseee/robot_ws/install/hoverboard_demo_description/share/hoverboard_demo_description/package.xml
[0.202s] Invoked command in '/home/luqseee/robot_ws/build/hoverboard_demo_description' returned '0': CMAKE_PREFIX_PATH=${CMAKE_PREFIX_PATH}:/opt/ros/jazzy DEBUGINFOD_URLS=https://debuginfod.ubuntu.com /usr/bin/cmake --install /home/luqseee/robot_ws/build/hoverboard_demo_description
