[0.026s] Invoking command in '/home/luqseee/robot_ws/build/hoverboard_ros2_control': CMAKE_PREFIX_PATH=${CMAKE_PREFIX_PATH}:/opt/ros/jazzy DEBUGINFOD_URLS=https://debuginfod.ubuntu.com /usr/bin/cmake --build /home/luqseee/robot_ws/build/hoverboard_ros2_control -- -j4 -l4
[0.108s] Invoked command in '/home/luqseee/robot_ws/build/hoverboard_ros2_control' returned '0': CMAKE_PREFIX_PATH=${CMAKE_PREFIX_PATH}:/opt/ros/jazzy DEBUGINFOD_URLS=https://debuginfod.ubuntu.com /usr/bin/cmake --build /home/luqseee/robot_ws/build/hoverboard_ros2_control -- -j4 -l4
[0.126s] Invoking command in '/home/luqseee/robot_ws/build/hoverboard_ros2_control': CMAKE_PREFIX_PATH=${CMAKE_PREFIX_PATH}:/opt/ros/jazzy DEBUGINFOD_URLS=https://debuginfod.ubuntu.com /usr/bin/cmake --install /home/luqseee/robot_ws/build/hoverboard_ros2_control
[0.157s] -- Install configuration: ""
[0.157s] -- Execute custom install script
[0.159s] -- Up-to-date symlink: /home/luqseee/robot_ws/install/hoverboard_ros2_control/share/ament_index/resource_index/package_run_dependencies/hoverboard_ros2_control
[0.159s] -- Up-to-date symlink: /home/luqseee/robot_ws/install/hoverboard_ros2_control/share/ament_index/resource_index/parent_prefix_path/hoverboard_ros2_control
[0.159s] -- Up-to-date symlink: /home/luqseee/robot_ws/install/hoverboard_ros2_control/share/hoverboard_ros2_control/environment/ament_prefix_path.sh
[0.160s] -- Up-to-date symlink: /home/luqseee/robot_ws/install/hoverboard_ros2_control/share/hoverboard_ros2_control/environment/ament_prefix_path.dsv
[0.161s] -- Up-to-date symlink: /home/luqseee/robot_ws/install/hoverboard_ros2_control/share/hoverboard_ros2_control/environment/path.sh
[0.162s] -- Up-to-date symlink: /home/luqseee/robot_ws/install/hoverboard_ros2_control/share/hoverboard_ros2_control/environment/path.dsv
[0.162s] -- Up-to-date symlink: /home/luqseee/robot_ws/install/hoverboard_ros2_control/share/hoverboard_ros2_control/local_setup.bash
[0.163s] -- Up-to-date symlink: /home/luqseee/robot_ws/install/hoverboard_ros2_control/share/hoverboard_ros2_control/local_setup.sh
[0.163s] -- Up-to-date symlink: /home/luqseee/robot_ws/install/hoverboard_ros2_control/share/hoverboard_ros2_control/local_setup.zsh
[0.164s] -- Up-to-date symlink: /home/luqseee/robot_ws/install/hoverboard_ros2_control/share/hoverboard_ros2_control/local_setup.dsv
[0.164s] -- Symlinking: /home/luqseee/robot_ws/install/hoverboard_ros2_control/share/hoverboard_ros2_control/package.dsv
[0.185s] -- Up-to-date symlink: /home/luqseee/robot_ws/install/hoverboard_ros2_control/share/ament_index/resource_index/packages/hoverboard_ros2_control
[0.185s] -- Up-to-date symlink: /home/luqseee/robot_ws/install/hoverboard_ros2_control/share/hoverboard_ros2_control/cmake/hoverboard_ros2_controlConfig.cmake
[0.185s] -- Up-to-date symlink: /home/luqseee/robot_ws/install/hoverboard_ros2_control/share/hoverboard_ros2_control/cmake/hoverboard_ros2_controlConfig-version.cmake
[0.188s] -- Up-to-date symlink: /home/luqseee/robot_ws/install/hoverboard_ros2_control/share/hoverboard_ros2_control/package.xml
[0.229s] Invoked command in '/home/luqseee/robot_ws/build/hoverboard_ros2_control' returned '0': CMAKE_PREFIX_PATH=${CMAKE_PREFIX_PATH}:/opt/ros/jazzy DEBUGINFOD_URLS=https://debuginfod.ubuntu.com /usr/bin/cmake --install /home/luqseee/robot_ws/build/hoverboard_ros2_control
