-- Install configuration: ""
-- Execute custom install script
-- Symlinking: /home/luqseee/robot_ws/install/hoverboard_demo_description/share/hoverboard_demo_description/urdf/hoverboard_description.xacro
-- Symlinking: /home/luqseee/robot_ws/install/hoverboard_demo_description/share/hoverboard_demo_description/urdf/macros.xacro
-- Symlinking: /home/luqseee/robot_ws/install/hoverboard_demo_description/share/hoverboard_demo_description/urdf/materials.xacro
-- Symlinking: /home/luqseee/robot_ws/install/hoverboard_demo_description/share/hoverboard_demo_description/urdf/ros2_control.xacro
-- Symlinking: /home/luqseee/robot_ws/install/hoverboard_demo_description/share/hoverboard_demo_description/urdf/wheels.xacro
-- Symlinking: /home/luqseee/robot_ws/install/hoverboard_demo_description/share/hoverboard_demo_description/rviz/hoverboard.rviz
-- Symlinking: /home/luqseee/robot_ws/install/hoverboard_demo_description/share/hoverboard_demo_description/meshes/plate.stl
-- Symlinking: /home/luqseee/robot_ws/install/hoverboard_demo_description/share/ament_index/resource_index/package_run_dependencies/hoverboard_demo_description
-- Symlinking: /home/luqseee/robot_ws/install/hoverboard_demo_description/share/ament_index/resource_index/parent_prefix_path/hoverboard_demo_description
-- Symlinking: /home/luqseee/robot_ws/install/hoverboard_demo_description/share/hoverboard_demo_description/environment/ament_prefix_path.sh
-- Symlinking: /home/luqseee/robot_ws/install/hoverboard_demo_description/share/hoverboard_demo_description/environment/ament_prefix_path.dsv
-- Symlinking: /home/luqseee/robot_ws/install/hoverboard_demo_description/share/hoverboard_demo_description/environment/path.sh
-- Symlinking: /home/luqseee/robot_ws/install/hoverboard_demo_description/share/hoverboard_demo_description/environment/path.dsv
-- Symlinking: /home/luqseee/robot_ws/install/hoverboard_demo_description/share/hoverboard_demo_description/local_setup.bash
-- Symlinking: /home/luqseee/robot_ws/install/hoverboard_demo_description/share/hoverboard_demo_description/local_setup.sh
-- Symlinking: /home/luqseee/robot_ws/install/hoverboard_demo_description/share/hoverboard_demo_description/local_setup.zsh
-- Symlinking: /home/luqseee/robot_ws/install/hoverboard_demo_description/share/hoverboard_demo_description/local_setup.dsv
-- Symlinking: /home/luqseee/robot_ws/install/hoverboard_demo_description/share/hoverboard_demo_description/package.dsv
-- Symlinking: /home/luqseee/robot_ws/install/hoverboard_demo_description/share/ament_index/resource_index/packages/hoverboard_demo_description
-- Symlinking: /home/luqseee/robot_ws/install/hoverboard_demo_description/share/hoverboard_demo_description/cmake/hoverboard_demo_descriptionConfig.cmake
-- Symlinking: /home/luqseee/robot_ws/install/hoverboard_demo_description/share/hoverboard_demo_description/cmake/hoverboard_demo_descriptionConfig-version.cmake
-- Symlinking: /home/luqseee/robot_ws/install/hoverboard_demo_description/share/hoverboard_demo_description/package.xml
