[0.306s] DEBUG:colcon:Command line arguments: ['/usr/bin/colcon', 'build', '--symlink-install']
[0.306s] DEBUG:colcon:Parsed command line arguments: Namespace(log_base=None, log_level=None, verb_name='build', build_base='build', install_base='install', merge_install=False, symlink_install=True, test_result_base=None, continue_on_error=False, executor='parallel', parallel_workers=4, event_handlers=None, ignore_user_meta=False, metas=['./colcon.meta'], base_paths=['.'], packages_ignore=None, packages_ignore_regex=None, paths=None, packages_up_to=None, packages_up_to_regex=None, packages_above=None, packages_above_and_dependencies=None, packages_above_depth=None, packages_select_by_dep=None, packages_skip_by_dep=None, packages_skip_up_to=None, packages_select_build_failed=False, packages_skip_build_finished=False, packages_select_test_failures=False, packages_skip_test_passed=False, packages_select=None, packages_skip=None, packages_select_regex=None, packages_skip_regex=None, packages_start=None, packages_end=None, allow_overriding=[], cmake_args=None, cmake_target=None, cmake_target_skip_unavailable=False, cmake_clean_cache=False, cmake_clean_first=False, cmake_force_configure=False, meson_args=[], ament_cmake_args=None, catkin_cmake_args=None, catkin_skip_building_tests=False, mixin_files=None, mixin=None, verb_parser=<colcon_mixin.mixin.mixin_argument.MixinArgumentDecorator object at 0xffffa1a68d40>, verb_extension=<colcon_core.verb.build.BuildVerb object at 0xffffa1c29460>, main=<bound method BuildVerb.main of <colcon_core.verb.build.BuildVerb object at 0xffffa1c29460>>, mixin_verb=('build',))
[0.363s] Level 1:colcon.colcon_core.package_discovery:discover_packages(colcon_meta) check parameters
[0.363s] Level 1:colcon.colcon_core.package_discovery:discover_packages(recursive) check parameters
[0.363s] Level 1:colcon.colcon_core.package_discovery:discover_packages(ignore) check parameters
[0.364s] Level 1:colcon.colcon_core.package_discovery:discover_packages(path) check parameters
[0.364s] Level 1:colcon.colcon_core.package_discovery:discover_packages(colcon_meta) discover
[0.364s] Level 1:colcon.colcon_core.package_discovery:discover_packages(recursive) discover
[0.364s] INFO:colcon.colcon_core.package_discovery:Crawling recursively for packages in '/home/luqseee/robot_ws'
[0.364s] Level 1:colcon.colcon_core.package_identification:_identify(.) by extensions ['ignore', 'ignore_ament_install']
[0.364s] Level 1:colcon.colcon_core.package_identification:_identify(.) by extension 'ignore'
[0.364s] Level 1:colcon.colcon_core.package_identification:_identify(.) by extension 'ignore_ament_install'
[0.364s] Level 1:colcon.colcon_core.package_identification:_identify(.) by extensions ['colcon_pkg']
[0.364s] Level 1:colcon.colcon_core.package_identification:_identify(.) by extension 'colcon_pkg'
[0.364s] Level 1:colcon.colcon_core.package_identification:_identify(.) by extensions ['colcon_meta']
[0.364s] Level 1:colcon.colcon_core.package_identification:_identify(.) by extension 'colcon_meta'
[0.364s] Level 1:colcon.colcon_core.package_identification:_identify(.) by extensions ['ros']
[0.364s] Level 1:colcon.colcon_core.package_identification:_identify(.) by extension 'ros'
[0.429s] Level 1:colcon.colcon_core.package_identification:_identify(.) by extensions ['cmake', 'meson', 'python']
[0.429s] Level 1:colcon.colcon_core.package_identification:_identify(.) by extension 'cmake'
[0.430s] Level 1:colcon.colcon_core.package_identification:_identify(.) by extension 'meson'
[0.431s] Level 1:colcon.colcon_core.package_identification:_identify(.) by extension 'python'
[0.431s] Level 1:colcon.colcon_core.package_identification:_identify(.) by extensions ['python_setup_py']
[0.431s] Level 1:colcon.colcon_core.package_identification:_identify(.) by extension 'python_setup_py'
[0.432s] Level 1:colcon.colcon_core.package_identification:_identify(build) by extensions ['ignore', 'ignore_ament_install']
[0.432s] Level 1:colcon.colcon_core.package_identification:_identify(build) by extension 'ignore'
[0.432s] Level 1:colcon.colcon_core.package_identification:_identify(build) ignored
[0.432s] Level 1:colcon.colcon_core.package_identification:_identify(install) by extensions ['ignore', 'ignore_ament_install']
[0.432s] Level 1:colcon.colcon_core.package_identification:_identify(install) by extension 'ignore'
[0.432s] Level 1:colcon.colcon_core.package_identification:_identify(install) ignored
[0.432s] Level 1:colcon.colcon_core.package_identification:_identify(log) by extensions ['ignore', 'ignore_ament_install']
[0.433s] Level 1:colcon.colcon_core.package_identification:_identify(log) by extension 'ignore'
[0.433s] Level 1:colcon.colcon_core.package_identification:_identify(log) ignored
[0.433s] Level 1:colcon.colcon_core.package_identification:_identify(src) by extensions ['ignore', 'ignore_ament_install']
[0.433s] Level 1:colcon.colcon_core.package_identification:_identify(src) by extension 'ignore'
[0.433s] Level 1:colcon.colcon_core.package_identification:_identify(src) by extension 'ignore_ament_install'
[0.433s] Level 1:colcon.colcon_core.package_identification:_identify(src) by extensions ['colcon_pkg']
[0.433s] Level 1:colcon.colcon_core.package_identification:_identify(src) by extension 'colcon_pkg'
[0.433s] Level 1:colcon.colcon_core.package_identification:_identify(src) by extensions ['colcon_meta']
[0.433s] Level 1:colcon.colcon_core.package_identification:_identify(src) by extension 'colcon_meta'
[0.433s] Level 1:colcon.colcon_core.package_identification:_identify(src) by extensions ['ros']
[0.433s] Level 1:colcon.colcon_core.package_identification:_identify(src) by extension 'ros'
[0.433s] Level 1:colcon.colcon_core.package_identification:_identify(src) by extensions ['cmake', 'meson', 'python']
[0.433s] Level 1:colcon.colcon_core.package_identification:_identify(src) by extension 'cmake'
[0.433s] Level 1:colcon.colcon_core.package_identification:_identify(src) by extension 'meson'
[0.434s] Level 1:colcon.colcon_core.package_identification:_identify(src) by extension 'python'
[0.435s] Level 1:colcon.colcon_core.package_identification:_identify(src) by extensions ['python_setup_py']
[0.435s] Level 1:colcon.colcon_core.package_identification:_identify(src) by extension 'python_setup_py'
[0.435s] Level 1:colcon.colcon_core.package_identification:_identify(src/build) by extensions ['ignore', 'ignore_ament_install']
[0.435s] Level 1:colcon.colcon_core.package_identification:_identify(src/build) by extension 'ignore'
[0.435s] Level 1:colcon.colcon_core.package_identification:_identify(src/build) ignored
[0.435s] Level 1:colcon.colcon_core.package_identification:_identify(src/hoverboard_ros2_control) by extensions ['ignore', 'ignore_ament_install']
[0.435s] Level 1:colcon.colcon_core.package_identification:_identify(src/hoverboard_ros2_control) by extension 'ignore'
[0.435s] Level 1:colcon.colcon_core.package_identification:_identify(src/hoverboard_ros2_control) by extension 'ignore_ament_install'
[0.435s] Level 1:colcon.colcon_core.package_identification:_identify(src/hoverboard_ros2_control) by extensions ['colcon_pkg']
[0.435s] Level 1:colcon.colcon_core.package_identification:_identify(src/hoverboard_ros2_control) by extension 'colcon_pkg'
[0.435s] Level 1:colcon.colcon_core.package_identification:_identify(src/hoverboard_ros2_control) by extensions ['colcon_meta']
[0.435s] Level 1:colcon.colcon_core.package_identification:_identify(src/hoverboard_ros2_control) by extension 'colcon_meta'
[0.435s] Level 1:colcon.colcon_core.package_identification:_identify(src/hoverboard_ros2_control) by extensions ['ros']
[0.435s] Level 1:colcon.colcon_core.package_identification:_identify(src/hoverboard_ros2_control) by extension 'ros'
[0.435s] Level 1:colcon.colcon_core.package_identification:_identify(src/hoverboard_ros2_control) by extensions ['cmake', 'meson', 'python']
[0.435s] Level 1:colcon.colcon_core.package_identification:_identify(src/hoverboard_ros2_control) by extension 'cmake'
[0.435s] Level 1:colcon.colcon_core.package_identification:_identify(src/hoverboard_ros2_control) by extension 'meson'
[0.437s] Level 1:colcon.colcon_core.package_identification:_identify(src/hoverboard_ros2_control) by extension 'python'
[0.437s] Level 1:colcon.colcon_core.package_identification:_identify(src/hoverboard_ros2_control) by extensions ['python_setup_py']
[0.437s] Level 1:colcon.colcon_core.package_identification:_identify(src/hoverboard_ros2_control) by extension 'python_setup_py'
[0.437s] Level 1:colcon.colcon_core.package_identification:_identify(src/hoverboard_ros2_control/hoverboard_demo_bringup) by extensions ['ignore', 'ignore_ament_install']
[0.437s] Level 1:colcon.colcon_core.package_identification:_identify(src/hoverboard_ros2_control/hoverboard_demo_bringup) by extension 'ignore'
[0.437s] Level 1:colcon.colcon_core.package_identification:_identify(src/hoverboard_ros2_control/hoverboard_demo_bringup) by extension 'ignore_ament_install'
[0.437s] Level 1:colcon.colcon_core.package_identification:_identify(src/hoverboard_ros2_control/hoverboard_demo_bringup) by extensions ['colcon_pkg']
[0.437s] Level 1:colcon.colcon_core.package_identification:_identify(src/hoverboard_ros2_control/hoverboard_demo_bringup) by extension 'colcon_pkg'
[0.437s] Level 1:colcon.colcon_core.package_identification:_identify(src/hoverboard_ros2_control/hoverboard_demo_bringup) by extensions ['colcon_meta']
[0.437s] Level 1:colcon.colcon_core.package_identification:_identify(src/hoverboard_ros2_control/hoverboard_demo_bringup) by extension 'colcon_meta'
[0.437s] Level 1:colcon.colcon_core.package_identification:_identify(src/hoverboard_ros2_control/hoverboard_demo_bringup) by extensions ['ros']
[0.437s] Level 1:colcon.colcon_core.package_identification:_identify(src/hoverboard_ros2_control/hoverboard_demo_bringup) by extension 'ros'
[0.440s] DEBUG:colcon.colcon_core.package_identification:Package 'src/hoverboard_ros2_control/hoverboard_demo_bringup' with type 'ros.ament_cmake' and name 'hoverboard_demo_bringup'
[0.440s] Level 1:colcon.colcon_core.package_identification:_identify(src/hoverboard_ros2_control/hoverboard_demo_description) by extensions ['ignore', 'ignore_ament_install']
[0.441s] Level 1:colcon.colcon_core.package_identification:_identify(src/hoverboard_ros2_control/hoverboard_demo_description) by extension 'ignore'
[0.441s] Level 1:colcon.colcon_core.package_identification:_identify(src/hoverboard_ros2_control/hoverboard_demo_description) by extension 'ignore_ament_install'
[0.441s] Level 1:colcon.colcon_core.package_identification:_identify(src/hoverboard_ros2_control/hoverboard_demo_description) by extensions ['colcon_pkg']
[0.441s] Level 1:colcon.colcon_core.package_identification:_identify(src/hoverboard_ros2_control/hoverboard_demo_description) by extension 'colcon_pkg'
[0.441s] Level 1:colcon.colcon_core.package_identification:_identify(src/hoverboard_ros2_control/hoverboard_demo_description) by extensions ['colcon_meta']
[0.441s] Level 1:colcon.colcon_core.package_identification:_identify(src/hoverboard_ros2_control/hoverboard_demo_description) by extension 'colcon_meta'
[0.441s] Level 1:colcon.colcon_core.package_identification:_identify(src/hoverboard_ros2_control/hoverboard_demo_description) by extensions ['ros']
[0.441s] Level 1:colcon.colcon_core.package_identification:_identify(src/hoverboard_ros2_control/hoverboard_demo_description) by extension 'ros'
[0.441s] DEBUG:colcon.colcon_core.package_identification:Package 'src/hoverboard_ros2_control/hoverboard_demo_description' with type 'ros.ament_cmake' and name 'hoverboard_demo_description'
[0.442s] Level 1:colcon.colcon_core.package_identification:_identify(src/hoverboard_ros2_control/hoverboard_hardware_interface) by extensions ['ignore', 'ignore_ament_install']
[0.442s] Level 1:colcon.colcon_core.package_identification:_identify(src/hoverboard_ros2_control/hoverboard_hardware_interface) by extension 'ignore'
[0.442s] Level 1:colcon.colcon_core.package_identification:_identify(src/hoverboard_ros2_control/hoverboard_hardware_interface) by extension 'ignore_ament_install'
[0.442s] Level 1:colcon.colcon_core.package_identification:_identify(src/hoverboard_ros2_control/hoverboard_hardware_interface) by extensions ['colcon_pkg']
[0.442s] Level 1:colcon.colcon_core.package_identification:_identify(src/hoverboard_ros2_control/hoverboard_hardware_interface) by extension 'colcon_pkg'
[0.442s] Level 1:colcon.colcon_core.package_identification:_identify(src/hoverboard_ros2_control/hoverboard_hardware_interface) by extensions ['colcon_meta']
[0.442s] Level 1:colcon.colcon_core.package_identification:_identify(src/hoverboard_ros2_control/hoverboard_hardware_interface) by extension 'colcon_meta'
[0.442s] Level 1:colcon.colcon_core.package_identification:_identify(src/hoverboard_ros2_control/hoverboard_hardware_interface) by extensions ['ros']
[0.442s] Level 1:colcon.colcon_core.package_identification:_identify(src/hoverboard_ros2_control/hoverboard_hardware_interface) by extension 'ros'
[0.443s] DEBUG:colcon.colcon_core.package_identification:Package 'src/hoverboard_ros2_control/hoverboard_hardware_interface' with type 'ros.ament_cmake' and name 'hoverboard_hardware_interface'
[0.443s] Level 1:colcon.colcon_core.package_identification:_identify(src/hoverboard_ros2_control/hoverboard_ros2_control) by extensions ['ignore', 'ignore_ament_install']
[0.443s] Level 1:colcon.colcon_core.package_identification:_identify(src/hoverboard_ros2_control/hoverboard_ros2_control) by extension 'ignore'
[0.443s] Level 1:colcon.colcon_core.package_identification:_identify(src/hoverboard_ros2_control/hoverboard_ros2_control) by extension 'ignore_ament_install'
[0.443s] Level 1:colcon.colcon_core.package_identification:_identify(src/hoverboard_ros2_control/hoverboard_ros2_control) by extensions ['colcon_pkg']
[0.443s] Level 1:colcon.colcon_core.package_identification:_identify(src/hoverboard_ros2_control/hoverboard_ros2_control) by extension 'colcon_pkg'
[0.443s] Level 1:colcon.colcon_core.package_identification:_identify(src/hoverboard_ros2_control/hoverboard_ros2_control) by extensions ['colcon_meta']
[0.443s] Level 1:colcon.colcon_core.package_identification:_identify(src/hoverboard_ros2_control/hoverboard_ros2_control) by extension 'colcon_meta'
[0.443s] Level 1:colcon.colcon_core.package_identification:_identify(src/hoverboard_ros2_control/hoverboard_ros2_control) by extensions ['ros']
[0.443s] Level 1:colcon.colcon_core.package_identification:_identify(src/hoverboard_ros2_control/hoverboard_ros2_control) by extension 'ros'
[0.444s] DEBUG:colcon.colcon_core.package_identification:Package 'src/hoverboard_ros2_control/hoverboard_ros2_control' with type 'ros.ament_cmake' and name 'hoverboard_ros2_control'
[0.444s] Level 1:colcon.colcon_core.package_identification:_identify(src/install) by extensions ['ignore', 'ignore_ament_install']
[0.444s] Level 1:colcon.colcon_core.package_identification:_identify(src/install) by extension 'ignore'
[0.444s] Level 1:colcon.colcon_core.package_identification:_identify(src/install) ignored
[0.444s] Level 1:colcon.colcon_core.package_identification:_identify(src/log) by extensions ['ignore', 'ignore_ament_install']
[0.444s] Level 1:colcon.colcon_core.package_identification:_identify(src/log) by extension 'ignore'
[0.444s] Level 1:colcon.colcon_core.package_identification:_identify(src/log) ignored
[0.444s] Level 1:colcon.colcon_core.package_identification:_identify(src/my_bot) by extensions ['ignore', 'ignore_ament_install']
[0.444s] Level 1:colcon.colcon_core.package_identification:_identify(src/my_bot) by extension 'ignore'
[0.444s] Level 1:colcon.colcon_core.package_identification:_identify(src/my_bot) by extension 'ignore_ament_install'
[0.444s] Level 1:colcon.colcon_core.package_identification:_identify(src/my_bot) by extensions ['colcon_pkg']
[0.444s] Level 1:colcon.colcon_core.package_identification:_identify(src/my_bot) by extension 'colcon_pkg'
[0.445s] Level 1:colcon.colcon_core.package_identification:_identify(src/my_bot) by extensions ['colcon_meta']
[0.445s] Level 1:colcon.colcon_core.package_identification:_identify(src/my_bot) by extension 'colcon_meta'
[0.445s] Level 1:colcon.colcon_core.package_identification:_identify(src/my_bot) by extensions ['ros']
[0.445s] Level 1:colcon.colcon_core.package_identification:_identify(src/my_bot) by extension 'ros'
[0.445s] DEBUG:colcon.colcon_core.package_identification:Package 'src/my_bot' with type 'ros.ament_cmake' and name 'my_bot'
[0.445s] Level 1:colcon.colcon_core.package_identification:_identify(src/sllidar_ros2) by extensions ['ignore', 'ignore_ament_install']
[0.445s] Level 1:colcon.colcon_core.package_identification:_identify(src/sllidar_ros2) by extension 'ignore'
[0.445s] Level 1:colcon.colcon_core.package_identification:_identify(src/sllidar_ros2) by extension 'ignore_ament_install'
[0.445s] Level 1:colcon.colcon_core.package_identification:_identify(src/sllidar_ros2) by extensions ['colcon_pkg']
[0.445s] Level 1:colcon.colcon_core.package_identification:_identify(src/sllidar_ros2) by extension 'colcon_pkg'
[0.445s] Level 1:colcon.colcon_core.package_identification:_identify(src/sllidar_ros2) by extensions ['colcon_meta']
[0.445s] Level 1:colcon.colcon_core.package_identification:_identify(src/sllidar_ros2) by extension 'colcon_meta'
[0.446s] Level 1:colcon.colcon_core.package_identification:_identify(src/sllidar_ros2) by extensions ['ros']
[0.446s] Level 1:colcon.colcon_core.package_identification:_identify(src/sllidar_ros2) by extension 'ros'
[0.446s] DEBUG:colcon.colcon_core.package_identification:Package 'src/sllidar_ros2' with type 'ros.ament_cmake' and name 'sllidar_ros2'
[0.446s] Level 1:colcon.colcon_core.package_discovery:discover_packages(recursive) using defaults
[0.446s] Level 1:colcon.colcon_core.package_discovery:discover_packages(ignore) discover
[0.447s] Level 1:colcon.colcon_core.package_discovery:discover_packages(ignore) using defaults
[0.447s] Level 1:colcon.colcon_core.package_discovery:discover_packages(path) discover
[0.447s] Level 1:colcon.colcon_core.package_discovery:discover_packages(path) using defaults
[0.466s] Level 1:colcon.colcon_core.package_discovery:discover_packages(prefix_path) check parameters
[0.466s] Level 1:colcon.colcon_core.package_discovery:discover_packages(prefix_path) discover
[0.468s] DEBUG:colcon.colcon_installed_package_information.package_discovery:Found 6 installed packages in /home/luqseee/robot_ws/install
[0.471s] DEBUG:colcon.colcon_installed_package_information.package_discovery:Found 362 installed packages in /opt/ros/jazzy
[0.473s] Level 1:colcon.colcon_core.package_discovery:discover_packages(prefix_path) using defaults
[0.555s] Level 5:colcon.colcon_core.verb:set package 'hoverboard_demo_description' build argument 'cmake_args' from command line to 'None'
[0.555s] Level 5:colcon.colcon_core.verb:set package 'hoverboard_demo_description' build argument 'cmake_target' from command line to 'None'
[0.555s] Level 5:colcon.colcon_core.verb:set package 'hoverboard_demo_description' build argument 'cmake_target_skip_unavailable' from command line to 'False'
[0.555s] Level 5:colcon.colcon_core.verb:set package 'hoverboard_demo_description' build argument 'cmake_clean_cache' from command line to 'False'
[0.555s] Level 5:colcon.colcon_core.verb:set package 'hoverboard_demo_description' build argument 'cmake_clean_first' from command line to 'False'
[0.555s] Level 5:colcon.colcon_core.verb:set package 'hoverboard_demo_description' build argument 'cmake_force_configure' from command line to 'False'
[0.555s] Level 5:colcon.colcon_core.verb:set package 'hoverboard_demo_description' build argument 'meson_args' from command line to '[]'
[0.555s] Level 5:colcon.colcon_core.verb:set package 'hoverboard_demo_description' build argument 'ament_cmake_args' from command line to 'None'
[0.555s] Level 5:colcon.colcon_core.verb:set package 'hoverboard_demo_description' build argument 'catkin_cmake_args' from command line to 'None'
[0.555s] Level 5:colcon.colcon_core.verb:set package 'hoverboard_demo_description' build argument 'catkin_skip_building_tests' from command line to 'False'
[0.555s] DEBUG:colcon.colcon_core.verb:Building package 'hoverboard_demo_description' with the following arguments: {'ament_cmake_args': None, 'build_base': '/home/luqseee/robot_ws/build/hoverboard_demo_description', 'catkin_cmake_args': None, 'catkin_skip_building_tests': False, 'cmake_args': None, 'cmake_clean_cache': False, 'cmake_clean_first': False, 'cmake_force_configure': False, 'cmake_target': None, 'cmake_target_skip_unavailable': False, 'install_base': '/home/luqseee/robot_ws/install/hoverboard_demo_description', 'merge_install': False, 'meson_args': [], 'path': '/home/luqseee/robot_ws/src/hoverboard_ros2_control/hoverboard_demo_description', 'symlink_install': True, 'test_result_base': None}
[0.568s] Level 5:colcon.colcon_core.verb:set package 'hoverboard_hardware_interface' build argument 'cmake_args' from command line to 'None'
[0.568s] Level 5:colcon.colcon_core.verb:set package 'hoverboard_hardware_interface' build argument 'cmake_target' from command line to 'None'
[0.568s] Level 5:colcon.colcon_core.verb:set package 'hoverboard_hardware_interface' build argument 'cmake_target_skip_unavailable' from command line to 'False'
[0.568s] Level 5:colcon.colcon_core.verb:set package 'hoverboard_hardware_interface' build argument 'cmake_clean_cache' from command line to 'False'
[0.568s] Level 5:colcon.colcon_core.verb:set package 'hoverboard_hardware_interface' build argument 'cmake_clean_first' from command line to 'False'
[0.568s] Level 5:colcon.colcon_core.verb:set package 'hoverboard_hardware_interface' build argument 'cmake_force_configure' from command line to 'False'
[0.568s] Level 5:colcon.colcon_core.verb:set package 'hoverboard_hardware_interface' build argument 'meson_args' from command line to '[]'
[0.568s] Level 5:colcon.colcon_core.verb:set package 'hoverboard_hardware_interface' build argument 'ament_cmake_args' from command line to 'None'
[0.568s] Level 5:colcon.colcon_core.verb:set package 'hoverboard_hardware_interface' build argument 'catkin_cmake_args' from command line to 'None'
[0.568s] Level 5:colcon.colcon_core.verb:set package 'hoverboard_hardware_interface' build argument 'catkin_skip_building_tests' from command line to 'False'
[0.568s] DEBUG:colcon.colcon_core.verb:Building package 'hoverboard_hardware_interface' with the following arguments: {'ament_cmake_args': None, 'build_base': '/home/luqseee/robot_ws/build/hoverboard_hardware_interface', 'catkin_cmake_args': None, 'catkin_skip_building_tests': False, 'cmake_args': None, 'cmake_clean_cache': False, 'cmake_clean_first': False, 'cmake_force_configure': False, 'cmake_target': None, 'cmake_target_skip_unavailable': False, 'install_base': '/home/luqseee/robot_ws/install/hoverboard_hardware_interface', 'merge_install': False, 'meson_args': [], 'path': '/home/luqseee/robot_ws/src/hoverboard_ros2_control/hoverboard_hardware_interface', 'symlink_install': True, 'test_result_base': None}
[0.581s] Level 5:colcon.colcon_core.verb:set package 'hoverboard_ros2_control' build argument 'cmake_args' from command line to 'None'
[0.581s] Level 5:colcon.colcon_core.verb:set package 'hoverboard_ros2_control' build argument 'cmake_target' from command line to 'None'
[0.581s] Level 5:colcon.colcon_core.verb:set package 'hoverboard_ros2_control' build argument 'cmake_target_skip_unavailable' from command line to 'False'
[0.581s] Level 5:colcon.colcon_core.verb:set package 'hoverboard_ros2_control' build argument 'cmake_clean_cache' from command line to 'False'
[0.581s] Level 5:colcon.colcon_core.verb:set package 'hoverboard_ros2_control' build argument 'cmake_clean_first' from command line to 'False'
[0.581s] Level 5:colcon.colcon_core.verb:set package 'hoverboard_ros2_control' build argument 'cmake_force_configure' from command line to 'False'
[0.581s] Level 5:colcon.colcon_core.verb:set package 'hoverboard_ros2_control' build argument 'meson_args' from command line to '[]'
[0.581s] Level 5:colcon.colcon_core.verb:set package 'hoverboard_ros2_control' build argument 'ament_cmake_args' from command line to 'None'
[0.581s] Level 5:colcon.colcon_core.verb:set package 'hoverboard_ros2_control' build argument 'catkin_cmake_args' from command line to 'None'
[0.581s] Level 5:colcon.colcon_core.verb:set package 'hoverboard_ros2_control' build argument 'catkin_skip_building_tests' from command line to 'False'
[0.581s] DEBUG:colcon.colcon_core.verb:Building package 'hoverboard_ros2_control' with the following arguments: {'ament_cmake_args': None, 'build_base': '/home/luqseee/robot_ws/build/hoverboard_ros2_control', 'catkin_cmake_args': None, 'catkin_skip_building_tests': False, 'cmake_args': None, 'cmake_clean_cache': False, 'cmake_clean_first': False, 'cmake_force_configure': False, 'cmake_target': None, 'cmake_target_skip_unavailable': False, 'install_base': '/home/luqseee/robot_ws/install/hoverboard_ros2_control', 'merge_install': False, 'meson_args': [], 'path': '/home/luqseee/robot_ws/src/hoverboard_ros2_control/hoverboard_ros2_control', 'symlink_install': True, 'test_result_base': None}
[0.595s] Level 5:colcon.colcon_core.verb:set package 'my_bot' build argument 'cmake_args' from command line to 'None'
[0.595s] Level 5:colcon.colcon_core.verb:set package 'my_bot' build argument 'cmake_target' from command line to 'None'
[0.595s] Level 5:colcon.colcon_core.verb:set package 'my_bot' build argument 'cmake_target_skip_unavailable' from command line to 'False'
[0.595s] Level 5:colcon.colcon_core.verb:set package 'my_bot' build argument 'cmake_clean_cache' from command line to 'False'
[0.595s] Level 5:colcon.colcon_core.verb:set package 'my_bot' build argument 'cmake_clean_first' from command line to 'False'
[0.595s] Level 5:colcon.colcon_core.verb:set package 'my_bot' build argument 'cmake_force_configure' from command line to 'False'
[0.595s] Level 5:colcon.colcon_core.verb:set package 'my_bot' build argument 'meson_args' from command line to '[]'
[0.595s] Level 5:colcon.colcon_core.verb:set package 'my_bot' build argument 'ament_cmake_args' from command line to 'None'
[0.595s] Level 5:colcon.colcon_core.verb:set package 'my_bot' build argument 'catkin_cmake_args' from command line to 'None'
[0.595s] Level 5:colcon.colcon_core.verb:set package 'my_bot' build argument 'catkin_skip_building_tests' from command line to 'False'
[0.595s] DEBUG:colcon.colcon_core.verb:Building package 'my_bot' with the following arguments: {'ament_cmake_args': None, 'build_base': '/home/luqseee/robot_ws/build/my_bot', 'catkin_cmake_args': None, 'catkin_skip_building_tests': False, 'cmake_args': None, 'cmake_clean_cache': False, 'cmake_clean_first': False, 'cmake_force_configure': False, 'cmake_target': None, 'cmake_target_skip_unavailable': False, 'install_base': '/home/luqseee/robot_ws/install/my_bot', 'merge_install': False, 'meson_args': [], 'path': '/home/luqseee/robot_ws/src/my_bot', 'symlink_install': True, 'test_result_base': None}
[0.608s] Level 5:colcon.colcon_core.verb:set package 'sllidar_ros2' build argument 'cmake_args' from command line to 'None'
[0.608s] Level 5:colcon.colcon_core.verb:set package 'sllidar_ros2' build argument 'cmake_target' from command line to 'None'
[0.608s] Level 5:colcon.colcon_core.verb:set package 'sllidar_ros2' build argument 'cmake_target_skip_unavailable' from command line to 'False'
[0.608s] Level 5:colcon.colcon_core.verb:set package 'sllidar_ros2' build argument 'cmake_clean_cache' from command line to 'False'
[0.608s] Level 5:colcon.colcon_core.verb:set package 'sllidar_ros2' build argument 'cmake_clean_first' from command line to 'False'
[0.608s] Level 5:colcon.colcon_core.verb:set package 'sllidar_ros2' build argument 'cmake_force_configure' from command line to 'False'
[0.608s] Level 5:colcon.colcon_core.verb:set package 'sllidar_ros2' build argument 'meson_args' from command line to '[]'
[0.608s] Level 5:colcon.colcon_core.verb:set package 'sllidar_ros2' build argument 'ament_cmake_args' from command line to 'None'
[0.608s] Level 5:colcon.colcon_core.verb:set package 'sllidar_ros2' build argument 'catkin_cmake_args' from command line to 'None'
[0.608s] Level 5:colcon.colcon_core.verb:set package 'sllidar_ros2' build argument 'catkin_skip_building_tests' from command line to 'False'
[0.608s] DEBUG:colcon.colcon_core.verb:Building package 'sllidar_ros2' with the following arguments: {'ament_cmake_args': None, 'build_base': '/home/luqseee/robot_ws/build/sllidar_ros2', 'catkin_cmake_args': None, 'catkin_skip_building_tests': False, 'cmake_args': None, 'cmake_clean_cache': False, 'cmake_clean_first': False, 'cmake_force_configure': False, 'cmake_target': None, 'cmake_target_skip_unavailable': False, 'install_base': '/home/luqseee/robot_ws/install/sllidar_ros2', 'merge_install': False, 'meson_args': [], 'path': '/home/luqseee/robot_ws/src/sllidar_ros2', 'symlink_install': True, 'test_result_base': None}
[0.621s] Level 5:colcon.colcon_core.verb:set package 'hoverboard_demo_bringup' build argument 'cmake_args' from command line to 'None'
[0.621s] Level 5:colcon.colcon_core.verb:set package 'hoverboard_demo_bringup' build argument 'cmake_target' from command line to 'None'
[0.621s] Level 5:colcon.colcon_core.verb:set package 'hoverboard_demo_bringup' build argument 'cmake_target_skip_unavailable' from command line to 'False'
[0.621s] Level 5:colcon.colcon_core.verb:set package 'hoverboard_demo_bringup' build argument 'cmake_clean_cache' from command line to 'False'
[0.621s] Level 5:colcon.colcon_core.verb:set package 'hoverboard_demo_bringup' build argument 'cmake_clean_first' from command line to 'False'
[0.621s] Level 5:colcon.colcon_core.verb:set package 'hoverboard_demo_bringup' build argument 'cmake_force_configure' from command line to 'False'
[0.621s] Level 5:colcon.colcon_core.verb:set package 'hoverboard_demo_bringup' build argument 'meson_args' from command line to '[]'
[0.621s] Level 5:colcon.colcon_core.verb:set package 'hoverboard_demo_bringup' build argument 'ament_cmake_args' from command line to 'None'
[0.621s] Level 5:colcon.colcon_core.verb:set package 'hoverboard_demo_bringup' build argument 'catkin_cmake_args' from command line to 'None'
[0.621s] Level 5:colcon.colcon_core.verb:set package 'hoverboard_demo_bringup' build argument 'catkin_skip_building_tests' from command line to 'False'
[0.621s] DEBUG:colcon.colcon_core.verb:Building package 'hoverboard_demo_bringup' with the following arguments: {'ament_cmake_args': None, 'build_base': '/home/luqseee/robot_ws/build/hoverboard_demo_bringup', 'catkin_cmake_args': None, 'catkin_skip_building_tests': False, 'cmake_args': None, 'cmake_clean_cache': False, 'cmake_clean_first': False, 'cmake_force_configure': False, 'cmake_target': None, 'cmake_target_skip_unavailable': False, 'install_base': '/home/luqseee/robot_ws/install/hoverboard_demo_bringup', 'merge_install': False, 'meson_args': [], 'path': '/home/luqseee/robot_ws/src/hoverboard_ros2_control/hoverboard_demo_bringup', 'symlink_install': True, 'test_result_base': None}
[0.621s] INFO:colcon.colcon_core.executor:Executing jobs using 'parallel' executor
[0.623s] DEBUG:colcon.colcon_parallel_executor.executor.parallel:run_until_complete
[0.623s] INFO:colcon.colcon_ros.task.ament_cmake.build:Building ROS package in '/home/luqseee/robot_ws/src/hoverboard_ros2_control/hoverboard_demo_description' with build type 'ament_cmake'
[0.623s] INFO:colcon.colcon_cmake.task.cmake.build:Building CMake package in '/home/luqseee/robot_ws/src/hoverboard_ros2_control/hoverboard_demo_description'
[0.626s] INFO:colcon.colcon_core.plugin_system:Skipping extension 'colcon_core.shell.bat': Not used on non-Windows systems
[0.626s] INFO:colcon.colcon_core.shell:Skip shell extension 'powershell' for command environment: Not usable outside of PowerShell
[0.626s] DEBUG:colcon.colcon_core.shell:Skip shell extension 'dsv' for command environment
[0.631s] INFO:colcon.colcon_ros.task.ament_cmake.build:Building ROS package in '/home/luqseee/robot_ws/src/hoverboard_ros2_control/hoverboard_hardware_interface' with build type 'ament_cmake'
[0.632s] INFO:colcon.colcon_cmake.task.cmake.build:Building CMake package in '/home/luqseee/robot_ws/src/hoverboard_ros2_control/hoverboard_hardware_interface'
[0.632s] INFO:colcon.colcon_core.shell:Skip shell extension 'powershell' for command environment: Not usable outside of PowerShell
[0.632s] DEBUG:colcon.colcon_core.shell:Skip shell extension 'dsv' for command environment
[0.637s] INFO:colcon.colcon_ros.task.ament_cmake.build:Building ROS package in '/home/luqseee/robot_ws/src/hoverboard_ros2_control/hoverboard_ros2_control' with build type 'ament_cmake'
[0.637s] INFO:colcon.colcon_cmake.task.cmake.build:Building CMake package in '/home/luqseee/robot_ws/src/hoverboard_ros2_control/hoverboard_ros2_control'
[0.638s] INFO:colcon.colcon_core.shell:Skip shell extension 'powershell' for command environment: Not usable outside of PowerShell
[0.638s] DEBUG:colcon.colcon_core.shell:Skip shell extension 'dsv' for command environment
[0.643s] INFO:colcon.colcon_ros.task.ament_cmake.build:Building ROS package in '/home/luqseee/robot_ws/src/my_bot' with build type 'ament_cmake'
[0.643s] INFO:colcon.colcon_cmake.task.cmake.build:Building CMake package in '/home/luqseee/robot_ws/src/my_bot'
[0.644s] INFO:colcon.colcon_core.shell:Skip shell extension 'powershell' for command environment: Not usable outside of PowerShell
[0.644s] DEBUG:colcon.colcon_core.shell:Skip shell extension 'dsv' for command environment
[0.656s] DEBUG:colcon.colcon_core.event_handler.log_command:Invoking command in '/home/luqseee/robot_ws/build/hoverboard_demo_description': CMAKE_PREFIX_PATH=${CMAKE_PREFIX_PATH}:/opt/ros/jazzy DEBUGINFOD_URLS=https://debuginfod.ubuntu.com /usr/bin/cmake --build /home/luqseee/robot_ws/build/hoverboard_demo_description -- -j4 -l4
[0.660s] DEBUG:colcon.colcon_core.event_handler.log_command:Invoking command in '/home/luqseee/robot_ws/build/hoverboard_hardware_interface': CMAKE_PREFIX_PATH=${CMAKE_PREFIX_PATH}:/opt/ros/jazzy DEBUGINFOD_URLS=https://debuginfod.ubuntu.com /usr/bin/cmake --build /home/luqseee/robot_ws/build/hoverboard_hardware_interface -- -j4 -l4
[0.664s] DEBUG:colcon.colcon_core.event_handler.log_command:Invoking command in '/home/luqseee/robot_ws/build/hoverboard_ros2_control': CMAKE_PREFIX_PATH=${CMAKE_PREFIX_PATH}:/opt/ros/jazzy DEBUGINFOD_URLS=https://debuginfod.ubuntu.com /usr/bin/cmake --build /home/luqseee/robot_ws/build/hoverboard_ros2_control -- -j4 -l4
[0.683s] DEBUG:colcon.colcon_core.event_handler.log_command:Invoking command in '/home/luqseee/robot_ws/build/my_bot': CMAKE_PREFIX_PATH=${CMAKE_PREFIX_PATH}:/opt/ros/jazzy DEBUGINFOD_URLS=https://debuginfod.ubuntu.com /usr/bin/cmake --build /home/luqseee/robot_ws/build/my_bot -- -j4 -l4
[0.747s] DEBUG:colcon.colcon_core.event_handler.log_command:Invoked command in '/home/luqseee/robot_ws/build/hoverboard_demo_description' returned '0': CMAKE_PREFIX_PATH=${CMAKE_PREFIX_PATH}:/opt/ros/jazzy DEBUGINFOD_URLS=https://debuginfod.ubuntu.com /usr/bin/cmake --build /home/luqseee/robot_ws/build/hoverboard_demo_description -- -j4 -l4
[0.771s] DEBUG:colcon.colcon_core.event_handler.log_command:Invoking command in '/home/luqseee/robot_ws/build/hoverboard_demo_description': CMAKE_PREFIX_PATH=${CMAKE_PREFIX_PATH}:/opt/ros/jazzy DEBUGINFOD_URLS=https://debuginfod.ubuntu.com /usr/bin/cmake --install /home/luqseee/robot_ws/build/hoverboard_demo_description
[0.773s] DEBUG:colcon.colcon_core.event_handler.log_command:Invoked command in '/home/luqseee/robot_ws/build/hoverboard_ros2_control' returned '0': CMAKE_PREFIX_PATH=${CMAKE_PREFIX_PATH}:/opt/ros/jazzy DEBUGINFOD_URLS=https://debuginfod.ubuntu.com /usr/bin/cmake --build /home/luqseee/robot_ws/build/hoverboard_ros2_control -- -j4 -l4
[0.775s] DEBUG:colcon.colcon_core.event_handler.log_command:Invoking command in '/home/luqseee/robot_ws/build/hoverboard_ros2_control': CMAKE_PREFIX_PATH=${CMAKE_PREFIX_PATH}:/opt/ros/jazzy DEBUGINFOD_URLS=https://debuginfod.ubuntu.com /usr/bin/cmake --install /home/luqseee/robot_ws/build/hoverboard_ros2_control
[0.778s] DEBUG:colcon.colcon_core.event_handler.log_command:Invoked command in '/home/luqseee/robot_ws/build/my_bot' returned '0': CMAKE_PREFIX_PATH=${CMAKE_PREFIX_PATH}:/opt/ros/jazzy DEBUGINFOD_URLS=https://debuginfod.ubuntu.com /usr/bin/cmake --build /home/luqseee/robot_ws/build/my_bot -- -j4 -l4
[0.779s] DEBUG:colcon.colcon_core.event_handler.log_command:Invoking command in '/home/luqseee/robot_ws/build/my_bot': CMAKE_PREFIX_PATH=${CMAKE_PREFIX_PATH}:/opt/ros/jazzy DEBUGINFOD_URLS=https://debuginfod.ubuntu.com /usr/bin/cmake --install /home/luqseee/robot_ws/build/my_bot
[0.826s] Level 1:colcon.colcon_core.environment:create_environment_scripts_only(hoverboard_ros2_control)
[0.827s] DEBUG:colcon.colcon_core.event_handler.log_command:Invoked command in '/home/luqseee/robot_ws/build/hoverboard_ros2_control' returned '0': CMAKE_PREFIX_PATH=${CMAKE_PREFIX_PATH}:/opt/ros/jazzy DEBUGINFOD_URLS=https://debuginfod.ubuntu.com /usr/bin/cmake --install /home/luqseee/robot_ws/build/hoverboard_ros2_control
[0.832s] Level 1:colcon.colcon_core.environment:checking '/home/luqseee/robot_ws/install/hoverboard_ros2_control' for CMake module files
[0.834s] Level 1:colcon.colcon_core.environment:checking '/home/luqseee/robot_ws/install/hoverboard_ros2_control' for CMake config files
[0.834s] Level 1:colcon.colcon_core.shell:create_environment_hook('hoverboard_ros2_control', 'cmake_prefix_path')
[0.835s] INFO:colcon.colcon_core.shell:Creating environment hook '/home/luqseee/robot_ws/install/hoverboard_ros2_control/share/hoverboard_ros2_control/hook/cmake_prefix_path.ps1'
[0.837s] INFO:colcon.colcon_core.shell:Creating environment descriptor '/home/luqseee/robot_ws/install/hoverboard_ros2_control/share/hoverboard_ros2_control/hook/cmake_prefix_path.dsv'
[0.838s] INFO:colcon.colcon_core.shell:Creating environment hook '/home/luqseee/robot_ws/install/hoverboard_ros2_control/share/hoverboard_ros2_control/hook/cmake_prefix_path.sh'
[0.839s] Level 1:colcon.colcon_core.environment:checking '/home/luqseee/robot_ws/install/hoverboard_ros2_control/bin'
[0.839s] Level 1:colcon.colcon_core.environment:checking '/home/luqseee/robot_ws/install/hoverboard_ros2_control/lib/pkgconfig/hoverboard_ros2_control.pc'
[0.839s] Level 1:colcon.colcon_core.environment:checking '/home/luqseee/robot_ws/install/hoverboard_ros2_control/lib/python3.12/site-packages'
[0.840s] Level 1:colcon.colcon_core.environment:checking '/home/luqseee/robot_ws/install/hoverboard_ros2_control/bin'
[0.840s] INFO:colcon.colcon_core.shell:Creating package script '/home/luqseee/robot_ws/install/hoverboard_ros2_control/share/hoverboard_ros2_control/package.ps1'
[0.842s] INFO:colcon.colcon_core.shell:Creating package descriptor '/home/luqseee/robot_ws/install/hoverboard_ros2_control/share/hoverboard_ros2_control/package.dsv'
[0.843s] INFO:colcon.colcon_core.shell:Creating package script '/home/luqseee/robot_ws/install/hoverboard_ros2_control/share/hoverboard_ros2_control/package.sh'
[0.844s] INFO:colcon.colcon_core.shell:Creating package script '/home/luqseee/robot_ws/install/hoverboard_ros2_control/share/hoverboard_ros2_control/package.bash'
[0.845s] INFO:colcon.colcon_core.shell:Creating package script '/home/luqseee/robot_ws/install/hoverboard_ros2_control/share/hoverboard_ros2_control/package.zsh'
[0.846s] Level 1:colcon.colcon_core.environment:create_file_with_runtime_dependencies(/home/luqseee/robot_ws/install/hoverboard_ros2_control/share/colcon-core/packages/hoverboard_ros2_control)
[0.847s] Level 1:colcon.colcon_core.environment:create_environment_scripts_only(hoverboard_ros2_control)
[0.847s] Level 1:colcon.colcon_core.environment:checking '/home/luqseee/robot_ws/install/hoverboard_ros2_control' for CMake module files
[0.848s] Level 1:colcon.colcon_core.environment:checking '/home/luqseee/robot_ws/install/hoverboard_ros2_control' for CMake config files
[0.848s] Level 1:colcon.colcon_core.shell:create_environment_hook('hoverboard_ros2_control', 'cmake_prefix_path')
[0.849s] INFO:colcon.colcon_core.shell:Creating environment hook '/home/luqseee/robot_ws/install/hoverboard_ros2_control/share/hoverboard_ros2_control/hook/cmake_prefix_path.ps1'
[0.849s] INFO:colcon.colcon_core.shell:Creating environment descriptor '/home/luqseee/robot_ws/install/hoverboard_ros2_control/share/hoverboard_ros2_control/hook/cmake_prefix_path.dsv'
[0.851s] INFO:colcon.colcon_core.shell:Creating environment hook '/home/luqseee/robot_ws/install/hoverboard_ros2_control/share/hoverboard_ros2_control/hook/cmake_prefix_path.sh'
[0.852s] Level 1:colcon.colcon_core.environment:checking '/home/luqseee/robot_ws/install/hoverboard_ros2_control/bin'
[0.852s] Level 1:colcon.colcon_core.environment:checking '/home/luqseee/robot_ws/install/hoverboard_ros2_control/lib/pkgconfig/hoverboard_ros2_control.pc'
[0.852s] Level 1:colcon.colcon_core.environment:checking '/home/luqseee/robot_ws/install/hoverboard_ros2_control/lib/python3.12/site-packages'
[0.853s] Level 1:colcon.colcon_core.environment:checking '/home/luqseee/robot_ws/install/hoverboard_ros2_control/bin'
[0.853s] INFO:colcon.colcon_core.shell:Creating package script '/home/luqseee/robot_ws/install/hoverboard_ros2_control/share/hoverboard_ros2_control/package.ps1'
[0.854s] INFO:colcon.colcon_core.shell:Creating package descriptor '/home/luqseee/robot_ws/install/hoverboard_ros2_control/share/hoverboard_ros2_control/package.dsv'
[0.855s] INFO:colcon.colcon_core.shell:Creating package script '/home/luqseee/robot_ws/install/hoverboard_ros2_control/share/hoverboard_ros2_control/package.sh'
[0.857s] INFO:colcon.colcon_core.shell:Creating package script '/home/luqseee/robot_ws/install/hoverboard_ros2_control/share/hoverboard_ros2_control/package.bash'
[0.858s] INFO:colcon.colcon_core.shell:Creating package script '/home/luqseee/robot_ws/install/hoverboard_ros2_control/share/hoverboard_ros2_control/package.zsh'
[0.859s] Level 1:colcon.colcon_core.environment:create_file_with_runtime_dependencies(/home/luqseee/robot_ws/install/hoverboard_ros2_control/share/colcon-core/packages/hoverboard_ros2_control)
[0.861s] INFO:colcon.colcon_ros.task.ament_cmake.build:Building ROS package in '/home/luqseee/robot_ws/src/sllidar_ros2' with build type 'ament_cmake'
[0.861s] INFO:colcon.colcon_cmake.task.cmake.build:Building CMake package in '/home/luqseee/robot_ws/src/sllidar_ros2'
[0.861s] INFO:colcon.colcon_core.shell:Skip shell extension 'powershell' for command environment: Not usable outside of PowerShell
[0.861s] DEBUG:colcon.colcon_core.shell:Skip shell extension 'dsv' for command environment
[0.868s] Level 1:colcon.colcon_core.environment:create_environment_scripts_only(my_bot)
[0.868s] Level 1:colcon.colcon_core.environment:checking '/home/luqseee/robot_ws/install/my_bot' for CMake module files
[0.869s] DEBUG:colcon.colcon_core.event_handler.log_command:Invoked command in '/home/luqseee/robot_ws/build/my_bot' returned '0': CMAKE_PREFIX_PATH=${CMAKE_PREFIX_PATH}:/opt/ros/jazzy DEBUGINFOD_URLS=https://debuginfod.ubuntu.com /usr/bin/cmake --install /home/luqseee/robot_ws/build/my_bot
[0.869s] Level 1:colcon.colcon_core.environment:checking '/home/luqseee/robot_ws/install/my_bot' for CMake config files
[0.870s] Level 1:colcon.colcon_core.shell:create_environment_hook('my_bot', 'cmake_prefix_path')
[0.870s] INFO:colcon.colcon_core.shell:Creating environment hook '/home/luqseee/robot_ws/install/my_bot/share/my_bot/hook/cmake_prefix_path.ps1'
[0.871s] INFO:colcon.colcon_core.shell:Creating environment descriptor '/home/luqseee/robot_ws/install/my_bot/share/my_bot/hook/cmake_prefix_path.dsv'
[0.872s] INFO:colcon.colcon_core.shell:Creating environment hook '/home/luqseee/robot_ws/install/my_bot/share/my_bot/hook/cmake_prefix_path.sh'
[0.874s] Level 1:colcon.colcon_core.environment:checking '/home/luqseee/robot_ws/install/my_bot/bin'
[0.874s] Level 1:colcon.colcon_core.environment:checking '/home/luqseee/robot_ws/install/my_bot/lib/pkgconfig/my_bot.pc'
[0.874s] Level 1:colcon.colcon_core.environment:checking '/home/luqseee/robot_ws/install/my_bot/lib/python3.12/site-packages'
[0.875s] Level 1:colcon.colcon_core.environment:checking '/home/luqseee/robot_ws/install/my_bot/bin'
[0.875s] INFO:colcon.colcon_core.shell:Creating package script '/home/luqseee/robot_ws/install/my_bot/share/my_bot/package.ps1'
[0.876s] INFO:colcon.colcon_core.shell:Creating package descriptor '/home/luqseee/robot_ws/install/my_bot/share/my_bot/package.dsv'
[0.877s] INFO:colcon.colcon_core.shell:Creating package script '/home/luqseee/robot_ws/install/my_bot/share/my_bot/package.sh'
[0.877s] INFO:colcon.colcon_core.shell:Creating package script '/home/luqseee/robot_ws/install/my_bot/share/my_bot/package.bash'
[0.879s] INFO:colcon.colcon_core.shell:Creating package script '/home/luqseee/robot_ws/install/my_bot/share/my_bot/package.zsh'
[0.880s] Level 1:colcon.colcon_core.environment:create_file_with_runtime_dependencies(/home/luqseee/robot_ws/install/my_bot/share/colcon-core/packages/my_bot)
[0.881s] Level 1:colcon.colcon_core.environment:create_environment_scripts_only(my_bot)
[0.881s] Level 1:colcon.colcon_core.environment:checking '/home/luqseee/robot_ws/install/my_bot' for CMake module files
[0.882s] Level 1:colcon.colcon_core.environment:checking '/home/luqseee/robot_ws/install/my_bot' for CMake config files
[0.882s] Level 1:colcon.colcon_core.shell:create_environment_hook('my_bot', 'cmake_prefix_path')
[0.883s] INFO:colcon.colcon_core.shell:Creating environment hook '/home/luqseee/robot_ws/install/my_bot/share/my_bot/hook/cmake_prefix_path.ps1'
[0.883s] INFO:colcon.colcon_core.shell:Creating environment descriptor '/home/luqseee/robot_ws/install/my_bot/share/my_bot/hook/cmake_prefix_path.dsv'
[0.884s] INFO:colcon.colcon_core.shell:Creating environment hook '/home/luqseee/robot_ws/install/my_bot/share/my_bot/hook/cmake_prefix_path.sh'
[0.885s] Level 1:colcon.colcon_core.environment:checking '/home/luqseee/robot_ws/install/my_bot/bin'
[0.885s] Level 1:colcon.colcon_core.environment:checking '/home/luqseee/robot_ws/install/my_bot/lib/pkgconfig/my_bot.pc'
[0.886s] Level 1:colcon.colcon_core.environment:checking '/home/luqseee/robot_ws/install/my_bot/lib/python3.12/site-packages'
[0.886s] Level 1:colcon.colcon_core.environment:checking '/home/luqseee/robot_ws/install/my_bot/bin'
[0.887s] INFO:colcon.colcon_core.shell:Creating package script '/home/luqseee/robot_ws/install/my_bot/share/my_bot/package.ps1'
[0.888s] INFO:colcon.colcon_core.shell:Creating package descriptor '/home/luqseee/robot_ws/install/my_bot/share/my_bot/package.dsv'
[0.888s] INFO:colcon.colcon_core.shell:Creating package script '/home/luqseee/robot_ws/install/my_bot/share/my_bot/package.sh'
[0.889s] INFO:colcon.colcon_core.shell:Creating package script '/home/luqseee/robot_ws/install/my_bot/share/my_bot/package.bash'
[0.890s] INFO:colcon.colcon_core.shell:Creating package script '/home/luqseee/robot_ws/install/my_bot/share/my_bot/package.zsh'
[0.891s] Level 1:colcon.colcon_core.environment:create_file_with_runtime_dependencies(/home/luqseee/robot_ws/install/my_bot/share/colcon-core/packages/my_bot)
[0.891s] Level 1:colcon.colcon_core.environment:create_environment_scripts_only(hoverboard_demo_description)
[0.891s] Level 1:colcon.colcon_core.environment:checking '/home/luqseee/robot_ws/install/hoverboard_demo_description' for CMake module files
[0.893s] DEBUG:colcon.colcon_core.event_handler.log_command:Invoked command in '/home/luqseee/robot_ws/build/hoverboard_demo_description' returned '0': CMAKE_PREFIX_PATH=${CMAKE_PREFIX_PATH}:/opt/ros/jazzy DEBUGINFOD_URLS=https://debuginfod.ubuntu.com /usr/bin/cmake --install /home/luqseee/robot_ws/build/hoverboard_demo_description
[0.893s] Level 1:colcon.colcon_core.environment:checking '/home/luqseee/robot_ws/install/hoverboard_demo_description' for CMake config files
[0.894s] Level 1:colcon.colcon_core.shell:create_environment_hook('hoverboard_demo_description', 'cmake_prefix_path')
[0.894s] INFO:colcon.colcon_core.shell:Creating environment hook '/home/luqseee/robot_ws/install/hoverboard_demo_description/share/hoverboard_demo_description/hook/cmake_prefix_path.ps1'
[0.895s] INFO:colcon.colcon_core.shell:Creating environment descriptor '/home/luqseee/robot_ws/install/hoverboard_demo_description/share/hoverboard_demo_description/hook/cmake_prefix_path.dsv'
[0.896s] INFO:colcon.colcon_core.shell:Creating environment hook '/home/luqseee/robot_ws/install/hoverboard_demo_description/share/hoverboard_demo_description/hook/cmake_prefix_path.sh'
[0.898s] Level 1:colcon.colcon_core.environment:checking '/home/luqseee/robot_ws/install/hoverboard_demo_description/bin'
[0.898s] Level 1:colcon.colcon_core.environment:checking '/home/luqseee/robot_ws/install/hoverboard_demo_description/lib/pkgconfig/hoverboard_demo_description.pc'
[0.898s] Level 1:colcon.colcon_core.environment:checking '/home/luqseee/robot_ws/install/hoverboard_demo_description/lib/python3.12/site-packages'
[0.899s] Level 1:colcon.colcon_core.environment:checking '/home/luqseee/robot_ws/install/hoverboard_demo_description/bin'
[0.899s] INFO:colcon.colcon_core.shell:Creating package script '/home/luqseee/robot_ws/install/hoverboard_demo_description/share/hoverboard_demo_description/package.ps1'
[0.900s] INFO:colcon.colcon_core.shell:Creating package descriptor '/home/luqseee/robot_ws/install/hoverboard_demo_description/share/hoverboard_demo_description/package.dsv'
[0.900s] INFO:colcon.colcon_core.shell:Creating package script '/home/luqseee/robot_ws/install/hoverboard_demo_description/share/hoverboard_demo_description/package.sh'
[0.901s] INFO:colcon.colcon_core.shell:Creating package script '/home/luqseee/robot_ws/install/hoverboard_demo_description/share/hoverboard_demo_description/package.bash'
[0.903s] INFO:colcon.colcon_core.shell:Creating package script '/home/luqseee/robot_ws/install/hoverboard_demo_description/share/hoverboard_demo_description/package.zsh'
[0.905s] Level 1:colcon.colcon_core.environment:create_file_with_runtime_dependencies(/home/luqseee/robot_ws/install/hoverboard_demo_description/share/colcon-core/packages/hoverboard_demo_description)
[0.907s] Level 1:colcon.colcon_core.environment:create_environment_scripts_only(hoverboard_demo_description)
[0.907s] Level 1:colcon.colcon_core.environment:checking '/home/luqseee/robot_ws/install/hoverboard_demo_description' for CMake module files
[0.908s] Level 1:colcon.colcon_core.environment:checking '/home/luqseee/robot_ws/install/hoverboard_demo_description' for CMake config files
[0.908s] Level 1:colcon.colcon_core.shell:create_environment_hook('hoverboard_demo_description', 'cmake_prefix_path')
[0.908s] INFO:colcon.colcon_core.shell:Creating environment hook '/home/luqseee/robot_ws/install/hoverboard_demo_description/share/hoverboard_demo_description/hook/cmake_prefix_path.ps1'
[0.909s] INFO:colcon.colcon_core.shell:Creating environment descriptor '/home/luqseee/robot_ws/install/hoverboard_demo_description/share/hoverboard_demo_description/hook/cmake_prefix_path.dsv'
[0.910s] INFO:colcon.colcon_core.shell:Creating environment hook '/home/luqseee/robot_ws/install/hoverboard_demo_description/share/hoverboard_demo_description/hook/cmake_prefix_path.sh'
[0.911s] Level 1:colcon.colcon_core.environment:checking '/home/luqseee/robot_ws/install/hoverboard_demo_description/bin'
[0.911s] Level 1:colcon.colcon_core.environment:checking '/home/luqseee/robot_ws/install/hoverboard_demo_description/lib/pkgconfig/hoverboard_demo_description.pc'
[0.911s] Level 1:colcon.colcon_core.environment:checking '/home/luqseee/robot_ws/install/hoverboard_demo_description/lib/python3.12/site-packages'
[0.912s] Level 1:colcon.colcon_core.environment:checking '/home/luqseee/robot_ws/install/hoverboard_demo_description/bin'
[0.912s] INFO:colcon.colcon_core.shell:Creating package script '/home/luqseee/robot_ws/install/hoverboard_demo_description/share/hoverboard_demo_description/package.ps1'
[0.913s] INFO:colcon.colcon_core.shell:Creating package descriptor '/home/luqseee/robot_ws/install/hoverboard_demo_description/share/hoverboard_demo_description/package.dsv'
[0.914s] INFO:colcon.colcon_core.shell:Creating package script '/home/luqseee/robot_ws/install/hoverboard_demo_description/share/hoverboard_demo_description/package.sh'
[0.915s] INFO:colcon.colcon_core.shell:Creating package script '/home/luqseee/robot_ws/install/hoverboard_demo_description/share/hoverboard_demo_description/package.bash'
[0.915s] INFO:colcon.colcon_core.shell:Creating package script '/home/luqseee/robot_ws/install/hoverboard_demo_description/share/hoverboard_demo_description/package.zsh'
[0.919s] Level 1:colcon.colcon_core.environment:create_file_with_runtime_dependencies(/home/luqseee/robot_ws/install/hoverboard_demo_description/share/colcon-core/packages/hoverboard_demo_description)
[0.921s] INFO:colcon.colcon_ros.task.ament_cmake.build:Building ROS package in '/home/luqseee/robot_ws/src/hoverboard_ros2_control/hoverboard_demo_bringup' with build type 'ament_cmake'
[0.921s] INFO:colcon.colcon_cmake.task.cmake.build:Building CMake package in '/home/luqseee/robot_ws/src/hoverboard_ros2_control/hoverboard_demo_bringup'
[0.922s] INFO:colcon.colcon_core.shell:Skip shell extension 'powershell' for command environment: Not usable outside of PowerShell
[0.922s] DEBUG:colcon.colcon_core.shell:Skip shell extension 'dsv' for command environment
[0.932s] DEBUG:colcon.colcon_core.event_handler.log_command:Invoking command in '/home/luqseee/robot_ws/build/sllidar_ros2': CMAKE_PREFIX_PATH=${CMAKE_PREFIX_PATH}:/opt/ros/jazzy DEBUGINFOD_URLS=https://debuginfod.ubuntu.com /usr/bin/cmake --build /home/luqseee/robot_ws/build/sllidar_ros2 -- -j4 -l4
[0.934s] DEBUG:colcon.colcon_core.event_handler.log_command:Invoked command in '/home/luqseee/robot_ws/build/hoverboard_hardware_interface' returned '0': CMAKE_PREFIX_PATH=${CMAKE_PREFIX_PATH}:/opt/ros/jazzy DEBUGINFOD_URLS=https://debuginfod.ubuntu.com /usr/bin/cmake --build /home/luqseee/robot_ws/build/hoverboard_hardware_interface -- -j4 -l4
[0.936s] DEBUG:colcon.colcon_core.event_handler.log_command:Invoking command in '/home/luqseee/robot_ws/build/hoverboard_hardware_interface': CMAKE_PREFIX_PATH=${CMAKE_PREFIX_PATH}:/opt/ros/jazzy DEBUGINFOD_URLS=https://debuginfod.ubuntu.com /usr/bin/cmake --install /home/luqseee/robot_ws/build/hoverboard_hardware_interface
[0.945s] DEBUG:colcon.colcon_core.event_handler.log_command:Invoking command in '/home/luqseee/robot_ws/build/hoverboard_demo_bringup': CMAKE_PREFIX_PATH=/home/luqseee/robot_ws/install/hoverboard_demo_description:/home/luqseee/robot_ws/install/sllidar_ros2:/home/luqseee/robot_ws/install/my_bot:/home/luqseee/robot_ws/install/hoverboard_ros2_control:/home/luqseee/robot_ws/install/hoverboard_hardware_interface:/home/luqseee/robot_ws/install/hoverboard_demo_bringup:/opt/ros/jazzy/opt/sdformat_vendor:/opt/ros/jazzy/opt/gz_math_vendor:/opt/ros/jazzy/opt/gz_utils_vendor:/opt/ros/jazzy/opt/gz_tools_vendor:/opt/ros/jazzy/opt/gz_cmake_vendor:/opt/ros/jazzy DEBUGINFOD_URLS=https://debuginfod.ubuntu.com /usr/bin/cmake --build /home/luqseee/robot_ws/build/hoverboard_demo_bringup -- -j4 -l4
[0.985s] Level 1:colcon.colcon_core.environment:create_environment_scripts_only(hoverboard_hardware_interface)
[0.986s] Level 1:colcon.colcon_core.environment:checking '/home/luqseee/robot_ws/install/hoverboard_hardware_interface' for CMake module files
[0.987s] DEBUG:colcon.colcon_core.event_handler.log_command:Invoked command in '/home/luqseee/robot_ws/build/hoverboard_hardware_interface' returned '0': CMAKE_PREFIX_PATH=${CMAKE_PREFIX_PATH}:/opt/ros/jazzy DEBUGINFOD_URLS=https://debuginfod.ubuntu.com /usr/bin/cmake --install /home/luqseee/robot_ws/build/hoverboard_hardware_interface
[0.988s] Level 1:colcon.colcon_core.environment:checking '/home/luqseee/robot_ws/install/hoverboard_hardware_interface' for CMake config files
[0.988s] Level 1:colcon.colcon_core.shell:create_environment_hook('hoverboard_hardware_interface', 'cmake_prefix_path')
[0.989s] INFO:colcon.colcon_core.shell:Creating environment hook '/home/luqseee/robot_ws/install/hoverboard_hardware_interface/share/hoverboard_hardware_interface/hook/cmake_prefix_path.ps1'
[0.990s] INFO:colcon.colcon_core.shell:Creating environment descriptor '/home/luqseee/robot_ws/install/hoverboard_hardware_interface/share/hoverboard_hardware_interface/hook/cmake_prefix_path.dsv'
[0.990s] INFO:colcon.colcon_core.shell:Creating environment hook '/home/luqseee/robot_ws/install/hoverboard_hardware_interface/share/hoverboard_hardware_interface/hook/cmake_prefix_path.sh'
[0.992s] Level 1:colcon.colcon_core.environment:checking '/home/luqseee/robot_ws/install/hoverboard_hardware_interface/lib'
[0.992s] Level 1:colcon.colcon_core.shell:create_environment_hook('hoverboard_hardware_interface', 'ld_library_path_lib')
[0.993s] INFO:colcon.colcon_core.shell:Creating environment hook '/home/luqseee/robot_ws/install/hoverboard_hardware_interface/share/hoverboard_hardware_interface/hook/ld_library_path_lib.ps1'
[0.994s] INFO:colcon.colcon_core.shell:Creating environment descriptor '/home/luqseee/robot_ws/install/hoverboard_hardware_interface/share/hoverboard_hardware_interface/hook/ld_library_path_lib.dsv'
[0.995s] INFO:colcon.colcon_core.shell:Creating environment hook '/home/luqseee/robot_ws/install/hoverboard_hardware_interface/share/hoverboard_hardware_interface/hook/ld_library_path_lib.sh'
[0.996s] Level 1:colcon.colcon_core.environment:checking '/home/luqseee/robot_ws/install/hoverboard_hardware_interface/bin'
[0.996s] Level 1:colcon.colcon_core.environment:checking '/home/luqseee/robot_ws/install/hoverboard_hardware_interface/lib/pkgconfig/hoverboard_hardware_interface.pc'
[0.997s] Level 1:colcon.colcon_core.environment:checking '/home/luqseee/robot_ws/install/hoverboard_hardware_interface/lib/python3.12/site-packages'
[0.997s] Level 1:colcon.colcon_core.environment:checking '/home/luqseee/robot_ws/install/hoverboard_hardware_interface/bin'
[0.998s] INFO:colcon.colcon_core.shell:Creating package script '/home/luqseee/robot_ws/install/hoverboard_hardware_interface/share/hoverboard_hardware_interface/package.ps1'
[0.999s] INFO:colcon.colcon_core.shell:Creating package descriptor '/home/luqseee/robot_ws/install/hoverboard_hardware_interface/share/hoverboard_hardware_interface/package.dsv'
[1.001s] INFO:colcon.colcon_core.shell:Creating package script '/home/luqseee/robot_ws/install/hoverboard_hardware_interface/share/hoverboard_hardware_interface/package.sh'
[1.002s] INFO:colcon.colcon_core.shell:Creating package script '/home/luqseee/robot_ws/install/hoverboard_hardware_interface/share/hoverboard_hardware_interface/package.bash'
[1.003s] INFO:colcon.colcon_core.shell:Creating package script '/home/luqseee/robot_ws/install/hoverboard_hardware_interface/share/hoverboard_hardware_interface/package.zsh'
[1.004s] Level 1:colcon.colcon_core.environment:create_file_with_runtime_dependencies(/home/luqseee/robot_ws/install/hoverboard_hardware_interface/share/colcon-core/packages/hoverboard_hardware_interface)
[1.006s] Level 1:colcon.colcon_core.environment:create_environment_scripts_only(hoverboard_hardware_interface)
[1.007s] Level 1:colcon.colcon_core.environment:checking '/home/luqseee/robot_ws/install/hoverboard_hardware_interface' for CMake module files
[1.007s] Level 1:colcon.colcon_core.environment:checking '/home/luqseee/robot_ws/install/hoverboard_hardware_interface' for CMake config files
[1.008s] Level 1:colcon.colcon_core.shell:create_environment_hook('hoverboard_hardware_interface', 'cmake_prefix_path')
[1.008s] INFO:colcon.colcon_core.shell:Creating environment hook '/home/luqseee/robot_ws/install/hoverboard_hardware_interface/share/hoverboard_hardware_interface/hook/cmake_prefix_path.ps1'
[1.009s] INFO:colcon.colcon_core.shell:Creating environment descriptor '/home/luqseee/robot_ws/install/hoverboard_hardware_interface/share/hoverboard_hardware_interface/hook/cmake_prefix_path.dsv'
[1.011s] INFO:colcon.colcon_core.shell:Creating environment hook '/home/luqseee/robot_ws/install/hoverboard_hardware_interface/share/hoverboard_hardware_interface/hook/cmake_prefix_path.sh'
[1.013s] Level 1:colcon.colcon_core.environment:checking '/home/luqseee/robot_ws/install/hoverboard_hardware_interface/lib'
[1.013s] Level 1:colcon.colcon_core.shell:create_environment_hook('hoverboard_hardware_interface', 'ld_library_path_lib')
[1.014s] INFO:colcon.colcon_core.shell:Creating environment hook '/home/luqseee/robot_ws/install/hoverboard_hardware_interface/share/hoverboard_hardware_interface/hook/ld_library_path_lib.ps1'
[1.015s] INFO:colcon.colcon_core.shell:Creating environment descriptor '/home/luqseee/robot_ws/install/hoverboard_hardware_interface/share/hoverboard_hardware_interface/hook/ld_library_path_lib.dsv'
[1.016s] INFO:colcon.colcon_core.shell:Creating environment hook '/home/luqseee/robot_ws/install/hoverboard_hardware_interface/share/hoverboard_hardware_interface/hook/ld_library_path_lib.sh'
[1.017s] Level 1:colcon.colcon_core.environment:checking '/home/luqseee/robot_ws/install/hoverboard_hardware_interface/bin'
[1.018s] Level 1:colcon.colcon_core.environment:checking '/home/luqseee/robot_ws/install/hoverboard_hardware_interface/lib/pkgconfig/hoverboard_hardware_interface.pc'
[1.018s] Level 1:colcon.colcon_core.environment:checking '/home/luqseee/robot_ws/install/hoverboard_hardware_interface/lib/python3.12/site-packages'
[1.019s] Level 1:colcon.colcon_core.environment:checking '/home/luqseee/robot_ws/install/hoverboard_hardware_interface/bin'
[1.020s] INFO:colcon.colcon_core.shell:Creating package script '/home/luqseee/robot_ws/install/hoverboard_hardware_interface/share/hoverboard_hardware_interface/package.ps1'
[1.021s] INFO:colcon.colcon_core.shell:Creating package descriptor '/home/luqseee/robot_ws/install/hoverboard_hardware_interface/share/hoverboard_hardware_interface/package.dsv'
[1.025s] INFO:colcon.colcon_core.shell:Creating package script '/home/luqseee/robot_ws/install/hoverboard_hardware_interface/share/hoverboard_hardware_interface/package.sh'
[1.026s] INFO:colcon.colcon_core.shell:Creating package script '/home/luqseee/robot_ws/install/hoverboard_hardware_interface/share/hoverboard_hardware_interface/package.bash'
[1.028s] INFO:colcon.colcon_core.shell:Creating package script '/home/luqseee/robot_ws/install/hoverboard_hardware_interface/share/hoverboard_hardware_interface/package.zsh'
[1.029s] Level 1:colcon.colcon_core.environment:create_file_with_runtime_dependencies(/home/luqseee/robot_ws/install/hoverboard_hardware_interface/share/colcon-core/packages/hoverboard_hardware_interface)
[1.034s] DEBUG:colcon.colcon_core.event_handler.log_command:Invoked command in '/home/luqseee/robot_ws/build/hoverboard_demo_bringup' returned '0': CMAKE_PREFIX_PATH=/home/luqseee/robot_ws/install/hoverboard_demo_description:/home/luqseee/robot_ws/install/sllidar_ros2:/home/luqseee/robot_ws/install/my_bot:/home/luqseee/robot_ws/install/hoverboard_ros2_control:/home/luqseee/robot_ws/install/hoverboard_hardware_interface:/home/luqseee/robot_ws/install/hoverboard_demo_bringup:/opt/ros/jazzy/opt/sdformat_vendor:/opt/ros/jazzy/opt/gz_math_vendor:/opt/ros/jazzy/opt/gz_utils_vendor:/opt/ros/jazzy/opt/gz_tools_vendor:/opt/ros/jazzy/opt/gz_cmake_vendor:/opt/ros/jazzy DEBUGINFOD_URLS=https://debuginfod.ubuntu.com /usr/bin/cmake --build /home/luqseee/robot_ws/build/hoverboard_demo_bringup -- -j4 -l4
[1.035s] DEBUG:colcon.colcon_core.event_handler.log_command:Invoking command in '/home/luqseee/robot_ws/build/hoverboard_demo_bringup': CMAKE_PREFIX_PATH=/home/luqseee/robot_ws/install/hoverboard_demo_description:/home/luqseee/robot_ws/install/sllidar_ros2:/home/luqseee/robot_ws/install/my_bot:/home/luqseee/robot_ws/install/hoverboard_ros2_control:/home/luqseee/robot_ws/install/hoverboard_hardware_interface:/home/luqseee/robot_ws/install/hoverboard_demo_bringup:/opt/ros/jazzy/opt/sdformat_vendor:/opt/ros/jazzy/opt/gz_math_vendor:/opt/ros/jazzy/opt/gz_utils_vendor:/opt/ros/jazzy/opt/gz_tools_vendor:/opt/ros/jazzy/opt/gz_cmake_vendor:/opt/ros/jazzy DEBUGINFOD_URLS=https://debuginfod.ubuntu.com /usr/bin/cmake --install /home/luqseee/robot_ws/build/hoverboard_demo_bringup
[1.075s] Level 1:colcon.colcon_core.environment:create_environment_scripts_only(hoverboard_demo_bringup)
[1.075s] Level 1:colcon.colcon_core.environment:checking '/home/luqseee/robot_ws/install/hoverboard_demo_bringup' for CMake module files
[1.076s] DEBUG:colcon.colcon_core.event_handler.log_command:Invoked command in '/home/luqseee/robot_ws/build/hoverboard_demo_bringup' returned '0': CMAKE_PREFIX_PATH=/home/luqseee/robot_ws/install/hoverboard_demo_description:/home/luqseee/robot_ws/install/sllidar_ros2:/home/luqseee/robot_ws/install/my_bot:/home/luqseee/robot_ws/install/hoverboard_ros2_control:/home/luqseee/robot_ws/install/hoverboard_hardware_interface:/home/luqseee/robot_ws/install/hoverboard_demo_bringup:/opt/ros/jazzy/opt/sdformat_vendor:/opt/ros/jazzy/opt/gz_math_vendor:/opt/ros/jazzy/opt/gz_utils_vendor:/opt/ros/jazzy/opt/gz_tools_vendor:/opt/ros/jazzy/opt/gz_cmake_vendor:/opt/ros/jazzy DEBUGINFOD_URLS=https://debuginfod.ubuntu.com /usr/bin/cmake --install /home/luqseee/robot_ws/build/hoverboard_demo_bringup
[1.076s] Level 1:colcon.colcon_core.environment:checking '/home/luqseee/robot_ws/install/hoverboard_demo_bringup' for CMake config files
[1.077s] Level 1:colcon.colcon_core.shell:create_environment_hook('hoverboard_demo_bringup', 'cmake_prefix_path')
[1.077s] INFO:colcon.colcon_core.shell:Creating environment hook '/home/luqseee/robot_ws/install/hoverboard_demo_bringup/share/hoverboard_demo_bringup/hook/cmake_prefix_path.ps1'
[1.077s] INFO:colcon.colcon_core.shell:Creating environment descriptor '/home/luqseee/robot_ws/install/hoverboard_demo_bringup/share/hoverboard_demo_bringup/hook/cmake_prefix_path.dsv'
[1.078s] INFO:colcon.colcon_core.shell:Creating environment hook '/home/luqseee/robot_ws/install/hoverboard_demo_bringup/share/hoverboard_demo_bringup/hook/cmake_prefix_path.sh'
[1.079s] Level 1:colcon.colcon_core.environment:checking '/home/luqseee/robot_ws/install/hoverboard_demo_bringup/bin'
[1.080s] Level 1:colcon.colcon_core.environment:checking '/home/luqseee/robot_ws/install/hoverboard_demo_bringup/lib/pkgconfig/hoverboard_demo_bringup.pc'
[1.080s] Level 1:colcon.colcon_core.environment:checking '/home/luqseee/robot_ws/install/hoverboard_demo_bringup/lib/python3.12/site-packages'
[1.080s] Level 1:colcon.colcon_core.environment:checking '/home/luqseee/robot_ws/install/hoverboard_demo_bringup/bin'
[1.081s] INFO:colcon.colcon_core.shell:Creating package script '/home/luqseee/robot_ws/install/hoverboard_demo_bringup/share/hoverboard_demo_bringup/package.ps1'
[1.082s] INFO:colcon.colcon_core.shell:Creating package descriptor '/home/luqseee/robot_ws/install/hoverboard_demo_bringup/share/hoverboard_demo_bringup/package.dsv'
[1.082s] INFO:colcon.colcon_core.shell:Creating package script '/home/luqseee/robot_ws/install/hoverboard_demo_bringup/share/hoverboard_demo_bringup/package.sh'
[1.083s] INFO:colcon.colcon_core.shell:Creating package script '/home/luqseee/robot_ws/install/hoverboard_demo_bringup/share/hoverboard_demo_bringup/package.bash'
[1.083s] INFO:colcon.colcon_core.shell:Creating package script '/home/luqseee/robot_ws/install/hoverboard_demo_bringup/share/hoverboard_demo_bringup/package.zsh'
[1.084s] Level 1:colcon.colcon_core.environment:create_file_with_runtime_dependencies(/home/luqseee/robot_ws/install/hoverboard_demo_bringup/share/colcon-core/packages/hoverboard_demo_bringup)
[1.085s] Level 1:colcon.colcon_core.environment:create_environment_scripts_only(hoverboard_demo_bringup)
[1.086s] Level 1:colcon.colcon_core.environment:checking '/home/luqseee/robot_ws/install/hoverboard_demo_bringup' for CMake module files
[1.086s] Level 1:colcon.colcon_core.environment:checking '/home/luqseee/robot_ws/install/hoverboard_demo_bringup' for CMake config files
[1.087s] Level 1:colcon.colcon_core.shell:create_environment_hook('hoverboard_demo_bringup', 'cmake_prefix_path')
[1.087s] INFO:colcon.colcon_core.shell:Creating environment hook '/home/luqseee/robot_ws/install/hoverboard_demo_bringup/share/hoverboard_demo_bringup/hook/cmake_prefix_path.ps1'
[1.088s] INFO:colcon.colcon_core.shell:Creating environment descriptor '/home/luqseee/robot_ws/install/hoverboard_demo_bringup/share/hoverboard_demo_bringup/hook/cmake_prefix_path.dsv'
[1.089s] INFO:colcon.colcon_core.shell:Creating environment hook '/home/luqseee/robot_ws/install/hoverboard_demo_bringup/share/hoverboard_demo_bringup/hook/cmake_prefix_path.sh'
[1.090s] Level 1:colcon.colcon_core.environment:checking '/home/luqseee/robot_ws/install/hoverboard_demo_bringup/bin'
[1.091s] Level 1:colcon.colcon_core.environment:checking '/home/luqseee/robot_ws/install/hoverboard_demo_bringup/lib/pkgconfig/hoverboard_demo_bringup.pc'
[1.091s] Level 1:colcon.colcon_core.environment:checking '/home/luqseee/robot_ws/install/hoverboard_demo_bringup/lib/python3.12/site-packages'
[1.091s] Level 1:colcon.colcon_core.environment:checking '/home/luqseee/robot_ws/install/hoverboard_demo_bringup/bin'
[1.092s] INFO:colcon.colcon_core.shell:Creating package script '/home/luqseee/robot_ws/install/hoverboard_demo_bringup/share/hoverboard_demo_bringup/package.ps1'
[1.093s] INFO:colcon.colcon_core.shell:Creating package descriptor '/home/luqseee/robot_ws/install/hoverboard_demo_bringup/share/hoverboard_demo_bringup/package.dsv'
[1.094s] INFO:colcon.colcon_core.shell:Creating package script '/home/luqseee/robot_ws/install/hoverboard_demo_bringup/share/hoverboard_demo_bringup/package.sh'
[1.095s] INFO:colcon.colcon_core.shell:Creating package script '/home/luqseee/robot_ws/install/hoverboard_demo_bringup/share/hoverboard_demo_bringup/package.bash'
[1.097s] INFO:colcon.colcon_core.shell:Creating package script '/home/luqseee/robot_ws/install/hoverboard_demo_bringup/share/hoverboard_demo_bringup/package.zsh'
[1.098s] Level 1:colcon.colcon_core.environment:create_file_with_runtime_dependencies(/home/luqseee/robot_ws/install/hoverboard_demo_bringup/share/colcon-core/packages/hoverboard_demo_bringup)
[1.101s] DEBUG:colcon.colcon_core.event_handler.log_command:Invoked command in '/home/luqseee/robot_ws/build/sllidar_ros2' returned '0': CMAKE_PREFIX_PATH=${CMAKE_PREFIX_PATH}:/opt/ros/jazzy DEBUGINFOD_URLS=https://debuginfod.ubuntu.com /usr/bin/cmake --build /home/luqseee/robot_ws/build/sllidar_ros2 -- -j4 -l4
[1.103s] DEBUG:colcon.colcon_core.event_handler.log_command:Invoking command in '/home/luqseee/robot_ws/build/sllidar_ros2': CMAKE_PREFIX_PATH=${CMAKE_PREFIX_PATH}:/opt/ros/jazzy DEBUGINFOD_URLS=https://debuginfod.ubuntu.com /usr/bin/cmake --install /home/luqseee/robot_ws/build/sllidar_ros2
[1.146s] Level 1:colcon.colcon_core.environment:create_environment_scripts_only(sllidar_ros2)
[1.147s] Level 1:colcon.colcon_core.environment:checking '/home/luqseee/robot_ws/install/sllidar_ros2' for CMake module files
[1.147s] DEBUG:colcon.colcon_core.event_handler.log_command:Invoked command in '/home/luqseee/robot_ws/build/sllidar_ros2' returned '0': CMAKE_PREFIX_PATH=${CMAKE_PREFIX_PATH}:/opt/ros/jazzy DEBUGINFOD_URLS=https://debuginfod.ubuntu.com /usr/bin/cmake --install /home/luqseee/robot_ws/build/sllidar_ros2
[1.148s] Level 1:colcon.colcon_core.environment:checking '/home/luqseee/robot_ws/install/sllidar_ros2' for CMake config files
[1.148s] Level 1:colcon.colcon_core.shell:create_environment_hook('sllidar_ros2', 'cmake_prefix_path')
[1.149s] INFO:colcon.colcon_core.shell:Creating environment hook '/home/luqseee/robot_ws/install/sllidar_ros2/share/sllidar_ros2/hook/cmake_prefix_path.ps1'
[1.149s] INFO:colcon.colcon_core.shell:Creating environment descriptor '/home/luqseee/robot_ws/install/sllidar_ros2/share/sllidar_ros2/hook/cmake_prefix_path.dsv'
[1.151s] INFO:colcon.colcon_core.shell:Creating environment hook '/home/luqseee/robot_ws/install/sllidar_ros2/share/sllidar_ros2/hook/cmake_prefix_path.sh'
[1.152s] Level 1:colcon.colcon_core.environment:checking '/home/luqseee/robot_ws/install/sllidar_ros2/lib'
[1.153s] Level 1:colcon.colcon_core.environment:checking '/home/luqseee/robot_ws/install/sllidar_ros2/bin'
[1.153s] Level 1:colcon.colcon_core.environment:checking '/home/luqseee/robot_ws/install/sllidar_ros2/lib/pkgconfig/sllidar_ros2.pc'
[1.153s] Level 1:colcon.colcon_core.environment:checking '/home/luqseee/robot_ws/install/sllidar_ros2/lib/python3.12/site-packages'
[1.153s] Level 1:colcon.colcon_core.environment:checking '/home/luqseee/robot_ws/install/sllidar_ros2/bin'
[1.154s] INFO:colcon.colcon_core.shell:Creating package script '/home/luqseee/robot_ws/install/sllidar_ros2/share/sllidar_ros2/package.ps1'
[1.154s] INFO:colcon.colcon_core.shell:Creating package descriptor '/home/luqseee/robot_ws/install/sllidar_ros2/share/sllidar_ros2/package.dsv'
[1.155s] INFO:colcon.colcon_core.shell:Creating package script '/home/luqseee/robot_ws/install/sllidar_ros2/share/sllidar_ros2/package.sh'
[1.156s] INFO:colcon.colcon_core.shell:Creating package script '/home/luqseee/robot_ws/install/sllidar_ros2/share/sllidar_ros2/package.bash'
[1.157s] INFO:colcon.colcon_core.shell:Creating package script '/home/luqseee/robot_ws/install/sllidar_ros2/share/sllidar_ros2/package.zsh'
[1.158s] Level 1:colcon.colcon_core.environment:create_file_with_runtime_dependencies(/home/luqseee/robot_ws/install/sllidar_ros2/share/colcon-core/packages/sllidar_ros2)
[1.160s] Level 1:colcon.colcon_core.environment:create_environment_scripts_only(sllidar_ros2)
[1.160s] Level 1:colcon.colcon_core.environment:checking '/home/luqseee/robot_ws/install/sllidar_ros2' for CMake module files
[1.161s] Level 1:colcon.colcon_core.environment:checking '/home/luqseee/robot_ws/install/sllidar_ros2' for CMake config files
[1.162s] Level 1:colcon.colcon_core.shell:create_environment_hook('sllidar_ros2', 'cmake_prefix_path')
[1.162s] INFO:colcon.colcon_core.shell:Creating environment hook '/home/luqseee/robot_ws/install/sllidar_ros2/share/sllidar_ros2/hook/cmake_prefix_path.ps1'
[1.162s] INFO:colcon.colcon_core.shell:Creating environment descriptor '/home/luqseee/robot_ws/install/sllidar_ros2/share/sllidar_ros2/hook/cmake_prefix_path.dsv'
[1.164s] INFO:colcon.colcon_core.shell:Creating environment hook '/home/luqseee/robot_ws/install/sllidar_ros2/share/sllidar_ros2/hook/cmake_prefix_path.sh'
[1.166s] Level 1:colcon.colcon_core.environment:checking '/home/luqseee/robot_ws/install/sllidar_ros2/lib'
[1.166s] Level 1:colcon.colcon_core.environment:checking '/home/luqseee/robot_ws/install/sllidar_ros2/bin'
[1.166s] Level 1:colcon.colcon_core.environment:checking '/home/luqseee/robot_ws/install/sllidar_ros2/lib/pkgconfig/sllidar_ros2.pc'
[1.166s] Level 1:colcon.colcon_core.environment:checking '/home/luqseee/robot_ws/install/sllidar_ros2/lib/python3.12/site-packages'
[1.167s] Level 1:colcon.colcon_core.environment:checking '/home/luqseee/robot_ws/install/sllidar_ros2/bin'
[1.167s] INFO:colcon.colcon_core.shell:Creating package script '/home/luqseee/robot_ws/install/sllidar_ros2/share/sllidar_ros2/package.ps1'
[1.168s] INFO:colcon.colcon_core.shell:Creating package descriptor '/home/luqseee/robot_ws/install/sllidar_ros2/share/sllidar_ros2/package.dsv'
[1.169s] INFO:colcon.colcon_core.shell:Creating package script '/home/luqseee/robot_ws/install/sllidar_ros2/share/sllidar_ros2/package.sh'
[1.171s] INFO:colcon.colcon_core.shell:Creating package script '/home/luqseee/robot_ws/install/sllidar_ros2/share/sllidar_ros2/package.bash'
[1.173s] INFO:colcon.colcon_core.shell:Creating package script '/home/luqseee/robot_ws/install/sllidar_ros2/share/sllidar_ros2/package.zsh'
[1.174s] Level 1:colcon.colcon_core.environment:create_file_with_runtime_dependencies(/home/luqseee/robot_ws/install/sllidar_ros2/share/colcon-core/packages/sllidar_ros2)
[1.176s] DEBUG:colcon.colcon_parallel_executor.executor.parallel:closing loop
[1.176s] DEBUG:colcon.colcon_parallel_executor.executor.parallel:loop closed
[1.176s] DEBUG:colcon.colcon_parallel_executor.executor.parallel:run_until_complete finished with '0'
[1.176s] DEBUG:colcon.colcon_core.event_reactor:joining thread
[1.178s] DEBUG:colcon.colcon_core.event_reactor:joined thread
[1.178s] INFO:colcon.colcon_core.shell:Creating prefix script '/home/luqseee/robot_ws/install/local_setup.ps1'
[1.179s] INFO:colcon.colcon_core.shell:Creating prefix util module '/home/luqseee/robot_ws/install/_local_setup_util_ps1.py'
[1.181s] INFO:colcon.colcon_core.shell:Creating prefix chain script '/home/luqseee/robot_ws/install/setup.ps1'
[1.183s] INFO:colcon.colcon_core.shell:Creating prefix script '/home/luqseee/robot_ws/install/local_setup.sh'
[1.183s] INFO:colcon.colcon_core.shell:Creating prefix util module '/home/luqseee/robot_ws/install/_local_setup_util_sh.py'
[1.184s] INFO:colcon.colcon_core.shell:Creating prefix chain script '/home/luqseee/robot_ws/install/setup.sh'
[1.187s] INFO:colcon.colcon_core.shell:Creating prefix script '/home/luqseee/robot_ws/install/local_setup.bash'
[1.189s] INFO:colcon.colcon_core.shell:Creating prefix chain script '/home/luqseee/robot_ws/install/setup.bash'
[1.191s] INFO:colcon.colcon_core.shell:Creating prefix script '/home/luqseee/robot_ws/install/local_setup.zsh'
[1.192s] INFO:colcon.colcon_core.shell:Creating prefix chain script '/home/luqseee/robot_ws/install/setup.zsh'
