[0.076s] Invoking command in '/home/luqseee/robot_ws/build/sllidar_ros2': CMAKE_PREFIX_PATH=${CMAKE_PREFIX_PATH}:/opt/ros/jazzy DEBUGINFOD_URLS=https://debuginfod.ubuntu.com /usr/bin/cmake --build /home/luqseee/robot_ws/build/sllidar_ros2 -- -j4 -l4
[0.224s] [ 10%] Built target sllidar_client
[0.267s] [100%] Built target sllidar_node
[0.289s] Invoked command in '/home/luqseee/robot_ws/build/sllidar_ros2' returned '0': CMAKE_PREFIX_PATH=${CMAKE_PREFIX_PATH}:/opt/ros/jazzy DEBUGINFOD_URLS=https://debuginfod.ubuntu.com /usr/bin/cmake --build /home/luqseee/robot_ws/build/sllidar_ros2 -- -j4 -l4
[0.293s] Invoking command in '/home/luqseee/robot_ws/build/sllidar_ros2': CMAKE_PREFIX_PATH=${CMAKE_PREFIX_PATH}:/opt/ros/jazzy DEBUGINFOD_URLS=https://debuginfod.ubuntu.com /usr/bin/cmake --install /home/luqseee/robot_ws/build/sllidar_ros2
[0.309s] -- Install configuration: ""
[0.310s] -- Execute custom install script
[0.312s] -- Up-to-date symlink: /home/luqseee/robot_ws/install/sllidar_ros2/share/sllidar_ros2/launch/sllidar_a1_launch.py
[0.312s] -- Up-to-date symlink: /home/luqseee/robot_ws/install/sllidar_ros2/share/sllidar_ros2/launch/sllidar_a2m12_launch .py
[0.312s] -- Up-to-date symlink: /home/luqseee/robot_ws/install/sllidar_ros2/share/sllidar_ros2/launch/sllidar_a2m7_launch.py
[0.313s] -- Up-to-date symlink: /home/luqseee/robot_ws/install/sllidar_ros2/share/sllidar_ros2/launch/sllidar_a2m8_launch.py
[0.313s] -- Up-to-date symlink: /home/luqseee/robot_ws/install/sllidar_ros2/share/sllidar_ros2/launch/sllidar_a3_launch.py
[0.314s] -- Up-to-date symlink: /home/luqseee/robot_ws/install/sllidar_ros2/share/sllidar_ros2/launch/sllidar_c1_launch.py
[0.314s] -- Up-to-date symlink: /home/luqseee/robot_ws/install/sllidar_ros2/share/sllidar_ros2/launch/sllidar_s1_launch.py
[0.315s] -- Up-to-date symlink: /home/luqseee/robot_ws/install/sllidar_ros2/share/sllidar_ros2/launch/sllidar_s1_tcp_launch.py
[0.315s] -- Up-to-date symlink: /home/luqseee/robot_ws/install/sllidar_ros2/share/sllidar_ros2/launch/sllidar_s2_launch.py
[0.316s] -- Up-to-date symlink: /home/luqseee/robot_ws/install/sllidar_ros2/share/sllidar_ros2/launch/sllidar_s2e_launch.py
[0.316s] -- Up-to-date symlink: /home/luqseee/robot_ws/install/sllidar_ros2/share/sllidar_ros2/launch/sllidar_s3_launch.py
[0.317s] -- Up-to-date symlink: /home/luqseee/robot_ws/install/sllidar_ros2/share/sllidar_ros2/launch/sllidar_t1_launch.py
[0.317s] -- Up-to-date symlink: /home/luqseee/robot_ws/install/sllidar_ros2/share/sllidar_ros2/launch/view_sllidar_a1_launch.py
[0.318s] -- Up-to-date symlink: /home/luqseee/robot_ws/install/sllidar_ros2/share/sllidar_ros2/launch/view_sllidar_a2m12_launch.py
[0.318s] -- Up-to-date symlink: /home/luqseee/robot_ws/install/sllidar_ros2/share/sllidar_ros2/launch/view_sllidar_a2m7_launch.py
[0.319s] -- Up-to-date symlink: /home/luqseee/robot_ws/install/sllidar_ros2/share/sllidar_ros2/launch/view_sllidar_a2m8_launch.py
[0.319s] -- Up-to-date symlink: /home/luqseee/robot_ws/install/sllidar_ros2/share/sllidar_ros2/launch/view_sllidar_a3_launch.py
[0.320s] -- Up-to-date symlink: /home/luqseee/robot_ws/install/sllidar_ros2/share/sllidar_ros2/launch/view_sllidar_c1_launch.py
[0.320s] -- Up-to-date symlink: /home/luqseee/robot_ws/install/sllidar_ros2/share/sllidar_ros2/launch/view_sllidar_s1_launch.py
[0.320s] -- Up-to-date symlink: /home/luqseee/robot_ws/install/sllidar_ros2/share/sllidar_ros2/launch/view_sllidar_s1_tcp_launch.py
[0.321s] -- Up-to-date symlink: /home/luqseee/robot_ws/install/sllidar_ros2/share/sllidar_ros2/launch/view_sllidar_s2_launch.py
[0.321s] -- Up-to-date symlink: /home/luqseee/robot_ws/install/sllidar_ros2/share/sllidar_ros2/launch/view_sllidar_s2e_launch.py
[0.322s] -- Up-to-date symlink: /home/luqseee/robot_ws/install/sllidar_ros2/share/sllidar_ros2/launch/view_sllidar_s3_launch.py
[0.322s] -- Up-to-date symlink: /home/luqseee/robot_ws/install/sllidar_ros2/share/sllidar_ros2/launch/view_sllidar_t1_launch.py
[0.323s] -- Up-to-date symlink: /home/luqseee/robot_ws/install/sllidar_ros2/share/sllidar_ros2/rviz/sllidar_ros2.rviz
[0.324s] -- Up-to-date symlink: /home/luqseee/robot_ws/install/sllidar_ros2/lib/sllidar_ros2/sllidar_node
[0.325s] -- Up-to-date symlink: /home/luqseee/robot_ws/install/sllidar_ros2/lib/sllidar_ros2/sllidar_client
[0.325s] -- Up-to-date symlink: /home/luqseee/robot_ws/install/sllidar_ros2/share/ament_index/resource_index/package_run_dependencies/sllidar_ros2
[0.326s] -- Up-to-date symlink: /home/luqseee/robot_ws/install/sllidar_ros2/share/ament_index/resource_index/parent_prefix_path/sllidar_ros2
[0.326s] -- Up-to-date symlink: /home/luqseee/robot_ws/install/sllidar_ros2/share/sllidar_ros2/environment/ament_prefix_path.sh
[0.327s] -- Up-to-date symlink: /home/luqseee/robot_ws/install/sllidar_ros2/share/sllidar_ros2/environment/ament_prefix_path.dsv
[0.327s] -- Up-to-date symlink: /home/luqseee/robot_ws/install/sllidar_ros2/share/sllidar_ros2/environment/path.sh
[0.327s] -- Up-to-date symlink: /home/luqseee/robot_ws/install/sllidar_ros2/share/sllidar_ros2/environment/path.dsv
[0.328s] -- Up-to-date symlink: /home/luqseee/robot_ws/install/sllidar_ros2/share/sllidar_ros2/local_setup.bash
[0.329s] -- Up-to-date symlink: /home/luqseee/robot_ws/install/sllidar_ros2/share/sllidar_ros2/local_setup.sh
[0.329s] -- Up-to-date symlink: /home/luqseee/robot_ws/install/sllidar_ros2/share/sllidar_ros2/local_setup.zsh
[0.329s] -- Up-to-date symlink: /home/luqseee/robot_ws/install/sllidar_ros2/share/sllidar_ros2/local_setup.dsv
[0.330s] -- Symlinking: /home/luqseee/robot_ws/install/sllidar_ros2/share/sllidar_ros2/package.dsv
[0.350s] -- Up-to-date symlink: /home/luqseee/robot_ws/install/sllidar_ros2/share/ament_index/resource_index/packages/sllidar_ros2
[0.351s] -- Up-to-date symlink: /home/luqseee/robot_ws/install/sllidar_ros2/share/sllidar_ros2/cmake/ament_cmake_export_dependencies-extras.cmake
[0.351s] -- Up-to-date symlink: /home/luqseee/robot_ws/install/sllidar_ros2/share/sllidar_ros2/cmake/ament_cmake_export_include_directories-extras.cmake
[0.352s] -- Up-to-date symlink: /home/luqseee/robot_ws/install/sllidar_ros2/share/sllidar_ros2/cmake/sllidar_ros2Config.cmake
[0.352s] -- Up-to-date symlink: /home/luqseee/robot_ws/install/sllidar_ros2/share/sllidar_ros2/cmake/sllidar_ros2Config-version.cmake
[0.352s] -- Up-to-date symlink: /home/luqseee/robot_ws/install/sllidar_ros2/share/sllidar_ros2/package.xml
[0.356s] Invoked command in '/home/luqseee/robot_ws/build/sllidar_ros2' returned '0': CMAKE_PREFIX_PATH=${CMAKE_PREFIX_PATH}:/opt/ros/jazzy DEBUGINFOD_URLS=https://debuginfod.ubuntu.com /usr/bin/cmake --install /home/luqseee/robot_ws/build/sllidar_ros2
