[0.032s] Invoking command in '/home/luqseee/robot_ws/build/hoverboard_demo_bringup': CMAKE_PREFIX_PATH=/home/luqseee/robot_ws/install/hoverboard_demo_description:/home/luqseee/robot_ws/install/sllidar_ros2:/home/luqseee/robot_ws/install/my_bot:/home/luqseee/robot_ws/install/hoverboard_ros2_control:/home/luqseee/robot_ws/install/hoverboard_hardware_interface:/home/luqseee/robot_ws/install/hoverboard_demo_bringup:/opt/ros/jazzy/opt/sdformat_vendor:/opt/ros/jazzy/opt/gz_math_vendor:/opt/ros/jazzy/opt/gz_utils_vendor:/opt/ros/jazzy/opt/gz_tools_vendor:/opt/ros/jazzy/opt/gz_cmake_vendor:/opt/ros/jazzy DEBUGINFOD_URLS=https://debuginfod.ubuntu.com /usr/bin/cmake --build /home/luqseee/robot_ws/build/hoverboard_demo_bringup -- -j4 -l4
[0.127s] Invoked command in '/home/luqseee/robot_ws/build/hoverboard_demo_bringup' returned '0': CMAKE_PREFIX_PATH=/home/luqseee/robot_ws/install/hoverboard_demo_description:/home/luqseee/robot_ws/install/sllidar_ros2:/home/luqseee/robot_ws/install/my_bot:/home/luqseee/robot_ws/install/hoverboard_ros2_control:/home/luqseee/robot_ws/install/hoverboard_hardware_interface:/home/luqseee/robot_ws/install/hoverboard_demo_bringup:/opt/ros/jazzy/opt/sdformat_vendor:/opt/ros/jazzy/opt/gz_math_vendor:/opt/ros/jazzy/opt/gz_utils_vendor:/opt/ros/jazzy/opt/gz_tools_vendor:/opt/ros/jazzy/opt/gz_cmake_vendor:/opt/ros/jazzy DEBUGINFOD_URLS=https://debuginfod.ubuntu.com /usr/bin/cmake --build /home/luqseee/robot_ws/build/hoverboard_demo_bringup -- -j4 -l4
[0.135s] Invoking command in '/home/luqseee/robot_ws/build/hoverboard_demo_bringup': CMAKE_PREFIX_PATH=/home/luqseee/robot_ws/install/hoverboard_demo_description:/home/luqseee/robot_ws/install/sllidar_ros2:/home/luqseee/robot_ws/install/my_bot:/home/luqseee/robot_ws/install/hoverboard_ros2_control:/home/luqseee/robot_ws/install/hoverboard_hardware_interface:/home/luqseee/robot_ws/install/hoverboard_demo_bringup:/opt/ros/jazzy/opt/sdformat_vendor:/opt/ros/jazzy/opt/gz_math_vendor:/opt/ros/jazzy/opt/gz_utils_vendor:/opt/ros/jazzy/opt/gz_tools_vendor:/opt/ros/jazzy/opt/gz_cmake_vendor:/opt/ros/jazzy DEBUGINFOD_URLS=https://debuginfod.ubuntu.com /usr/bin/cmake --install /home/luqseee/robot_ws/build/hoverboard_demo_bringup
[0.153s] -- Install configuration: ""
[0.157s] -- Execute custom install script
[0.163s] -- Up-to-date symlink: /home/luqseee/robot_ws/install/hoverboard_demo_bringup/share/hoverboard_demo_bringup/config/hoverboard_controllers.yaml
[0.164s] -- Up-to-date symlink: /home/luqseee/robot_ws/install/hoverboard_demo_bringup/share/hoverboard_demo_bringup/config/ps4.config.yaml
[0.167s] -- Up-to-date symlink: /home/luqseee/robot_ws/install/hoverboard_demo_bringup/share/hoverboard_demo_bringup/launch/hoverboard.launch.py
[0.168s] -- Up-to-date symlink: /home/luqseee/robot_ws/install/hoverboard_demo_bringup/share/ament_index/resource_index/package_run_dependencies/hoverboard_demo_bringup
[0.169s] -- Up-to-date symlink: /home/luqseee/robot_ws/install/hoverboard_demo_bringup/share/ament_index/resource_index/parent_prefix_path/hoverboard_demo_bringup
[0.170s] -- Up-to-date symlink: /home/luqseee/robot_ws/install/hoverboard_demo_bringup/share/hoverboard_demo_bringup/environment/ament_prefix_path.sh
[0.170s] -- Up-to-date symlink: /home/luqseee/robot_ws/install/hoverboard_demo_bringup/share/hoverboard_demo_bringup/environment/ament_prefix_path.dsv
[0.175s] -- Up-to-date symlink: /home/luqseee/robot_ws/install/hoverboard_demo_bringup/share/hoverboard_demo_bringup/environment/path.sh
[0.175s] -- Up-to-date symlink: /home/luqseee/robot_ws/install/hoverboard_demo_bringup/share/hoverboard_demo_bringup/environment/path.dsv
[0.176s] -- Up-to-date symlink: /home/luqseee/robot_ws/install/hoverboard_demo_bringup/share/hoverboard_demo_bringup/local_setup.bash
[0.177s] -- Up-to-date symlink: /home/luqseee/robot_ws/install/hoverboard_demo_bringup/share/hoverboard_demo_bringup/local_setup.sh
[0.178s] -- Up-to-date symlink: /home/luqseee/robot_ws/install/hoverboard_demo_bringup/share/hoverboard_demo_bringup/local_setup.zsh
[0.178s] -- Up-to-date symlink: /home/luqseee/robot_ws/install/hoverboard_demo_bringup/share/hoverboard_demo_bringup/local_setup.dsv
[0.178s] -- Symlinking: /home/luqseee/robot_ws/install/hoverboard_demo_bringup/share/hoverboard_demo_bringup/package.dsv
[0.202s] -- Up-to-date symlink: /home/luqseee/robot_ws/install/hoverboard_demo_bringup/share/ament_index/resource_index/packages/hoverboard_demo_bringup
[0.203s] -- Up-to-date symlink: /home/luqseee/robot_ws/install/hoverboard_demo_bringup/share/hoverboard_demo_bringup/cmake/hoverboard_demo_bringupConfig.cmake
[0.204s] -- Up-to-date symlink: /home/luqseee/robot_ws/install/hoverboard_demo_bringup/share/hoverboard_demo_bringup/cmake/hoverboard_demo_bringupConfig-version.cmake
[0.205s] -- Up-to-date symlink: /home/luqseee/robot_ws/install/hoverboard_demo_bringup/share/hoverboard_demo_bringup/package.xml
[0.210s] Invoked command in '/home/luqseee/robot_ws/build/hoverboard_demo_bringup' returned '0': CMAKE_PREFIX_PATH=/home/luqseee/robot_ws/install/hoverboard_demo_description:/home/luqseee/robot_ws/install/sllidar_ros2:/home/luqseee/robot_ws/install/my_bot:/home/luqseee/robot_ws/install/hoverboard_ros2_control:/home/luqseee/robot_ws/install/hoverboard_hardware_interface:/home/luqseee/robot_ws/install/hoverboard_demo_bringup:/opt/ros/jazzy/opt/sdformat_vendor:/opt/ros/jazzy/opt/gz_math_vendor:/opt/ros/jazzy/opt/gz_utils_vendor:/opt/ros/jazzy/opt/gz_tools_vendor:/opt/ros/jazzy/opt/gz_cmake_vendor:/opt/ros/jazzy DEBUGINFOD_URLS=https://debuginfod.ubuntu.com /usr/bin/cmake --install /home/luqseee/robot_ws/build/hoverboard_demo_bringup
