[0.027s] Invoking command in '/home/luqseee/robot_ws/build/hoverboard_ros2_control': CMAKE_PREFIX_PATH=${CMAKE_PREFIX_PATH}:/opt/ros/jazzy DEBUGINFOD_URLS=https://debuginfod.ubuntu.com /usr/bin/cmake --build /home/luqseee/robot_ws/build/hoverboard_ros2_control -- -j4 -l4
[0.135s] Invoked command in '/home/luqseee/robot_ws/build/hoverboard_ros2_control' returned '0': CMAKE_PREFIX_PATH=${CMAKE_PREFIX_PATH}:/opt/ros/jazzy DEBUGINFOD_URLS=https://debuginfod.ubuntu.com /usr/bin/cmake --build /home/luqseee/robot_ws/build/hoverboard_ros2_control -- -j4 -l4
[0.137s] Invoking command in '/home/luqseee/robot_ws/build/hoverboard_ros2_control': CMAKE_PREFIX_PATH=${CMAKE_PREFIX_PATH}:/opt/ros/jazzy DEBUGINFOD_URLS=https://debuginfod.ubuntu.com /usr/bin/cmake --install /home/luqseee/robot_ws/build/hoverboard_ros2_control
[0.162s] -- Install configuration: ""
[0.170s] -- Execute custom install script
[0.170s] -- Up-to-date symlink: /home/luqseee/robot_ws/install/hoverboard_ros2_control/share/ament_index/resource_index/package_run_dependencies/hoverboard_ros2_control
[0.172s] -- Up-to-date symlink: /home/luqseee/robot_ws/install/hoverboard_ros2_control/share/ament_index/resource_index/parent_prefix_path/hoverboard_ros2_control
[0.172s] -- Up-to-date symlink: /home/luqseee/robot_ws/install/hoverboard_ros2_control/share/hoverboard_ros2_control/environment/ament_prefix_path.sh
[0.173s] -- Up-to-date symlink: /home/luqseee/robot_ws/install/hoverboard_ros2_control/share/hoverboard_ros2_control/environment/ament_prefix_path.dsv
[0.173s] -- Up-to-date symlink: /home/luqseee/robot_ws/install/hoverboard_ros2_control/share/hoverboard_ros2_control/environment/path.sh
[0.173s] -- Up-to-date symlink: /home/luqseee/robot_ws/install/hoverboard_ros2_control/share/hoverboard_ros2_control/environment/path.dsv
[0.173s] -- Up-to-date symlink: /home/luqseee/robot_ws/install/hoverboard_ros2_control/share/hoverboard_ros2_control/local_setup.bash
[0.175s] -- Up-to-date symlink: /home/luqseee/robot_ws/install/hoverboard_ros2_control/share/hoverboard_ros2_control/local_setup.sh
[0.175s] -- Up-to-date symlink: /home/luqseee/robot_ws/install/hoverboard_ros2_control/share/hoverboard_ros2_control/local_setup.zsh
[0.175s] -- Up-to-date symlink: /home/luqseee/robot_ws/install/hoverboard_ros2_control/share/hoverboard_ros2_control/local_setup.dsv
[0.175s] -- Symlinking: /home/luqseee/robot_ws/install/hoverboard_ros2_control/share/hoverboard_ros2_control/package.dsv
[0.200s] -- Up-to-date symlink: /home/luqseee/robot_ws/install/hoverboard_ros2_control/share/ament_index/resource_index/packages/hoverboard_ros2_control
[0.201s] -- Up-to-date symlink: /home/luqseee/robot_ws/install/hoverboard_ros2_control/share/hoverboard_ros2_control/cmake/hoverboard_ros2_controlConfig.cmake
[0.202s] -- Up-to-date symlink: /home/luqseee/robot_ws/install/hoverboard_ros2_control/share/hoverboard_ros2_control/cmake/hoverboard_ros2_controlConfig-version.cmake
[0.202s] -- Up-to-date symlink: /home/luqseee/robot_ws/install/hoverboard_ros2_control/share/hoverboard_ros2_control/package.xml
[0.253s] Invoked command in '/home/luqseee/robot_ws/build/hoverboard_ros2_control' returned '0': CMAKE_PREFIX_PATH=${CMAKE_PREFIX_PATH}:/opt/ros/jazzy DEBUGINFOD_URLS=https://debuginfod.ubuntu.com /usr/bin/cmake --install /home/luqseee/robot_ws/build/hoverboard_ros2_control
