[0.022s] Invoking command in '/home/luqseee/robot_ws/build/hoverboard_ros2_control': CMAKE_PREFIX_PATH=${CMAKE_PREFIX_PATH}:/opt/ros/jazzy DEBUGINFOD_URLS=https://debuginfod.ubuntu.com /usr/bin/cmake /home/luqseee/robot_ws/src/hoverboard_ros2_control/hoverboard_ros2_control -DCMAKE_INSTALL_PREFIX=/home/luqseee/robot_ws/install/hoverboard_ros2_control
[0.192s] -- The C compiler identification is GNU 13.3.0
[0.361s] -- The CXX compiler identification is GNU 13.3.0
[0.396s] -- Detecting C compiler ABI info
[0.622s] -- Detecting C compiler ABI info - done
[0.639s] -- Check for working C compiler: /usr/bin/cc - skipped
[0.640s] -- Detecting C compile features
[0.641s] -- Detecting C compile features - done
[0.661s] -- Detecting CXX compiler ABI info
[0.925s] -- Detecting CXX compiler ABI info - done
[0.946s] -- Check for working CXX compiler: /usr/bin/c++ - skipped
[0.946s] -- Detecting CXX compile features
[0.946s] -- Detecting CXX compile features - done
[0.949s] -- Found ament_cmake_auto: 2.5.6 (/opt/ros/jazzy/share/ament_cmake_auto/cmake)
[1.331s] -- Found Python3: /usr/bin/python3 (found version "3.12.3") found components: Interpreter 
[1.610s] -- Found ament_lint_auto: 0.17.5 (/opt/ros/jazzy/share/ament_lint_auto/cmake)
[1.914s] -- Added test 'lint_cmake' to check CMake code style
[1.915s] -- Added test 'xmllint' to check XML markup files
[1.918s] -- Configuring done (1.9s)
[1.923s] -- Generating done (0.0s)
[1.925s] -- Build files have been written to: /home/luqseee/robot_ws/build/hoverboard_ros2_control
[1.943s] Invoked command in '/home/luqseee/robot_ws/build/hoverboard_ros2_control' returned '0': CMAKE_PREFIX_PATH=${CMAKE_PREFIX_PATH}:/opt/ros/jazzy DEBUGINFOD_URLS=https://debuginfod.ubuntu.com /usr/bin/cmake /home/luqseee/robot_ws/src/hoverboard_ros2_control/hoverboard_ros2_control -DCMAKE_INSTALL_PREFIX=/home/luqseee/robot_ws/install/hoverboard_ros2_control
[1.944s] Invoking command in '/home/luqseee/robot_ws/build/hoverboard_ros2_control': CMAKE_PREFIX_PATH=${CMAKE_PREFIX_PATH}:/opt/ros/jazzy DEBUGINFOD_URLS=https://debuginfod.ubuntu.com /usr/bin/cmake --build /home/luqseee/robot_ws/build/hoverboard_ros2_control -- -j4 -l4
[2.049s] Invoked command in '/home/luqseee/robot_ws/build/hoverboard_ros2_control' returned '0': CMAKE_PREFIX_PATH=${CMAKE_PREFIX_PATH}:/opt/ros/jazzy DEBUGINFOD_URLS=https://debuginfod.ubuntu.com /usr/bin/cmake --build /home/luqseee/robot_ws/build/hoverboard_ros2_control -- -j4 -l4
[2.049s] Invoking command in '/home/luqseee/robot_ws/build/hoverboard_ros2_control': CMAKE_PREFIX_PATH=${CMAKE_PREFIX_PATH}:/opt/ros/jazzy DEBUGINFOD_URLS=https://debuginfod.ubuntu.com /usr/bin/cmake --install /home/luqseee/robot_ws/build/hoverboard_ros2_control
[2.062s] -- Install configuration: ""
[2.064s] -- Installing: /home/luqseee/robot_ws/install/hoverboard_ros2_control/share/ament_index/resource_index/package_run_dependencies/hoverboard_ros2_control
[2.064s] -- Installing: /home/luqseee/robot_ws/install/hoverboard_ros2_control/share/ament_index/resource_index/parent_prefix_path/hoverboard_ros2_control
[2.065s] -- Installing: /home/luqseee/robot_ws/install/hoverboard_ros2_control/share/hoverboard_ros2_control/environment/ament_prefix_path.sh
[2.065s] -- Installing: /home/luqseee/robot_ws/install/hoverboard_ros2_control/share/hoverboard_ros2_control/environment/ament_prefix_path.dsv
[2.065s] -- Installing: /home/luqseee/robot_ws/install/hoverboard_ros2_control/share/hoverboard_ros2_control/environment/path.sh
[2.065s] -- Installing: /home/luqseee/robot_ws/install/hoverboard_ros2_control/share/hoverboard_ros2_control/environment/path.dsv
[2.065s] -- Installing: /home/luqseee/robot_ws/install/hoverboard_ros2_control/share/hoverboard_ros2_control/local_setup.bash
[2.066s] -- Installing: /home/luqseee/robot_ws/install/hoverboard_ros2_control/share/hoverboard_ros2_control/local_setup.sh
[2.066s] -- Installing: /home/luqseee/robot_ws/install/hoverboard_ros2_control/share/hoverboard_ros2_control/local_setup.zsh
[2.067s] -- Installing: /home/luqseee/robot_ws/install/hoverboard_ros2_control/share/hoverboard_ros2_control/local_setup.dsv
[2.068s] -- Installing: /home/luqseee/robot_ws/install/hoverboard_ros2_control/share/hoverboard_ros2_control/package.dsv
[2.068s] -- Installing: /home/luqseee/robot_ws/install/hoverboard_ros2_control/share/ament_index/resource_index/packages/hoverboard_ros2_control
[2.068s] -- Installing: /home/luqseee/robot_ws/install/hoverboard_ros2_control/share/hoverboard_ros2_control/cmake/hoverboard_ros2_controlConfig.cmake
[2.068s] -- Installing: /home/luqseee/robot_ws/install/hoverboard_ros2_control/share/hoverboard_ros2_control/cmake/hoverboard_ros2_controlConfig-version.cmake
[2.068s] -- Installing: /home/luqseee/robot_ws/install/hoverboard_ros2_control/share/hoverboard_ros2_control/package.xml
[2.074s] Invoked command in '/home/luqseee/robot_ws/build/hoverboard_ros2_control' returned '0': CMAKE_PREFIX_PATH=${CMAKE_PREFIX_PATH}:/opt/ros/jazzy DEBUGINFOD_URLS=https://debuginfod.ubuntu.com /usr/bin/cmake --install /home/luqseee/robot_ws/build/hoverboard_ros2_control
