[0.031s] Invoking command in '/home/luqseee/robot_ws/build/hoverboard_hardware_interface': CMAKE_PREFIX_PATH=${CMAKE_PREFIX_PATH}:/opt/ros/jazzy DEBUGINFOD_URLS=https://debuginfod.ubuntu.com /usr/bin/cmake --build /home/luqseee/robot_ws/build/hoverboard_hardware_interface -- -j4 -l4
[0.201s] [ 50%] Built target serial_port_service
[0.284s] [100%] Built target hoverboard_hardware_interface
[0.336s] Invoked command in '/home/luqseee/robot_ws/build/hoverboard_hardware_interface' returned '0': CMAKE_PREFIX_PATH=${CMAKE_PREFIX_PATH}:/opt/ros/jazzy DEBUGINFOD_URLS=https://debuginfod.ubuntu.com /usr/bin/cmake --build /home/luqseee/robot_ws/build/hoverboard_hardware_interface -- -j4 -l4
[0.340s] Invoking command in '/home/luqseee/robot_ws/build/hoverboard_hardware_interface': CMAKE_PREFIX_PATH=${CMAKE_PREFIX_PATH}:/opt/ros/jazzy DEBUGINFOD_URLS=https://debuginfod.ubuntu.com /usr/bin/cmake --install /home/luqseee/robot_ws/build/hoverboard_hardware_interface
[0.356s] -- Install configuration: ""
[0.360s] -- Execute custom install script
[0.360s] -- Up-to-date symlink: /home/luqseee/robot_ws/install/hoverboard_hardware_interface/share/hoverboard_hardware_interface//hoverboard_hardware_interface.xml
[0.360s] -- Up-to-date symlink: /home/luqseee/robot_ws/install/hoverboard_hardware_interface/include/hoverboard_hardware_interface/hoverboard_hardware_interface.hpp
[0.361s] -- Up-to-date symlink: /home/luqseee/robot_ws/install/hoverboard_hardware_interface/include/hoverboard_hardware_interface/motor_wheel.hpp
[0.361s] -- Up-to-date symlink: /home/luqseee/robot_ws/install/hoverboard_hardware_interface/include/hoverboard_hardware_interface/serial_port_protocol.hpp
[0.362s] -- Up-to-date symlink: /home/luqseee/robot_ws/install/hoverboard_hardware_interface/include/hoverboard_hardware_interface/serial_port_service.hpp
[0.362s] -- Up-to-date symlink: /home/luqseee/robot_ws/install/hoverboard_hardware_interface/share/hoverboard_hardware_interface/environment/library_path.sh
[0.363s] -- Up-to-date symlink: /home/luqseee/robot_ws/install/hoverboard_hardware_interface/share/hoverboard_hardware_interface/environment/library_path.dsv
[0.363s] -- Up-to-date symlink: /home/luqseee/robot_ws/install/hoverboard_hardware_interface/lib/libserial_port_service.so
[0.363s] -- Up-to-date symlink: /home/luqseee/robot_ws/install/hoverboard_hardware_interface/lib/libhoverboard_hardware_interface.so
[0.365s] -- Up-to-date symlink: /home/luqseee/robot_ws/install/hoverboard_hardware_interface/share/ament_index/resource_index/package_run_dependencies/hoverboard_hardware_interface
[0.365s] -- Up-to-date symlink: /home/luqseee/robot_ws/install/hoverboard_hardware_interface/share/ament_index/resource_index/parent_prefix_path/hoverboard_hardware_interface
[0.366s] -- Up-to-date symlink: /home/luqseee/robot_ws/install/hoverboard_hardware_interface/share/hoverboard_hardware_interface/environment/ament_prefix_path.sh
[0.366s] -- Up-to-date symlink: /home/luqseee/robot_ws/install/hoverboard_hardware_interface/share/hoverboard_hardware_interface/environment/ament_prefix_path.dsv
[0.367s] -- Up-to-date symlink: /home/luqseee/robot_ws/install/hoverboard_hardware_interface/share/hoverboard_hardware_interface/environment/path.sh
[0.367s] -- Up-to-date symlink: /home/luqseee/robot_ws/install/hoverboard_hardware_interface/share/hoverboard_hardware_interface/environment/path.dsv
[0.368s] -- Up-to-date symlink: /home/luqseee/robot_ws/install/hoverboard_hardware_interface/share/hoverboard_hardware_interface/local_setup.bash
[0.369s] -- Up-to-date symlink: /home/luqseee/robot_ws/install/hoverboard_hardware_interface/share/hoverboard_hardware_interface/local_setup.sh
[0.371s] -- Up-to-date symlink: /home/luqseee/robot_ws/install/hoverboard_hardware_interface/share/hoverboard_hardware_interface/local_setup.zsh
[0.371s] -- Up-to-date symlink: /home/luqseee/robot_ws/install/hoverboard_hardware_interface/share/hoverboard_hardware_interface/local_setup.dsv
[0.372s] -- Symlinking: /home/luqseee/robot_ws/install/hoverboard_hardware_interface/share/hoverboard_hardware_interface/package.dsv
[0.388s] -- Up-to-date symlink: /home/luqseee/robot_ws/install/hoverboard_hardware_interface/share/ament_index/resource_index/packages/hoverboard_hardware_interface
[0.389s] -- Up-to-date symlink: /home/luqseee/robot_ws/install/hoverboard_hardware_interface/share/ament_index/resource_index/hardware_interface__pluginlib__plugin/hoverboard_hardware_interface
[0.390s] -- Up-to-date symlink: /home/luqseee/robot_ws/install/hoverboard_hardware_interface/share/hoverboard_hardware_interface/cmake/ament_cmake_export_dependencies-extras.cmake
[0.391s] -- Up-to-date symlink: /home/luqseee/robot_ws/install/hoverboard_hardware_interface/share/hoverboard_hardware_interface/cmake/ament_cmake_export_include_directories-extras.cmake
[0.391s] -- Up-to-date symlink: /home/luqseee/robot_ws/install/hoverboard_hardware_interface/share/hoverboard_hardware_interface/cmake/ament_cmake_export_libraries-extras.cmake
[0.393s] -- Up-to-date symlink: /home/luqseee/robot_ws/install/hoverboard_hardware_interface/share/hoverboard_hardware_interface/cmake/hoverboard_hardware_interfaceConfig.cmake
[0.395s] -- Up-to-date symlink: /home/luqseee/robot_ws/install/hoverboard_hardware_interface/share/hoverboard_hardware_interface/cmake/hoverboard_hardware_interfaceConfig-version.cmake
[0.395s] -- Up-to-date symlink: /home/luqseee/robot_ws/install/hoverboard_hardware_interface/share/hoverboard_hardware_interface/package.xml
[0.400s] Invoked command in '/home/luqseee/robot_ws/build/hoverboard_hardware_interface' returned '0': CMAKE_PREFIX_PATH=${CMAKE_PREFIX_PATH}:/opt/ros/jazzy DEBUGINFOD_URLS=https://debuginfod.ubuntu.com /usr/bin/cmake --install /home/luqseee/robot_ws/build/hoverboard_hardware_interface
