[0.016s] Invoking command in '/home/luqseee/robot_ws/build/hoverboard_demo_bringup': AMENT_PREFIX_PATH=/home/luqseee/robot_ws/install/hoverboard_demo_description:${AMENT_PREFIX_PATH} CMAKE_PREFIX_PATH=/home/luqseee/robot_ws/install/hoverboard_demo_description:/home/luqseee/robot_ws/install/sllidar_ros2:/home/luqseee/robot_ws/install/my_bot:/home/luqseee/robot_ws/install/camera_ros:/opt/ros/jazzy/opt/sdformat_vendor:/opt/ros/jazzy/opt/gz_math_vendor:/opt/ros/jazzy/opt/gz_utils_vendor:/opt/ros/jazzy/opt/gz_tools_vendor:/opt/ros/jazzy/opt/gz_cmake_vendor:/opt/ros/jazzy DEBUGINFOD_URLS=https://debuginfod.ubuntu.com /usr/bin/cmake /home/luqseee/robot_ws/src/hoverboard_ros2_control/hoverboard_demo_bringup -DAMENT_CMAKE_SYMLINK_INSTALL=1 -DCMAKE_INSTALL_PREFIX=/home/luqseee/robot_ws/install/hoverboard_demo_bringup
[0.115s] -- The C compiler identification is GNU 13.3.0
[0.214s] -- The CXX compiler identification is GNU 13.3.0
[0.241s] -- Detecting C compiler ABI info
[0.397s] -- Detecting C compiler ABI info - done
[0.412s] -- Check for working C compiler: /usr/bin/cc - skipped
[0.412s] -- Detecting C compile features
[0.413s] -- Detecting C compile features - done
[0.427s] -- Detecting CXX compiler ABI info
[0.601s] -- Detecting CXX compiler ABI info - done
[0.616s] -- Check for working CXX compiler: /usr/bin/c++ - skipped
[0.616s] -- Detecting CXX compile features
[0.617s] -- Detecting CXX compile features - done
[0.621s] -- Found ament_cmake_auto: 2.5.6 (/opt/ros/jazzy/share/ament_cmake_auto/cmake)
[0.855s] -- Found Python3: /usr/bin/python3 (found version "3.12.3") found components: Interpreter 
[0.989s] -- Override CMake install command with custom implementation using symlinks instead of copying resources
[1.043s] -- Found ament_lint_auto: 0.17.5 (/opt/ros/jazzy/share/ament_lint_auto/cmake)
[1.245s] -- Added test 'flake8' to check Python code syntax and style conventions
[1.245s] -- Configured 'flake8' exclude dirs and/or files: 
[1.246s] -- Added test 'lint_cmake' to check CMake code style
[1.248s] -- Added test 'pep257' to check Python code against some of the docstring style conventions in PEP 257
[1.250s] -- Added test 'xmllint' to check XML markup files
[1.252s] -- Configuring done (1.2s)
[1.257s] -- Generating done (0.0s)
[1.260s] -- Build files have been written to: /home/luqseee/robot_ws/build/hoverboard_demo_bringup
[1.268s] Invoked command in '/home/luqseee/robot_ws/build/hoverboard_demo_bringup' returned '0': AMENT_PREFIX_PATH=/home/luqseee/robot_ws/install/hoverboard_demo_description:${AMENT_PREFIX_PATH} CMAKE_PREFIX_PATH=/home/luqseee/robot_ws/install/hoverboard_demo_description:/home/luqseee/robot_ws/install/sllidar_ros2:/home/luqseee/robot_ws/install/my_bot:/home/luqseee/robot_ws/install/camera_ros:/opt/ros/jazzy/opt/sdformat_vendor:/opt/ros/jazzy/opt/gz_math_vendor:/opt/ros/jazzy/opt/gz_utils_vendor:/opt/ros/jazzy/opt/gz_tools_vendor:/opt/ros/jazzy/opt/gz_cmake_vendor:/opt/ros/jazzy DEBUGINFOD_URLS=https://debuginfod.ubuntu.com /usr/bin/cmake /home/luqseee/robot_ws/src/hoverboard_ros2_control/hoverboard_demo_bringup -DAMENT_CMAKE_SYMLINK_INSTALL=1 -DCMAKE_INSTALL_PREFIX=/home/luqseee/robot_ws/install/hoverboard_demo_bringup
[1.270s] Invoking command in '/home/luqseee/robot_ws/build/hoverboard_demo_bringup': AMENT_PREFIX_PATH=/home/luqseee/robot_ws/install/hoverboard_demo_description:${AMENT_PREFIX_PATH} CMAKE_PREFIX_PATH=/home/luqseee/robot_ws/install/hoverboard_demo_description:/home/luqseee/robot_ws/install/sllidar_ros2:/home/luqseee/robot_ws/install/my_bot:/home/luqseee/robot_ws/install/camera_ros:/opt/ros/jazzy/opt/sdformat_vendor:/opt/ros/jazzy/opt/gz_math_vendor:/opt/ros/jazzy/opt/gz_utils_vendor:/opt/ros/jazzy/opt/gz_tools_vendor:/opt/ros/jazzy/opt/gz_cmake_vendor:/opt/ros/jazzy DEBUGINFOD_URLS=https://debuginfod.ubuntu.com /usr/bin/cmake --build /home/luqseee/robot_ws/build/hoverboard_demo_bringup -- -j4 -l4
[1.339s] Invoked command in '/home/luqseee/robot_ws/build/hoverboard_demo_bringup' returned '0': AMENT_PREFIX_PATH=/home/luqseee/robot_ws/install/hoverboard_demo_description:${AMENT_PREFIX_PATH} CMAKE_PREFIX_PATH=/home/luqseee/robot_ws/install/hoverboard_demo_description:/home/luqseee/robot_ws/install/sllidar_ros2:/home/luqseee/robot_ws/install/my_bot:/home/luqseee/robot_ws/install/camera_ros:/opt/ros/jazzy/opt/sdformat_vendor:/opt/ros/jazzy/opt/gz_math_vendor:/opt/ros/jazzy/opt/gz_utils_vendor:/opt/ros/jazzy/opt/gz_tools_vendor:/opt/ros/jazzy/opt/gz_cmake_vendor:/opt/ros/jazzy DEBUGINFOD_URLS=https://debuginfod.ubuntu.com /usr/bin/cmake --build /home/luqseee/robot_ws/build/hoverboard_demo_bringup -- -j4 -l4
[1.341s] Invoking command in '/home/luqseee/robot_ws/build/hoverboard_demo_bringup': AMENT_PREFIX_PATH=/home/luqseee/robot_ws/install/hoverboard_demo_description:${AMENT_PREFIX_PATH} CMAKE_PREFIX_PATH=/home/luqseee/robot_ws/install/hoverboard_demo_description:/home/luqseee/robot_ws/install/sllidar_ros2:/home/luqseee/robot_ws/install/my_bot:/home/luqseee/robot_ws/install/camera_ros:/opt/ros/jazzy/opt/sdformat_vendor:/opt/ros/jazzy/opt/gz_math_vendor:/opt/ros/jazzy/opt/gz_utils_vendor:/opt/ros/jazzy/opt/gz_tools_vendor:/opt/ros/jazzy/opt/gz_cmake_vendor:/opt/ros/jazzy DEBUGINFOD_URLS=https://debuginfod.ubuntu.com /usr/bin/cmake --install /home/luqseee/robot_ws/build/hoverboard_demo_bringup
[1.354s] -- Install configuration: ""
[1.355s] -- Execute custom install script
[1.356s] -- Symlinking: /home/luqseee/robot_ws/install/hoverboard_demo_bringup/share/hoverboard_demo_bringup/config/hoverboard_controllers.yaml
[1.373s] -- Symlinking: /home/luqseee/robot_ws/install/hoverboard_demo_bringup/share/hoverboard_demo_bringup/config/ps4.config.yaml
[1.390s] -- Symlinking: /home/luqseee/robot_ws/install/hoverboard_demo_bringup/share/hoverboard_demo_bringup/launch/hoverboard.launch.py
[1.407s] -- Symlinking: /home/luqseee/robot_ws/install/hoverboard_demo_bringup/share/ament_index/resource_index/package_run_dependencies/hoverboard_demo_bringup
[1.424s] -- Symlinking: /home/luqseee/robot_ws/install/hoverboard_demo_bringup/share/ament_index/resource_index/parent_prefix_path/hoverboard_demo_bringup
[1.442s] -- Symlinking: /home/luqseee/robot_ws/install/hoverboard_demo_bringup/share/hoverboard_demo_bringup/environment/ament_prefix_path.sh
[1.459s] -- Symlinking: /home/luqseee/robot_ws/install/hoverboard_demo_bringup/share/hoverboard_demo_bringup/environment/ament_prefix_path.dsv
[1.476s] -- Symlinking: /home/luqseee/robot_ws/install/hoverboard_demo_bringup/share/hoverboard_demo_bringup/environment/path.sh
[1.492s] -- Symlinking: /home/luqseee/robot_ws/install/hoverboard_demo_bringup/share/hoverboard_demo_bringup/environment/path.dsv
[1.510s] -- Symlinking: /home/luqseee/robot_ws/install/hoverboard_demo_bringup/share/hoverboard_demo_bringup/local_setup.bash
[1.527s] -- Symlinking: /home/luqseee/robot_ws/install/hoverboard_demo_bringup/share/hoverboard_demo_bringup/local_setup.sh
[1.544s] -- Symlinking: /home/luqseee/robot_ws/install/hoverboard_demo_bringup/share/hoverboard_demo_bringup/local_setup.zsh
[1.561s] -- Symlinking: /home/luqseee/robot_ws/install/hoverboard_demo_bringup/share/hoverboard_demo_bringup/local_setup.dsv
[1.578s] -- Symlinking: /home/luqseee/robot_ws/install/hoverboard_demo_bringup/share/hoverboard_demo_bringup/package.dsv
[1.595s] -- Symlinking: /home/luqseee/robot_ws/install/hoverboard_demo_bringup/share/ament_index/resource_index/packages/hoverboard_demo_bringup
[1.612s] -- Symlinking: /home/luqseee/robot_ws/install/hoverboard_demo_bringup/share/hoverboard_demo_bringup/cmake/hoverboard_demo_bringupConfig.cmake
[1.629s] -- Symlinking: /home/luqseee/robot_ws/install/hoverboard_demo_bringup/share/hoverboard_demo_bringup/cmake/hoverboard_demo_bringupConfig-version.cmake
[1.646s] -- Symlinking: /home/luqseee/robot_ws/install/hoverboard_demo_bringup/share/hoverboard_demo_bringup/package.xml
[1.666s] Invoked command in '/home/luqseee/robot_ws/build/hoverboard_demo_bringup' returned '0': AMENT_PREFIX_PATH=/home/luqseee/robot_ws/install/hoverboard_demo_description:${AMENT_PREFIX_PATH} CMAKE_PREFIX_PATH=/home/luqseee/robot_ws/install/hoverboard_demo_description:/home/luqseee/robot_ws/install/sllidar_ros2:/home/luqseee/robot_ws/install/my_bot:/home/luqseee/robot_ws/install/camera_ros:/opt/ros/jazzy/opt/sdformat_vendor:/opt/ros/jazzy/opt/gz_math_vendor:/opt/ros/jazzy/opt/gz_utils_vendor:/opt/ros/jazzy/opt/gz_tools_vendor:/opt/ros/jazzy/opt/gz_cmake_vendor:/opt/ros/jazzy DEBUGINFOD_URLS=https://debuginfod.ubuntu.com /usr/bin/cmake --install /home/luqseee/robot_ws/build/hoverboard_demo_bringup
