[0.014s] Invoking command in '/home/luqseee/robot_ws/build/hoverboard_demo_bringup': CMAKE_PREFIX_PATH=/home/luqseee/robot_ws/install/hoverboard_demo_description:/home/luqseee/robot_ws/src/my_bot/install/my_bot:/home/luqseee/robot_ws/install/hoverboard_ros2_control:/home/luqseee/robot_ws/install/hoverboard_hardware_interface:/home/luqseee/robot_ws/install/hoverboard_demo_bringup:/home/luqseee/robot_ws/install/sllidar_ros2:/home/luqseee/robot_ws/install/my_bot:/home/luqseee/robot_ws/install/camera_ros:/opt/ros/jazzy/opt/sdformat_vendor:/opt/ros/jazzy/opt/gz_math_vendor:/opt/ros/jazzy/opt/gz_utils_vendor:/opt/ros/jazzy/opt/gz_tools_vendor:/opt/ros/jazzy/opt/gz_cmake_vendor:/opt/ros/jazzy DEBUGINFOD_URLS=https://debuginfod.ubuntu.com /usr/bin/cmake /home/luqseee/robot_ws/src/hoverboard_ros2_control/hoverboard_demo_bringup -DCMAKE_INSTALL_PREFIX=/home/luqseee/robot_ws/install/hoverboard_demo_bringup
[0.132s] -- The C compiler identification is GNU 13.3.0
[0.258s] -- The CXX compiler identification is GNU 13.3.0
[0.286s] -- Detecting C compiler ABI info
[0.466s] -- Detecting C compiler ABI info - done
[0.484s] -- Check for working C compiler: /usr/bin/cc - skipped
[0.484s] -- Detecting C compile features
[0.484s] -- Detecting C compile features - done
[0.499s] -- Detecting CXX compiler ABI info
[0.703s] -- Detecting CXX compiler ABI info - done
[0.718s] -- Check for working CXX compiler: /usr/bin/c++ - skipped
[0.718s] -- Detecting CXX compile features
[0.719s] -- Detecting CXX compile features - done
[0.723s] -- Found ament_cmake_auto: 2.5.6 (/opt/ros/jazzy/share/ament_cmake_auto/cmake)
[1.016s] -- Found Python3: /usr/bin/python3 (found version "3.12.3") found components: Interpreter 
[1.241s] -- Found ament_lint_auto: 0.17.5 (/opt/ros/jazzy/share/ament_lint_auto/cmake)
[1.457s] -- Added test 'flake8' to check Python code syntax and style conventions
[1.457s] -- Configured 'flake8' exclude dirs and/or files: 
[1.458s] -- Added test 'lint_cmake' to check CMake code style
[1.459s] -- Added test 'pep257' to check Python code against some of the docstring style conventions in PEP 257
[1.461s] -- Added test 'xmllint' to check XML markup files
[1.463s] -- Configuring done (1.4s)
[1.468s] -- Generating done (0.0s)
[1.471s] -- Build files have been written to: /home/luqseee/robot_ws/build/hoverboard_demo_bringup
[1.482s] Invoked command in '/home/luqseee/robot_ws/build/hoverboard_demo_bringup' returned '0': CMAKE_PREFIX_PATH=/home/luqseee/robot_ws/install/hoverboard_demo_description:/home/luqseee/robot_ws/src/my_bot/install/my_bot:/home/luqseee/robot_ws/install/hoverboard_ros2_control:/home/luqseee/robot_ws/install/hoverboard_hardware_interface:/home/luqseee/robot_ws/install/hoverboard_demo_bringup:/home/luqseee/robot_ws/install/sllidar_ros2:/home/luqseee/robot_ws/install/my_bot:/home/luqseee/robot_ws/install/camera_ros:/opt/ros/jazzy/opt/sdformat_vendor:/opt/ros/jazzy/opt/gz_math_vendor:/opt/ros/jazzy/opt/gz_utils_vendor:/opt/ros/jazzy/opt/gz_tools_vendor:/opt/ros/jazzy/opt/gz_cmake_vendor:/opt/ros/jazzy DEBUGINFOD_URLS=https://debuginfod.ubuntu.com /usr/bin/cmake /home/luqseee/robot_ws/src/hoverboard_ros2_control/hoverboard_demo_bringup -DCMAKE_INSTALL_PREFIX=/home/luqseee/robot_ws/install/hoverboard_demo_bringup
[1.483s] Invoking command in '/home/luqseee/robot_ws/build/hoverboard_demo_bringup': CMAKE_PREFIX_PATH=/home/luqseee/robot_ws/install/hoverboard_demo_description:/home/luqseee/robot_ws/src/my_bot/install/my_bot:/home/luqseee/robot_ws/install/hoverboard_ros2_control:/home/luqseee/robot_ws/install/hoverboard_hardware_interface:/home/luqseee/robot_ws/install/hoverboard_demo_bringup:/home/luqseee/robot_ws/install/sllidar_ros2:/home/luqseee/robot_ws/install/my_bot:/home/luqseee/robot_ws/install/camera_ros:/opt/ros/jazzy/opt/sdformat_vendor:/opt/ros/jazzy/opt/gz_math_vendor:/opt/ros/jazzy/opt/gz_utils_vendor:/opt/ros/jazzy/opt/gz_tools_vendor:/opt/ros/jazzy/opt/gz_cmake_vendor:/opt/ros/jazzy DEBUGINFOD_URLS=https://debuginfod.ubuntu.com /usr/bin/cmake --build /home/luqseee/robot_ws/build/hoverboard_demo_bringup -- -j4 -l4
[1.555s] Invoked command in '/home/luqseee/robot_ws/build/hoverboard_demo_bringup' returned '0': CMAKE_PREFIX_PATH=/home/luqseee/robot_ws/install/hoverboard_demo_description:/home/luqseee/robot_ws/src/my_bot/install/my_bot:/home/luqseee/robot_ws/install/hoverboard_ros2_control:/home/luqseee/robot_ws/install/hoverboard_hardware_interface:/home/luqseee/robot_ws/install/hoverboard_demo_bringup:/home/luqseee/robot_ws/install/sllidar_ros2:/home/luqseee/robot_ws/install/my_bot:/home/luqseee/robot_ws/install/camera_ros:/opt/ros/jazzy/opt/sdformat_vendor:/opt/ros/jazzy/opt/gz_math_vendor:/opt/ros/jazzy/opt/gz_utils_vendor:/opt/ros/jazzy/opt/gz_tools_vendor:/opt/ros/jazzy/opt/gz_cmake_vendor:/opt/ros/jazzy DEBUGINFOD_URLS=https://debuginfod.ubuntu.com /usr/bin/cmake --build /home/luqseee/robot_ws/build/hoverboard_demo_bringup -- -j4 -l4
[1.556s] Invoking command in '/home/luqseee/robot_ws/build/hoverboard_demo_bringup': CMAKE_PREFIX_PATH=/home/luqseee/robot_ws/install/hoverboard_demo_description:/home/luqseee/robot_ws/src/my_bot/install/my_bot:/home/luqseee/robot_ws/install/hoverboard_ros2_control:/home/luqseee/robot_ws/install/hoverboard_hardware_interface:/home/luqseee/robot_ws/install/hoverboard_demo_bringup:/home/luqseee/robot_ws/install/sllidar_ros2:/home/luqseee/robot_ws/install/my_bot:/home/luqseee/robot_ws/install/camera_ros:/opt/ros/jazzy/opt/sdformat_vendor:/opt/ros/jazzy/opt/gz_math_vendor:/opt/ros/jazzy/opt/gz_utils_vendor:/opt/ros/jazzy/opt/gz_tools_vendor:/opt/ros/jazzy/opt/gz_cmake_vendor:/opt/ros/jazzy DEBUGINFOD_URLS=https://debuginfod.ubuntu.com /usr/bin/cmake --install /home/luqseee/robot_ws/build/hoverboard_demo_bringup
[1.570s] -- Install configuration: ""
[1.571s] -- Installing: /home/luqseee/robot_ws/install/hoverboard_demo_bringup/share/hoverboard_demo_bringup/config
[1.571s] -- Installing: /home/luqseee/robot_ws/install/hoverboard_demo_bringup/share/hoverboard_demo_bringup/config/hoverboard_controllers.yaml
[1.571s] -- Installing: /home/luqseee/robot_ws/install/hoverboard_demo_bringup/share/hoverboard_demo_bringup/config/ps4.config.yaml
[1.571s] -- Installing: /home/luqseee/robot_ws/install/hoverboard_demo_bringup/share/hoverboard_demo_bringup/launch
[1.571s] -- Installing: /home/luqseee/robot_ws/install/hoverboard_demo_bringup/share/hoverboard_demo_bringup/launch/hoverboard.launch.py
[1.571s] -- Installing: /home/luqseee/robot_ws/install/hoverboard_demo_bringup/share/ament_index/resource_index/package_run_dependencies/hoverboard_demo_bringup
[1.572s] -- Installing: /home/luqseee/robot_ws/install/hoverboard_demo_bringup/share/ament_index/resource_index/parent_prefix_path/hoverboard_demo_bringup
[1.572s] -- Installing: /home/luqseee/robot_ws/install/hoverboard_demo_bringup/share/hoverboard_demo_bringup/environment/ament_prefix_path.sh
[1.572s] -- Installing: /home/luqseee/robot_ws/install/hoverboard_demo_bringup/share/hoverboard_demo_bringup/environment/ament_prefix_path.dsv
[1.573s] -- Installing: /home/luqseee/robot_ws/install/hoverboard_demo_bringup/share/hoverboard_demo_bringup/environment/path.sh
[1.573s] -- Installing: /home/luqseee/robot_ws/install/hoverboard_demo_bringup/share/hoverboard_demo_bringup/environment/path.dsv
[1.573s] -- Installing: /home/luqseee/robot_ws/install/hoverboard_demo_bringup/share/hoverboard_demo_bringup/local_setup.bash
[1.573s] -- Installing: /home/luqseee/robot_ws/install/hoverboard_demo_bringup/share/hoverboard_demo_bringup/local_setup.sh
[1.573s] -- Installing: /home/luqseee/robot_ws/install/hoverboard_demo_bringup/share/hoverboard_demo_bringup/local_setup.zsh
[1.574s] -- Installing: /home/luqseee/robot_ws/install/hoverboard_demo_bringup/share/hoverboard_demo_bringup/local_setup.dsv
[1.574s] -- Installing: /home/luqseee/robot_ws/install/hoverboard_demo_bringup/share/hoverboard_demo_bringup/package.dsv
[1.574s] -- Installing: /home/luqseee/robot_ws/install/hoverboard_demo_bringup/share/ament_index/resource_index/packages/hoverboard_demo_bringup
[1.574s] -- Installing: /home/luqseee/robot_ws/install/hoverboard_demo_bringup/share/hoverboard_demo_bringup/cmake/hoverboard_demo_bringupConfig.cmake
[1.575s] -- Installing: /home/luqseee/robot_ws/install/hoverboard_demo_bringup/share/hoverboard_demo_bringup/cmake/hoverboard_demo_bringupConfig-version.cmake
[1.575s] -- Installing: /home/luqseee/robot_ws/install/hoverboard_demo_bringup/share/hoverboard_demo_bringup/package.xml
[1.579s] Invoked command in '/home/luqseee/robot_ws/build/hoverboard_demo_bringup' returned '0': CMAKE_PREFIX_PATH=/home/luqseee/robot_ws/install/hoverboard_demo_description:/home/luqseee/robot_ws/src/my_bot/install/my_bot:/home/luqseee/robot_ws/install/hoverboard_ros2_control:/home/luqseee/robot_ws/install/hoverboard_hardware_interface:/home/luqseee/robot_ws/install/hoverboard_demo_bringup:/home/luqseee/robot_ws/install/sllidar_ros2:/home/luqseee/robot_ws/install/my_bot:/home/luqseee/robot_ws/install/camera_ros:/opt/ros/jazzy/opt/sdformat_vendor:/opt/ros/jazzy/opt/gz_math_vendor:/opt/ros/jazzy/opt/gz_utils_vendor:/opt/ros/jazzy/opt/gz_tools_vendor:/opt/ros/jazzy/opt/gz_cmake_vendor:/opt/ros/jazzy DEBUGINFOD_URLS=https://debuginfod.ubuntu.com /usr/bin/cmake --install /home/luqseee/robot_ws/build/hoverboard_demo_bringup
