-- Install configuration: ""
-- Execute custom install script
-- Up-to-date symlink: /home/luqseee/robot_ws/install/hoverboard_demo_bringup/share/hoverboard_demo_bringup/config/hoverboard_controllers.yaml
-- Up-to-date symlink: /home/luqseee/robot_ws/install/hoverboard_demo_bringup/share/hoverboard_demo_bringup/config/ps4.config.yaml
-- Up-to-date symlink: /home/luqseee/robot_ws/install/hoverboard_demo_bringup/share/hoverboard_demo_bringup/launch/hoverboard.launch.py
-- Up-to-date symlink: /home/luqseee/robot_ws/install/hoverboard_demo_bringup/share/ament_index/resource_index/package_run_dependencies/hoverboard_demo_bringup
-- Up-to-date symlink: /home/luqseee/robot_ws/install/hoverboard_demo_bringup/share/ament_index/resource_index/parent_prefix_path/hoverboard_demo_bringup
-- Up-to-date symlink: /home/luqseee/robot_ws/install/hoverboard_demo_bringup/share/hoverboard_demo_bringup/environment/ament_prefix_path.sh
-- Up-to-date symlink: /home/luqseee/robot_ws/install/hoverboard_demo_bringup/share/hoverboard_demo_bringup/environment/ament_prefix_path.dsv
-- Up-to-date symlink: /home/luqseee/robot_ws/install/hoverboard_demo_bringup/share/hoverboard_demo_bringup/environment/path.sh
-- Up-to-date symlink: /home/luqseee/robot_ws/install/hoverboard_demo_bringup/share/hoverboard_demo_bringup/environment/path.dsv
-- Up-to-date symlink: /home/luqseee/robot_ws/install/hoverboard_demo_bringup/share/hoverboard_demo_bringup/local_setup.bash
-- Up-to-date symlink: /home/luqseee/robot_ws/install/hoverboard_demo_bringup/share/hoverboard_demo_bringup/local_setup.sh
-- Up-to-date symlink: /home/luqseee/robot_ws/install/hoverboard_demo_bringup/share/hoverboard_demo_bringup/local_setup.zsh
-- Up-to-date symlink: /home/luqseee/robot_ws/install/hoverboard_demo_bringup/share/hoverboard_demo_bringup/local_setup.dsv
-- Symlinking: /home/luqseee/robot_ws/install/hoverboard_demo_bringup/share/hoverboard_demo_bringup/package.dsv
-- Up-to-date symlink: /home/luqseee/robot_ws/install/hoverboard_demo_bringup/share/ament_index/resource_index/packages/hoverboard_demo_bringup
-- Up-to-date symlink: /home/luqseee/robot_ws/install/hoverboard_demo_bringup/share/hoverboard_demo_bringup/cmake/hoverboard_demo_bringupConfig.cmake
-- Up-to-date symlink: /home/luqseee/robot_ws/install/hoverboard_demo_bringup/share/hoverboard_demo_bringup/cmake/hoverboard_demo_bringupConfig-version.cmake
-- Up-to-date symlink: /home/luqseee/robot_ws/install/hoverboard_demo_bringup/share/hoverboard_demo_bringup/package.xml
