[0.578s] DEBUG:colcon:Command line arguments: ['/usr/bin/colcon', 'build', '--symlink-install']
[0.578s] DEBUG:colcon:Parsed command line arguments: Namespace(log_base=None, log_level=None, verb_name='build', build_base='build', install_base='install', merge_install=False, symlink_install=True, test_result_base=None, continue_on_error=False, executor='parallel', parallel_workers=4, event_handlers=None, ignore_user_meta=False, metas=['./colcon.meta'], base_paths=['.'], packages_ignore=None, packages_ignore_regex=None, paths=None, packages_up_to=None, packages_up_to_regex=None, packages_above=None, packages_above_and_dependencies=None, packages_above_depth=None, packages_select_by_dep=None, packages_skip_by_dep=None, packages_skip_up_to=None, packages_select_build_failed=False, packages_skip_build_finished=False, packages_select_test_failures=False, packages_skip_test_passed=False, packages_select=None, packages_skip=None, packages_select_regex=None, packages_skip_regex=None, packages_start=None, packages_end=None, allow_overriding=[], cmake_args=None, cmake_target=None, cmake_target_skip_unavailable=False, cmake_clean_cache=False, cmake_clean_first=False, cmake_force_configure=False, meson_args=[], ament_cmake_args=None, catkin_cmake_args=None, catkin_skip_building_tests=False, mixin_files=None, mixin=None, verb_parser=<colcon_mixin.mixin.mixin_argument.MixinArgumentDecorator object at 0xffffbae30ad0>, verb_extension=<colcon_core.verb.build.BuildVerb object at 0xffffbafdd3a0>, main=<bound method BuildVerb.main of <colcon_core.verb.build.BuildVerb object at 0xffffbafdd3a0>>, mixin_verb=('build',))
[0.700s] Level 1:colcon.colcon_core.package_discovery:discover_packages(colcon_meta) check parameters
[0.700s] Level 1:colcon.colcon_core.package_discovery:discover_packages(recursive) check parameters
[0.700s] Level 1:colcon.colcon_core.package_discovery:discover_packages(ignore) check parameters
[0.700s] Level 1:colcon.colcon_core.package_discovery:discover_packages(path) check parameters
[0.700s] Level 1:colcon.colcon_core.package_discovery:discover_packages(colcon_meta) discover
[0.700s] Level 1:colcon.colcon_core.package_discovery:discover_packages(recursive) discover
[0.701s] INFO:colcon.colcon_core.package_discovery:Crawling recursively for packages in '/home/luqseee/robot_ws'
[0.701s] Level 1:colcon.colcon_core.package_identification:_identify(.) by extensions ['ignore', 'ignore_ament_install']
[0.701s] Level 1:colcon.colcon_core.package_identification:_identify(.) by extension 'ignore'
[0.701s] Level 1:colcon.colcon_core.package_identification:_identify(.) by extension 'ignore_ament_install'
[0.701s] Level 1:colcon.colcon_core.package_identification:_identify(.) by extensions ['colcon_pkg']
[0.701s] Level 1:colcon.colcon_core.package_identification:_identify(.) by extension 'colcon_pkg'
[0.701s] Level 1:colcon.colcon_core.package_identification:_identify(.) by extensions ['colcon_meta']
[0.701s] Level 1:colcon.colcon_core.package_identification:_identify(.) by extension 'colcon_meta'
[0.701s] Level 1:colcon.colcon_core.package_identification:_identify(.) by extensions ['ros']
[0.701s] Level 1:colcon.colcon_core.package_identification:_identify(.) by extension 'ros'
[0.783s] Level 1:colcon.colcon_core.package_identification:_identify(.) by extensions ['cmake', 'meson', 'python']
[0.783s] Level 1:colcon.colcon_core.package_identification:_identify(.) by extension 'cmake'
[0.783s] Level 1:colcon.colcon_core.package_identification:_identify(.) by extension 'meson'
[0.785s] Level 1:colcon.colcon_core.package_identification:_identify(.) by extension 'python'
[0.785s] Level 1:colcon.colcon_core.package_identification:_identify(.) by extensions ['python_setup_py']
[0.785s] Level 1:colcon.colcon_core.package_identification:_identify(.) by extension 'python_setup_py'
[0.786s] Level 1:colcon.colcon_core.package_identification:_identify(build) by extensions ['ignore', 'ignore_ament_install']
[0.786s] Level 1:colcon.colcon_core.package_identification:_identify(build) by extension 'ignore'
[0.786s] Level 1:colcon.colcon_core.package_identification:_identify(build) ignored
[0.786s] Level 1:colcon.colcon_core.package_identification:_identify(install) by extensions ['ignore', 'ignore_ament_install']
[0.786s] Level 1:colcon.colcon_core.package_identification:_identify(install) by extension 'ignore'
[0.786s] Level 1:colcon.colcon_core.package_identification:_identify(install) ignored
[0.786s] Level 1:colcon.colcon_core.package_identification:_identify(log) by extensions ['ignore', 'ignore_ament_install']
[0.787s] Level 1:colcon.colcon_core.package_identification:_identify(log) by extension 'ignore'
[0.787s] Level 1:colcon.colcon_core.package_identification:_identify(log) ignored
[0.787s] Level 1:colcon.colcon_core.package_identification:_identify(src) by extensions ['ignore', 'ignore_ament_install']
[0.787s] Level 1:colcon.colcon_core.package_identification:_identify(src) by extension 'ignore'
[0.787s] Level 1:colcon.colcon_core.package_identification:_identify(src) by extension 'ignore_ament_install'
[0.787s] Level 1:colcon.colcon_core.package_identification:_identify(src) by extensions ['colcon_pkg']
[0.787s] Level 1:colcon.colcon_core.package_identification:_identify(src) by extension 'colcon_pkg'
[0.787s] Level 1:colcon.colcon_core.package_identification:_identify(src) by extensions ['colcon_meta']
[0.787s] Level 1:colcon.colcon_core.package_identification:_identify(src) by extension 'colcon_meta'
[0.787s] Level 1:colcon.colcon_core.package_identification:_identify(src) by extensions ['ros']
[0.787s] Level 1:colcon.colcon_core.package_identification:_identify(src) by extension 'ros'
[0.787s] Level 1:colcon.colcon_core.package_identification:_identify(src) by extensions ['cmake', 'meson', 'python']
[0.787s] Level 1:colcon.colcon_core.package_identification:_identify(src) by extension 'cmake'
[0.787s] Level 1:colcon.colcon_core.package_identification:_identify(src) by extension 'meson'
[0.789s] Level 1:colcon.colcon_core.package_identification:_identify(src) by extension 'python'
[0.789s] Level 1:colcon.colcon_core.package_identification:_identify(src) by extensions ['python_setup_py']
[0.789s] Level 1:colcon.colcon_core.package_identification:_identify(src) by extension 'python_setup_py'
[0.789s] Level 1:colcon.colcon_core.package_identification:_identify(src/build) by extensions ['ignore', 'ignore_ament_install']
[0.789s] Level 1:colcon.colcon_core.package_identification:_identify(src/build) by extension 'ignore'
[0.789s] Level 1:colcon.colcon_core.package_identification:_identify(src/build) ignored
[0.789s] Level 1:colcon.colcon_core.package_identification:_identify(src/hoverboard_ros2_control) by extensions ['ignore', 'ignore_ament_install']
[0.789s] Level 1:colcon.colcon_core.package_identification:_identify(src/hoverboard_ros2_control) by extension 'ignore'
[0.789s] Level 1:colcon.colcon_core.package_identification:_identify(src/hoverboard_ros2_control) by extension 'ignore_ament_install'
[0.789s] Level 1:colcon.colcon_core.package_identification:_identify(src/hoverboard_ros2_control) by extensions ['colcon_pkg']
[0.789s] Level 1:colcon.colcon_core.package_identification:_identify(src/hoverboard_ros2_control) by extension 'colcon_pkg'
[0.789s] Level 1:colcon.colcon_core.package_identification:_identify(src/hoverboard_ros2_control) by extensions ['colcon_meta']
[0.789s] Level 1:colcon.colcon_core.package_identification:_identify(src/hoverboard_ros2_control) by extension 'colcon_meta'
[0.789s] Level 1:colcon.colcon_core.package_identification:_identify(src/hoverboard_ros2_control) by extensions ['ros']
[0.789s] Level 1:colcon.colcon_core.package_identification:_identify(src/hoverboard_ros2_control) by extension 'ros'
[0.790s] Level 1:colcon.colcon_core.package_identification:_identify(src/hoverboard_ros2_control) by extensions ['cmake', 'meson', 'python']
[0.790s] Level 1:colcon.colcon_core.package_identification:_identify(src/hoverboard_ros2_control) by extension 'cmake'
[0.790s] Level 1:colcon.colcon_core.package_identification:_identify(src/hoverboard_ros2_control) by extension 'meson'
[0.791s] Level 1:colcon.colcon_core.package_identification:_identify(src/hoverboard_ros2_control) by extension 'python'
[0.791s] Level 1:colcon.colcon_core.package_identification:_identify(src/hoverboard_ros2_control) by extensions ['python_setup_py']
[0.791s] Level 1:colcon.colcon_core.package_identification:_identify(src/hoverboard_ros2_control) by extension 'python_setup_py'
[0.792s] Level 1:colcon.colcon_core.package_identification:_identify(src/hoverboard_ros2_control/hoverboard_demo_bringup) by extensions ['ignore', 'ignore_ament_install']
[0.792s] Level 1:colcon.colcon_core.package_identification:_identify(src/hoverboard_ros2_control/hoverboard_demo_bringup) by extension 'ignore'
[0.792s] Level 1:colcon.colcon_core.package_identification:_identify(src/hoverboard_ros2_control/hoverboard_demo_bringup) by extension 'ignore_ament_install'
[0.792s] Level 1:colcon.colcon_core.package_identification:_identify(src/hoverboard_ros2_control/hoverboard_demo_bringup) by extensions ['colcon_pkg']
[0.792s] Level 1:colcon.colcon_core.package_identification:_identify(src/hoverboard_ros2_control/hoverboard_demo_bringup) by extension 'colcon_pkg'
[0.792s] Level 1:colcon.colcon_core.package_identification:_identify(src/hoverboard_ros2_control/hoverboard_demo_bringup) by extensions ['colcon_meta']
[0.792s] Level 1:colcon.colcon_core.package_identification:_identify(src/hoverboard_ros2_control/hoverboard_demo_bringup) by extension 'colcon_meta'
[0.792s] Level 1:colcon.colcon_core.package_identification:_identify(src/hoverboard_ros2_control/hoverboard_demo_bringup) by extensions ['ros']
[0.792s] Level 1:colcon.colcon_core.package_identification:_identify(src/hoverboard_ros2_control/hoverboard_demo_bringup) by extension 'ros'
[0.798s] DEBUG:colcon.colcon_core.package_identification:Package 'src/hoverboard_ros2_control/hoverboard_demo_bringup' with type 'ros.ament_cmake' and name 'hoverboard_demo_bringup'
[0.799s] Level 1:colcon.colcon_core.package_identification:_identify(src/hoverboard_ros2_control/hoverboard_demo_description) by extensions ['ignore', 'ignore_ament_install']
[0.799s] Level 1:colcon.colcon_core.package_identification:_identify(src/hoverboard_ros2_control/hoverboard_demo_description) by extension 'ignore'
[0.799s] Level 1:colcon.colcon_core.package_identification:_identify(src/hoverboard_ros2_control/hoverboard_demo_description) by extension 'ignore_ament_install'
[0.799s] Level 1:colcon.colcon_core.package_identification:_identify(src/hoverboard_ros2_control/hoverboard_demo_description) by extensions ['colcon_pkg']
[0.799s] Level 1:colcon.colcon_core.package_identification:_identify(src/hoverboard_ros2_control/hoverboard_demo_description) by extension 'colcon_pkg'
[0.799s] Level 1:colcon.colcon_core.package_identification:_identify(src/hoverboard_ros2_control/hoverboard_demo_description) by extensions ['colcon_meta']
[0.799s] Level 1:colcon.colcon_core.package_identification:_identify(src/hoverboard_ros2_control/hoverboard_demo_description) by extension 'colcon_meta'
[0.799s] Level 1:colcon.colcon_core.package_identification:_identify(src/hoverboard_ros2_control/hoverboard_demo_description) by extensions ['ros']
[0.799s] Level 1:colcon.colcon_core.package_identification:_identify(src/hoverboard_ros2_control/hoverboard_demo_description) by extension 'ros'
[0.800s] DEBUG:colcon.colcon_core.package_identification:Package 'src/hoverboard_ros2_control/hoverboard_demo_description' with type 'ros.ament_cmake' and name 'hoverboard_demo_description'
[0.801s] Level 1:colcon.colcon_core.package_identification:_identify(src/hoverboard_ros2_control/hoverboard_hardware_interface) by extensions ['ignore', 'ignore_ament_install']
[0.801s] Level 1:colcon.colcon_core.package_identification:_identify(src/hoverboard_ros2_control/hoverboard_hardware_interface) by extension 'ignore'
[0.801s] Level 1:colcon.colcon_core.package_identification:_identify(src/hoverboard_ros2_control/hoverboard_hardware_interface) by extension 'ignore_ament_install'
[0.801s] Level 1:colcon.colcon_core.package_identification:_identify(src/hoverboard_ros2_control/hoverboard_hardware_interface) by extensions ['colcon_pkg']
[0.801s] Level 1:colcon.colcon_core.package_identification:_identify(src/hoverboard_ros2_control/hoverboard_hardware_interface) by extension 'colcon_pkg'
[0.801s] Level 1:colcon.colcon_core.package_identification:_identify(src/hoverboard_ros2_control/hoverboard_hardware_interface) by extensions ['colcon_meta']
[0.801s] Level 1:colcon.colcon_core.package_identification:_identify(src/hoverboard_ros2_control/hoverboard_hardware_interface) by extension 'colcon_meta'
[0.801s] Level 1:colcon.colcon_core.package_identification:_identify(src/hoverboard_ros2_control/hoverboard_hardware_interface) by extensions ['ros']
[0.801s] Level 1:colcon.colcon_core.package_identification:_identify(src/hoverboard_ros2_control/hoverboard_hardware_interface) by extension 'ros'
[0.803s] DEBUG:colcon.colcon_core.package_identification:Package 'src/hoverboard_ros2_control/hoverboard_hardware_interface' with type 'ros.ament_cmake' and name 'hoverboard_hardware_interface'
[0.803s] Level 1:colcon.colcon_core.package_identification:_identify(src/hoverboard_ros2_control/hoverboard_ros2_control) by extensions ['ignore', 'ignore_ament_install']
[0.803s] Level 1:colcon.colcon_core.package_identification:_identify(src/hoverboard_ros2_control/hoverboard_ros2_control) by extension 'ignore'
[0.803s] Level 1:colcon.colcon_core.package_identification:_identify(src/hoverboard_ros2_control/hoverboard_ros2_control) by extension 'ignore_ament_install'
[0.803s] Level 1:colcon.colcon_core.package_identification:_identify(src/hoverboard_ros2_control/hoverboard_ros2_control) by extensions ['colcon_pkg']
[0.803s] Level 1:colcon.colcon_core.package_identification:_identify(src/hoverboard_ros2_control/hoverboard_ros2_control) by extension 'colcon_pkg'
[0.803s] Level 1:colcon.colcon_core.package_identification:_identify(src/hoverboard_ros2_control/hoverboard_ros2_control) by extensions ['colcon_meta']
[0.803s] Level 1:colcon.colcon_core.package_identification:_identify(src/hoverboard_ros2_control/hoverboard_ros2_control) by extension 'colcon_meta'
[0.804s] Level 1:colcon.colcon_core.package_identification:_identify(src/hoverboard_ros2_control/hoverboard_ros2_control) by extensions ['ros']
[0.804s] Level 1:colcon.colcon_core.package_identification:_identify(src/hoverboard_ros2_control/hoverboard_ros2_control) by extension 'ros'
[0.804s] DEBUG:colcon.colcon_core.package_identification:Package 'src/hoverboard_ros2_control/hoverboard_ros2_control' with type 'ros.ament_cmake' and name 'hoverboard_ros2_control'
[0.805s] Level 1:colcon.colcon_core.package_identification:_identify(src/install) by extensions ['ignore', 'ignore_ament_install']
[0.805s] Level 1:colcon.colcon_core.package_identification:_identify(src/install) by extension 'ignore'
[0.805s] Level 1:colcon.colcon_core.package_identification:_identify(src/install) ignored
[0.805s] Level 1:colcon.colcon_core.package_identification:_identify(src/log) by extensions ['ignore', 'ignore_ament_install']
[0.805s] Level 1:colcon.colcon_core.package_identification:_identify(src/log) by extension 'ignore'
[0.805s] Level 1:colcon.colcon_core.package_identification:_identify(src/log) ignored
[0.805s] Level 1:colcon.colcon_core.package_identification:_identify(src/my_bot) by extensions ['ignore', 'ignore_ament_install']
[0.805s] Level 1:colcon.colcon_core.package_identification:_identify(src/my_bot) by extension 'ignore'
[0.805s] Level 1:colcon.colcon_core.package_identification:_identify(src/my_bot) by extension 'ignore_ament_install'
[0.805s] Level 1:colcon.colcon_core.package_identification:_identify(src/my_bot) by extensions ['colcon_pkg']
[0.805s] Level 1:colcon.colcon_core.package_identification:_identify(src/my_bot) by extension 'colcon_pkg'
[0.805s] Level 1:colcon.colcon_core.package_identification:_identify(src/my_bot) by extensions ['colcon_meta']
[0.805s] Level 1:colcon.colcon_core.package_identification:_identify(src/my_bot) by extension 'colcon_meta'
[0.805s] Level 1:colcon.colcon_core.package_identification:_identify(src/my_bot) by extensions ['ros']
[0.805s] Level 1:colcon.colcon_core.package_identification:_identify(src/my_bot) by extension 'ros'
[0.807s] DEBUG:colcon.colcon_core.package_identification:Package 'src/my_bot' with type 'ros.ament_cmake' and name 'my_bot'
[0.807s] Level 1:colcon.colcon_core.package_identification:_identify(src/sllidar_ros2) by extensions ['ignore', 'ignore_ament_install']
[0.807s] Level 1:colcon.colcon_core.package_identification:_identify(src/sllidar_ros2) by extension 'ignore'
[0.807s] Level 1:colcon.colcon_core.package_identification:_identify(src/sllidar_ros2) by extension 'ignore_ament_install'
[0.807s] Level 1:colcon.colcon_core.package_identification:_identify(src/sllidar_ros2) by extensions ['colcon_pkg']
[0.807s] Level 1:colcon.colcon_core.package_identification:_identify(src/sllidar_ros2) by extension 'colcon_pkg'
[0.807s] Level 1:colcon.colcon_core.package_identification:_identify(src/sllidar_ros2) by extensions ['colcon_meta']
[0.807s] Level 1:colcon.colcon_core.package_identification:_identify(src/sllidar_ros2) by extension 'colcon_meta'
[0.807s] Level 1:colcon.colcon_core.package_identification:_identify(src/sllidar_ros2) by extensions ['ros']
[0.807s] Level 1:colcon.colcon_core.package_identification:_identify(src/sllidar_ros2) by extension 'ros'
[0.809s] DEBUG:colcon.colcon_core.package_identification:Package 'src/sllidar_ros2' with type 'ros.ament_cmake' and name 'sllidar_ros2'
[0.809s] Level 1:colcon.colcon_core.package_discovery:discover_packages(recursive) using defaults
[0.809s] Level 1:colcon.colcon_core.package_discovery:discover_packages(ignore) discover
[0.809s] Level 1:colcon.colcon_core.package_discovery:discover_packages(ignore) using defaults
[0.809s] Level 1:colcon.colcon_core.package_discovery:discover_packages(path) discover
[0.809s] Level 1:colcon.colcon_core.package_discovery:discover_packages(path) using defaults
[0.845s] Level 1:colcon.colcon_core.package_discovery:discover_packages(prefix_path) check parameters
[0.845s] Level 1:colcon.colcon_core.package_discovery:discover_packages(prefix_path) discover
[0.851s] DEBUG:colcon.colcon_installed_package_information.package_discovery:Found 6 installed packages in /home/luqseee/robot_ws/install
[0.854s] DEBUG:colcon.colcon_installed_package_information.package_discovery:Found 367 installed packages in /opt/ros/jazzy
[0.857s] Level 1:colcon.colcon_core.package_discovery:discover_packages(prefix_path) using defaults
[0.955s] Level 5:colcon.colcon_core.verb:set package 'hoverboard_demo_description' build argument 'cmake_args' from command line to 'None'
[0.955s] Level 5:colcon.colcon_core.verb:set package 'hoverboard_demo_description' build argument 'cmake_target' from command line to 'None'
[0.955s] Level 5:colcon.colcon_core.verb:set package 'hoverboard_demo_description' build argument 'cmake_target_skip_unavailable' from command line to 'False'
[0.955s] Level 5:colcon.colcon_core.verb:set package 'hoverboard_demo_description' build argument 'cmake_clean_cache' from command line to 'False'
[0.955s] Level 5:colcon.colcon_core.verb:set package 'hoverboard_demo_description' build argument 'cmake_clean_first' from command line to 'False'
[0.955s] Level 5:colcon.colcon_core.verb:set package 'hoverboard_demo_description' build argument 'cmake_force_configure' from command line to 'False'
[0.956s] Level 5:colcon.colcon_core.verb:set package 'hoverboard_demo_description' build argument 'meson_args' from command line to '[]'
[0.956s] Level 5:colcon.colcon_core.verb:set package 'hoverboard_demo_description' build argument 'ament_cmake_args' from command line to 'None'
[0.956s] Level 5:colcon.colcon_core.verb:set package 'hoverboard_demo_description' build argument 'catkin_cmake_args' from command line to 'None'
[0.956s] Level 5:colcon.colcon_core.verb:set package 'hoverboard_demo_description' build argument 'catkin_skip_building_tests' from command line to 'False'
[0.956s] DEBUG:colcon.colcon_core.verb:Building package 'hoverboard_demo_description' with the following arguments: {'ament_cmake_args': None, 'build_base': '/home/luqseee/robot_ws/build/hoverboard_demo_description', 'catkin_cmake_args': None, 'catkin_skip_building_tests': False, 'cmake_args': None, 'cmake_clean_cache': False, 'cmake_clean_first': False, 'cmake_force_configure': False, 'cmake_target': None, 'cmake_target_skip_unavailable': False, 'install_base': '/home/luqseee/robot_ws/install/hoverboard_demo_description', 'merge_install': False, 'meson_args': [], 'path': '/home/luqseee/robot_ws/src/hoverboard_ros2_control/hoverboard_demo_description', 'symlink_install': True, 'test_result_base': None}
[0.968s] Level 5:colcon.colcon_core.verb:set package 'hoverboard_hardware_interface' build argument 'cmake_args' from command line to 'None'
[0.968s] Level 5:colcon.colcon_core.verb:set package 'hoverboard_hardware_interface' build argument 'cmake_target' from command line to 'None'
[0.968s] Level 5:colcon.colcon_core.verb:set package 'hoverboard_hardware_interface' build argument 'cmake_target_skip_unavailable' from command line to 'False'
[0.969s] Level 5:colcon.colcon_core.verb:set package 'hoverboard_hardware_interface' build argument 'cmake_clean_cache' from command line to 'False'
[0.969s] Level 5:colcon.colcon_core.verb:set package 'hoverboard_hardware_interface' build argument 'cmake_clean_first' from command line to 'False'
[0.969s] Level 5:colcon.colcon_core.verb:set package 'hoverboard_hardware_interface' build argument 'cmake_force_configure' from command line to 'False'
[0.969s] Level 5:colcon.colcon_core.verb:set package 'hoverboard_hardware_interface' build argument 'meson_args' from command line to '[]'
[0.969s] Level 5:colcon.colcon_core.verb:set package 'hoverboard_hardware_interface' build argument 'ament_cmake_args' from command line to 'None'
[0.969s] Level 5:colcon.colcon_core.verb:set package 'hoverboard_hardware_interface' build argument 'catkin_cmake_args' from command line to 'None'
[0.969s] Level 5:colcon.colcon_core.verb:set package 'hoverboard_hardware_interface' build argument 'catkin_skip_building_tests' from command line to 'False'
[0.969s] DEBUG:colcon.colcon_core.verb:Building package 'hoverboard_hardware_interface' with the following arguments: {'ament_cmake_args': None, 'build_base': '/home/luqseee/robot_ws/build/hoverboard_hardware_interface', 'catkin_cmake_args': None, 'catkin_skip_building_tests': False, 'cmake_args': None, 'cmake_clean_cache': False, 'cmake_clean_first': False, 'cmake_force_configure': False, 'cmake_target': None, 'cmake_target_skip_unavailable': False, 'install_base': '/home/luqseee/robot_ws/install/hoverboard_hardware_interface', 'merge_install': False, 'meson_args': [], 'path': '/home/luqseee/robot_ws/src/hoverboard_ros2_control/hoverboard_hardware_interface', 'symlink_install': True, 'test_result_base': None}
[0.981s] Level 5:colcon.colcon_core.verb:set package 'hoverboard_ros2_control' build argument 'cmake_args' from command line to 'None'
[0.981s] Level 5:colcon.colcon_core.verb:set package 'hoverboard_ros2_control' build argument 'cmake_target' from command line to 'None'
[0.981s] Level 5:colcon.colcon_core.verb:set package 'hoverboard_ros2_control' build argument 'cmake_target_skip_unavailable' from command line to 'False'
[0.981s] Level 5:colcon.colcon_core.verb:set package 'hoverboard_ros2_control' build argument 'cmake_clean_cache' from command line to 'False'
[0.981s] Level 5:colcon.colcon_core.verb:set package 'hoverboard_ros2_control' build argument 'cmake_clean_first' from command line to 'False'
[0.981s] Level 5:colcon.colcon_core.verb:set package 'hoverboard_ros2_control' build argument 'cmake_force_configure' from command line to 'False'
[0.982s] Level 5:colcon.colcon_core.verb:set package 'hoverboard_ros2_control' build argument 'meson_args' from command line to '[]'
[0.982s] Level 5:colcon.colcon_core.verb:set package 'hoverboard_ros2_control' build argument 'ament_cmake_args' from command line to 'None'
[0.982s] Level 5:colcon.colcon_core.verb:set package 'hoverboard_ros2_control' build argument 'catkin_cmake_args' from command line to 'None'
[0.982s] Level 5:colcon.colcon_core.verb:set package 'hoverboard_ros2_control' build argument 'catkin_skip_building_tests' from command line to 'False'
[0.982s] DEBUG:colcon.colcon_core.verb:Building package 'hoverboard_ros2_control' with the following arguments: {'ament_cmake_args': None, 'build_base': '/home/luqseee/robot_ws/build/hoverboard_ros2_control', 'catkin_cmake_args': None, 'catkin_skip_building_tests': False, 'cmake_args': None, 'cmake_clean_cache': False, 'cmake_clean_first': False, 'cmake_force_configure': False, 'cmake_target': None, 'cmake_target_skip_unavailable': False, 'install_base': '/home/luqseee/robot_ws/install/hoverboard_ros2_control', 'merge_install': False, 'meson_args': [], 'path': '/home/luqseee/robot_ws/src/hoverboard_ros2_control/hoverboard_ros2_control', 'symlink_install': True, 'test_result_base': None}
[0.995s] Level 5:colcon.colcon_core.verb:set package 'my_bot' build argument 'cmake_args' from command line to 'None'
[0.996s] Level 5:colcon.colcon_core.verb:set package 'my_bot' build argument 'cmake_target' from command line to 'None'
[0.996s] Level 5:colcon.colcon_core.verb:set package 'my_bot' build argument 'cmake_target_skip_unavailable' from command line to 'False'
[0.996s] Level 5:colcon.colcon_core.verb:set package 'my_bot' build argument 'cmake_clean_cache' from command line to 'False'
[0.996s] Level 5:colcon.colcon_core.verb:set package 'my_bot' build argument 'cmake_clean_first' from command line to 'False'
[0.996s] Level 5:colcon.colcon_core.verb:set package 'my_bot' build argument 'cmake_force_configure' from command line to 'False'
[0.996s] Level 5:colcon.colcon_core.verb:set package 'my_bot' build argument 'meson_args' from command line to '[]'
[0.996s] Level 5:colcon.colcon_core.verb:set package 'my_bot' build argument 'ament_cmake_args' from command line to 'None'
[0.996s] Level 5:colcon.colcon_core.verb:set package 'my_bot' build argument 'catkin_cmake_args' from command line to 'None'
[0.996s] Level 5:colcon.colcon_core.verb:set package 'my_bot' build argument 'catkin_skip_building_tests' from command line to 'False'
[0.996s] DEBUG:colcon.colcon_core.verb:Building package 'my_bot' with the following arguments: {'ament_cmake_args': None, 'build_base': '/home/luqseee/robot_ws/build/my_bot', 'catkin_cmake_args': None, 'catkin_skip_building_tests': False, 'cmake_args': None, 'cmake_clean_cache': False, 'cmake_clean_first': False, 'cmake_force_configure': False, 'cmake_target': None, 'cmake_target_skip_unavailable': False, 'install_base': '/home/luqseee/robot_ws/install/my_bot', 'merge_install': False, 'meson_args': [], 'path': '/home/luqseee/robot_ws/src/my_bot', 'symlink_install': True, 'test_result_base': None}
[1.008s] Level 5:colcon.colcon_core.verb:set package 'sllidar_ros2' build argument 'cmake_args' from command line to 'None'
[1.008s] Level 5:colcon.colcon_core.verb:set package 'sllidar_ros2' build argument 'cmake_target' from command line to 'None'
[1.008s] Level 5:colcon.colcon_core.verb:set package 'sllidar_ros2' build argument 'cmake_target_skip_unavailable' from command line to 'False'
[1.008s] Level 5:colcon.colcon_core.verb:set package 'sllidar_ros2' build argument 'cmake_clean_cache' from command line to 'False'
[1.008s] Level 5:colcon.colcon_core.verb:set package 'sllidar_ros2' build argument 'cmake_clean_first' from command line to 'False'
[1.008s] Level 5:colcon.colcon_core.verb:set package 'sllidar_ros2' build argument 'cmake_force_configure' from command line to 'False'
[1.008s] Level 5:colcon.colcon_core.verb:set package 'sllidar_ros2' build argument 'meson_args' from command line to '[]'
[1.008s] Level 5:colcon.colcon_core.verb:set package 'sllidar_ros2' build argument 'ament_cmake_args' from command line to 'None'
[1.009s] Level 5:colcon.colcon_core.verb:set package 'sllidar_ros2' build argument 'catkin_cmake_args' from command line to 'None'
[1.009s] Level 5:colcon.colcon_core.verb:set package 'sllidar_ros2' build argument 'catkin_skip_building_tests' from command line to 'False'
[1.009s] DEBUG:colcon.colcon_core.verb:Building package 'sllidar_ros2' with the following arguments: {'ament_cmake_args': None, 'build_base': '/home/luqseee/robot_ws/build/sllidar_ros2', 'catkin_cmake_args': None, 'catkin_skip_building_tests': False, 'cmake_args': None, 'cmake_clean_cache': False, 'cmake_clean_first': False, 'cmake_force_configure': False, 'cmake_target': None, 'cmake_target_skip_unavailable': False, 'install_base': '/home/luqseee/robot_ws/install/sllidar_ros2', 'merge_install': False, 'meson_args': [], 'path': '/home/luqseee/robot_ws/src/sllidar_ros2', 'symlink_install': True, 'test_result_base': None}
[1.021s] Level 5:colcon.colcon_core.verb:set package 'hoverboard_demo_bringup' build argument 'cmake_args' from command line to 'None'
[1.021s] Level 5:colcon.colcon_core.verb:set package 'hoverboard_demo_bringup' build argument 'cmake_target' from command line to 'None'
[1.021s] Level 5:colcon.colcon_core.verb:set package 'hoverboard_demo_bringup' build argument 'cmake_target_skip_unavailable' from command line to 'False'
[1.021s] Level 5:colcon.colcon_core.verb:set package 'hoverboard_demo_bringup' build argument 'cmake_clean_cache' from command line to 'False'
[1.021s] Level 5:colcon.colcon_core.verb:set package 'hoverboard_demo_bringup' build argument 'cmake_clean_first' from command line to 'False'
[1.021s] Level 5:colcon.colcon_core.verb:set package 'hoverboard_demo_bringup' build argument 'cmake_force_configure' from command line to 'False'
[1.021s] Level 5:colcon.colcon_core.verb:set package 'hoverboard_demo_bringup' build argument 'meson_args' from command line to '[]'
[1.021s] Level 5:colcon.colcon_core.verb:set package 'hoverboard_demo_bringup' build argument 'ament_cmake_args' from command line to 'None'
[1.021s] Level 5:colcon.colcon_core.verb:set package 'hoverboard_demo_bringup' build argument 'catkin_cmake_args' from command line to 'None'
[1.021s] Level 5:colcon.colcon_core.verb:set package 'hoverboard_demo_bringup' build argument 'catkin_skip_building_tests' from command line to 'False'
[1.021s] DEBUG:colcon.colcon_core.verb:Building package 'hoverboard_demo_bringup' with the following arguments: {'ament_cmake_args': None, 'build_base': '/home/luqseee/robot_ws/build/hoverboard_demo_bringup', 'catkin_cmake_args': None, 'catkin_skip_building_tests': False, 'cmake_args': None, 'cmake_clean_cache': False, 'cmake_clean_first': False, 'cmake_force_configure': False, 'cmake_target': None, 'cmake_target_skip_unavailable': False, 'install_base': '/home/luqseee/robot_ws/install/hoverboard_demo_bringup', 'merge_install': False, 'meson_args': [], 'path': '/home/luqseee/robot_ws/src/hoverboard_ros2_control/hoverboard_demo_bringup', 'symlink_install': True, 'test_result_base': None}
[1.022s] INFO:colcon.colcon_core.executor:Executing jobs using 'parallel' executor
[1.023s] DEBUG:colcon.colcon_parallel_executor.executor.parallel:run_until_complete
[1.023s] INFO:colcon.colcon_ros.task.ament_cmake.build:Building ROS package in '/home/luqseee/robot_ws/src/hoverboard_ros2_control/hoverboard_demo_description' with build type 'ament_cmake'
[1.024s] INFO:colcon.colcon_cmake.task.cmake.build:Building CMake package in '/home/luqseee/robot_ws/src/hoverboard_ros2_control/hoverboard_demo_description'
[1.033s] INFO:colcon.colcon_core.plugin_system:Skipping extension 'colcon_core.shell.bat': Not used on non-Windows systems
[1.033s] INFO:colcon.colcon_core.shell:Skip shell extension 'powershell' for command environment: Not usable outside of PowerShell
[1.033s] DEBUG:colcon.colcon_core.shell:Skip shell extension 'dsv' for command environment
[1.039s] INFO:colcon.colcon_ros.task.ament_cmake.build:Building ROS package in '/home/luqseee/robot_ws/src/hoverboard_ros2_control/hoverboard_hardware_interface' with build type 'ament_cmake'
[1.040s] INFO:colcon.colcon_cmake.task.cmake.build:Building CMake package in '/home/luqseee/robot_ws/src/hoverboard_ros2_control/hoverboard_hardware_interface'
[1.040s] INFO:colcon.colcon_core.shell:Skip shell extension 'powershell' for command environment: Not usable outside of PowerShell
[1.040s] DEBUG:colcon.colcon_core.shell:Skip shell extension 'dsv' for command environment
[1.046s] INFO:colcon.colcon_ros.task.ament_cmake.build:Building ROS package in '/home/luqseee/robot_ws/src/hoverboard_ros2_control/hoverboard_ros2_control' with build type 'ament_cmake'
[1.046s] INFO:colcon.colcon_cmake.task.cmake.build:Building CMake package in '/home/luqseee/robot_ws/src/hoverboard_ros2_control/hoverboard_ros2_control'
[1.047s] INFO:colcon.colcon_core.shell:Skip shell extension 'powershell' for command environment: Not usable outside of PowerShell
[1.047s] DEBUG:colcon.colcon_core.shell:Skip shell extension 'dsv' for command environment
[1.052s] INFO:colcon.colcon_ros.task.ament_cmake.build:Building ROS package in '/home/luqseee/robot_ws/src/my_bot' with build type 'ament_cmake'
[1.053s] INFO:colcon.colcon_cmake.task.cmake.build:Building CMake package in '/home/luqseee/robot_ws/src/my_bot'
[1.053s] INFO:colcon.colcon_core.shell:Skip shell extension 'powershell' for command environment: Not usable outside of PowerShell
[1.053s] DEBUG:colcon.colcon_core.shell:Skip shell extension 'dsv' for command environment
[1.064s] DEBUG:colcon.colcon_core.event_handler.log_command:Invoking command in '/home/luqseee/robot_ws/build/hoverboard_demo_description': CMAKE_PREFIX_PATH=${CMAKE_PREFIX_PATH}:/opt/ros/jazzy DEBUGINFOD_URLS=https://debuginfod.ubuntu.com /usr/bin/cmake --build /home/luqseee/robot_ws/build/hoverboard_demo_description -- -j4 -l4
[1.077s] DEBUG:colcon.colcon_core.event_handler.log_command:Invoking command in '/home/luqseee/robot_ws/build/hoverboard_hardware_interface': CMAKE_PREFIX_PATH=${CMAKE_PREFIX_PATH}:/opt/ros/jazzy DEBUGINFOD_URLS=https://debuginfod.ubuntu.com /usr/bin/cmake --build /home/luqseee/robot_ws/build/hoverboard_hardware_interface -- -j4 -l4
[1.086s] DEBUG:colcon.colcon_core.event_handler.log_command:Invoking command in '/home/luqseee/robot_ws/build/hoverboard_ros2_control': CMAKE_PREFIX_PATH=${CMAKE_PREFIX_PATH}:/opt/ros/jazzy DEBUGINFOD_URLS=https://debuginfod.ubuntu.com /usr/bin/cmake --build /home/luqseee/robot_ws/build/hoverboard_ros2_control -- -j4 -l4
[1.096s] DEBUG:colcon.colcon_core.event_handler.log_command:Invoking command in '/home/luqseee/robot_ws/build/my_bot': CMAKE_PREFIX_PATH=${CMAKE_PREFIX_PATH}:/opt/ros/jazzy DEBUGINFOD_URLS=https://debuginfod.ubuntu.com /usr/bin/cmake --build /home/luqseee/robot_ws/build/my_bot -- -j4 -l4
[1.345s] DEBUG:colcon.colcon_core.event_handler.log_command:Invoked command in '/home/luqseee/robot_ws/build/my_bot' returned '0': CMAKE_PREFIX_PATH=${CMAKE_PREFIX_PATH}:/opt/ros/jazzy DEBUGINFOD_URLS=https://debuginfod.ubuntu.com /usr/bin/cmake --build /home/luqseee/robot_ws/build/my_bot -- -j4 -l4
[1.369s] DEBUG:colcon.colcon_core.event_handler.log_command:Invoking command in '/home/luqseee/robot_ws/build/my_bot': CMAKE_PREFIX_PATH=${CMAKE_PREFIX_PATH}:/opt/ros/jazzy DEBUGINFOD_URLS=https://debuginfod.ubuntu.com /usr/bin/cmake --install /home/luqseee/robot_ws/build/my_bot
[1.372s] DEBUG:colcon.colcon_core.event_handler.log_command:Invoked command in '/home/luqseee/robot_ws/build/hoverboard_ros2_control' returned '0': CMAKE_PREFIX_PATH=${CMAKE_PREFIX_PATH}:/opt/ros/jazzy DEBUGINFOD_URLS=https://debuginfod.ubuntu.com /usr/bin/cmake --build /home/luqseee/robot_ws/build/hoverboard_ros2_control -- -j4 -l4
[1.376s] DEBUG:colcon.colcon_core.event_handler.log_command:Invoking command in '/home/luqseee/robot_ws/build/hoverboard_ros2_control': CMAKE_PREFIX_PATH=${CMAKE_PREFIX_PATH}:/opt/ros/jazzy DEBUGINFOD_URLS=https://debuginfod.ubuntu.com /usr/bin/cmake --install /home/luqseee/robot_ws/build/hoverboard_ros2_control
[1.378s] DEBUG:colcon.colcon_core.event_handler.log_command:Invoked command in '/home/luqseee/robot_ws/build/hoverboard_demo_description' returned '0': CMAKE_PREFIX_PATH=${CMAKE_PREFIX_PATH}:/opt/ros/jazzy DEBUGINFOD_URLS=https://debuginfod.ubuntu.com /usr/bin/cmake --build /home/luqseee/robot_ws/build/hoverboard_demo_description -- -j4 -l4
[1.383s] DEBUG:colcon.colcon_core.event_handler.log_command:Invoking command in '/home/luqseee/robot_ws/build/hoverboard_demo_description': CMAKE_PREFIX_PATH=${CMAKE_PREFIX_PATH}:/opt/ros/jazzy DEBUGINFOD_URLS=https://debuginfod.ubuntu.com /usr/bin/cmake --install /home/luqseee/robot_ws/build/hoverboard_demo_description
[1.433s] Level 1:colcon.colcon_core.environment:create_environment_scripts_only(hoverboard_ros2_control)
[1.434s] DEBUG:colcon.colcon_core.event_handler.log_command:Invoked command in '/home/luqseee/robot_ws/build/hoverboard_ros2_control' returned '0': CMAKE_PREFIX_PATH=${CMAKE_PREFIX_PATH}:/opt/ros/jazzy DEBUGINFOD_URLS=https://debuginfod.ubuntu.com /usr/bin/cmake --install /home/luqseee/robot_ws/build/hoverboard_ros2_control
[1.459s] Level 1:colcon.colcon_core.environment:checking '/home/luqseee/robot_ws/install/hoverboard_ros2_control' for CMake module files
[1.461s] Level 1:colcon.colcon_core.environment:checking '/home/luqseee/robot_ws/install/hoverboard_ros2_control' for CMake config files
[1.462s] Level 1:colcon.colcon_core.shell:create_environment_hook('hoverboard_ros2_control', 'cmake_prefix_path')
[1.463s] INFO:colcon.colcon_core.shell:Creating environment hook '/home/luqseee/robot_ws/install/hoverboard_ros2_control/share/hoverboard_ros2_control/hook/cmake_prefix_path.ps1'
[1.465s] INFO:colcon.colcon_core.shell:Creating environment descriptor '/home/luqseee/robot_ws/install/hoverboard_ros2_control/share/hoverboard_ros2_control/hook/cmake_prefix_path.dsv'
[1.467s] INFO:colcon.colcon_core.shell:Creating environment hook '/home/luqseee/robot_ws/install/hoverboard_ros2_control/share/hoverboard_ros2_control/hook/cmake_prefix_path.sh'
[1.469s] Level 1:colcon.colcon_core.environment:checking '/home/luqseee/robot_ws/install/hoverboard_ros2_control/bin'
[1.470s] Level 1:colcon.colcon_core.environment:checking '/home/luqseee/robot_ws/install/hoverboard_ros2_control/lib/pkgconfig/hoverboard_ros2_control.pc'
[1.470s] Level 1:colcon.colcon_core.environment:checking '/home/luqseee/robot_ws/install/hoverboard_ros2_control/lib/python3.12/site-packages'
[1.471s] Level 1:colcon.colcon_core.environment:checking '/home/luqseee/robot_ws/install/hoverboard_ros2_control/bin'
[1.471s] INFO:colcon.colcon_core.shell:Creating package script '/home/luqseee/robot_ws/install/hoverboard_ros2_control/share/hoverboard_ros2_control/package.ps1'
[1.474s] INFO:colcon.colcon_core.shell:Creating package descriptor '/home/luqseee/robot_ws/install/hoverboard_ros2_control/share/hoverboard_ros2_control/package.dsv'
[1.476s] INFO:colcon.colcon_core.shell:Creating package script '/home/luqseee/robot_ws/install/hoverboard_ros2_control/share/hoverboard_ros2_control/package.sh'
[1.478s] INFO:colcon.colcon_core.shell:Creating package script '/home/luqseee/robot_ws/install/hoverboard_ros2_control/share/hoverboard_ros2_control/package.bash'
[1.481s] INFO:colcon.colcon_core.shell:Creating package script '/home/luqseee/robot_ws/install/hoverboard_ros2_control/share/hoverboard_ros2_control/package.zsh'
[1.485s] Level 1:colcon.colcon_core.environment:create_file_with_runtime_dependencies(/home/luqseee/robot_ws/install/hoverboard_ros2_control/share/colcon-core/packages/hoverboard_ros2_control)
[1.486s] Level 1:colcon.colcon_core.environment:create_environment_scripts_only(hoverboard_ros2_control)
[1.486s] Level 1:colcon.colcon_core.environment:checking '/home/luqseee/robot_ws/install/hoverboard_ros2_control' for CMake module files
[1.487s] Level 1:colcon.colcon_core.environment:checking '/home/luqseee/robot_ws/install/hoverboard_ros2_control' for CMake config files
[1.488s] Level 1:colcon.colcon_core.shell:create_environment_hook('hoverboard_ros2_control', 'cmake_prefix_path')
[1.488s] INFO:colcon.colcon_core.shell:Creating environment hook '/home/luqseee/robot_ws/install/hoverboard_ros2_control/share/hoverboard_ros2_control/hook/cmake_prefix_path.ps1'
[1.489s] INFO:colcon.colcon_core.shell:Creating environment descriptor '/home/luqseee/robot_ws/install/hoverboard_ros2_control/share/hoverboard_ros2_control/hook/cmake_prefix_path.dsv'
[1.489s] INFO:colcon.colcon_core.shell:Creating environment hook '/home/luqseee/robot_ws/install/hoverboard_ros2_control/share/hoverboard_ros2_control/hook/cmake_prefix_path.sh'
[1.490s] Level 1:colcon.colcon_core.environment:checking '/home/luqseee/robot_ws/install/hoverboard_ros2_control/bin'
[1.490s] Level 1:colcon.colcon_core.environment:checking '/home/luqseee/robot_ws/install/hoverboard_ros2_control/lib/pkgconfig/hoverboard_ros2_control.pc'
[1.491s] Level 1:colcon.colcon_core.environment:checking '/home/luqseee/robot_ws/install/hoverboard_ros2_control/lib/python3.12/site-packages'
[1.491s] Level 1:colcon.colcon_core.environment:checking '/home/luqseee/robot_ws/install/hoverboard_ros2_control/bin'
[1.492s] INFO:colcon.colcon_core.shell:Creating package script '/home/luqseee/robot_ws/install/hoverboard_ros2_control/share/hoverboard_ros2_control/package.ps1'
[1.493s] INFO:colcon.colcon_core.shell:Creating package descriptor '/home/luqseee/robot_ws/install/hoverboard_ros2_control/share/hoverboard_ros2_control/package.dsv'
[1.493s] INFO:colcon.colcon_core.shell:Creating package script '/home/luqseee/robot_ws/install/hoverboard_ros2_control/share/hoverboard_ros2_control/package.sh'
[1.494s] INFO:colcon.colcon_core.shell:Creating package script '/home/luqseee/robot_ws/install/hoverboard_ros2_control/share/hoverboard_ros2_control/package.bash'
[1.494s] INFO:colcon.colcon_core.shell:Creating package script '/home/luqseee/robot_ws/install/hoverboard_ros2_control/share/hoverboard_ros2_control/package.zsh'
[1.495s] Level 1:colcon.colcon_core.environment:create_file_with_runtime_dependencies(/home/luqseee/robot_ws/install/hoverboard_ros2_control/share/colcon-core/packages/hoverboard_ros2_control)
[1.496s] INFO:colcon.colcon_ros.task.ament_cmake.build:Building ROS package in '/home/luqseee/robot_ws/src/sllidar_ros2' with build type 'ament_cmake'
[1.496s] INFO:colcon.colcon_cmake.task.cmake.build:Building CMake package in '/home/luqseee/robot_ws/src/sllidar_ros2'
[1.496s] INFO:colcon.colcon_core.shell:Skip shell extension 'powershell' for command environment: Not usable outside of PowerShell
[1.496s] DEBUG:colcon.colcon_core.shell:Skip shell extension 'dsv' for command environment
[1.503s] Level 1:colcon.colcon_core.environment:create_environment_scripts_only(hoverboard_demo_description)
[1.503s] Level 1:colcon.colcon_core.environment:checking '/home/luqseee/robot_ws/install/hoverboard_demo_description' for CMake module files
[1.504s] DEBUG:colcon.colcon_core.event_handler.log_command:Invoked command in '/home/luqseee/robot_ws/build/hoverboard_demo_description' returned '0': CMAKE_PREFIX_PATH=${CMAKE_PREFIX_PATH}:/opt/ros/jazzy DEBUGINFOD_URLS=https://debuginfod.ubuntu.com /usr/bin/cmake --install /home/luqseee/robot_ws/build/hoverboard_demo_description
[1.504s] Level 1:colcon.colcon_core.environment:checking '/home/luqseee/robot_ws/install/hoverboard_demo_description' for CMake config files
[1.505s] Level 1:colcon.colcon_core.shell:create_environment_hook('hoverboard_demo_description', 'cmake_prefix_path')
[1.505s] INFO:colcon.colcon_core.shell:Creating environment hook '/home/luqseee/robot_ws/install/hoverboard_demo_description/share/hoverboard_demo_description/hook/cmake_prefix_path.ps1'
[1.506s] INFO:colcon.colcon_core.shell:Creating environment descriptor '/home/luqseee/robot_ws/install/hoverboard_demo_description/share/hoverboard_demo_description/hook/cmake_prefix_path.dsv'
[1.506s] INFO:colcon.colcon_core.shell:Creating environment hook '/home/luqseee/robot_ws/install/hoverboard_demo_description/share/hoverboard_demo_description/hook/cmake_prefix_path.sh'
[1.507s] Level 1:colcon.colcon_core.environment:checking '/home/luqseee/robot_ws/install/hoverboard_demo_description/bin'
[1.507s] Level 1:colcon.colcon_core.environment:checking '/home/luqseee/robot_ws/install/hoverboard_demo_description/lib/pkgconfig/hoverboard_demo_description.pc'
[1.508s] Level 1:colcon.colcon_core.environment:checking '/home/luqseee/robot_ws/install/hoverboard_demo_description/lib/python3.12/site-packages'
[1.508s] Level 1:colcon.colcon_core.environment:checking '/home/luqseee/robot_ws/install/hoverboard_demo_description/bin'
[1.508s] INFO:colcon.colcon_core.shell:Creating package script '/home/luqseee/robot_ws/install/hoverboard_demo_description/share/hoverboard_demo_description/package.ps1'
[1.509s] INFO:colcon.colcon_core.shell:Creating package descriptor '/home/luqseee/robot_ws/install/hoverboard_demo_description/share/hoverboard_demo_description/package.dsv'
[1.510s] INFO:colcon.colcon_core.shell:Creating package script '/home/luqseee/robot_ws/install/hoverboard_demo_description/share/hoverboard_demo_description/package.sh'
[1.510s] INFO:colcon.colcon_core.shell:Creating package script '/home/luqseee/robot_ws/install/hoverboard_demo_description/share/hoverboard_demo_description/package.bash'
[1.510s] INFO:colcon.colcon_core.shell:Creating package script '/home/luqseee/robot_ws/install/hoverboard_demo_description/share/hoverboard_demo_description/package.zsh'
[1.511s] Level 1:colcon.colcon_core.environment:create_file_with_runtime_dependencies(/home/luqseee/robot_ws/install/hoverboard_demo_description/share/colcon-core/packages/hoverboard_demo_description)
[1.511s] Level 1:colcon.colcon_core.environment:create_environment_scripts_only(hoverboard_demo_description)
[1.512s] Level 1:colcon.colcon_core.environment:checking '/home/luqseee/robot_ws/install/hoverboard_demo_description' for CMake module files
[1.512s] Level 1:colcon.colcon_core.environment:checking '/home/luqseee/robot_ws/install/hoverboard_demo_description' for CMake config files
[1.513s] Level 1:colcon.colcon_core.shell:create_environment_hook('hoverboard_demo_description', 'cmake_prefix_path')
[1.513s] INFO:colcon.colcon_core.shell:Creating environment hook '/home/luqseee/robot_ws/install/hoverboard_demo_description/share/hoverboard_demo_description/hook/cmake_prefix_path.ps1'
[1.513s] INFO:colcon.colcon_core.shell:Creating environment descriptor '/home/luqseee/robot_ws/install/hoverboard_demo_description/share/hoverboard_demo_description/hook/cmake_prefix_path.dsv'
[1.514s] INFO:colcon.colcon_core.shell:Creating environment hook '/home/luqseee/robot_ws/install/hoverboard_demo_description/share/hoverboard_demo_description/hook/cmake_prefix_path.sh'
[1.514s] Level 1:colcon.colcon_core.environment:checking '/home/luqseee/robot_ws/install/hoverboard_demo_description/bin'
[1.514s] Level 1:colcon.colcon_core.environment:checking '/home/luqseee/robot_ws/install/hoverboard_demo_description/lib/pkgconfig/hoverboard_demo_description.pc'
[1.515s] Level 1:colcon.colcon_core.environment:checking '/home/luqseee/robot_ws/install/hoverboard_demo_description/lib/python3.12/site-packages'
[1.515s] Level 1:colcon.colcon_core.environment:checking '/home/luqseee/robot_ws/install/hoverboard_demo_description/bin'
[1.516s] INFO:colcon.colcon_core.shell:Creating package script '/home/luqseee/robot_ws/install/hoverboard_demo_description/share/hoverboard_demo_description/package.ps1'
[1.516s] INFO:colcon.colcon_core.shell:Creating package descriptor '/home/luqseee/robot_ws/install/hoverboard_demo_description/share/hoverboard_demo_description/package.dsv'
[1.517s] INFO:colcon.colcon_core.shell:Creating package script '/home/luqseee/robot_ws/install/hoverboard_demo_description/share/hoverboard_demo_description/package.sh'
[1.517s] INFO:colcon.colcon_core.shell:Creating package script '/home/luqseee/robot_ws/install/hoverboard_demo_description/share/hoverboard_demo_description/package.bash'
[1.518s] INFO:colcon.colcon_core.shell:Creating package script '/home/luqseee/robot_ws/install/hoverboard_demo_description/share/hoverboard_demo_description/package.zsh'
[1.518s] Level 1:colcon.colcon_core.environment:create_file_with_runtime_dependencies(/home/luqseee/robot_ws/install/hoverboard_demo_description/share/colcon-core/packages/hoverboard_demo_description)
[1.519s] Level 1:colcon.colcon_core.environment:create_environment_scripts_only(my_bot)
[1.519s] Level 1:colcon.colcon_core.environment:checking '/home/luqseee/robot_ws/install/my_bot' for CMake module files
[1.520s] DEBUG:colcon.colcon_core.event_handler.log_command:Invoked command in '/home/luqseee/robot_ws/build/my_bot' returned '0': CMAKE_PREFIX_PATH=${CMAKE_PREFIX_PATH}:/opt/ros/jazzy DEBUGINFOD_URLS=https://debuginfod.ubuntu.com /usr/bin/cmake --install /home/luqseee/robot_ws/build/my_bot
[1.520s] Level 1:colcon.colcon_core.environment:checking '/home/luqseee/robot_ws/install/my_bot' for CMake config files
[1.526s] Level 1:colcon.colcon_core.shell:create_environment_hook('my_bot', 'cmake_prefix_path')
[1.526s] INFO:colcon.colcon_core.shell:Creating environment hook '/home/luqseee/robot_ws/install/my_bot/share/my_bot/hook/cmake_prefix_path.ps1'
[1.527s] INFO:colcon.colcon_core.shell:Creating environment descriptor '/home/luqseee/robot_ws/install/my_bot/share/my_bot/hook/cmake_prefix_path.dsv'
[1.527s] INFO:colcon.colcon_core.shell:Creating environment hook '/home/luqseee/robot_ws/install/my_bot/share/my_bot/hook/cmake_prefix_path.sh'
[1.528s] Level 1:colcon.colcon_core.environment:checking '/home/luqseee/robot_ws/install/my_bot/bin'
[1.528s] Level 1:colcon.colcon_core.environment:checking '/home/luqseee/robot_ws/install/my_bot/lib/pkgconfig/my_bot.pc'
[1.528s] Level 1:colcon.colcon_core.environment:checking '/home/luqseee/robot_ws/install/my_bot/lib/python3.12/site-packages'
[1.529s] Level 1:colcon.colcon_core.environment:checking '/home/luqseee/robot_ws/install/my_bot/bin'
[1.529s] INFO:colcon.colcon_core.shell:Creating package script '/home/luqseee/robot_ws/install/my_bot/share/my_bot/package.ps1'
[1.530s] INFO:colcon.colcon_core.shell:Creating package descriptor '/home/luqseee/robot_ws/install/my_bot/share/my_bot/package.dsv'
[1.531s] INFO:colcon.colcon_core.shell:Creating package script '/home/luqseee/robot_ws/install/my_bot/share/my_bot/package.sh'
[1.531s] INFO:colcon.colcon_core.shell:Creating package script '/home/luqseee/robot_ws/install/my_bot/share/my_bot/package.bash'
[1.532s] INFO:colcon.colcon_core.shell:Creating package script '/home/luqseee/robot_ws/install/my_bot/share/my_bot/package.zsh'
[1.532s] Level 1:colcon.colcon_core.environment:create_file_with_runtime_dependencies(/home/luqseee/robot_ws/install/my_bot/share/colcon-core/packages/my_bot)
[1.533s] Level 1:colcon.colcon_core.environment:create_environment_scripts_only(my_bot)
[1.533s] Level 1:colcon.colcon_core.environment:checking '/home/luqseee/robot_ws/install/my_bot' for CMake module files
[1.534s] Level 1:colcon.colcon_core.environment:checking '/home/luqseee/robot_ws/install/my_bot' for CMake config files
[1.535s] Level 1:colcon.colcon_core.shell:create_environment_hook('my_bot', 'cmake_prefix_path')
[1.535s] INFO:colcon.colcon_core.shell:Creating environment hook '/home/luqseee/robot_ws/install/my_bot/share/my_bot/hook/cmake_prefix_path.ps1'
[1.535s] INFO:colcon.colcon_core.shell:Creating environment descriptor '/home/luqseee/robot_ws/install/my_bot/share/my_bot/hook/cmake_prefix_path.dsv'
[1.536s] INFO:colcon.colcon_core.shell:Creating environment hook '/home/luqseee/robot_ws/install/my_bot/share/my_bot/hook/cmake_prefix_path.sh'
[1.537s] Level 1:colcon.colcon_core.environment:checking '/home/luqseee/robot_ws/install/my_bot/bin'
[1.537s] Level 1:colcon.colcon_core.environment:checking '/home/luqseee/robot_ws/install/my_bot/lib/pkgconfig/my_bot.pc'
[1.537s] Level 1:colcon.colcon_core.environment:checking '/home/luqseee/robot_ws/install/my_bot/lib/python3.12/site-packages'
[1.538s] Level 1:colcon.colcon_core.environment:checking '/home/luqseee/robot_ws/install/my_bot/bin'
[1.538s] INFO:colcon.colcon_core.shell:Creating package script '/home/luqseee/robot_ws/install/my_bot/share/my_bot/package.ps1'
[1.539s] INFO:colcon.colcon_core.shell:Creating package descriptor '/home/luqseee/robot_ws/install/my_bot/share/my_bot/package.dsv'
[1.539s] INFO:colcon.colcon_core.shell:Creating package script '/home/luqseee/robot_ws/install/my_bot/share/my_bot/package.sh'
[1.542s] INFO:colcon.colcon_core.shell:Creating package script '/home/luqseee/robot_ws/install/my_bot/share/my_bot/package.bash'
[1.543s] INFO:colcon.colcon_core.shell:Creating package script '/home/luqseee/robot_ws/install/my_bot/share/my_bot/package.zsh'
[1.543s] Level 1:colcon.colcon_core.environment:create_file_with_runtime_dependencies(/home/luqseee/robot_ws/install/my_bot/share/colcon-core/packages/my_bot)
[1.544s] INFO:colcon.colcon_ros.task.ament_cmake.build:Building ROS package in '/home/luqseee/robot_ws/src/hoverboard_ros2_control/hoverboard_demo_bringup' with build type 'ament_cmake'
[1.544s] INFO:colcon.colcon_cmake.task.cmake.build:Building CMake package in '/home/luqseee/robot_ws/src/hoverboard_ros2_control/hoverboard_demo_bringup'
[1.545s] INFO:colcon.colcon_core.shell:Skip shell extension 'powershell' for command environment: Not usable outside of PowerShell
[1.545s] DEBUG:colcon.colcon_core.shell:Skip shell extension 'dsv' for command environment
[1.561s] DEBUG:colcon.colcon_core.event_handler.log_command:Invoking command in '/home/luqseee/robot_ws/build/sllidar_ros2': CMAKE_PREFIX_PATH=${CMAKE_PREFIX_PATH}:/opt/ros/jazzy DEBUGINFOD_URLS=https://debuginfod.ubuntu.com /usr/bin/cmake --build /home/luqseee/robot_ws/build/sllidar_ros2 -- -j4 -l4
[1.570s] DEBUG:colcon.colcon_core.event_handler.log_command:Invoking command in '/home/luqseee/robot_ws/build/hoverboard_demo_bringup': CMAKE_PREFIX_PATH=/home/luqseee/robot_ws/install/hoverboard_demo_description:/home/luqseee/robot_ws/install/sllidar_ros2:/home/luqseee/robot_ws/install/my_bot:/home/luqseee/robot_ws/install/hoverboard_ros2_control:/home/luqseee/robot_ws/install/hoverboard_hardware_interface:/home/luqseee/robot_ws/install/hoverboard_demo_bringup:/opt/ros/jazzy/opt/sdformat_vendor:/opt/ros/jazzy/opt/gz_math_vendor:/opt/ros/jazzy/opt/gz_utils_vendor:/opt/ros/jazzy/opt/gz_tools_vendor:/opt/ros/jazzy/opt/gz_cmake_vendor:/opt/ros/jazzy DEBUGINFOD_URLS=https://debuginfod.ubuntu.com /usr/bin/cmake --build /home/luqseee/robot_ws/build/hoverboard_demo_bringup -- -j4 -l4
[1.665s] DEBUG:colcon.colcon_core.event_handler.log_command:Invoked command in '/home/luqseee/robot_ws/build/hoverboard_demo_bringup' returned '0': CMAKE_PREFIX_PATH=/home/luqseee/robot_ws/install/hoverboard_demo_description:/home/luqseee/robot_ws/install/sllidar_ros2:/home/luqseee/robot_ws/install/my_bot:/home/luqseee/robot_ws/install/hoverboard_ros2_control:/home/luqseee/robot_ws/install/hoverboard_hardware_interface:/home/luqseee/robot_ws/install/hoverboard_demo_bringup:/opt/ros/jazzy/opt/sdformat_vendor:/opt/ros/jazzy/opt/gz_math_vendor:/opt/ros/jazzy/opt/gz_utils_vendor:/opt/ros/jazzy/opt/gz_tools_vendor:/opt/ros/jazzy/opt/gz_cmake_vendor:/opt/ros/jazzy DEBUGINFOD_URLS=https://debuginfod.ubuntu.com /usr/bin/cmake --build /home/luqseee/robot_ws/build/hoverboard_demo_bringup -- -j4 -l4
[1.673s] DEBUG:colcon.colcon_core.event_handler.log_command:Invoking command in '/home/luqseee/robot_ws/build/hoverboard_demo_bringup': CMAKE_PREFIX_PATH=/home/luqseee/robot_ws/install/hoverboard_demo_description:/home/luqseee/robot_ws/install/sllidar_ros2:/home/luqseee/robot_ws/install/my_bot:/home/luqseee/robot_ws/install/hoverboard_ros2_control:/home/luqseee/robot_ws/install/hoverboard_hardware_interface:/home/luqseee/robot_ws/install/hoverboard_demo_bringup:/opt/ros/jazzy/opt/sdformat_vendor:/opt/ros/jazzy/opt/gz_math_vendor:/opt/ros/jazzy/opt/gz_utils_vendor:/opt/ros/jazzy/opt/gz_tools_vendor:/opt/ros/jazzy/opt/gz_cmake_vendor:/opt/ros/jazzy DEBUGINFOD_URLS=https://debuginfod.ubuntu.com /usr/bin/cmake --install /home/luqseee/robot_ws/build/hoverboard_demo_bringup
[1.744s] Level 1:colcon.colcon_core.environment:create_environment_scripts_only(hoverboard_demo_bringup)
[1.745s] Level 1:colcon.colcon_core.environment:checking '/home/luqseee/robot_ws/install/hoverboard_demo_bringup' for CMake module files
[1.745s] DEBUG:colcon.colcon_core.event_handler.log_command:Invoked command in '/home/luqseee/robot_ws/build/hoverboard_demo_bringup' returned '0': CMAKE_PREFIX_PATH=/home/luqseee/robot_ws/install/hoverboard_demo_description:/home/luqseee/robot_ws/install/sllidar_ros2:/home/luqseee/robot_ws/install/my_bot:/home/luqseee/robot_ws/install/hoverboard_ros2_control:/home/luqseee/robot_ws/install/hoverboard_hardware_interface:/home/luqseee/robot_ws/install/hoverboard_demo_bringup:/opt/ros/jazzy/opt/sdformat_vendor:/opt/ros/jazzy/opt/gz_math_vendor:/opt/ros/jazzy/opt/gz_utils_vendor:/opt/ros/jazzy/opt/gz_tools_vendor:/opt/ros/jazzy/opt/gz_cmake_vendor:/opt/ros/jazzy DEBUGINFOD_URLS=https://debuginfod.ubuntu.com /usr/bin/cmake --install /home/luqseee/robot_ws/build/hoverboard_demo_bringup
[1.746s] Level 1:colcon.colcon_core.environment:checking '/home/luqseee/robot_ws/install/hoverboard_demo_bringup' for CMake config files
[1.748s] Level 1:colcon.colcon_core.shell:create_environment_hook('hoverboard_demo_bringup', 'cmake_prefix_path')
[1.749s] INFO:colcon.colcon_core.shell:Creating environment hook '/home/luqseee/robot_ws/install/hoverboard_demo_bringup/share/hoverboard_demo_bringup/hook/cmake_prefix_path.ps1'
[1.751s] INFO:colcon.colcon_core.shell:Creating environment descriptor '/home/luqseee/robot_ws/install/hoverboard_demo_bringup/share/hoverboard_demo_bringup/hook/cmake_prefix_path.dsv'
[1.752s] INFO:colcon.colcon_core.shell:Creating environment hook '/home/luqseee/robot_ws/install/hoverboard_demo_bringup/share/hoverboard_demo_bringup/hook/cmake_prefix_path.sh'
[1.754s] Level 1:colcon.colcon_core.environment:checking '/home/luqseee/robot_ws/install/hoverboard_demo_bringup/bin'
[1.754s] Level 1:colcon.colcon_core.environment:checking '/home/luqseee/robot_ws/install/hoverboard_demo_bringup/lib/pkgconfig/hoverboard_demo_bringup.pc'
[1.754s] Level 1:colcon.colcon_core.environment:checking '/home/luqseee/robot_ws/install/hoverboard_demo_bringup/lib/python3.12/site-packages'
[1.755s] Level 1:colcon.colcon_core.environment:checking '/home/luqseee/robot_ws/install/hoverboard_demo_bringup/bin'
[1.756s] INFO:colcon.colcon_core.shell:Creating package script '/home/luqseee/robot_ws/install/hoverboard_demo_bringup/share/hoverboard_demo_bringup/package.ps1'
[1.757s] INFO:colcon.colcon_core.shell:Creating package descriptor '/home/luqseee/robot_ws/install/hoverboard_demo_bringup/share/hoverboard_demo_bringup/package.dsv'
[1.758s] INFO:colcon.colcon_core.shell:Creating package script '/home/luqseee/robot_ws/install/hoverboard_demo_bringup/share/hoverboard_demo_bringup/package.sh'
[1.759s] INFO:colcon.colcon_core.shell:Creating package script '/home/luqseee/robot_ws/install/hoverboard_demo_bringup/share/hoverboard_demo_bringup/package.bash'
[1.761s] INFO:colcon.colcon_core.shell:Creating package script '/home/luqseee/robot_ws/install/hoverboard_demo_bringup/share/hoverboard_demo_bringup/package.zsh'
[1.762s] Level 1:colcon.colcon_core.environment:create_file_with_runtime_dependencies(/home/luqseee/robot_ws/install/hoverboard_demo_bringup/share/colcon-core/packages/hoverboard_demo_bringup)
[1.764s] Level 1:colcon.colcon_core.environment:create_environment_scripts_only(hoverboard_demo_bringup)
[1.764s] Level 1:colcon.colcon_core.environment:checking '/home/luqseee/robot_ws/install/hoverboard_demo_bringup' for CMake module files
[1.765s] Level 1:colcon.colcon_core.environment:checking '/home/luqseee/robot_ws/install/hoverboard_demo_bringup' for CMake config files
[1.766s] Level 1:colcon.colcon_core.shell:create_environment_hook('hoverboard_demo_bringup', 'cmake_prefix_path')
[1.766s] INFO:colcon.colcon_core.shell:Creating environment hook '/home/luqseee/robot_ws/install/hoverboard_demo_bringup/share/hoverboard_demo_bringup/hook/cmake_prefix_path.ps1'
[1.767s] INFO:colcon.colcon_core.shell:Creating environment descriptor '/home/luqseee/robot_ws/install/hoverboard_demo_bringup/share/hoverboard_demo_bringup/hook/cmake_prefix_path.dsv'
[1.769s] INFO:colcon.colcon_core.shell:Creating environment hook '/home/luqseee/robot_ws/install/hoverboard_demo_bringup/share/hoverboard_demo_bringup/hook/cmake_prefix_path.sh'
[1.771s] Level 1:colcon.colcon_core.environment:checking '/home/luqseee/robot_ws/install/hoverboard_demo_bringup/bin'
[1.771s] Level 1:colcon.colcon_core.environment:checking '/home/luqseee/robot_ws/install/hoverboard_demo_bringup/lib/pkgconfig/hoverboard_demo_bringup.pc'
[1.771s] Level 1:colcon.colcon_core.environment:checking '/home/luqseee/robot_ws/install/hoverboard_demo_bringup/lib/python3.12/site-packages'
[1.772s] Level 1:colcon.colcon_core.environment:checking '/home/luqseee/robot_ws/install/hoverboard_demo_bringup/bin'
[1.772s] INFO:colcon.colcon_core.shell:Creating package script '/home/luqseee/robot_ws/install/hoverboard_demo_bringup/share/hoverboard_demo_bringup/package.ps1'
[1.773s] INFO:colcon.colcon_core.shell:Creating package descriptor '/home/luqseee/robot_ws/install/hoverboard_demo_bringup/share/hoverboard_demo_bringup/package.dsv'
[1.775s] INFO:colcon.colcon_core.shell:Creating package script '/home/luqseee/robot_ws/install/hoverboard_demo_bringup/share/hoverboard_demo_bringup/package.sh'
[1.777s] INFO:colcon.colcon_core.shell:Creating package script '/home/luqseee/robot_ws/install/hoverboard_demo_bringup/share/hoverboard_demo_bringup/package.bash'
[1.778s] INFO:colcon.colcon_core.shell:Creating package script '/home/luqseee/robot_ws/install/hoverboard_demo_bringup/share/hoverboard_demo_bringup/package.zsh'
[1.779s] Level 1:colcon.colcon_core.environment:create_file_with_runtime_dependencies(/home/luqseee/robot_ws/install/hoverboard_demo_bringup/share/colcon-core/packages/hoverboard_demo_bringup)
[1.788s] DEBUG:colcon.colcon_core.event_handler.log_command:Invoked command in '/home/luqseee/robot_ws/build/sllidar_ros2' returned '0': CMAKE_PREFIX_PATH=${CMAKE_PREFIX_PATH}:/opt/ros/jazzy DEBUGINFOD_URLS=https://debuginfod.ubuntu.com /usr/bin/cmake --build /home/luqseee/robot_ws/build/sllidar_ros2 -- -j4 -l4
[1.796s] DEBUG:colcon.colcon_core.event_handler.log_command:Invoking command in '/home/luqseee/robot_ws/build/sllidar_ros2': CMAKE_PREFIX_PATH=${CMAKE_PREFIX_PATH}:/opt/ros/jazzy DEBUGINFOD_URLS=https://debuginfod.ubuntu.com /usr/bin/cmake --install /home/luqseee/robot_ws/build/sllidar_ros2
[1.863s] Level 1:colcon.colcon_core.environment:create_environment_scripts_only(sllidar_ros2)
[1.863s] Level 1:colcon.colcon_core.environment:checking '/home/luqseee/robot_ws/install/sllidar_ros2' for CMake module files
[1.864s] DEBUG:colcon.colcon_core.event_handler.log_command:Invoked command in '/home/luqseee/robot_ws/build/sllidar_ros2' returned '0': CMAKE_PREFIX_PATH=${CMAKE_PREFIX_PATH}:/opt/ros/jazzy DEBUGINFOD_URLS=https://debuginfod.ubuntu.com /usr/bin/cmake --install /home/luqseee/robot_ws/build/sllidar_ros2
[1.865s] Level 1:colcon.colcon_core.environment:checking '/home/luqseee/robot_ws/install/sllidar_ros2' for CMake config files
[1.866s] Level 1:colcon.colcon_core.shell:create_environment_hook('sllidar_ros2', 'cmake_prefix_path')
[1.866s] INFO:colcon.colcon_core.shell:Creating environment hook '/home/luqseee/robot_ws/install/sllidar_ros2/share/sllidar_ros2/hook/cmake_prefix_path.ps1'
[1.867s] INFO:colcon.colcon_core.shell:Creating environment descriptor '/home/luqseee/robot_ws/install/sllidar_ros2/share/sllidar_ros2/hook/cmake_prefix_path.dsv'
[1.868s] INFO:colcon.colcon_core.shell:Creating environment hook '/home/luqseee/robot_ws/install/sllidar_ros2/share/sllidar_ros2/hook/cmake_prefix_path.sh'
[1.870s] Level 1:colcon.colcon_core.environment:checking '/home/luqseee/robot_ws/install/sllidar_ros2/lib'
[1.871s] Level 1:colcon.colcon_core.environment:checking '/home/luqseee/robot_ws/install/sllidar_ros2/bin'
[1.871s] Level 1:colcon.colcon_core.environment:checking '/home/luqseee/robot_ws/install/sllidar_ros2/lib/pkgconfig/sllidar_ros2.pc'
[1.871s] Level 1:colcon.colcon_core.environment:checking '/home/luqseee/robot_ws/install/sllidar_ros2/lib/python3.12/site-packages'
[1.872s] Level 1:colcon.colcon_core.environment:checking '/home/luqseee/robot_ws/install/sllidar_ros2/bin'
[1.872s] INFO:colcon.colcon_core.shell:Creating package script '/home/luqseee/robot_ws/install/sllidar_ros2/share/sllidar_ros2/package.ps1'
[1.873s] INFO:colcon.colcon_core.shell:Creating package descriptor '/home/luqseee/robot_ws/install/sllidar_ros2/share/sllidar_ros2/package.dsv'
[1.874s] INFO:colcon.colcon_core.shell:Creating package script '/home/luqseee/robot_ws/install/sllidar_ros2/share/sllidar_ros2/package.sh'
[1.875s] INFO:colcon.colcon_core.shell:Creating package script '/home/luqseee/robot_ws/install/sllidar_ros2/share/sllidar_ros2/package.bash'
[1.876s] INFO:colcon.colcon_core.shell:Creating package script '/home/luqseee/robot_ws/install/sllidar_ros2/share/sllidar_ros2/package.zsh'
[1.877s] Level 1:colcon.colcon_core.environment:create_file_with_runtime_dependencies(/home/luqseee/robot_ws/install/sllidar_ros2/share/colcon-core/packages/sllidar_ros2)
[1.879s] Level 1:colcon.colcon_core.environment:create_environment_scripts_only(sllidar_ros2)
[1.879s] Level 1:colcon.colcon_core.environment:checking '/home/luqseee/robot_ws/install/sllidar_ros2' for CMake module files
[1.880s] Level 1:colcon.colcon_core.environment:checking '/home/luqseee/robot_ws/install/sllidar_ros2' for CMake config files
[1.881s] Level 1:colcon.colcon_core.shell:create_environment_hook('sllidar_ros2', 'cmake_prefix_path')
[1.881s] INFO:colcon.colcon_core.shell:Creating environment hook '/home/luqseee/robot_ws/install/sllidar_ros2/share/sllidar_ros2/hook/cmake_prefix_path.ps1'
[1.882s] INFO:colcon.colcon_core.shell:Creating environment descriptor '/home/luqseee/robot_ws/install/sllidar_ros2/share/sllidar_ros2/hook/cmake_prefix_path.dsv'
[1.883s] INFO:colcon.colcon_core.shell:Creating environment hook '/home/luqseee/robot_ws/install/sllidar_ros2/share/sllidar_ros2/hook/cmake_prefix_path.sh'
[1.885s] Level 1:colcon.colcon_core.environment:checking '/home/luqseee/robot_ws/install/sllidar_ros2/lib'
[1.885s] Level 1:colcon.colcon_core.environment:checking '/home/luqseee/robot_ws/install/sllidar_ros2/bin'
[1.885s] Level 1:colcon.colcon_core.environment:checking '/home/luqseee/robot_ws/install/sllidar_ros2/lib/pkgconfig/sllidar_ros2.pc'
[1.885s] Level 1:colcon.colcon_core.environment:checking '/home/luqseee/robot_ws/install/sllidar_ros2/lib/python3.12/site-packages'
[1.886s] Level 1:colcon.colcon_core.environment:checking '/home/luqseee/robot_ws/install/sllidar_ros2/bin'
[1.886s] INFO:colcon.colcon_core.shell:Creating package script '/home/luqseee/robot_ws/install/sllidar_ros2/share/sllidar_ros2/package.ps1'
[1.887s] INFO:colcon.colcon_core.shell:Creating package descriptor '/home/luqseee/robot_ws/install/sllidar_ros2/share/sllidar_ros2/package.dsv'
[1.888s] INFO:colcon.colcon_core.shell:Creating package script '/home/luqseee/robot_ws/install/sllidar_ros2/share/sllidar_ros2/package.sh'
[1.889s] INFO:colcon.colcon_core.shell:Creating package script '/home/luqseee/robot_ws/install/sllidar_ros2/share/sllidar_ros2/package.bash'
[1.891s] INFO:colcon.colcon_core.shell:Creating package script '/home/luqseee/robot_ws/install/sllidar_ros2/share/sllidar_ros2/package.zsh'
[1.892s] Level 1:colcon.colcon_core.environment:create_file_with_runtime_dependencies(/home/luqseee/robot_ws/install/sllidar_ros2/share/colcon-core/packages/sllidar_ros2)
[1.895s] DEBUG:colcon.colcon_core.event_handler.log_command:Invoked command in '/home/luqseee/robot_ws/build/hoverboard_hardware_interface' returned '0': CMAKE_PREFIX_PATH=${CMAKE_PREFIX_PATH}:/opt/ros/jazzy DEBUGINFOD_URLS=https://debuginfod.ubuntu.com /usr/bin/cmake --build /home/luqseee/robot_ws/build/hoverboard_hardware_interface -- -j4 -l4
[1.909s] DEBUG:colcon.colcon_core.event_handler.log_command:Invoking command in '/home/luqseee/robot_ws/build/hoverboard_hardware_interface': CMAKE_PREFIX_PATH=${CMAKE_PREFIX_PATH}:/opt/ros/jazzy DEBUGINFOD_URLS=https://debuginfod.ubuntu.com /usr/bin/cmake --install /home/luqseee/robot_ws/build/hoverboard_hardware_interface
[1.964s] Level 1:colcon.colcon_core.environment:create_environment_scripts_only(hoverboard_hardware_interface)
[1.964s] Level 1:colcon.colcon_core.environment:checking '/home/luqseee/robot_ws/install/hoverboard_hardware_interface' for CMake module files
[1.965s] DEBUG:colcon.colcon_core.event_handler.log_command:Invoked command in '/home/luqseee/robot_ws/build/hoverboard_hardware_interface' returned '0': CMAKE_PREFIX_PATH=${CMAKE_PREFIX_PATH}:/opt/ros/jazzy DEBUGINFOD_URLS=https://debuginfod.ubuntu.com /usr/bin/cmake --install /home/luqseee/robot_ws/build/hoverboard_hardware_interface
[1.965s] Level 1:colcon.colcon_core.environment:checking '/home/luqseee/robot_ws/install/hoverboard_hardware_interface' for CMake config files
[1.966s] Level 1:colcon.colcon_core.shell:create_environment_hook('hoverboard_hardware_interface', 'cmake_prefix_path')
[1.966s] INFO:colcon.colcon_core.shell:Creating environment hook '/home/luqseee/robot_ws/install/hoverboard_hardware_interface/share/hoverboard_hardware_interface/hook/cmake_prefix_path.ps1'
[1.967s] INFO:colcon.colcon_core.shell:Creating environment descriptor '/home/luqseee/robot_ws/install/hoverboard_hardware_interface/share/hoverboard_hardware_interface/hook/cmake_prefix_path.dsv'
[1.969s] INFO:colcon.colcon_core.shell:Creating environment hook '/home/luqseee/robot_ws/install/hoverboard_hardware_interface/share/hoverboard_hardware_interface/hook/cmake_prefix_path.sh'
[1.971s] Level 1:colcon.colcon_core.environment:checking '/home/luqseee/robot_ws/install/hoverboard_hardware_interface/lib'
[1.971s] Level 1:colcon.colcon_core.shell:create_environment_hook('hoverboard_hardware_interface', 'ld_library_path_lib')
[1.971s] INFO:colcon.colcon_core.shell:Creating environment hook '/home/luqseee/robot_ws/install/hoverboard_hardware_interface/share/hoverboard_hardware_interface/hook/ld_library_path_lib.ps1'
[1.972s] INFO:colcon.colcon_core.shell:Creating environment descriptor '/home/luqseee/robot_ws/install/hoverboard_hardware_interface/share/hoverboard_hardware_interface/hook/ld_library_path_lib.dsv'
[1.973s] INFO:colcon.colcon_core.shell:Creating environment hook '/home/luqseee/robot_ws/install/hoverboard_hardware_interface/share/hoverboard_hardware_interface/hook/ld_library_path_lib.sh'
[1.974s] Level 1:colcon.colcon_core.environment:checking '/home/luqseee/robot_ws/install/hoverboard_hardware_interface/bin'
[1.974s] Level 1:colcon.colcon_core.environment:checking '/home/luqseee/robot_ws/install/hoverboard_hardware_interface/lib/pkgconfig/hoverboard_hardware_interface.pc'
[1.975s] Level 1:colcon.colcon_core.environment:checking '/home/luqseee/robot_ws/install/hoverboard_hardware_interface/lib/python3.12/site-packages'
[1.975s] Level 1:colcon.colcon_core.environment:checking '/home/luqseee/robot_ws/install/hoverboard_hardware_interface/bin'
[1.976s] INFO:colcon.colcon_core.shell:Creating package script '/home/luqseee/robot_ws/install/hoverboard_hardware_interface/share/hoverboard_hardware_interface/package.ps1'
[1.977s] INFO:colcon.colcon_core.shell:Creating package descriptor '/home/luqseee/robot_ws/install/hoverboard_hardware_interface/share/hoverboard_hardware_interface/package.dsv'
[1.977s] INFO:colcon.colcon_core.shell:Creating package script '/home/luqseee/robot_ws/install/hoverboard_hardware_interface/share/hoverboard_hardware_interface/package.sh'
[1.978s] INFO:colcon.colcon_core.shell:Creating package script '/home/luqseee/robot_ws/install/hoverboard_hardware_interface/share/hoverboard_hardware_interface/package.bash'
[1.978s] INFO:colcon.colcon_core.shell:Creating package script '/home/luqseee/robot_ws/install/hoverboard_hardware_interface/share/hoverboard_hardware_interface/package.zsh'
[1.979s] Level 1:colcon.colcon_core.environment:create_file_with_runtime_dependencies(/home/luqseee/robot_ws/install/hoverboard_hardware_interface/share/colcon-core/packages/hoverboard_hardware_interface)
[1.981s] Level 1:colcon.colcon_core.environment:create_environment_scripts_only(hoverboard_hardware_interface)
[1.981s] Level 1:colcon.colcon_core.environment:checking '/home/luqseee/robot_ws/install/hoverboard_hardware_interface' for CMake module files
[1.982s] Level 1:colcon.colcon_core.environment:checking '/home/luqseee/robot_ws/install/hoverboard_hardware_interface' for CMake config files
[1.982s] Level 1:colcon.colcon_core.shell:create_environment_hook('hoverboard_hardware_interface', 'cmake_prefix_path')
[1.982s] INFO:colcon.colcon_core.shell:Creating environment hook '/home/luqseee/robot_ws/install/hoverboard_hardware_interface/share/hoverboard_hardware_interface/hook/cmake_prefix_path.ps1'
[1.983s] INFO:colcon.colcon_core.shell:Creating environment descriptor '/home/luqseee/robot_ws/install/hoverboard_hardware_interface/share/hoverboard_hardware_interface/hook/cmake_prefix_path.dsv'
[1.984s] INFO:colcon.colcon_core.shell:Creating environment hook '/home/luqseee/robot_ws/install/hoverboard_hardware_interface/share/hoverboard_hardware_interface/hook/cmake_prefix_path.sh'
[1.985s] Level 1:colcon.colcon_core.environment:checking '/home/luqseee/robot_ws/install/hoverboard_hardware_interface/lib'
[1.985s] Level 1:colcon.colcon_core.shell:create_environment_hook('hoverboard_hardware_interface', 'ld_library_path_lib')
[1.985s] INFO:colcon.colcon_core.shell:Creating environment hook '/home/luqseee/robot_ws/install/hoverboard_hardware_interface/share/hoverboard_hardware_interface/hook/ld_library_path_lib.ps1'
[1.986s] INFO:colcon.colcon_core.shell:Creating environment descriptor '/home/luqseee/robot_ws/install/hoverboard_hardware_interface/share/hoverboard_hardware_interface/hook/ld_library_path_lib.dsv'
[1.987s] INFO:colcon.colcon_core.shell:Creating environment hook '/home/luqseee/robot_ws/install/hoverboard_hardware_interface/share/hoverboard_hardware_interface/hook/ld_library_path_lib.sh'
[1.988s] Level 1:colcon.colcon_core.environment:checking '/home/luqseee/robot_ws/install/hoverboard_hardware_interface/bin'
[1.988s] Level 1:colcon.colcon_core.environment:checking '/home/luqseee/robot_ws/install/hoverboard_hardware_interface/lib/pkgconfig/hoverboard_hardware_interface.pc'
[1.989s] Level 1:colcon.colcon_core.environment:checking '/home/luqseee/robot_ws/install/hoverboard_hardware_interface/lib/python3.12/site-packages'
[1.989s] Level 1:colcon.colcon_core.environment:checking '/home/luqseee/robot_ws/install/hoverboard_hardware_interface/bin'
[1.989s] INFO:colcon.colcon_core.shell:Creating package script '/home/luqseee/robot_ws/install/hoverboard_hardware_interface/share/hoverboard_hardware_interface/package.ps1'
[1.990s] INFO:colcon.colcon_core.shell:Creating package descriptor '/home/luqseee/robot_ws/install/hoverboard_hardware_interface/share/hoverboard_hardware_interface/package.dsv'
[1.992s] INFO:colcon.colcon_core.shell:Creating package script '/home/luqseee/robot_ws/install/hoverboard_hardware_interface/share/hoverboard_hardware_interface/package.sh'
[1.993s] INFO:colcon.colcon_core.shell:Creating package script '/home/luqseee/robot_ws/install/hoverboard_hardware_interface/share/hoverboard_hardware_interface/package.bash'
[1.994s] INFO:colcon.colcon_core.shell:Creating package script '/home/luqseee/robot_ws/install/hoverboard_hardware_interface/share/hoverboard_hardware_interface/package.zsh'
[1.996s] Level 1:colcon.colcon_core.environment:create_file_with_runtime_dependencies(/home/luqseee/robot_ws/install/hoverboard_hardware_interface/share/colcon-core/packages/hoverboard_hardware_interface)
[1.999s] DEBUG:colcon.colcon_parallel_executor.executor.parallel:closing loop
[1.999s] DEBUG:colcon.colcon_parallel_executor.executor.parallel:loop closed
[1.999s] DEBUG:colcon.colcon_parallel_executor.executor.parallel:run_until_complete finished with '0'
[1.999s] DEBUG:colcon.colcon_core.event_reactor:joining thread
[2.000s] DEBUG:colcon.colcon_core.event_reactor:joined thread
[2.001s] INFO:colcon.colcon_core.shell:Creating prefix script '/home/luqseee/robot_ws/install/local_setup.ps1'
[2.002s] INFO:colcon.colcon_core.shell:Creating prefix util module '/home/luqseee/robot_ws/install/_local_setup_util_ps1.py'
[2.005s] INFO:colcon.colcon_core.shell:Creating prefix chain script '/home/luqseee/robot_ws/install/setup.ps1'
[2.007s] INFO:colcon.colcon_core.shell:Creating prefix script '/home/luqseee/robot_ws/install/local_setup.sh'
[2.010s] INFO:colcon.colcon_core.shell:Creating prefix util module '/home/luqseee/robot_ws/install/_local_setup_util_sh.py'
[2.012s] INFO:colcon.colcon_core.shell:Creating prefix chain script '/home/luqseee/robot_ws/install/setup.sh'
[2.015s] INFO:colcon.colcon_core.shell:Creating prefix script '/home/luqseee/robot_ws/install/local_setup.bash'
[2.017s] INFO:colcon.colcon_core.shell:Creating prefix chain script '/home/luqseee/robot_ws/install/setup.bash'
[2.019s] INFO:colcon.colcon_core.shell:Creating prefix script '/home/luqseee/robot_ws/install/local_setup.zsh'
[2.022s] INFO:colcon.colcon_core.shell:Creating prefix chain script '/home/luqseee/robot_ws/install/setup.zsh'
