[0.017s] Invoking command in '/home/luqseee/robot_ws/src/build/hoverboard_demo_bringup': AMENT_PREFIX_PATH=/home/luqseee/robot_ws/src/install/hoverboard_demo_description:${AMENT_PREFIX_PATH} CMAKE_PREFIX_PATH=/home/luqseee/robot_ws/src/install/hoverboard_demo_description:/home/luqseee/robot_ws/install/sllidar_ros2:/home/luqseee/robot_ws/install/my_bot:/home/luqseee/robot_ws/install/camera_ros:/opt/ros/jazzy/opt/sdformat_vendor:/opt/ros/jazzy/opt/gz_math_vendor:/opt/ros/jazzy/opt/gz_utils_vendor:/opt/ros/jazzy/opt/gz_tools_vendor:/opt/ros/jazzy/opt/gz_cmake_vendor:/opt/ros/jazzy DEBUGINFOD_URLS=https://debuginfod.ubuntu.com /usr/bin/cmake /home/luqseee/robot_ws/src/hoverboard_ros2_control/hoverboard_demo_bringup -DAMENT_CMAKE_SYMLINK_INSTALL=1 -DCMAKE_INSTALL_PREFIX=/home/luqseee/robot_ws/src/install/hoverboard_demo_bringup
[0.157s] -- The C compiler identification is GNU 13.3.0
[0.289s] -- The CXX compiler identification is GNU 13.3.0
[0.334s] -- Detecting C compiler ABI info
[0.661s] -- Detecting C compiler ABI info - done
[0.689s] -- Check for working C compiler: /usr/bin/cc - skipped
[0.693s] -- Detecting C compile features
[0.696s] -- Detecting C compile features - done
[0.722s] -- Detecting CXX compiler ABI info
[1.055s] -- Detecting CXX compiler ABI info - done
[1.089s] -- Check for working CXX compiler: /usr/bin/c++ - skipped
[1.090s] -- Detecting CXX compile features
[1.090s] -- Detecting CXX compile features - done
[1.098s] -- Found ament_cmake_auto: 2.5.6 (/opt/ros/jazzy/share/ament_cmake_auto/cmake)
[1.585s] -- Found Python3: /usr/bin/python3 (found version "3.12.3") found components: Interpreter 
[1.908s] -- Override CMake install command with custom implementation using symlinks instead of copying resources
[2.042s] -- Found ament_lint_auto: 0.17.5 (/opt/ros/jazzy/share/ament_lint_auto/cmake)
[3.043s] -- Added test 'flake8' to check Python code syntax and style conventions
[3.043s] -- Configured 'flake8' exclude dirs and/or files: 
[3.044s] -- Added test 'lint_cmake' to check CMake code style
[3.061s] -- Added test 'pep257' to check Python code against some of the docstring style conventions in PEP 257
[3.076s] -- Added test 'xmllint' to check XML markup files
[3.095s] -- Configuring done (3.1s)
[3.127s] -- Generating done (0.0s)
[3.159s] -- Build files have been written to: /home/luqseee/robot_ws/src/build/hoverboard_demo_bringup
[3.244s] Invoked command in '/home/luqseee/robot_ws/src/build/hoverboard_demo_bringup' returned '0': AMENT_PREFIX_PATH=/home/luqseee/robot_ws/src/install/hoverboard_demo_description:${AMENT_PREFIX_PATH} CMAKE_PREFIX_PATH=/home/luqseee/robot_ws/src/install/hoverboard_demo_description:/home/luqseee/robot_ws/install/sllidar_ros2:/home/luqseee/robot_ws/install/my_bot:/home/luqseee/robot_ws/install/camera_ros:/opt/ros/jazzy/opt/sdformat_vendor:/opt/ros/jazzy/opt/gz_math_vendor:/opt/ros/jazzy/opt/gz_utils_vendor:/opt/ros/jazzy/opt/gz_tools_vendor:/opt/ros/jazzy/opt/gz_cmake_vendor:/opt/ros/jazzy DEBUGINFOD_URLS=https://debuginfod.ubuntu.com /usr/bin/cmake /home/luqseee/robot_ws/src/hoverboard_ros2_control/hoverboard_demo_bringup -DAMENT_CMAKE_SYMLINK_INSTALL=1 -DCMAKE_INSTALL_PREFIX=/home/luqseee/robot_ws/src/install/hoverboard_demo_bringup
[3.245s] Invoking command in '/home/luqseee/robot_ws/src/build/hoverboard_demo_bringup': AMENT_PREFIX_PATH=/home/luqseee/robot_ws/src/install/hoverboard_demo_description:${AMENT_PREFIX_PATH} CMAKE_PREFIX_PATH=/home/luqseee/robot_ws/src/install/hoverboard_demo_description:/home/luqseee/robot_ws/install/sllidar_ros2:/home/luqseee/robot_ws/install/my_bot:/home/luqseee/robot_ws/install/camera_ros:/opt/ros/jazzy/opt/sdformat_vendor:/opt/ros/jazzy/opt/gz_math_vendor:/opt/ros/jazzy/opt/gz_utils_vendor:/opt/ros/jazzy/opt/gz_tools_vendor:/opt/ros/jazzy/opt/gz_cmake_vendor:/opt/ros/jazzy DEBUGINFOD_URLS=https://debuginfod.ubuntu.com /usr/bin/cmake --build /home/luqseee/robot_ws/src/build/hoverboard_demo_bringup -- -j4 -l4
[3.547s] Invoked command in '/home/luqseee/robot_ws/src/build/hoverboard_demo_bringup' returned '0': AMENT_PREFIX_PATH=/home/luqseee/robot_ws/src/install/hoverboard_demo_description:${AMENT_PREFIX_PATH} CMAKE_PREFIX_PATH=/home/luqseee/robot_ws/src/install/hoverboard_demo_description:/home/luqseee/robot_ws/install/sllidar_ros2:/home/luqseee/robot_ws/install/my_bot:/home/luqseee/robot_ws/install/camera_ros:/opt/ros/jazzy/opt/sdformat_vendor:/opt/ros/jazzy/opt/gz_math_vendor:/opt/ros/jazzy/opt/gz_utils_vendor:/opt/ros/jazzy/opt/gz_tools_vendor:/opt/ros/jazzy/opt/gz_cmake_vendor:/opt/ros/jazzy DEBUGINFOD_URLS=https://debuginfod.ubuntu.com /usr/bin/cmake --build /home/luqseee/robot_ws/src/build/hoverboard_demo_bringup -- -j4 -l4
[3.548s] Invoking command in '/home/luqseee/robot_ws/src/build/hoverboard_demo_bringup': AMENT_PREFIX_PATH=/home/luqseee/robot_ws/src/install/hoverboard_demo_description:${AMENT_PREFIX_PATH} CMAKE_PREFIX_PATH=/home/luqseee/robot_ws/src/install/hoverboard_demo_description:/home/luqseee/robot_ws/install/sllidar_ros2:/home/luqseee/robot_ws/install/my_bot:/home/luqseee/robot_ws/install/camera_ros:/opt/ros/jazzy/opt/sdformat_vendor:/opt/ros/jazzy/opt/gz_math_vendor:/opt/ros/jazzy/opt/gz_utils_vendor:/opt/ros/jazzy/opt/gz_tools_vendor:/opt/ros/jazzy/opt/gz_cmake_vendor:/opt/ros/jazzy DEBUGINFOD_URLS=https://debuginfod.ubuntu.com /usr/bin/cmake --install /home/luqseee/robot_ws/src/build/hoverboard_demo_bringup
[3.626s] -- Install configuration: ""
[3.638s] -- Execute custom install script
[3.638s] -- Symlinking: /home/luqseee/robot_ws/src/install/hoverboard_demo_bringup/share/hoverboard_demo_bringup/config/hoverboard_controllers.yaml
[3.723s] -- Symlinking: /home/luqseee/robot_ws/src/install/hoverboard_demo_bringup/share/hoverboard_demo_bringup/config/ps4.config.yaml
[3.799s] -- Symlinking: /home/luqseee/robot_ws/src/install/hoverboard_demo_bringup/share/hoverboard_demo_bringup/launch/hoverboard.launch.py
[3.851s] -- Symlinking: /home/luqseee/robot_ws/src/install/hoverboard_demo_bringup/share/ament_index/resource_index/package_run_dependencies/hoverboard_demo_bringup
[3.921s] -- Symlinking: /home/luqseee/robot_ws/src/install/hoverboard_demo_bringup/share/ament_index/resource_index/parent_prefix_path/hoverboard_demo_bringup
[3.980s] -- Symlinking: /home/luqseee/robot_ws/src/install/hoverboard_demo_bringup/share/hoverboard_demo_bringup/environment/ament_prefix_path.sh
[4.036s] -- Symlinking: /home/luqseee/robot_ws/src/install/hoverboard_demo_bringup/share/hoverboard_demo_bringup/environment/ament_prefix_path.dsv
[4.092s] -- Symlinking: /home/luqseee/robot_ws/src/install/hoverboard_demo_bringup/share/hoverboard_demo_bringup/environment/path.sh
[4.165s] -- Symlinking: /home/luqseee/robot_ws/src/install/hoverboard_demo_bringup/share/hoverboard_demo_bringup/environment/path.dsv
[4.248s] -- Symlinking: /home/luqseee/robot_ws/src/install/hoverboard_demo_bringup/share/hoverboard_demo_bringup/local_setup.bash
[4.308s] -- Symlinking: /home/luqseee/robot_ws/src/install/hoverboard_demo_bringup/share/hoverboard_demo_bringup/local_setup.sh
[4.366s] -- Symlinking: /home/luqseee/robot_ws/src/install/hoverboard_demo_bringup/share/hoverboard_demo_bringup/local_setup.zsh
[4.391s] -- Symlinking: /home/luqseee/robot_ws/src/install/hoverboard_demo_bringup/share/hoverboard_demo_bringup/local_setup.dsv
[4.418s] -- Symlinking: /home/luqseee/robot_ws/src/install/hoverboard_demo_bringup/share/hoverboard_demo_bringup/package.dsv
[4.444s] -- Symlinking: /home/luqseee/robot_ws/src/install/hoverboard_demo_bringup/share/ament_index/resource_index/packages/hoverboard_demo_bringup
[4.474s] -- Symlinking: /home/luqseee/robot_ws/src/install/hoverboard_demo_bringup/share/hoverboard_demo_bringup/cmake/hoverboard_demo_bringupConfig.cmake
[4.522s] -- Symlinking: /home/luqseee/robot_ws/src/install/hoverboard_demo_bringup/share/hoverboard_demo_bringup/cmake/hoverboard_demo_bringupConfig-version.cmake
[4.572s] -- Symlinking: /home/luqseee/robot_ws/src/install/hoverboard_demo_bringup/share/hoverboard_demo_bringup/package.xml
[4.690s] Invoked command in '/home/luqseee/robot_ws/src/build/hoverboard_demo_bringup' returned '0': AMENT_PREFIX_PATH=/home/luqseee/robot_ws/src/install/hoverboard_demo_description:${AMENT_PREFIX_PATH} CMAKE_PREFIX_PATH=/home/luqseee/robot_ws/src/install/hoverboard_demo_description:/home/luqseee/robot_ws/install/sllidar_ros2:/home/luqseee/robot_ws/install/my_bot:/home/luqseee/robot_ws/install/camera_ros:/opt/ros/jazzy/opt/sdformat_vendor:/opt/ros/jazzy/opt/gz_math_vendor:/opt/ros/jazzy/opt/gz_utils_vendor:/opt/ros/jazzy/opt/gz_tools_vendor:/opt/ros/jazzy/opt/gz_cmake_vendor:/opt/ros/jazzy DEBUGINFOD_URLS=https://debuginfod.ubuntu.com /usr/bin/cmake --install /home/luqseee/robot_ws/src/build/hoverboard_demo_bringup
