[0.321s] DEBUG:colcon:Command line arguments: ['/usr/bin/colcon', 'build', '--symlink-install']
[0.321s] DEBUG:colcon:Parsed command line arguments: Namespace(log_base=None, log_level=None, verb_name='build', build_base='build', install_base='install', merge_install=False, symlink_install=True, test_result_base=None, continue_on_error=False, executor='parallel', parallel_workers=4, event_handlers=None, ignore_user_meta=False, metas=['./colcon.meta'], base_paths=['.'], packages_ignore=None, packages_ignore_regex=None, paths=None, packages_up_to=None, packages_up_to_regex=None, packages_above=None, packages_above_and_dependencies=None, packages_above_depth=None, packages_select_by_dep=None, packages_skip_by_dep=None, packages_skip_up_to=None, packages_select_build_failed=False, packages_skip_build_finished=False, packages_select_test_failures=False, packages_skip_test_passed=False, packages_select=None, packages_skip=None, packages_select_regex=None, packages_skip_regex=None, packages_start=None, packages_end=None, allow_overriding=[], cmake_args=None, cmake_target=None, cmake_target_skip_unavailable=False, cmake_clean_cache=False, cmake_clean_first=False, cmake_force_configure=False, meson_args=[], ament_cmake_args=None, catkin_cmake_args=None, catkin_skip_building_tests=False, mixin_files=None, mixin=None, verb_parser=<colcon_mixin.mixin.mixin_argument.MixinArgumentDecorator object at 0xffff93c97260>, verb_extension=<colcon_core.verb.build.BuildVerb object at 0xffff932dc950>, main=<bound method BuildVerb.main of <colcon_core.verb.build.BuildVerb object at 0xffff932dc950>>, mixin_verb=('build',))
[0.379s] Level 1:colcon.colcon_core.package_discovery:discover_packages(colcon_meta) check parameters
[0.379s] Level 1:colcon.colcon_core.package_discovery:discover_packages(recursive) check parameters
[0.379s] Level 1:colcon.colcon_core.package_discovery:discover_packages(ignore) check parameters
[0.379s] Level 1:colcon.colcon_core.package_discovery:discover_packages(path) check parameters
[0.379s] Level 1:colcon.colcon_core.package_discovery:discover_packages(colcon_meta) discover
[0.379s] Level 1:colcon.colcon_core.package_discovery:discover_packages(recursive) discover
[0.379s] INFO:colcon.colcon_core.package_discovery:Crawling recursively for packages in '/home/luqseee/robot_ws'
[0.379s] Level 1:colcon.colcon_core.package_identification:_identify(.) by extensions ['ignore', 'ignore_ament_install']
[0.379s] Level 1:colcon.colcon_core.package_identification:_identify(.) by extension 'ignore'
[0.380s] Level 1:colcon.colcon_core.package_identification:_identify(.) by extension 'ignore_ament_install'
[0.380s] Level 1:colcon.colcon_core.package_identification:_identify(.) by extensions ['colcon_pkg']
[0.380s] Level 1:colcon.colcon_core.package_identification:_identify(.) by extension 'colcon_pkg'
[0.380s] Level 1:colcon.colcon_core.package_identification:_identify(.) by extensions ['colcon_meta']
[0.380s] Level 1:colcon.colcon_core.package_identification:_identify(.) by extension 'colcon_meta'
[0.380s] Level 1:colcon.colcon_core.package_identification:_identify(.) by extensions ['ros']
[0.380s] Level 1:colcon.colcon_core.package_identification:_identify(.) by extension 'ros'
[0.447s] Level 1:colcon.colcon_core.package_identification:_identify(.) by extensions ['cmake', 'meson', 'python']
[0.447s] Level 1:colcon.colcon_core.package_identification:_identify(.) by extension 'cmake'
[0.448s] Level 1:colcon.colcon_core.package_identification:_identify(.) by extension 'meson'
[0.449s] Level 1:colcon.colcon_core.package_identification:_identify(.) by extension 'python'
[0.449s] Level 1:colcon.colcon_core.package_identification:_identify(.) by extensions ['python_setup_py']
[0.449s] Level 1:colcon.colcon_core.package_identification:_identify(.) by extension 'python_setup_py'
[0.450s] Level 1:colcon.colcon_core.package_identification:_identify(build) by extensions ['ignore', 'ignore_ament_install']
[0.450s] Level 1:colcon.colcon_core.package_identification:_identify(build) by extension 'ignore'
[0.450s] Level 1:colcon.colcon_core.package_identification:_identify(build) ignored
[0.450s] Level 1:colcon.colcon_core.package_identification:_identify(install) by extensions ['ignore', 'ignore_ament_install']
[0.450s] Level 1:colcon.colcon_core.package_identification:_identify(install) by extension 'ignore'
[0.450s] Level 1:colcon.colcon_core.package_identification:_identify(install) ignored
[0.450s] Level 1:colcon.colcon_core.package_identification:_identify(log) by extensions ['ignore', 'ignore_ament_install']
[0.451s] Level 1:colcon.colcon_core.package_identification:_identify(log) by extension 'ignore'
[0.451s] Level 1:colcon.colcon_core.package_identification:_identify(log) ignored
[0.451s] Level 1:colcon.colcon_core.package_identification:_identify(src) by extensions ['ignore', 'ignore_ament_install']
[0.451s] Level 1:colcon.colcon_core.package_identification:_identify(src) by extension 'ignore'
[0.451s] Level 1:colcon.colcon_core.package_identification:_identify(src) by extension 'ignore_ament_install'
[0.451s] Level 1:colcon.colcon_core.package_identification:_identify(src) by extensions ['colcon_pkg']
[0.451s] Level 1:colcon.colcon_core.package_identification:_identify(src) by extension 'colcon_pkg'
[0.451s] Level 1:colcon.colcon_core.package_identification:_identify(src) by extensions ['colcon_meta']
[0.451s] Level 1:colcon.colcon_core.package_identification:_identify(src) by extension 'colcon_meta'
[0.451s] Level 1:colcon.colcon_core.package_identification:_identify(src) by extensions ['ros']
[0.451s] Level 1:colcon.colcon_core.package_identification:_identify(src) by extension 'ros'
[0.451s] Level 1:colcon.colcon_core.package_identification:_identify(src) by extensions ['cmake', 'meson', 'python']
[0.451s] Level 1:colcon.colcon_core.package_identification:_identify(src) by extension 'cmake'
[0.451s] Level 1:colcon.colcon_core.package_identification:_identify(src) by extension 'meson'
[0.452s] Level 1:colcon.colcon_core.package_identification:_identify(src) by extension 'python'
[0.452s] Level 1:colcon.colcon_core.package_identification:_identify(src) by extensions ['python_setup_py']
[0.453s] Level 1:colcon.colcon_core.package_identification:_identify(src) by extension 'python_setup_py'
[0.453s] Level 1:colcon.colcon_core.package_identification:_identify(src/camera_ros) by extensions ['ignore', 'ignore_ament_install']
[0.453s] Level 1:colcon.colcon_core.package_identification:_identify(src/camera_ros) by extension 'ignore'
[0.453s] Level 1:colcon.colcon_core.package_identification:_identify(src/camera_ros) by extension 'ignore_ament_install'
[0.453s] Level 1:colcon.colcon_core.package_identification:_identify(src/camera_ros) by extensions ['colcon_pkg']
[0.453s] Level 1:colcon.colcon_core.package_identification:_identify(src/camera_ros) by extension 'colcon_pkg'
[0.453s] Level 1:colcon.colcon_core.package_identification:_identify(src/camera_ros) by extensions ['colcon_meta']
[0.453s] Level 1:colcon.colcon_core.package_identification:_identify(src/camera_ros) by extension 'colcon_meta'
[0.453s] Level 1:colcon.colcon_core.package_identification:_identify(src/camera_ros) by extensions ['ros']
[0.453s] Level 1:colcon.colcon_core.package_identification:_identify(src/camera_ros) by extension 'ros'
[0.460s] DEBUG:colcon.colcon_core.package_identification:Package 'src/camera_ros' with type 'ros.ament_cmake' and name 'camera_ros'
[0.460s] Level 1:colcon.colcon_core.package_identification:_identify(src/libcamera) by extensions ['ignore', 'ignore_ament_install']
[0.460s] Level 1:colcon.colcon_core.package_identification:_identify(src/libcamera) by extension 'ignore'
[0.460s] Level 1:colcon.colcon_core.package_identification:_identify(src/libcamera) by extension 'ignore_ament_install'
[0.460s] Level 1:colcon.colcon_core.package_identification:_identify(src/libcamera) by extensions ['colcon_pkg']
[0.460s] Level 1:colcon.colcon_core.package_identification:_identify(src/libcamera) by extension 'colcon_pkg'
[0.460s] Level 1:colcon.colcon_core.package_identification:_identify(src/libcamera) by extensions ['colcon_meta']
[0.460s] Level 1:colcon.colcon_core.package_identification:_identify(src/libcamera) by extension 'colcon_meta'
[0.460s] Level 1:colcon.colcon_core.package_identification:_identify(src/libcamera) by extensions ['ros']
[0.460s] Level 1:colcon.colcon_core.package_identification:_identify(src/libcamera) by extension 'ros'
[0.460s] Level 1:colcon.colcon_core.package_identification:_identify(src/libcamera) by extensions ['cmake', 'meson', 'python']
[0.461s] Level 1:colcon.colcon_core.package_identification:_identify(src/libcamera) by extension 'cmake'
[0.461s] Level 1:colcon.colcon_core.package_identification:_identify(src/libcamera) by extension 'meson'
[0.666s] INFO:colcon.colcon_meson.identification:'libcamera' dependencies: {'egl', 'libudev', 'gtest', 'lttng-ust', 'libunwind', 'glesv2', 'pybind11', 'yaml-0.1', 'libtiff-4', 'gnutls', 'libdrm', 'gstreamer-1.0', 'libexif', 'gstreamer-video-1.0', 'gstreamer-allocators-1.0', 'glib-2.0', 'libcros_camera', 'threads', 'libdw', 'qt6', 'libevent_pthreads', 'gstreamer-app-1.0', 'SDL2', 'libjpeg', 'dl'}
[0.666s] Level 1:colcon.colcon_core.package_identification:_identify(src/libcamera) by extension 'python'
[0.667s] DEBUG:colcon.colcon_core.package_identification:Package 'src/libcamera' with type 'meson' and name 'libcamera'
[0.667s] Level 1:colcon.colcon_core.package_identification:_identify(src/my_bot) by extensions ['ignore', 'ignore_ament_install']
[0.667s] Level 1:colcon.colcon_core.package_identification:_identify(src/my_bot) by extension 'ignore'
[0.667s] Level 1:colcon.colcon_core.package_identification:_identify(src/my_bot) by extension 'ignore_ament_install'
[0.667s] Level 1:colcon.colcon_core.package_identification:_identify(src/my_bot) by extensions ['colcon_pkg']
[0.667s] Level 1:colcon.colcon_core.package_identification:_identify(src/my_bot) by extension 'colcon_pkg'
[0.667s] Level 1:colcon.colcon_core.package_identification:_identify(src/my_bot) by extensions ['colcon_meta']
[0.667s] Level 1:colcon.colcon_core.package_identification:_identify(src/my_bot) by extension 'colcon_meta'
[0.667s] Level 1:colcon.colcon_core.package_identification:_identify(src/my_bot) by extensions ['ros']
[0.667s] Level 1:colcon.colcon_core.package_identification:_identify(src/my_bot) by extension 'ros'
[0.668s] DEBUG:colcon.colcon_core.package_identification:Package 'src/my_bot' with type 'ros.ament_cmake' and name 'my_bot'
[0.668s] Level 1:colcon.colcon_core.package_discovery:discover_packages(recursive) using defaults
[0.668s] Level 1:colcon.colcon_core.package_discovery:discover_packages(ignore) discover
[0.668s] Level 1:colcon.colcon_core.package_discovery:discover_packages(ignore) using defaults
[0.668s] Level 1:colcon.colcon_core.package_discovery:discover_packages(path) discover
[0.668s] Level 1:colcon.colcon_core.package_discovery:discover_packages(path) using defaults
[0.687s] Level 1:colcon.colcon_core.package_discovery:discover_packages(prefix_path) check parameters
[0.687s] Level 1:colcon.colcon_core.package_discovery:discover_packages(prefix_path) discover
[0.689s] DEBUG:colcon.colcon_installed_package_information.package_discovery:Found 1 installed packages in /home/luqseee/robot_ws/install
[0.692s] DEBUG:colcon.colcon_installed_package_information.package_discovery:Found 305 installed packages in /opt/ros/jazzy
[0.693s] Level 1:colcon.colcon_core.package_discovery:discover_packages(prefix_path) using defaults
[0.766s] Level 5:colcon.colcon_core.verb:set package 'libcamera' build argument 'cmake_args' from command line to 'None'
[0.766s] Level 5:colcon.colcon_core.verb:set package 'libcamera' build argument 'cmake_target' from command line to 'None'
[0.766s] Level 5:colcon.colcon_core.verb:set package 'libcamera' build argument 'cmake_target_skip_unavailable' from command line to 'False'
[0.766s] Level 5:colcon.colcon_core.verb:set package 'libcamera' build argument 'cmake_clean_cache' from command line to 'False'
[0.766s] Level 5:colcon.colcon_core.verb:set package 'libcamera' build argument 'cmake_clean_first' from command line to 'False'
[0.766s] Level 5:colcon.colcon_core.verb:set package 'libcamera' build argument 'cmake_force_configure' from command line to 'False'
[0.766s] Level 5:colcon.colcon_core.verb:set package 'libcamera' build argument 'meson_args' from command line to '[]'
[0.766s] Level 5:colcon.colcon_core.verb:set package 'libcamera' build argument 'ament_cmake_args' from command line to 'None'
[0.766s] Level 5:colcon.colcon_core.verb:set package 'libcamera' build argument 'catkin_cmake_args' from command line to 'None'
[0.766s] Level 5:colcon.colcon_core.verb:set package 'libcamera' build argument 'catkin_skip_building_tests' from command line to 'False'
[0.766s] DEBUG:colcon.colcon_core.verb:Building package 'libcamera' with the following arguments: {'ament_cmake_args': None, 'build_base': '/home/luqseee/robot_ws/build/libcamera', 'catkin_cmake_args': None, 'catkin_skip_building_tests': False, 'cmake_args': None, 'cmake_clean_cache': False, 'cmake_clean_first': False, 'cmake_force_configure': False, 'cmake_target': None, 'cmake_target_skip_unavailable': False, 'install_base': '/home/luqseee/robot_ws/install/libcamera', 'merge_install': False, 'meson_args': [], 'path': '/home/luqseee/robot_ws/src/libcamera', 'symlink_install': True, 'test_result_base': None}
[0.779s] Level 5:colcon.colcon_core.verb:set package 'my_bot' build argument 'cmake_args' from command line to 'None'
[0.779s] Level 5:colcon.colcon_core.verb:set package 'my_bot' build argument 'cmake_target' from command line to 'None'
[0.779s] Level 5:colcon.colcon_core.verb:set package 'my_bot' build argument 'cmake_target_skip_unavailable' from command line to 'False'
[0.779s] Level 5:colcon.colcon_core.verb:set package 'my_bot' build argument 'cmake_clean_cache' from command line to 'False'
[0.779s] Level 5:colcon.colcon_core.verb:set package 'my_bot' build argument 'cmake_clean_first' from command line to 'False'
[0.779s] Level 5:colcon.colcon_core.verb:set package 'my_bot' build argument 'cmake_force_configure' from command line to 'False'
[0.779s] Level 5:colcon.colcon_core.verb:set package 'my_bot' build argument 'meson_args' from command line to '[]'
[0.779s] Level 5:colcon.colcon_core.verb:set package 'my_bot' build argument 'ament_cmake_args' from command line to 'None'
[0.779s] Level 5:colcon.colcon_core.verb:set package 'my_bot' build argument 'catkin_cmake_args' from command line to 'None'
[0.779s] Level 5:colcon.colcon_core.verb:set package 'my_bot' build argument 'catkin_skip_building_tests' from command line to 'False'
[0.779s] DEBUG:colcon.colcon_core.verb:Building package 'my_bot' with the following arguments: {'ament_cmake_args': None, 'build_base': '/home/luqseee/robot_ws/build/my_bot', 'catkin_cmake_args': None, 'catkin_skip_building_tests': False, 'cmake_args': None, 'cmake_clean_cache': False, 'cmake_clean_first': False, 'cmake_force_configure': False, 'cmake_target': None, 'cmake_target_skip_unavailable': False, 'install_base': '/home/luqseee/robot_ws/install/my_bot', 'merge_install': False, 'meson_args': [], 'path': '/home/luqseee/robot_ws/src/my_bot', 'symlink_install': True, 'test_result_base': None}
[0.792s] Level 5:colcon.colcon_core.verb:set package 'camera_ros' build argument 'cmake_args' from command line to 'None'
[0.792s] Level 5:colcon.colcon_core.verb:set package 'camera_ros' build argument 'cmake_target' from command line to 'None'
[0.792s] Level 5:colcon.colcon_core.verb:set package 'camera_ros' build argument 'cmake_target_skip_unavailable' from command line to 'False'
[0.792s] Level 5:colcon.colcon_core.verb:set package 'camera_ros' build argument 'cmake_clean_cache' from command line to 'False'
[0.792s] Level 5:colcon.colcon_core.verb:set package 'camera_ros' build argument 'cmake_clean_first' from command line to 'False'
[0.792s] Level 5:colcon.colcon_core.verb:set package 'camera_ros' build argument 'cmake_force_configure' from command line to 'False'
[0.792s] Level 5:colcon.colcon_core.verb:set package 'camera_ros' build argument 'meson_args' from command line to '[]'
[0.792s] Level 5:colcon.colcon_core.verb:set package 'camera_ros' build argument 'ament_cmake_args' from command line to 'None'
[0.792s] Level 5:colcon.colcon_core.verb:set package 'camera_ros' build argument 'catkin_cmake_args' from command line to 'None'
[0.792s] Level 5:colcon.colcon_core.verb:set package 'camera_ros' build argument 'catkin_skip_building_tests' from command line to 'False'
[0.792s] DEBUG:colcon.colcon_core.verb:Building package 'camera_ros' with the following arguments: {'ament_cmake_args': None, 'build_base': '/home/luqseee/robot_ws/build/camera_ros', 'catkin_cmake_args': None, 'catkin_skip_building_tests': False, 'cmake_args': None, 'cmake_clean_cache': False, 'cmake_clean_first': False, 'cmake_force_configure': False, 'cmake_target': None, 'cmake_target_skip_unavailable': False, 'install_base': '/home/luqseee/robot_ws/install/camera_ros', 'merge_install': False, 'meson_args': [], 'path': '/home/luqseee/robot_ws/src/camera_ros', 'symlink_install': True, 'test_result_base': None}
[0.793s] INFO:colcon.colcon_core.executor:Executing jobs using 'parallel' executor
[0.794s] DEBUG:colcon.colcon_parallel_executor.executor.parallel:run_until_complete
[0.797s] INFO:colcon.colcon_core.plugin_system:Skipping extension 'colcon_core.shell.bat': Not used on non-Windows systems
[0.797s] INFO:colcon.colcon_core.shell:Skip shell extension 'powershell' for command environment: Not usable outside of PowerShell
[0.797s] DEBUG:colcon.colcon_core.shell:Skip shell extension 'dsv' for command environment
[0.801s] INFO:colcon.colcon_ros.task.ament_cmake.build:Building ROS package in '/home/luqseee/robot_ws/src/my_bot' with build type 'ament_cmake'
[0.802s] INFO:colcon.colcon_cmake.task.cmake.build:Building CMake package in '/home/luqseee/robot_ws/src/my_bot'
[0.802s] INFO:colcon.colcon_core.shell:Skip shell extension 'powershell' for command environment: Not usable outside of PowerShell
[0.802s] DEBUG:colcon.colcon_core.shell:Skip shell extension 'dsv' for command environment
[0.811s] DEBUG:colcon.colcon_core.event_handler.log_command:Invoking command in '/home/luqseee/robot_ws/build/libcamera': DEBUGINFOD_URLS=https://debuginfod.ubuntu.com /usr/bin/meson setup --libdir=lib --prefix=/home/luqseee/robot_ws/install/libcamera --buildtype=release /home/luqseee/robot_ws/build/libcamera /home/luqseee/robot_ws/src/libcamera
[0.818s] DEBUG:colcon.colcon_core.event_handler.log_command:Invoking command in '/home/luqseee/robot_ws/build/my_bot': CMAKE_PREFIX_PATH=${CMAKE_PREFIX_PATH}:/opt/ros/jazzy DEBUGINFOD_URLS=https://debuginfod.ubuntu.com /usr/bin/cmake --build /home/luqseee/robot_ws/build/my_bot -- -j4 -l4
[0.886s] DEBUG:colcon.colcon_core.event_handler.log_command:Invoked command in '/home/luqseee/robot_ws/build/my_bot' returned '0': CMAKE_PREFIX_PATH=${CMAKE_PREFIX_PATH}:/opt/ros/jazzy DEBUGINFOD_URLS=https://debuginfod.ubuntu.com /usr/bin/cmake --build /home/luqseee/robot_ws/build/my_bot -- -j4 -l4
[0.904s] DEBUG:colcon.colcon_core.event_handler.log_command:Invoking command in '/home/luqseee/robot_ws/build/my_bot': CMAKE_PREFIX_PATH=${CMAKE_PREFIX_PATH}:/opt/ros/jazzy DEBUGINFOD_URLS=https://debuginfod.ubuntu.com /usr/bin/cmake --install /home/luqseee/robot_ws/build/my_bot
[0.944s] Level 1:colcon.colcon_core.environment:create_environment_scripts_only(my_bot)
[0.944s] DEBUG:colcon.colcon_core.event_handler.log_command:Invoked command in '/home/luqseee/robot_ws/build/my_bot' returned '0': CMAKE_PREFIX_PATH=${CMAKE_PREFIX_PATH}:/opt/ros/jazzy DEBUGINFOD_URLS=https://debuginfod.ubuntu.com /usr/bin/cmake --install /home/luqseee/robot_ws/build/my_bot
[0.947s] Level 1:colcon.colcon_core.environment:checking '/home/luqseee/robot_ws/install/my_bot' for CMake module files
[0.948s] Level 1:colcon.colcon_core.environment:checking '/home/luqseee/robot_ws/install/my_bot' for CMake config files
[0.948s] Level 1:colcon.colcon_core.shell:create_environment_hook('my_bot', 'cmake_prefix_path')
[0.948s] INFO:colcon.colcon_core.shell:Creating environment hook '/home/luqseee/robot_ws/install/my_bot/share/my_bot/hook/cmake_prefix_path.ps1'
[0.949s] INFO:colcon.colcon_core.shell:Creating environment descriptor '/home/luqseee/robot_ws/install/my_bot/share/my_bot/hook/cmake_prefix_path.dsv'
[0.950s] INFO:colcon.colcon_core.shell:Creating environment hook '/home/luqseee/robot_ws/install/my_bot/share/my_bot/hook/cmake_prefix_path.sh'
[0.951s] Level 1:colcon.colcon_core.environment:checking '/home/luqseee/robot_ws/install/my_bot/bin'
[0.951s] Level 1:colcon.colcon_core.environment:checking '/home/luqseee/robot_ws/install/my_bot/lib/pkgconfig/my_bot.pc'
[0.952s] Level 1:colcon.colcon_core.environment:checking '/home/luqseee/robot_ws/install/my_bot/lib/python3.12/site-packages'
[0.952s] Level 1:colcon.colcon_core.environment:checking '/home/luqseee/robot_ws/install/my_bot/bin'
[0.953s] INFO:colcon.colcon_core.shell:Creating package script '/home/luqseee/robot_ws/install/my_bot/share/my_bot/package.ps1'
[0.954s] INFO:colcon.colcon_core.shell:Creating package descriptor '/home/luqseee/robot_ws/install/my_bot/share/my_bot/package.dsv'
[0.955s] INFO:colcon.colcon_core.shell:Creating package script '/home/luqseee/robot_ws/install/my_bot/share/my_bot/package.sh'
[0.956s] INFO:colcon.colcon_core.shell:Creating package script '/home/luqseee/robot_ws/install/my_bot/share/my_bot/package.bash'
[0.956s] INFO:colcon.colcon_core.shell:Creating package script '/home/luqseee/robot_ws/install/my_bot/share/my_bot/package.zsh'
[0.957s] Level 1:colcon.colcon_core.environment:create_file_with_runtime_dependencies(/home/luqseee/robot_ws/install/my_bot/share/colcon-core/packages/my_bot)
[0.958s] Level 1:colcon.colcon_core.environment:create_environment_scripts_only(my_bot)
[0.958s] Level 1:colcon.colcon_core.environment:checking '/home/luqseee/robot_ws/install/my_bot' for CMake module files
[0.959s] Level 1:colcon.colcon_core.environment:checking '/home/luqseee/robot_ws/install/my_bot' for CMake config files
[0.959s] Level 1:colcon.colcon_core.shell:create_environment_hook('my_bot', 'cmake_prefix_path')
[0.960s] INFO:colcon.colcon_core.shell:Creating environment hook '/home/luqseee/robot_ws/install/my_bot/share/my_bot/hook/cmake_prefix_path.ps1'
[0.960s] INFO:colcon.colcon_core.shell:Creating environment descriptor '/home/luqseee/robot_ws/install/my_bot/share/my_bot/hook/cmake_prefix_path.dsv'
[0.961s] INFO:colcon.colcon_core.shell:Creating environment hook '/home/luqseee/robot_ws/install/my_bot/share/my_bot/hook/cmake_prefix_path.sh'
[0.963s] Level 1:colcon.colcon_core.environment:checking '/home/luqseee/robot_ws/install/my_bot/bin'
[0.963s] Level 1:colcon.colcon_core.environment:checking '/home/luqseee/robot_ws/install/my_bot/lib/pkgconfig/my_bot.pc'
[0.963s] Level 1:colcon.colcon_core.environment:checking '/home/luqseee/robot_ws/install/my_bot/lib/python3.12/site-packages'
[0.964s] Level 1:colcon.colcon_core.environment:checking '/home/luqseee/robot_ws/install/my_bot/bin'
[0.964s] INFO:colcon.colcon_core.shell:Creating package script '/home/luqseee/robot_ws/install/my_bot/share/my_bot/package.ps1'
[0.965s] INFO:colcon.colcon_core.shell:Creating package descriptor '/home/luqseee/robot_ws/install/my_bot/share/my_bot/package.dsv'
[0.966s] INFO:colcon.colcon_core.shell:Creating package script '/home/luqseee/robot_ws/install/my_bot/share/my_bot/package.sh'
[0.968s] INFO:colcon.colcon_core.shell:Creating package script '/home/luqseee/robot_ws/install/my_bot/share/my_bot/package.bash'
[0.969s] INFO:colcon.colcon_core.shell:Creating package script '/home/luqseee/robot_ws/install/my_bot/share/my_bot/package.zsh'
[0.971s] Level 1:colcon.colcon_core.environment:create_file_with_runtime_dependencies(/home/luqseee/robot_ws/install/my_bot/share/colcon-core/packages/my_bot)
[7.272s] DEBUG:colcon.colcon_core.event_handler.log_command:Invoked command in '/home/luqseee/robot_ws/build/libcamera' returned '0': DEBUGINFOD_URLS=https://debuginfod.ubuntu.com /usr/bin/meson setup --libdir=lib --prefix=/home/luqseee/robot_ws/install/libcamera --buildtype=release /home/luqseee/robot_ws/build/libcamera /home/luqseee/robot_ws/src/libcamera
[7.273s] DEBUG:colcon.colcon_core.event_handler.log_command:Invoking command in '/home/luqseee/robot_ws/build/libcamera': DEBUGINFOD_URLS=https://debuginfod.ubuntu.com /usr/bin/meson compile
[236.808s] DEBUG:colcon.colcon_core.event_handler.log_command:Invoked command in '/home/luqseee/robot_ws/build/libcamera' returned '0': DEBUGINFOD_URLS=https://debuginfod.ubuntu.com /usr/bin/meson compile
[236.811s] DEBUG:colcon.colcon_core.event_handler.log_command:Invoking command in '/home/luqseee/robot_ws/build/libcamera': DEBUGINFOD_URLS=https://debuginfod.ubuntu.com /usr/bin/meson install
[238.108s] Level 1:colcon.colcon_core.environment:create_environment_scripts_only(libcamera)
[238.109s] Level 1:colcon.colcon_core.environment:checking '/home/luqseee/robot_ws/install/libcamera' for CMake module files
[238.109s] DEBUG:colcon.colcon_core.event_handler.log_command:Invoked command in '/home/luqseee/robot_ws/build/libcamera' returned '0': DEBUGINFOD_URLS=https://debuginfod.ubuntu.com /usr/bin/meson install
[238.110s] Level 1:colcon.colcon_core.environment:checking '/home/luqseee/robot_ws/install/libcamera' for CMake config files
[238.111s] Level 1:colcon.colcon_core.environment:checking '/home/luqseee/robot_ws/install/libcamera/libexec'
[238.112s] Level 1:colcon.colcon_core.environment:checking '/home/luqseee/robot_ws/install/libcamera/lib'
[238.112s] Level 1:colcon.colcon_core.shell:create_environment_hook('libcamera', 'ld_library_path_lib')
[238.112s] INFO:colcon.colcon_core.shell:Creating environment hook '/home/luqseee/robot_ws/install/libcamera/share/libcamera/hook/ld_library_path_lib.ps1'
[238.112s] INFO:colcon.colcon_core.shell:Creating environment descriptor '/home/luqseee/robot_ws/install/libcamera/share/libcamera/hook/ld_library_path_lib.dsv'
[238.113s] INFO:colcon.colcon_core.shell:Creating environment hook '/home/luqseee/robot_ws/install/libcamera/share/libcamera/hook/ld_library_path_lib.sh'
[238.113s] Level 1:colcon.colcon_core.environment:checking '/home/luqseee/robot_ws/install/libcamera/bin'
[238.113s] Level 1:colcon.colcon_core.shell:create_environment_hook('libcamera', 'path')
[238.114s] INFO:colcon.colcon_core.shell:Creating environment hook '/home/luqseee/robot_ws/install/libcamera/share/libcamera/hook/path.ps1'
[238.114s] INFO:colcon.colcon_core.shell:Creating environment descriptor '/home/luqseee/robot_ws/install/libcamera/share/libcamera/hook/path.dsv'
[238.114s] INFO:colcon.colcon_core.shell:Creating environment hook '/home/luqseee/robot_ws/install/libcamera/share/libcamera/hook/path.sh'
[238.115s] Level 1:colcon.colcon_core.environment:checking '/home/luqseee/robot_ws/install/libcamera/lib/pkgconfig/libcamera.pc'
[238.115s] Level 1:colcon.colcon_core.shell:create_environment_hook('libcamera', 'pkg_config')
[238.115s] INFO:colcon.colcon_core.shell:Creating environment hook '/home/luqseee/robot_ws/install/libcamera/share/libcamera/hook/pkg_config.ps1'
[238.115s] INFO:colcon.colcon_core.shell:Creating environment descriptor '/home/luqseee/robot_ws/install/libcamera/share/libcamera/hook/pkg_config.dsv'
[238.116s] INFO:colcon.colcon_core.shell:Creating environment hook '/home/luqseee/robot_ws/install/libcamera/share/libcamera/hook/pkg_config.sh'
[238.116s] Level 1:colcon.colcon_core.environment:checking '/home/luqseee/robot_ws/install/libcamera/lib/python3.12/site-packages'
[238.117s] Level 1:colcon.colcon_core.environment:checking '/home/luqseee/robot_ws/install/libcamera/bin'
[238.117s] Level 1:colcon.colcon_core.shell:create_environment_hook('libcamera', 'pythonscriptspath')
[238.117s] INFO:colcon.colcon_core.shell:Creating environment hook '/home/luqseee/robot_ws/install/libcamera/share/libcamera/hook/pythonscriptspath.ps1'
[238.118s] INFO:colcon.colcon_core.shell:Creating environment descriptor '/home/luqseee/robot_ws/install/libcamera/share/libcamera/hook/pythonscriptspath.dsv'
[238.118s] INFO:colcon.colcon_core.shell:Creating environment hook '/home/luqseee/robot_ws/install/libcamera/share/libcamera/hook/pythonscriptspath.sh'
[238.119s] INFO:colcon.colcon_core.shell:Creating package script '/home/luqseee/robot_ws/install/libcamera/share/libcamera/package.ps1'
[238.119s] INFO:colcon.colcon_core.shell:Creating package descriptor '/home/luqseee/robot_ws/install/libcamera/share/libcamera/package.dsv'
[238.120s] INFO:colcon.colcon_core.shell:Creating package script '/home/luqseee/robot_ws/install/libcamera/share/libcamera/package.sh'
[238.121s] INFO:colcon.colcon_core.shell:Creating package script '/home/luqseee/robot_ws/install/libcamera/share/libcamera/package.bash'
[238.121s] INFO:colcon.colcon_core.shell:Creating package script '/home/luqseee/robot_ws/install/libcamera/share/libcamera/package.zsh'
[238.121s] Level 1:colcon.colcon_core.environment:create_file_with_runtime_dependencies(/home/luqseee/robot_ws/install/libcamera/share/colcon-core/packages/libcamera)
[238.122s] INFO:colcon.colcon_ros.task.ament_cmake.build:Building ROS package in '/home/luqseee/robot_ws/src/camera_ros' with build type 'ament_cmake'
[238.122s] INFO:colcon.colcon_cmake.task.cmake.build:Building CMake package in '/home/luqseee/robot_ws/src/camera_ros'
[238.122s] INFO:colcon.colcon_core.shell:Skip shell extension 'powershell' for command environment: Not usable outside of PowerShell
[238.122s] DEBUG:colcon.colcon_core.shell:Skip shell extension 'dsv' for command environment
[238.134s] DEBUG:colcon.colcon_core.event_handler.log_command:Invoking command in '/home/luqseee/robot_ws/build/camera_ros': CMAKE_PREFIX_PATH=${CMAKE_PREFIX_PATH}:/opt/ros/jazzy DEBUGINFOD_URLS=https://debuginfod.ubuntu.com LD_LIBRARY_PATH=/home/luqseee/robot_ws/install/libcamera/lib:${LD_LIBRARY_PATH} PATH=/home/luqseee/robot_ws/install/libcamera/bin:${PATH} PKG_CONFIG_PATH=/home/luqseee/robot_ws/install/libcamera/lib/pkgconfig /usr/bin/cmake /home/luqseee/robot_ws/src/camera_ros -DAMENT_CMAKE_SYMLINK_INSTALL=1 -DCMAKE_INSTALL_PREFIX=/home/luqseee/robot_ws/install/camera_ros
[240.561s] DEBUG:colcon.colcon_core.event_handler.log_command:Invoked command in '/home/luqseee/robot_ws/build/camera_ros' returned '0': CMAKE_PREFIX_PATH=${CMAKE_PREFIX_PATH}:/opt/ros/jazzy DEBUGINFOD_URLS=https://debuginfod.ubuntu.com LD_LIBRARY_PATH=/home/luqseee/robot_ws/install/libcamera/lib:${LD_LIBRARY_PATH} PATH=/home/luqseee/robot_ws/install/libcamera/bin:${PATH} PKG_CONFIG_PATH=/home/luqseee/robot_ws/install/libcamera/lib/pkgconfig /usr/bin/cmake /home/luqseee/robot_ws/src/camera_ros -DAMENT_CMAKE_SYMLINK_INSTALL=1 -DCMAKE_INSTALL_PREFIX=/home/luqseee/robot_ws/install/camera_ros
[240.562s] DEBUG:colcon.colcon_core.event_handler.log_command:Invoking command in '/home/luqseee/robot_ws/build/camera_ros': CMAKE_PREFIX_PATH=${CMAKE_PREFIX_PATH}:/opt/ros/jazzy DEBUGINFOD_URLS=https://debuginfod.ubuntu.com LD_LIBRARY_PATH=/home/luqseee/robot_ws/install/libcamera/lib:${LD_LIBRARY_PATH} PATH=/home/luqseee/robot_ws/install/libcamera/bin:${PATH} PKG_CONFIG_PATH=/home/luqseee/robot_ws/install/libcamera/lib/pkgconfig /usr/bin/cmake --build /home/luqseee/robot_ws/build/camera_ros -- -j4 -l4
[282.573s] DEBUG:colcon.colcon_core.event_handler.log_command:Invoked command in '/home/luqseee/robot_ws/build/camera_ros' returned '0': CMAKE_PREFIX_PATH=${CMAKE_PREFIX_PATH}:/opt/ros/jazzy DEBUGINFOD_URLS=https://debuginfod.ubuntu.com LD_LIBRARY_PATH=/home/luqseee/robot_ws/install/libcamera/lib:${LD_LIBRARY_PATH} PATH=/home/luqseee/robot_ws/install/libcamera/bin:${PATH} PKG_CONFIG_PATH=/home/luqseee/robot_ws/install/libcamera/lib/pkgconfig /usr/bin/cmake --build /home/luqseee/robot_ws/build/camera_ros -- -j4 -l4
[282.575s] DEBUG:colcon.colcon_core.event_handler.log_command:Invoking command in '/home/luqseee/robot_ws/build/camera_ros': CMAKE_PREFIX_PATH=${CMAKE_PREFIX_PATH}:/opt/ros/jazzy DEBUGINFOD_URLS=https://debuginfod.ubuntu.com LD_LIBRARY_PATH=/home/luqseee/robot_ws/install/libcamera/lib:${LD_LIBRARY_PATH} PATH=/home/luqseee/robot_ws/install/libcamera/bin:${PATH} PKG_CONFIG_PATH=/home/luqseee/robot_ws/install/libcamera/lib/pkgconfig /usr/bin/cmake --install /home/luqseee/robot_ws/build/camera_ros
[282.968s] Level 1:colcon.colcon_core.environment:create_environment_scripts_only(camera_ros)
[282.968s] Level 1:colcon.colcon_core.environment:checking '/home/luqseee/robot_ws/install/camera_ros' for CMake module files
[282.969s] DEBUG:colcon.colcon_core.event_handler.log_command:Invoked command in '/home/luqseee/robot_ws/build/camera_ros' returned '0': CMAKE_PREFIX_PATH=${CMAKE_PREFIX_PATH}:/opt/ros/jazzy DEBUGINFOD_URLS=https://debuginfod.ubuntu.com LD_LIBRARY_PATH=/home/luqseee/robot_ws/install/libcamera/lib:${LD_LIBRARY_PATH} PATH=/home/luqseee/robot_ws/install/libcamera/bin:${PATH} PKG_CONFIG_PATH=/home/luqseee/robot_ws/install/libcamera/lib/pkgconfig /usr/bin/cmake --install /home/luqseee/robot_ws/build/camera_ros
[282.969s] Level 1:colcon.colcon_core.environment:checking '/home/luqseee/robot_ws/install/camera_ros' for CMake config files
[282.970s] Level 1:colcon.colcon_core.shell:create_environment_hook('camera_ros', 'cmake_prefix_path')
[282.970s] INFO:colcon.colcon_core.shell:Creating environment hook '/home/luqseee/robot_ws/install/camera_ros/share/camera_ros/hook/cmake_prefix_path.ps1'
[282.971s] INFO:colcon.colcon_core.shell:Creating environment descriptor '/home/luqseee/robot_ws/install/camera_ros/share/camera_ros/hook/cmake_prefix_path.dsv'
[282.971s] INFO:colcon.colcon_core.shell:Creating environment hook '/home/luqseee/robot_ws/install/camera_ros/share/camera_ros/hook/cmake_prefix_path.sh'
[282.972s] Level 1:colcon.colcon_core.environment:checking '/home/luqseee/robot_ws/install/camera_ros/lib'
[282.972s] Level 1:colcon.colcon_core.shell:create_environment_hook('camera_ros', 'ld_library_path_lib')
[282.972s] INFO:colcon.colcon_core.shell:Creating environment hook '/home/luqseee/robot_ws/install/camera_ros/share/camera_ros/hook/ld_library_path_lib.ps1'
[282.973s] INFO:colcon.colcon_core.shell:Creating environment descriptor '/home/luqseee/robot_ws/install/camera_ros/share/camera_ros/hook/ld_library_path_lib.dsv'
[282.973s] INFO:colcon.colcon_core.shell:Creating environment hook '/home/luqseee/robot_ws/install/camera_ros/share/camera_ros/hook/ld_library_path_lib.sh'
[282.973s] Level 1:colcon.colcon_core.environment:checking '/home/luqseee/robot_ws/install/camera_ros/bin'
[282.973s] Level 1:colcon.colcon_core.environment:checking '/home/luqseee/robot_ws/install/camera_ros/lib/pkgconfig/camera_ros.pc'
[282.974s] Level 1:colcon.colcon_core.environment:checking '/home/luqseee/robot_ws/install/camera_ros/lib/python3.12/site-packages'
[282.974s] Level 1:colcon.colcon_core.environment:checking '/home/luqseee/robot_ws/install/camera_ros/bin'
[282.975s] INFO:colcon.colcon_core.shell:Creating package script '/home/luqseee/robot_ws/install/camera_ros/share/camera_ros/package.ps1'
[282.976s] INFO:colcon.colcon_core.shell:Creating package descriptor '/home/luqseee/robot_ws/install/camera_ros/share/camera_ros/package.dsv'
[282.976s] INFO:colcon.colcon_core.shell:Creating package script '/home/luqseee/robot_ws/install/camera_ros/share/camera_ros/package.sh'
[282.977s] INFO:colcon.colcon_core.shell:Creating package script '/home/luqseee/robot_ws/install/camera_ros/share/camera_ros/package.bash'
[282.977s] INFO:colcon.colcon_core.shell:Creating package script '/home/luqseee/robot_ws/install/camera_ros/share/camera_ros/package.zsh'
[282.977s] Level 1:colcon.colcon_core.environment:create_file_with_runtime_dependencies(/home/luqseee/robot_ws/install/camera_ros/share/colcon-core/packages/camera_ros)
[282.978s] Level 1:colcon.colcon_core.environment:create_environment_scripts_only(camera_ros)
[282.978s] Level 1:colcon.colcon_core.environment:checking '/home/luqseee/robot_ws/install/camera_ros' for CMake module files
[282.979s] Level 1:colcon.colcon_core.environment:checking '/home/luqseee/robot_ws/install/camera_ros' for CMake config files
[282.980s] Level 1:colcon.colcon_core.shell:create_environment_hook('camera_ros', 'cmake_prefix_path')
[282.980s] INFO:colcon.colcon_core.shell:Creating environment hook '/home/luqseee/robot_ws/install/camera_ros/share/camera_ros/hook/cmake_prefix_path.ps1'
[282.981s] INFO:colcon.colcon_core.shell:Creating environment descriptor '/home/luqseee/robot_ws/install/camera_ros/share/camera_ros/hook/cmake_prefix_path.dsv'
[282.989s] INFO:colcon.colcon_core.shell:Creating environment hook '/home/luqseee/robot_ws/install/camera_ros/share/camera_ros/hook/cmake_prefix_path.sh'
[282.995s] Level 1:colcon.colcon_core.environment:checking '/home/luqseee/robot_ws/install/camera_ros/lib'
[282.995s] Level 1:colcon.colcon_core.shell:create_environment_hook('camera_ros', 'ld_library_path_lib')
[282.995s] INFO:colcon.colcon_core.shell:Creating environment hook '/home/luqseee/robot_ws/install/camera_ros/share/camera_ros/hook/ld_library_path_lib.ps1'
[283.005s] INFO:colcon.colcon_core.shell:Creating environment descriptor '/home/luqseee/robot_ws/install/camera_ros/share/camera_ros/hook/ld_library_path_lib.dsv'
[283.009s] INFO:colcon.colcon_core.shell:Creating environment hook '/home/luqseee/robot_ws/install/camera_ros/share/camera_ros/hook/ld_library_path_lib.sh'
[283.019s] Level 1:colcon.colcon_core.environment:checking '/home/luqseee/robot_ws/install/camera_ros/bin'
[283.019s] Level 1:colcon.colcon_core.environment:checking '/home/luqseee/robot_ws/install/camera_ros/lib/pkgconfig/camera_ros.pc'
[283.020s] Level 1:colcon.colcon_core.environment:checking '/home/luqseee/robot_ws/install/camera_ros/lib/python3.12/site-packages'
[283.020s] Level 1:colcon.colcon_core.environment:checking '/home/luqseee/robot_ws/install/camera_ros/bin'
[283.021s] INFO:colcon.colcon_core.shell:Creating package script '/home/luqseee/robot_ws/install/camera_ros/share/camera_ros/package.ps1'
[283.023s] INFO:colcon.colcon_core.shell:Creating package descriptor '/home/luqseee/robot_ws/install/camera_ros/share/camera_ros/package.dsv'
[283.033s] INFO:colcon.colcon_core.shell:Creating package script '/home/luqseee/robot_ws/install/camera_ros/share/camera_ros/package.sh'
[283.040s] INFO:colcon.colcon_core.shell:Creating package script '/home/luqseee/robot_ws/install/camera_ros/share/camera_ros/package.bash'
[283.046s] INFO:colcon.colcon_core.shell:Creating package script '/home/luqseee/robot_ws/install/camera_ros/share/camera_ros/package.zsh'
[283.050s] Level 1:colcon.colcon_core.environment:create_file_with_runtime_dependencies(/home/luqseee/robot_ws/install/camera_ros/share/colcon-core/packages/camera_ros)
[283.055s] DEBUG:colcon.colcon_parallel_executor.executor.parallel:closing loop
[283.055s] DEBUG:colcon.colcon_parallel_executor.executor.parallel:loop closed
[283.056s] DEBUG:colcon.colcon_parallel_executor.executor.parallel:run_until_complete finished with '0'
[283.056s] DEBUG:colcon.colcon_core.event_reactor:joining thread
[283.058s] DEBUG:colcon.colcon_core.event_reactor:joined thread
[283.058s] INFO:colcon.colcon_core.shell:Creating prefix script '/home/luqseee/robot_ws/install/local_setup.ps1'
[283.063s] INFO:colcon.colcon_core.shell:Creating prefix util module '/home/luqseee/robot_ws/install/_local_setup_util_ps1.py'
[283.072s] INFO:colcon.colcon_core.shell:Creating prefix chain script '/home/luqseee/robot_ws/install/setup.ps1'
[283.082s] INFO:colcon.colcon_core.shell:Creating prefix script '/home/luqseee/robot_ws/install/local_setup.sh'
[283.087s] INFO:colcon.colcon_core.shell:Creating prefix util module '/home/luqseee/robot_ws/install/_local_setup_util_sh.py'
[283.096s] INFO:colcon.colcon_core.shell:Creating prefix chain script '/home/luqseee/robot_ws/install/setup.sh'
[283.101s] INFO:colcon.colcon_core.shell:Creating prefix script '/home/luqseee/robot_ws/install/local_setup.bash'
[283.110s] INFO:colcon.colcon_core.shell:Creating prefix chain script '/home/luqseee/robot_ws/install/setup.bash'
[283.115s] INFO:colcon.colcon_core.shell:Creating prefix script '/home/luqseee/robot_ws/install/local_setup.zsh'
[283.120s] INFO:colcon.colcon_core.shell:Creating prefix chain script '/home/luqseee/robot_ws/install/setup.zsh'
