[0.025s] Invoking command in '/home/luqseee/robot_ws/src/build/libcamera': DEBUGINFOD_URLS=https://debuginfod.ubuntu.com /usr/bin/meson setup --libdir=lib --prefix=/home/luqseee/robot_ws/src/install/libcamera --buildtype=release /home/luqseee/robot_ws/src/build/libcamera /home/luqseee/robot_ws/src/libcamera
[0.348s] [1mThe Meson build system[0m
[0.348s] Version: 1.3.2
[0.348s] Source dir: [1m/home/luqseee/robot_ws/src/libcamera[0m
[0.348s] Build dir: [1m/home/luqseee/robot_ws/src/build/libcamera[0m
[0.348s] Build type: [1mnative build[0m
[0.372s] ../../libcamera/meson_options.txt:51: [1;33mWARNING:[0m Keyword argument "value" defined multiple times.
[0.373s] [1;33mWARNING:[0m This will be an error in future Meson releases.
[0.397s] Project name: [1mlibcamera[0m
[0.398s] Project version: [1m0.7.0[0m
[0.622s] C compiler for the host machine: [1mcc[0m (gcc 13.3.0 "cc (Ubuntu 13.3.0-6ubuntu2~24.04.1) 13.3.0")
[0.622s] C linker for the host machine: [1mcc[0m ld.bfd 2.42
[1.034s] C++ compiler for the host machine: [1mc++[0m (gcc 13.3.0 "c++ (Ubuntu 13.3.0-6ubuntu2~24.04.1) 13.3.0")
[1.035s] C++ linker for the host machine: [1mc++[0m ld.bfd 2.42
[1.365s] Host machine cpu family: [1maarch64[0m
[1.365s] Host machine cpu: [1maarch64[0m
[2.504s] Header "[1munistd.h[0m" has symbol "[1mclose_range[0m" : [1;32mYES[0m 
[2.560s] Header "[1mfcntl.h[0m" has symbol "[1mF_ADD_SEALS[0m" : [1;32mYES[0m 
[2.599s] Header "[1munistd.h[0m" has symbol "[1missetugid[0m" : [1;31mNO[0m 
[2.657s] Header "[1mlocale.h[0m" has symbol "[1mlocale_t[0m" : [1;32mYES[0m 
[2.755s] Header "[1msys/mman.h[0m" has symbol "[1mmemfd_create[0m" : [1;32mYES[0m 
[2.855s] Header "[1mstdlib.h[0m" has symbol "[1msecure_getenv[0m" : [1;32mYES[0m 
[2.991s] Header "[1mciso646[0m" has symbol "[1m_LIBCPP_VERSION[0m" : [1;31mNO[0m 
[3.035s] Header "[1mciso646[0m" has symbol "[1m__GLIBCXX__[0m" : [1;32mYES[0m 
[3.035s] [1mMessage:[0m Detected C++ standard library: libstdc++
[3.052s] Compiler for C supports arguments -Wno-c99-designator: [1;31mNO[0m 
[3.089s] Found pkg-config: [1;32mYES[0m [1m(/usr/bin/pkg-config)[0m [1;34m1.8.1[0m
[3.439s] Run-time dependency [1mlttng-ust[0m found: [1;32mYES[0m [36m2.13.7[0m
[3.467s] Program [1m./parser.py[0m found: [1;32mYES[0m (/home/luqseee/robot_ws/src/libcamera/utils/codegen/ipc/./parser.py)
[3.468s] Program [1m./generate.py[0m found: [1;32mYES[0m (/home/luqseee/robot_ws/src/libcamera/utils/codegen/ipc/./generate.py)
[3.469s] Program [1m./extract-docs.py[0m found: [1;32mYES[0m (/home/luqseee/robot_ws/src/libcamera/utils/codegen/ipc/./extract-docs.py)
[3.619s] Configuring [1mversion.h[0m using configuration
[3.632s] Program [1mopenssl[0m found: [1;32mYES[0m (/usr/bin/openssl)
[3.971s] Found CMake: [1m/usr/bin/cmake[0m (3.28.3)
[5.246s] Run-time dependency [1mlibyuv[0m found: [1;31mNO[0m (tried pkgconfig and cmake)
[5.267s] Has header "[1mlibyuv.h[0m" : [1;32mYES[0m 
[5.365s] Library [1myuv[0m found: [1;32mYES[0m
[5.483s] Library [1matomic[0m found: [1;32mYES[0m
[5.491s] Run-time dependency [1mthreads[0m found: [1;32mYES[0m
[5.532s] Check usable header "[1mEGL/egl.h[0m" : [1;32mYES[0m 
[5.547s] Run-time dependency [1megl[0m found: [1;32mYES[0m [36m1.5[0m
[5.559s] Run-time dependency [1mglesv2[0m found: [1;32mYES[0m [36m3.2[0m
[5.582s] Run-time dependency [1mlibdw[0m found: [1;32mYES[0m [36m0.190[0m
[5.596s] Run-time dependency [1mlibunwind[0m found: [1;32mYES[0m [36m1.6.2[0m
[5.634s] Header "[1mexecinfo.h[0m" has symbol "[1mbacktrace[0m" : [1;32mYES[0m 
[5.744s] Library [1mrt[0m found: [1;32mYES[0m
[5.755s] Run-time dependency [1mlibpisp[0m found: [1;32mYES[0m [36m1.3.0[0m
[5.890s] Run-time dependency [1mdl[0m found: [1;32mYES[0m
[5.901s] Run-time dependency [1mlibudev[0m found: [1;32mYES[0m [36m255[0m
[5.913s] Run-time dependency [1myaml-0.1[0m found: [1;32mYES[0m [36m0.2.5[0m
[5.922s] Run-time dependency [1mgnutls[0m found: [1;32mYES[0m [36m3.8.3[0m
[5.947s] Dependency [1mlibexif[0m skipped: feature [1mandroid[0m disabled
[5.948s] Dependency [1mlibjpeg[0m skipped: feature [1mandroid[0m disabled
[6.010s] Run-time dependency [1mtensorflow-lite[0m found: [1;31mNO[0m (tried pkgconfig and cmake)
[6.055s] Dependency [1mlibevent_pthreads[0m skipped: feature [1mcam[0m disabled
[6.057s] Dependency [1mlibevent_pthreads[0m skipped: feature [1mlc-compliance[0m disabled
[6.071s] Run-time dependency [1mlibtiff-4[0m found: [1;32mYES[0m [36m4.5.1[0m
[6.080s] Dependency [1mgtest[0m skipped: feature [1mlc-compliance[0m disabled
[6.093s] Dependency [1mqt6 (modules: Core, Gui, OpenGL, OpenGLWidgets, Widgets)[0m skipped: feature [1mqcam[0m disabled
[6.112s] Run-time dependency [1mglib-2.0[0m found: [1;32mYES[0m [36m2.80.0[0m
[6.129s] Run-time dependency [1mgstreamer-video-1.0[0m found: [1;32mYES[0m [36m1.24.2[0m
[6.145s] Run-time dependency [1mgstreamer-allocators-1.0[0m found: [1;32mYES[0m [36m1.24.2[0m
[6.245s] Program python3 found: [1;32mYES[0m (/usr/bin/python3)
[6.257s] Run-time dependency [1mpybind11[0m found: [1;32mYES[0m [36m2.11.1[0m
[6.280s] Run-time dependency [1mpython[0m found: [1;32mYES[0m [36m3.12[0m
[6.302s] Configuring [1mlibcamerify[0m using configuration
[6.317s] Program [1mdoxygen[0m skipped: feature [1mdocumentation[0m disabled
[6.317s] Program [1mdot[0m skipped: feature [1mdocumentation[0m disabled
[6.321s] Program [1msphinx-build-3 sphinx-build[0m skipped: feature [1mdocumentation[0m disabled
[6.349s] Configuring [1mconfig.h[0m using configuration
[6.982s] Build targets in project: [1m50[0m
[6.983s] 
[6.983s] libcamera [36m0.7.0[0m
[6.983s] 
[6.983s]   [1mVersions[0m
[6.983s]     Sources                  : 0.7.0+rpt20260205+2-fe601eb6
[6.983s] 
[6.983s]   [1mPaths[0m
[6.984s]     LIBCAMERA_DATA_DIR       : "/home/luqseee/robot_ws/src/install/libcamera/share/libcamera"
[6.984s]     LIBCAMERA_SYSCONF_DIR    : "/home/luqseee/robot_ws/src/install/libcamera/etc/libcamera"
[6.984s]     IPA_PROXY_DIR            : "/home/luqseee/robot_ws/src/install/libcamera/libexec/libcamera"
[6.986s]     IPA_CONFIG_DIR           : "/home/luqseee/robot_ws/src/install/libcamera/etc/libcamera/ipa:/home/luqseee/robot_ws/src/install/libcamera/share/libcamera/ipa"
[6.986s]     IPA_MODULE_DIR           : "/home/luqseee/robot_ws/src/install/libcamera/lib/libcamera/ipa"
[6.988s] 
[6.988s]   [1mConfiguration[0m
[6.989s]     SoftISP support          : false
[6.989s]     SoftISP GPU acceleration : true
[6.989s]     IPA modules signed with  : gnutls
[6.989s]     Enabled pipelines        : rpi/pisp
[6.989s]                                rpi/vc4
[6.990s]     Enabled IPA modules      : rpi/pisp
[6.990s]                                rpi/vc4
[6.991s]     Controls files           : control_ids_core.yaml
[6.991s]                                control_ids_debug.yaml
[6.991s]                                control_ids_draft.yaml
[6.991s]                                control_ids_rpi.yaml
[6.991s]     Properties files         : property_ids_draft.yaml
[6.991s]                                property_ids_core.yaml
[6.991s]     Hotplug support          : [1;32mYES[0m
[6.991s]     Tracing support          : [1;32mYES[0m
[6.991s]     Android support          : [1;31mNO[0m
[6.991s]     GStreamer support        : [1;32mYES[0m
[6.992s]     Python bindings          : [1;32mYES[0m
[6.992s]     V4L2 emulation support   : [1;32mYES[0m
[6.992s]     cam application          : [1;31mNO[0m
[6.992s]     qcam application         : [1;31mNO[0m
[6.992s]     lc-compliance application: [1;31mNO[0m
[6.994s]     Unit tests               : [1;31mNO[0m
[6.994s] 
[6.995s]   [1mUser defined options[0m
[6.995s]     buildtype                : release
[6.995s]     libdir                   : lib
[6.995s]     prefix                   : /home/luqseee/robot_ws/src/install/libcamera
[6.995s] 
[7.091s] Found ninja-1.11.1 at /usr/bin/ninja
[8.077s] Invoked command in '/home/luqseee/robot_ws/src/build/libcamera' returned '0': DEBUGINFOD_URLS=https://debuginfod.ubuntu.com /usr/bin/meson setup --libdir=lib --prefix=/home/luqseee/robot_ws/src/install/libcamera --buildtype=release /home/luqseee/robot_ws/src/build/libcamera /home/luqseee/robot_ws/src/libcamera
[8.078s] Invoking command in '/home/luqseee/robot_ws/src/build/libcamera': DEBUGINFOD_URLS=https://debuginfod.ubuntu.com /usr/bin/meson compile
[8.708s] [1;32mINFO:[0m autodetecting backend as ninja
[8.714s] [1;32mINFO:[0m calculating backend command to run: /usr/bin/ninja
[8.736s] 
[8.736s] [0/236] Generating utils/codegen/ipc/mojom_templates with a custom command (wrapped by meson to set env)[K
[8.743s] [0/236] Compiling C object utils/ipu3/ipu3-pack.p/ipu3-pack.c.o[K
[8.743s] [0/236] Compiling C object utils/ipu3/ipu3-unpack.p/ipu3-unpack.c.o[K
[8.756s] [0/236] Generating include/libcamera/internal/tp_header with a custom command[K
[8.757s] [0/236] Generating include/libcamera/ipa/core_mojom_module with a custom command (wrapped by meson to set env)[K
[9.334s] [0/236] Generating include/libcamera/control_ids_rpi.yaml_h with a custom command (wrapped by meson to set env)[K
[9.334s] [1/236] Generating utils/codegen/ipc/mojom_templates with a custom command (wrapped by meson to set env)[K
[9.513s] [1/236] Generating include/libcamera/property_ids_core.yaml_h with a custom command (wrapped by meson to set env)[K
[9.513s] [2/236] Compiling C object utils/ipu3/ipu3-unpack.p/ipu3-unpack.c.o[K
[9.531s] [2/236] Linking target utils/ipu3/ipu3-unpack[K
[9.532s] [3/236] Compiling C object utils/ipu3/ipu3-pack.p/ipu3-pack.c.o[K
[9.652s] [3/236] Linking target utils/ipu3/ipu3-pack[K
[9.652s] [4/236] Linking target utils/ipu3/ipu3-unpack[K
[9.699s] [4/236] Generating include/libcamera/formats_h with a custom command[K
[9.700s] [5/236] Linking target utils/ipu3/ipu3-pack[K
[9.787s] [5/236] Generating src/ipa-priv-key with a custom command[K
[9.788s] [6/236] Generating include/libcamera/ipa/core_mojom_module with a custom command (wrapped by meson to set env)[K
[9.814s] [6/236] Generating include/libcamera/ipa/core_ipa_interface_h with a custom command (wrapped by meson to set env)[K
[9.814s] [7/236] Generating include/libcamera/internal/tp_header with a custom command[K
[10.391s] [7/236] Generating include/libcamera/ipa/core_ipa_serializer_h with a custom command (wrapped by meson to set env)[K
[10.391s] [8/236] Generating include/libcamera/formats_h with a custom command[K
[10.431s] [8/236] Generating include/libcamera/ipa/raspberrypi_mojom_module with a custom command (wrapped by meson to set env)[K
[10.431s] [9/236] Generating include/libcamera/control_ids_rpi.yaml_h with a custom command (wrapped by meson to set env)[K
[10.458s] [9/236] Compiling C++ object src/libcamera/base/libcamera-base.so.0.7.0.p/bound_method.cpp.o[K
[10.459s] [10/236] Generating include/libcamera/ipa/core_ipa_interface_h with a custom command (wrapped by meson to set env)[K
[10.568s] [10/236] Compiling C++ object src/libcamera/base/libcamera-base.so.0.7.0.p/class.cpp.o[K
[10.569s] [11/236] Generating include/libcamera/property_ids_core.yaml_h with a custom command (wrapped by meson to set env)[K
[10.757s] [11/236] Generating include/libcamera/gen-header with a custom command[K
[10.757s] [12/236] Generating include/libcamera/gen-header with a custom command[K
[10.910s] [12/236] Compiling C++ object src/libcamera/base/libcamera-base.so.0.7.0.p/flags.cpp.o[K
[10.911s] [13/236] Compiling C++ object src/libcamera/base/libcamera-base.so.0.7.0.p/flags.cpp.o[K
[11.612s] [13/236] Compiling C++ object src/libcamera/base/libcamera-base.so.0.7.0.p/object.cpp.o[K
[11.612s] [14/236] Generating include/libcamera/ipa/core_ipa_serializer_h with a custom command (wrapped by meson to set env)[K
[11.768s] [14/236] Compiling C++ object src/libcamera/base/libcamera-base.so.0.7.0.p/shared_fd.cpp.o[K
[11.768s] [15/236] Compiling C++ object src/libcamera/base/libcamera-base.so.0.7.0.p/class.cpp.o[K
[12.131s] [15/236] Compiling C++ object src/libcamera/base/libcamera-base.so.0.7.0.p/signal.cpp.o[K
[12.132s] [16/236] Generating src/ipa-priv-key with a custom command[K
[12.132s] ..+..+...+.......+......+............+........+.+++++++++++++++++++++++++++++++++++++++++++++++++++++++++++++++++*..............+..+.+.........+..+....+..+....+........+.+..+..........+..+.+.................+...+......+..........+...+++++++++++++++++++++++++++++++++++++++++++++++++++++++++++++++++*.................+...+........+....+...+.........+...+..+.........+.......+.....+.......+..+...+................+.....+.......+.....+...+......+.+...+...........+....+..+....+.........+.........+...............+.....+.......+.........+..+.......+..+......+.........+....+..+......................+.....+..........+......+..+...+.+........+.......+......+..+..........+..+...+.......+...+...+...+.....+.......+.......................+.+...+...........+.+...+++++++++++++++++++++++++++++++++++++++++++++++++++++++++++++++++
[12.132s] .............+++++++++++++++++++++++++++++++++++++++++++++++++++++++++++++++++*..+.............+..+...+....+...+++++++++++++++++++++++++++++++++++++++++++++++++++++++++++++++++*..+..+......+....+...+..+......+.......+..+....+..............+...+...+.......+............+..+.........+.+.....+.+...+.........+...+..............+.+........+....+...+...+..+....+.........+..+..........+..+...+.............+.....+.+........+......+.........+......+....+...........+....+..+.+..+............+....+.....+.......+.....+...+....+......+..............+.+.....+.+......+.....+....+++++++++++++++++++++++++++++++++++++++++++++++++++++++++++++++++
[12.132s] 
[12.135s] [16/236] Compiling C++ object src/libcamera/base/libcamera-base.so.0.7.0.p/unique_fd.cpp.o[K
[12.136s] [17/236] Generating include/libcamera/ipa/raspberrypi_mojom_module with a custom command (wrapped by meson to set env)[K
[14.083s] [17/236] Generating include/libcamera/ipa/raspberrypi_ipa_interface_h with a custom command (wrapped by meson to set env)[K
[14.084s] [18/236] Generating include/libcamera/ipa/raspberrypi_ipa_interface_h with a custom command (wrapped by meson to set env)[K
[14.421s] [18/236] Generating include/libcamera/ipa/raspberrypi_ipa_serializer_h with a custom command (wrapped by meson to set env)[K
[14.421s] [19/236] Compiling C++ object src/libcamera/base/libcamera-base.so.0.7.0.p/bound_method.cpp.o[K
[14.552s] [19/236] Generating include/libcamera/ipa/raspberrypi_proxy_h with a custom command (wrapped by meson to set env)[K
[14.553s] [20/236] Generating include/libcamera/ipa/raspberrypi_ipa_serializer_h with a custom command (wrapped by meson to set env)[K
[15.471s] [20/236] Compiling C++ object src/libcamera/base/libcamera-base.so.0.7.0.p/backtrace.cpp.o[K
[15.471s] [21/236] Compiling C++ object src/libcamera/base/libcamera-base.so.0.7.0.p/signal.cpp.o[K
[15.935s] [21/236] Compiling C++ object src/libcamera/base/libcamera-base.so.0.7.0.p/event_dispatcher.cpp.o[K
[15.935s] [22/236] Generating include/libcamera/ipa/raspberrypi_proxy_h with a custom command (wrapped by meson to set env)[K
[16.808s] [22/236] Compiling C++ object src/libcamera/base/libcamera-base.so.0.7.0.p/event_dispatcher_poll.cpp.o[K
[16.808s] [23/236] Compiling C++ object src/libcamera/base/libcamera-base.so.0.7.0.p/object.cpp.o[K
[17.243s] [23/236] Compiling C++ object src/libcamera/base/libcamera-base.so.0.7.0.p/event_notifier.cpp.o[K
[17.244s] [24/236] Compiling C++ object src/libcamera/base/libcamera-base.so.0.7.0.p/unique_fd.cpp.o[K
[18.564s] [24/236] Compiling C++ object src/libcamera/base/libcamera-base.so.0.7.0.p/file.cpp.o[K
[18.566s] [25/236] Compiling C++ object src/libcamera/base/libcamera-base.so.0.7.0.p/shared_fd.cpp.o[K
[19.765s] [25/236] Compiling C++ object src/libcamera/base/libcamera-base.so.0.7.0.p/log.cpp.o[K
[19.766s] [26/236] Compiling C++ object src/libcamera/base/libcamera-base.so.0.7.0.p/event_dispatcher.cpp.o[K
[22.285s] [26/236] Compiling C++ object src/libcamera/base/libcamera-base.so.0.7.0.p/memfd.cpp.o[K
[22.286s] [27/236] Compiling C++ object src/libcamera/base/libcamera-base.so.0.7.0.p/backtrace.cpp.o[K
[22.487s] [27/236] Compiling C++ object src/libcamera/base/libcamera-base.so.0.7.0.p/message.cpp.o[K
[22.487s] [28/236] Compiling C++ object src/libcamera/base/libcamera-base.so.0.7.0.p/event_notifier.cpp.o[K
[22.905s] [28/236] Compiling C++ object src/libcamera/base/libcamera-base.so.0.7.0.p/mutex.cpp.o[K
[22.905s] [29/236] Compiling C++ object src/libcamera/base/libcamera-base.so.0.7.0.p/file.cpp.o[K
[23.436s] [29/236] Compiling C++ object src/libcamera/base/libcamera-base.so.0.7.0.p/semaphore.cpp.o[K
[23.436s] [30/236] Compiling C++ object src/libcamera/base/libcamera-base.so.0.7.0.p/mutex.cpp.o[K
[23.488s] [30/236] Compiling C++ object src/libcamera/base/libcamera-base.so.0.7.0.p/thread.cpp.o[K
[23.489s] [31/236] Compiling C++ object src/libcamera/base/libcamera-base.so.0.7.0.p/semaphore.cpp.o[K
[23.908s] [31/236] Compiling C++ object src/libcamera/base/libcamera-base.so.0.7.0.p/timer.cpp.o[K
[23.908s] [32/236] Compiling C++ object src/libcamera/base/libcamera-base.so.0.7.0.p/memfd.cpp.o[K
[24.471s] [32/236] Compiling C++ object src/libcamera/base/libcamera-base.so.0.7.0.p/utils.cpp.o[K
[24.472s] [33/236] Compiling C++ object src/libcamera/base/libcamera-base.so.0.7.0.p/event_dispatcher_poll.cpp.o[K
[24.943s] [33/236] Generating src/libcamera/proxy/raspberrypi_proxy_cpp with a custom command (wrapped by meson to set env)[K
[24.943s] [34/236] Generating src/libcamera/proxy/raspberrypi_proxy_cpp with a custom command (wrapped by meson to set env)[K
[25.808s] [34/236] Generating src/libcamera/controls_ids_cpp with a custom command (wrapped by meson to set env)[K
[25.809s] [35/236] Generating src/libcamera/controls_ids_cpp with a custom command (wrapped by meson to set env)[K
[26.572s] [35/236] Generating src/libcamera/properties_ids_cpp with a custom command (wrapped by meson to set env)[K
[26.572s] [36/236] Generating src/libcamera/properties_ids_cpp with a custom command (wrapped by meson to set env)[K
[26.947s] [36/236] Generating src/libcamera/version.cpp with a custom command[K
[26.947s] [37/236] Compiling C++ object src/libcamera/base/libcamera-base.so.0.7.0.p/message.cpp.o[K
[27.164s] [37/236] Generating src/libcamera/ipa_pub_key_cpp with a custom command[K
[27.164s] [38/236] Generating src/libcamera/version.cpp with a custom command[K
[27.193s] [38/236] Generating src/libcamera/gen-shader-headers with a custom command[K
[27.193s] [39/236] Generating src/libcamera/ipa_pub_key_cpp with a custom command[K
[27.193s] writing RSA key
[27.194s] 
[27.314s] [39/236] Generating src/libcamera/proxy/worker/raspberrypi_proxy_worker with a custom command (wrapped by meson to set env)[K
[27.315s] [40/236] Compiling C++ object src/libcamera/base/libcamera-base.so.0.7.0.p/timer.cpp.o[K
[27.911s] [40/236] Compiling C++ object src/ipa/libipa/libipa.a.p/agc_mean_luminance.cpp.o[K
[27.912s] [41/236] Generating src/libcamera/gen-shader-headers with a custom command[K
[27.912s] [SHADER-GEN] bayer_1x_packed_frag
[27.912s] [SHADER-GEN] bayer_unpacked_frag
[27.912s] [SHADER-GEN] bayer_unpacked_vert
[27.913s] [SHADER-GEN] identity_vert
[27.913s] 
[28.383s] [41/236] Compiling C++ object src/libcamera/libcamera.so.0.7.0.p/meson-generated_.._control_ids.cpp.o[K
[28.383s] [42/236] Generating src/libcamera/proxy/worker/raspberrypi_proxy_worker with a custom command (wrapped by meson to set env)[K
[28.712s] [42/236] Compiling C++ object src/libcamera/libcamera.so.0.7.0.p/meson-generated_.._property_ids.cpp.o[K
[28.713s] [43/236] Compiling C++ object src/libcamera/base/libcamera-base.so.0.7.0.p/utils.cpp.o[K
[30.027s] [43/236] Compiling C++ object src/libcamera/libcamera.so.0.7.0.p/meson-generated_.._version.cpp.o[K
[30.027s] [44/236] Compiling C++ object src/libcamera/base/libcamera-base.so.0.7.0.p/log.cpp.o[K
[30.239s] [44/236] Compiling C++ object src/libcamera/libcamera.so.0.7.0.p/meson-generated_.._proxy_raspberrypi_ipa_proxy.cpp.o[K
[30.240s] [45/236] Compiling C++ object src/libcamera/base/libcamera-base.so.0.7.0.p/thread.cpp.o[K
[30.720s] [45/236] Linking target src/libcamera/base/libcamera-base.so.0.7.0[K
[30.720s] [46/236] Compiling C++ object src/libcamera/libcamera.so.0.7.0.p/meson-generated_.._version.cpp.o[K
[30.813s] [46/236] Compiling C++ object src/libcamera/libcamera.so.0.7.0.p/meson-generated_.._ipa_pub_key.cpp.o[K
[30.813s] [47/236] Linking target src/libcamera/base/libcamera-base.so.0.7.0[K
[31.127s] [47/236] Generating symbol file src/libcamera/base/libcamera-base.so.0.7.0.p/libcamera-base.so.0.7.0.symbols[K
[31.127s] [48/236] Generating symbol file src/libcamera/base/libcamera-base.so.0.7.0.p/libcamera-base.so.0.7.0.symbols[K
[33.432s] [48/236] Compiling C++ object src/libcamera/libcamera.so.0.7.0.p/camera.cpp.o[K
[33.432s] [49/236] Compiling C++ object src/libcamera/libcamera.so.0.7.0.p/meson-generated_.._property_ids.cpp.o[K
[34.663s] [49/236] Compiling C++ object src/libcamera/libcamera.so.0.7.0.p/camera_manager.cpp.o[K
[34.663s] [50/236] Compiling C++ object src/libcamera/libcamera.so.0.7.0.p/meson-generated_.._ipa_pub_key.cpp.o[K
[38.162s] [50/236] Compiling C++ object src/libcamera/libcamera.so.0.7.0.p/color_space.cpp.o[K
[38.163s] [51/236] Compiling C++ object src/libcamera/libcamera.so.0.7.0.p/color_space.cpp.o[K
[40.592s] [51/236] Compiling C++ object src/libcamera/libcamera.so.0.7.0.p/controls.cpp.o[K
[40.592s] [52/236] Compiling C++ object src/ipa/libipa/libipa.a.p/agc_mean_luminance.cpp.o[K
[41.371s] [52/236] Compiling C++ object src/libcamera/libcamera.so.0.7.0.p/fence.cpp.o[K
[41.371s] [53/236] Compiling C++ object src/libcamera/libcamera.so.0.7.0.p/fence.cpp.o[K
[43.300s] [53/236] Compiling C++ object src/libcamera/libcamera.so.0.7.0.p/framebuffer.cpp.o[K
[43.300s] [54/236] Compiling C++ object src/libcamera/libcamera.so.0.7.0.p/controls.cpp.o[K
[43.869s] [54/236] Compiling C++ object src/libcamera/libcamera.so.0.7.0.p/framebuffer_allocator.cpp.o[K
[43.869s] [55/236] Compiling C++ object src/libcamera/libcamera.so.0.7.0.p/camera.cpp.o[K
[43.873s] [55/236] Compiling C++ object src/libcamera/libcamera.so.0.7.0.p/geometry.cpp.o[K
[43.874s] [56/236] Compiling C++ object src/libcamera/libcamera.so.0.7.0.p/camera_manager.cpp.o[K
[45.073s] [56/236] Compiling C++ object src/libcamera/libcamera.so.0.7.0.p/orientation.cpp.o[K
[45.074s] [57/236] Compiling C++ object src/libcamera/libcamera.so.0.7.0.p/orientation.cpp.o[K
[45.894s] [57/236] Compiling C++ object src/libcamera/libcamera.so.0.7.0.p/pixel_format.cpp.o[K
[45.894s] [58/236] Compiling C++ object src/libcamera/libcamera.so.0.7.0.p/meson-generated_.._control_ids.cpp.o[K
[46.316s] [58/236] Compiling C++ object src/libcamera/libcamera.so.0.7.0.p/request.cpp.o[K
[46.316s] [59/236] Compiling C++ object src/libcamera/libcamera.so.0.7.0.p/pixel_format.cpp.o[K
[46.504s] [59/236] Compiling C++ object src/libcamera/libcamera.so.0.7.0.p/stream.cpp.o[K
[46.505s] [60/236] Compiling C++ object src/libcamera/libcamera.so.0.7.0.p/framebuffer.cpp.o[K
[48.368s] [60/236] Compiling C++ object src/libcamera/libcamera.so.0.7.0.p/transform.cpp.o[K
[48.369s] [61/236] Compiling C++ object src/libcamera/libcamera.so.0.7.0.p/geometry.cpp.o[K
[48.572s] [61/236] Compiling C++ object src/libcamera/libcamera.so.0.7.0.p/bayer_format.cpp.o[K
[48.572s] [62/236] Compiling C++ object src/libcamera/libcamera.so.0.7.0.p/transform.cpp.o[K
[48.845s] [62/236] Compiling C++ object src/libcamera/libcamera.so.0.7.0.p/byte_stream_buffer.cpp.o[K
[48.846s] [63/236] Compiling C++ object src/libcamera/libcamera.so.0.7.0.p/framebuffer_allocator.cpp.o[K
[50.239s] [63/236] Compiling C++ object src/libcamera/libcamera.so.0.7.0.p/camera_controls.cpp.o[K
[50.240s] [64/236] Compiling C++ object src/libcamera/libcamera.so.0.7.0.p/byte_stream_buffer.cpp.o[K
[51.279s] [64/236] Compiling C++ object src/libcamera/libcamera.so.0.7.0.p/camera_lens.cpp.o[K
[51.279s] [65/236] Compiling C++ object src/libcamera/libcamera.so.0.7.0.p/stream.cpp.o[K
[52.881s] [65/236] Compiling C++ object src/libcamera/libcamera.so.0.7.0.p/clock_recovery.cpp.o[K
[52.886s] [66/236] Compiling C++ object src/libcamera/libcamera.so.0.7.0.p/request.cpp.o[K
[53.296s] [66/236] Compiling C++ object src/libcamera/libcamera.so.0.7.0.p/control_serializer.cpp.o[K
[53.297s] [67/236] Compiling C++ object src/libcamera/libcamera.so.0.7.0.p/meson-generated_.._proxy_raspberrypi_ipa_proxy.cpp.o[K
[53.953s] [67/236] Compiling C++ object src/libcamera/libcamera.so.0.7.0.p/control_validator.cpp.o[K
[53.953s] [68/236] Compiling C++ object src/libcamera/libcamera.so.0.7.0.p/camera_controls.cpp.o[K
[54.133s] [68/236] Compiling C++ object src/libcamera/libcamera.so.0.7.0.p/converter.cpp.o[K
[54.133s] [69/236] Compiling C++ object src/libcamera/libcamera.so.0.7.0.p/bayer_format.cpp.o[K
[54.587s] [69/236] Compiling C++ object src/libcamera/libcamera.so.0.7.0.p/debug_controls.cpp.o[K
[54.587s] [70/236] Compiling C++ object src/libcamera/libcamera.so.0.7.0.p/control_validator.cpp.o[K
[55.894s] [70/236] Compiling C++ object src/libcamera/libcamera.so.0.7.0.p/delayed_controls.cpp.o[K
[55.895s] [71/236] Compiling C++ object src/libcamera/libcamera.so.0.7.0.p/clock_recovery.cpp.o[K
[57.393s] [71/236] Compiling C++ object src/libcamera/libcamera.so.0.7.0.p/device_enumerator.cpp.o[K
[57.394s] [72/236] Compiling C++ object src/libcamera/libcamera.so.0.7.0.p/camera_lens.cpp.o[K
[59.493s] [72/236] Compiling C++ object src/libcamera/libcamera.so.0.7.0.p/device_enumerator_sysfs.cpp.o[K
[59.493s] [73/236] Compiling C++ object src/libcamera/libcamera.so.0.7.0.p/debug_controls.cpp.o[K
[61.339s] [73/236] Compiling C++ object src/libcamera/libcamera.so.0.7.0.p/dma_buf_allocator.cpp.o[K
[61.339s] [74/236] Compiling C++ object src/libcamera/libcamera.so.0.7.0.p/device_enumerator_sysfs.cpp.o[K
[61.632s] [74/236] Compiling C++ object src/libcamera/libcamera.so.0.7.0.p/formats.cpp.o[K
[61.632s] [75/236] Compiling C++ object src/libcamera/libcamera.so.0.7.0.p/converter.cpp.o[K
[62.104s] [75/236] Compiling C++ object src/libcamera/libcamera.so.0.7.0.p/global_configuration.cpp.o[K
[62.105s] [76/236] Compiling C++ object src/libcamera/libcamera.so.0.7.0.p/delayed_controls.cpp.o[K
[62.213s] [76/236] Compiling C++ object src/libcamera/libcamera.so.0.7.0.p/ipa_controls.cpp.o[K
[62.213s] [77/236] Compiling C++ object src/libcamera/libcamera.so.0.7.0.p/ipa_controls.cpp.o[K
[63.865s] [77/236] Compiling C++ object src/libcamera/libcamera.so.0.7.0.p/ipa_data_serializer.cpp.o[K
[63.869s] [78/236] Compiling C++ object src/libcamera/libcamera.so.0.7.0.p/control_serializer.cpp.o[K
[63.935s] [78/236] Compiling C++ object src/libcamera/libcamera.so.0.7.0.p/ipa_interface.cpp.o[K
[63.935s] [79/236] Compiling C++ object src/libcamera/libcamera.so.0.7.0.p/ipa_interface.cpp.o[K
[65.522s] [79/236] Compiling C++ object src/libcamera/libcamera.so.0.7.0.p/ipa_manager.cpp.o[K
[65.522s] [80/236] Compiling C++ object src/libcamera/libcamera.so.0.7.0.p/dma_buf_allocator.cpp.o[K
[68.761s] [80/236] Compiling C++ object src/libcamera/libcamera.so.0.7.0.p/ipa_module.cpp.o[K
[68.761s] [81/236] Compiling C++ object src/libcamera/libcamera.so.0.7.0.p/formats.cpp.o[K
[68.800s] [81/236] Compiling C++ object src/libcamera/libcamera.so.0.7.0.p/ipa_proxy.cpp.o[K
[68.800s] [82/236] Compiling C++ object src/libcamera/libcamera.so.0.7.0.p/global_configuration.cpp.o[K
[69.153s] [82/236] Compiling C++ object src/libcamera/libcamera.so.0.7.0.p/ipc_pipe.cpp.o[K
[69.154s] [83/236] Compiling C++ object src/libcamera/libcamera.so.0.7.0.p/device_enumerator.cpp.o[K
[70.108s] [83/236] Compiling C++ object src/libcamera/libcamera.so.0.7.0.p/ipc_pipe_unixsocket.cpp.o[K
[70.111s] [84/236] Compiling C++ object src/libcamera/libcamera.so.0.7.0.p/ipa_data_serializer.cpp.o[K
[71.038s] [84/236] Compiling C++ object src/libcamera/libcamera.so.0.7.0.p/ipc_unixsocket.cpp.o[K
[71.038s] [85/236] Compiling C++ object src/libcamera/libcamera.so.0.7.0.p/ipc_pipe.cpp.o[K
[71.052s] [85/236] Compiling C++ object src/libcamera/libcamera.so.0.7.0.p/mapped_framebuffer.cpp.o[K
[71.053s] [86/236] Compiling C++ object src/libcamera/libcamera.so.0.7.0.p/ipa_module.cpp.o[K
[72.143s] [86/236] Compiling C++ object src/libcamera/libcamera.so.0.7.0.p/matrix.cpp.o[K
[72.144s] [87/236] Compiling C++ object src/libcamera/libcamera.so.0.7.0.p/ipa_manager.cpp.o[K
[74.080s] [87/236] Compiling C++ object src/libcamera/libcamera.so.0.7.0.p/media_device.cpp.o[K
[74.081s] [88/236] Compiling C++ object src/libcamera/libcamera.so.0.7.0.p/matrix.cpp.o[K
[74.587s] [88/236] Compiling C++ object src/libcamera/libcamera.so.0.7.0.p/media_object.cpp.o[K
[74.590s] [89/236] Compiling C++ object src/libcamera/libcamera.so.0.7.0.p/mapped_framebuffer.cpp.o[K
[74.795s] [89/236] Compiling C++ object src/libcamera/libcamera.so.0.7.0.p/media_pipeline.cpp.o[K
[74.796s] [90/236] Compiling C++ object src/libcamera/libcamera.so.0.7.0.p/ipc_unixsocket.cpp.o[K
[74.906s] [90/236] Compiling C++ object src/libcamera/libcamera.so.0.7.0.p/pipeline_handler.cpp.o[K
[74.907s] [91/236] Compiling C++ object src/libcamera/libcamera.so.0.7.0.p/ipc_pipe_unixsocket.cpp.o[K
[75.098s] [91/236] Compiling C++ object src/libcamera/libcamera.so.0.7.0.p/process.cpp.o[K
[75.098s] [92/236] Compiling C++ object src/libcamera/libcamera.so.0.7.0.p/ipa_proxy.cpp.o[K
[76.500s] [92/236] Compiling C++ object src/libcamera/libcamera.so.0.7.0.p/pub_key.cpp.o[K
[76.501s] [93/236] Compiling C++ object src/libcamera/libcamera.so.0.7.0.p/pub_key.cpp.o[K
[77.801s] [93/236] Compiling C++ object src/libcamera/libcamera.so.0.7.0.p/shared_mem_object.cpp.o[K
[77.801s] [94/236] Compiling C++ object src/libcamera/libcamera.so.0.7.0.p/shared_mem_object.cpp.o[K
[78.056s] [94/236] Compiling C++ object src/libcamera/libcamera.so.0.7.0.p/source_paths.cpp.o[K
[78.056s] [95/236] Compiling C++ object src/libcamera/libcamera.so.0.7.0.p/media_object.cpp.o[K
[80.243s] [95/236] Compiling C++ object src/libcamera/libcamera.so.0.7.0.p/sysfs.cpp.o[K
[80.243s] [96/236] Compiling C++ object src/libcamera/libcamera.so.0.7.0.p/process.cpp.o[K
[80.623s] [96/236] Compiling C++ object src/libcamera/libcamera.so.0.7.0.p/v4l2_device.cpp.o[K
[80.624s] [97/236] Compiling C++ object src/libcamera/libcamera.so.0.7.0.p/media_device.cpp.o[K
[81.061s] [97/236] Compiling C++ object src/libcamera/libcamera.so.0.7.0.p/v4l2_pixelformat.cpp.o[K
[81.062s] [98/236] Compiling C++ object src/libcamera/libcamera.so.0.7.0.p/source_paths.cpp.o[K
[81.836s] [98/236] Compiling C++ object src/libcamera/libcamera.so.0.7.0.p/v4l2_request.cpp.o[K
[81.837s] [99/236] Compiling C++ object src/libcamera/libcamera.so.0.7.0.p/pipeline_handler.cpp.o[K
[81.977s] [99/236] Compiling C++ object src/libcamera/libcamera.so.0.7.0.p/v4l2_subdevice.cpp.o[K
[81.978s] [100/236] Compiling C++ object src/libcamera/libcamera.so.0.7.0.p/sysfs.cpp.o[K
[83.698s] [100/236] Compiling C++ object src/libcamera/libcamera.so.0.7.0.p/v4l2_videodevice.cpp.o[K
[83.699s] [101/236] Compiling C++ object src/libcamera/libcamera.so.0.7.0.p/media_pipeline.cpp.o[K
[84.305s] [101/236] Compiling C++ object src/libcamera/libcamera.so.0.7.0.p/vector.cpp.o[K
[84.306s] [102/236] Compiling C++ object src/libcamera/libcamera.so.0.7.0.p/v4l2_request.cpp.o[K
[84.477s] [102/236] Compiling C++ object src/libcamera/libcamera.so.0.7.0.p/yaml_parser.cpp.o[K
[84.477s] [103/236] Compiling C++ object src/libcamera/libcamera.so.0.7.0.p/v4l2_pixelformat.cpp.o[K
[87.485s] [103/236] Compiling C++ object src/libcamera/libcamera.so.0.7.0.p/egl.cpp.o[K
[87.485s] [104/236] Compiling C++ object src/libcamera/libcamera.so.0.7.0.p/vector.cpp.o[K
[88.328s] [104/236] Compiling C++ object src/libcamera/libcamera.so.0.7.0.p/converter_converter_dw100.cpp.o[K
[88.329s] [105/236] Compiling C++ object src/libcamera/libcamera.so.0.7.0.p/egl.cpp.o[K
[93.467s] [105/236] Compiling C++ object src/libcamera/libcamera.so.0.7.0.p/converter_converter_dw100_vertexmap.cpp.o[K
[93.467s] [106/236] Compiling C++ object src/libcamera/libcamera.so.0.7.0.p/converter_converter_dw100_vertexmap.cpp.o[K
[94.138s] [106/236] Compiling C++ object src/libcamera/libcamera.so.0.7.0.p/converter_converter_v4l2_m2m.cpp.o[K
[94.144s] [107/236] Compiling C++ object src/libcamera/libcamera.so.0.7.0.p/yaml_parser.cpp.o[K
[94.415s] [107/236] Compiling C++ object src/libcamera/libcamera.so.0.7.0.p/pipeline_rpi_common_delayed_controls.cpp.o[K
[94.415s] [108/236] Compiling C++ object src/libcamera/libcamera.so.0.7.0.p/v4l2_videodevice.cpp.o[K
[94.728s] [108/236] Compiling C++ object src/libcamera/libcamera.so.0.7.0.p/pipeline_rpi_common_pipeline_base.cpp.o[K
[94.728s] [109/236] Compiling C++ object src/libcamera/libcamera.so.0.7.0.p/v4l2_device.cpp.o[K
[97.709s] [109/236] Compiling C++ object src/libcamera/libcamera.so.0.7.0.p/pipeline_rpi_common_rpi_stream.cpp.o[K
[97.715s] [110/236] Compiling C++ object src/libcamera/libcamera.so.0.7.0.p/pipeline_rpi_common_rpi_stream.cpp.o[K
[98.118s] [110/236] Compiling C++ object src/libcamera/libcamera.so.0.7.0.p/pipeline_rpi_pisp_pisp.cpp.o[K
[98.118s] [111/236] Compiling C++ object src/libcamera/libcamera.so.0.7.0.p/pipeline_rpi_pisp_pisp.cpp.o[K
[98.118s] [31mFAILED: [0msrc/libcamera/libcamera.so.0.7.0.p/pipeline_rpi_pisp_pisp.cpp.o 
[98.119s] c++ -Isrc/libcamera/libcamera.so.0.7.0.p -Isrc/libcamera -I../../libcamera/src/libcamera -Iinclude -I../../libcamera/include -Iinclude/libcamera -Iinclude/libcamera/ipa -Iinclude/libcamera/internal -Isrc/libcamera/proxy -I/home/luqseee/robot_ws/install/libcamera/include/libpisp -I/usr/include/p11-kit-1 -I/usr/include/aarch64-linux-gnu -fdiagnostics-color=always -D_FILE_OFFSET_BITS=64 -Wall -Winvalid-pch -Wextra -Werror -std=c++17 -O3 -Wnon-virtual-dtor -Wno-redundant-move -Wmissing-declarations -Wshadow -include /home/luqseee/robot_ws/src/build/libcamera/config.h -fPIC -DLIBCAMERA_BASE_PRIVATE -MD -MQ src/libcamera/libcamera.so.0.7.0.p/pipeline_rpi_pisp_pisp.cpp.o -MF src/libcamera/libcamera.so.0.7.0.p/pipeline_rpi_pisp_pisp.cpp.o.d -o src/libcamera/libcamera.so.0.7.0.p/pipeline_rpi_pisp_pisp.cpp.o -c ../../libcamera/src/libcamera/pipeline/rpi/pisp/pisp.cpp
[98.119s] [01m[K../../libcamera/src/libcamera/pipeline/rpi/pisp/pisp.cpp:31:10:[m[K [01;31m[Kfatal error: [m[Klibpisp/backend/backend.hpp: No such file or directory
[98.119s]    31 | #include [01;31m[K"libpisp/backend/backend.hpp"[m[K
[98.119s]       |          [01;31m[K^~~~~~~~~~~~~~~~~~~~~~~~~~~~~[m[K
[98.119s] compilation terminated.
[99.280s] 
[99.376s] [112/236] Compiling C++ object src/libcamera/libcamera.so.0.7.0.p/converter_converter_dw100.cpp.o[K
[99.864s] [113/236] Compiling C++ object src/libcamera/libcamera.so.0.7.0.p/pipeline_rpi_common_delayed_controls.cpp.o[K
[100.892s] [114/236] Compiling C++ object src/libcamera/libcamera.so.0.7.0.p/v4l2_subdevice.cpp.o[K
[104.955s] [115/236] Compiling C++ object src/libcamera/libcamera.so.0.7.0.p/converter_converter_v4l2_m2m.cpp.o[K
[104.955s] [116/236] Compiling C++ object src/libcamera/libcamera.so.0.7.0.p/pipeline_rpi_common_pipeline_base.cpp.o[K
[104.955s] ninja: build stopped: subcommand failed.
[105.058s] Invoked command in '/home/luqseee/robot_ws/src/build/libcamera' returned '1': DEBUGINFOD_URLS=https://debuginfod.ubuntu.com /usr/bin/meson compile
